{"/Users/magedmorsy/Downloads/smash-app/src/components/match/MatchCard.jsx": {"path":"/Users/magedmorsy/Downloads/smash-app/src/components/match/MatchCard.jsx","statementMap":{"0":{"start":{"line":36,"column":2},"end":{"line":38,"column":3}},"1":{"start":{"line":37,"column":4},"end":{"line":37,"column":16}},"2":{"start":{"line":41,"column":28},"end":{"line":41,"column":52}},"3":{"start":{"line":44,"column":20},"end":{"line":44,"column":57}},"4":{"start":{"line":46,"column":24},"end":{"line":54,"column":3}},"5":{"start":{"line":47,"column":4},"end":{"line":47,"column":59}},"6":{"start":{"line":48,"column":4},"end":{"line":53,"column":15}},"7":{"start":{"line":56,"column":25},"end":{"line":63,"column":3}},"8":{"start":{"line":57,"column":4},"end":{"line":62,"column":15}},"9":{"start":{"line":65,"column":22},"end":{"line":151,"column":3}},"10":{"start":{"line":66,"column":4},"end":{"line":150,"column":7}},"11":{"start":{"line":81,"column":14},"end":{"line":84,"column":31}},"12":{"start":{"line":153,"column":2},"end":{"line":174,"column":4}},"13":{"start":{"line":177,"column":15},"end":{"line":240,"column":2}}},"fnMap":{"0":{"name":"MatchCard","decl":{"start":{"line":17,"column":24},"end":{"line":17,"column":33}},"loc":{"start":{"line":34,"column":3},"end":{"line":175,"column":1}},"line":34},"1":{"name":"(anonymous_1)","decl":{"start":{"line":46,"column":24},"end":{"line":46,"column":25}},"loc":{"start":{"line":46,"column":30},"end":{"line":54,"column":3}},"line":46},"2":{"name":"(anonymous_2)","decl":{"start":{"line":56,"column":25},"end":{"line":56,"column":26}},"loc":{"start":{"line":56,"column":31},"end":{"line":63,"column":3}},"line":56},"3":{"name":"(anonymous_3)","decl":{"start":{"line":65,"column":22},"end":{"line":65,"column":23}},"loc":{"start":{"line":66,"column":4},"end":{"line":150,"column":7}},"line":66},"4":{"name":"(anonymous_4)","decl":{"start":{"line":80,"column":23},"end":{"line":80,"column":24}},"loc":{"start":{"line":81,"column":14},"end":{"line":84,"column":31}},"line":81}},"branchMap":{"0":{"loc":{"start":{"line":18,"column":2},"end":{"line":18,"column":20}},"type":"default-arg","locations":[{"start":{"line":18,"column":12},"end":{"line":18,"column":20}}],"line":18},"1":{"loc":{"start":{"line":26,"column":2},"end":{"line":26,"column":16}},"type":"default-arg","locations":[{"start":{"line":26,"column":11},"end":{"line":26,"column":16}}],"line":26},"2":{"loc":{"start":{"line":28,"column":2},"end":{"line":28,"column":23}},"type":"default-arg","locations":[{"start":{"line":28,"column":18},"end":{"line":28,"column":23}}],"line":28},"3":{"loc":{"start":{"line":33,"column":2},"end":{"line":33,"column":25}},"type":"default-arg","locations":[{"start":{"line":33,"column":20},"end":{"line":33,"column":25}}],"line":33},"4":{"loc":{"start":{"line":36,"column":2},"end":{"line":38,"column":3}},"type":"if","locations":[{"start":{"line":36,"column":2},"end":{"line":38,"column":3}},{"start":{},"end":{}}],"line":36},"5":{"loc":{"start":{"line":36,"column":6},"end":{"line":36,"column":72}},"type":"binary-expr","locations":[{"start":{"line":36,"column":6},"end":{"line":36,"column":15}},{"start":{"line":36,"column":19},"end":{"line":36,"column":29}},{"start":{"line":36,"column":33},"end":{"line":36,"column":50}},{"start":{"line":36,"column":54},"end":{"line":36,"column":72}}],"line":36},"6":{"loc":{"start":{"line":78,"column":9},"end":{"line":91,"column":9}},"type":"cond-expr","locations":[{"start":{"line":79,"column":10},"end":{"line":86,"column":17}},{"start":{"line":88,"column":10},"end":{"line":90,"column":17}}],"line":78},"7":{"loc":{"start":{"line":78,"column":9},"end":{"line":78,"column":31}},"type":"binary-expr","locations":[{"start":{"line":78,"column":9},"end":{"line":78,"column":22}},{"start":{"line":78,"column":26},"end":{"line":78,"column":31}}],"line":78},"8":{"loc":{"start":{"line":83,"column":17},"end":{"line":83,"column":81}},"type":"binary-expr","locations":[{"start":{"line":83,"column":17},"end":{"line":83,"column":41}},{"start":{"line":83,"column":45},"end":{"line":83,"column":81}}],"line":83},"9":{"loc":{"start":{"line":105,"column":9},"end":{"line":109,"column":9}},"type":"binary-expr","locations":[{"start":{"line":105,"column":9},"end":{"line":105,"column":15}},{"start":{"line":106,"column":10},"end":{"line":108,"column":17}}],"line":105},"10":{"loc":{"start":{"line":114,"column":9},"end":{"line":119,"column":9}},"type":"binary-expr","locations":[{"start":{"line":114,"column":9},"end":{"line":114,"column":23}},{"start":{"line":115,"column":10},"end":{"line":118,"column":12}}],"line":114},"11":{"loc":{"start":{"line":128,"column":16},"end":{"line":128,"column":59}},"type":"cond-expr","locations":[{"start":{"line":128,"column":24},"end":{"line":128,"column":48}},{"start":{"line":128,"column":51},"end":{"line":128,"column":59}}],"line":128},"12":{"loc":{"start":{"line":133,"column":7},"end":{"line":140,"column":7}},"type":"binary-expr","locations":[{"start":{"line":133,"column":7},"end":{"line":133,"column":14}},{"start":{"line":133,"column":18},"end":{"line":133,"column":33}},{"start":{"line":134,"column":8},"end":{"line":139,"column":10}}],"line":133},"13":{"loc":{"start":{"line":142,"column":7},"end":{"line":149,"column":7}},"type":"binary-expr","locations":[{"start":{"line":142,"column":7},"end":{"line":142,"column":13}},{"start":{"line":142,"column":17},"end":{"line":142,"column":27}},{"start":{"line":143,"column":8},"end":{"line":148,"column":10}}],"line":142},"14":{"loc":{"start":{"line":144,"column":17},"end":{"line":144,"column":62}},"type":"cond-expr","locations":[{"start":{"line":144,"column":33},"end":{"line":144,"column":45}},{"start":{"line":144,"column":48},"end":{"line":144,"column":62}}],"line":144},"15":{"loc":{"start":{"line":153,"column":9},"end":{"line":174,"column":3}},"type":"cond-expr","locations":[{"start":{"line":154,"column":4},"end":{"line":169,"column":23}},{"start":{"line":171,"column":4},"end":{"line":173,"column":11}}],"line":153},"16":{"loc":{"start":{"line":165,"column":35},"end":{"line":165,"column":76}},"type":"binary-expr","locations":[{"start":{"line":165,"column":35},"end":{"line":165,"column":50}},{"start":{"line":165,"column":54},"end":{"line":165,"column":76}}],"line":165},"17":{"loc":{"start":{"line":171,"column":31},"end":{"line":171,"column":72}},"type":"binary-expr","locations":[{"start":{"line":171,"column":31},"end":{"line":171,"column":46}},{"start":{"line":171,"column":50},"end":{"line":171,"column":72}}],"line":171}},"s":{"0":0,"1":0,"2":0,"3":0,"4":0,"5":0,"6":0,"7":0,"8":0,"9":0,"10":0,"11":0,"12":0,"13":0},"f":{"0":0,"1":0,"2":0,"3":0,"4":0},"b":{"0":[0],"1":[0],"2":[0],"3":[0],"4":[0,0],"5":[0,0,0,0],"6":[0,0],"7":[0,0],"8":[0,0],"9":[0,0],"10":[0,0],"11":[0,0],"12":[0,0,0],"13":[0,0,0],"14":[0,0],"15":[0,0],"16":[0,0],"17":[0,0]}}
,"/Users/magedmorsy/Downloads/smash-app/src/components/match/RecordScoreModal.jsx": {"path":"/Users/magedmorsy/Downloads/smash-app/src/components/match/RecordScoreModal.jsx","statementMap":{"0":{"start":{"line":14,"column":17},"end":{"line":14,"column":36}},"1":{"start":{"line":15,"column":40},"end":{"line":15,"column":62}},"2":{"start":{"line":16,"column":40},"end":{"line":16,"column":62}},"3":{"start":{"line":19,"column":20},"end":{"line":19,"column":30}},"4":{"start":{"line":21,"column":2},"end":{"line":28,"column":16}},"5":{"start":{"line":22,"column":4},"end":{"line":27,"column":5}},"6":{"start":{"line":24,"column":6},"end":{"line":26,"column":14}},"7":{"start":{"line":25,"column":8},"end":{"line":25,"column":38}},"8":{"start":{"line":30,"column":28},"end":{"line":61,"column":3}},"9":{"start":{"line":32,"column":4},"end":{"line":32,"column":33}},"10":{"start":{"line":32,"column":26},"end":{"line":32,"column":33}},"11":{"start":{"line":34,"column":4},"end":{"line":42,"column":5}},"12":{"start":{"line":35,"column":24},"end":{"line":35,"column":40}},"13":{"start":{"line":36,"column":6},"end":{"line":36,"column":31}},"14":{"start":{"line":37,"column":6},"end":{"line":37,"column":32}},"15":{"start":{"line":39,"column":24},"end":{"line":39,"column":40}},"16":{"start":{"line":40,"column":6},"end":{"line":40,"column":31}},"17":{"start":{"line":41,"column":6},"end":{"line":41,"column":32}},"18":{"start":{"line":47,"column":4},"end":{"line":60,"column":5}},"19":{"start":{"line":48,"column":27},"end":{"line":54,"column":7}},"20":{"start":{"line":56,"column":24},"end":{"line":56,"column":48}},"21":{"start":{"line":57,"column":6},"end":{"line":59,"column":7}},"22":{"start":{"line":58,"column":8},"end":{"line":58,"column":46}},"23":{"start":{"line":63,"column":25},"end":{"line":84,"column":3}},"24":{"start":{"line":65,"column":4},"end":{"line":83,"column":5}},"25":{"start":{"line":66,"column":27},"end":{"line":66,"column":81}},"26":{"start":{"line":69,"column":6},"end":{"line":82,"column":7}},"27":{"start":{"line":70,"column":29},"end":{"line":76,"column":9}},"28":{"start":{"line":78,"column":26},"end":{"line":78,"column":50}},"29":{"start":{"line":79,"column":8},"end":{"line":81,"column":9}},"30":{"start":{"line":80,"column":10},"end":{"line":80,"column":48}},"31":{"start":{"line":86,"column":21},"end":{"line":110,"column":3}},"32":{"start":{"line":88,"column":28},"end":{"line":88,"column":30}},"33":{"start":{"line":89,"column":4},"end":{"line":96,"column":5}},"34":{"start":{"line":89,"column":17},"end":{"line":89,"column":18}},"35":{"start":{"line":90,"column":6},"end":{"line":95,"column":7}},"36":{"start":{"line":91,"column":8},"end":{"line":94,"column":11}},"37":{"start":{"line":99,"column":4},"end":{"line":106,"column":5}},"38":{"start":{"line":100,"column":6},"end":{"line":104,"column":8}},"39":{"start":{"line":105,"column":6},"end":{"line":105,"column":13}},"40":{"start":{"line":108,"column":4},"end":{"line":108,"column":28}},"41":{"start":{"line":109,"column":4},"end":{"line":109,"column":14}},"42":{"start":{"line":112,"column":2},"end":{"line":112,"column":26}},"43":{"start":{"line":112,"column":14},"end":{"line":112,"column":26}},"44":{"start":{"line":114,"column":2},"end":{"line":238,"column":4}},"45":{"start":{"line":164,"column":22},"end":{"line":175,"column":24}},"46":{"start":{"line":166,"column":39},"end":{"line":166,"column":69}},"47":{"start":{"line":169,"column":49},"end":{"line":169,"column":92}},"48":{"start":{"line":170,"column":43},"end":{"line":170,"column":79}},"49":{"start":{"line":205,"column":41},"end":{"line":205,"column":50}},"50":{"start":{"line":206,"column":22},"end":{"line":219,"column":24}},"51":{"start":{"line":209,"column":41},"end":{"line":209,"column":76}},"52":{"start":{"line":212,"column":51},"end":{"line":212,"column":99}},"53":{"start":{"line":213,"column":45},"end":{"line":213,"column":86}},"54":{"start":{"line":241,"column":15},"end":{"line":330,"column":2}}},"fnMap":{"0":{"name":"RecordScoreModal","decl":{"start":{"line":13,"column":24},"end":{"line":13,"column":40}},"loc":{"start":{"line":13,"column":78},"end":{"line":239,"column":1}},"line":13},"1":{"name":"(anonymous_1)","decl":{"start":{"line":21,"column":12},"end":{"line":21,"column":13}},"loc":{"start":{"line":21,"column":18},"end":{"line":28,"column":3}},"line":21},"2":{"name":"(anonymous_2)","decl":{"start":{"line":24,"column":17},"end":{"line":24,"column":18}},"loc":{"start":{"line":24,"column":23},"end":{"line":26,"column":7}},"line":24},"3":{"name":"(anonymous_3)","decl":{"start":{"line":30,"column":28},"end":{"line":30,"column":29}},"loc":{"start":{"line":30,"column":64},"end":{"line":61,"column":3}},"line":30},"4":{"name":"(anonymous_4)","decl":{"start":{"line":63,"column":25},"end":{"line":63,"column":26}},"loc":{"start":{"line":63,"column":57},"end":{"line":84,"column":3}},"line":63},"5":{"name":"(anonymous_5)","decl":{"start":{"line":86,"column":21},"end":{"line":86,"column":22}},"loc":{"start":{"line":86,"column":27},"end":{"line":110,"column":3}},"line":86},"6":{"name":"(anonymous_6)","decl":{"start":{"line":163,"column":37},"end":{"line":163,"column":38}},"loc":{"start":{"line":164,"column":22},"end":{"line":175,"column":24}},"line":164},"7":{"name":"(anonymous_7)","decl":{"start":{"line":166,"column":29},"end":{"line":166,"column":30}},"loc":{"start":{"line":166,"column":39},"end":{"line":166,"column":69}},"line":166},"8":{"name":"(anonymous_8)","decl":{"start":{"line":169,"column":38},"end":{"line":169,"column":39}},"loc":{"start":{"line":169,"column":49},"end":{"line":169,"column":92}},"line":169},"9":{"name":"(anonymous_9)","decl":{"start":{"line":170,"column":36},"end":{"line":170,"column":37}},"loc":{"start":{"line":170,"column":43},"end":{"line":170,"column":79}},"line":170},"10":{"name":"(anonymous_10)","decl":{"start":{"line":204,"column":37},"end":{"line":204,"column":38}},"loc":{"start":{"line":204,"column":55},"end":{"line":220,"column":21}},"line":204},"11":{"name":"(anonymous_11)","decl":{"start":{"line":209,"column":31},"end":{"line":209,"column":32}},"loc":{"start":{"line":209,"column":41},"end":{"line":209,"column":76}},"line":209},"12":{"name":"(anonymous_12)","decl":{"start":{"line":212,"column":40},"end":{"line":212,"column":41}},"loc":{"start":{"line":212,"column":51},"end":{"line":212,"column":99}},"line":212},"13":{"name":"(anonymous_13)","decl":{"start":{"line":213,"column":38},"end":{"line":213,"column":39}},"loc":{"start":{"line":213,"column":45},"end":{"line":213,"column":86}},"line":213}},"branchMap":{"0":{"loc":{"start":{"line":22,"column":4},"end":{"line":27,"column":5}},"type":"if","locations":[{"start":{"line":22,"column":4},"end":{"line":27,"column":5}},{"start":{},"end":{}}],"line":22},"1":{"loc":{"start":{"line":22,"column":8},"end":{"line":22,"column":39}},"type":"binary-expr","locations":[{"start":{"line":22,"column":8},"end":{"line":22,"column":15}},{"start":{"line":22,"column":19},"end":{"line":22,"column":39}}],"line":22},"2":{"loc":{"start":{"line":32,"column":4},"end":{"line":32,"column":33}},"type":"if","locations":[{"start":{"line":32,"column":4},"end":{"line":32,"column":33}},{"start":{},"end":{}}],"line":32},"3":{"loc":{"start":{"line":34,"column":4},"end":{"line":42,"column":5}},"type":"if","locations":[{"start":{"line":34,"column":4},"end":{"line":42,"column":5}},{"start":{"line":38,"column":11},"end":{"line":42,"column":5}}],"line":34},"4":{"loc":{"start":{"line":47,"column":4},"end":{"line":60,"column":5}},"type":"if","locations":[{"start":{"line":47,"column":4},"end":{"line":60,"column":5}},{"start":{},"end":{}}],"line":47},"5":{"loc":{"start":{"line":57,"column":6},"end":{"line":59,"column":7}},"type":"if","locations":[{"start":{"line":57,"column":6},"end":{"line":59,"column":7}},{"start":{},"end":{}}],"line":57},"6":{"loc":{"start":{"line":65,"column":4},"end":{"line":83,"column":5}},"type":"if","locations":[{"start":{"line":65,"column":4},"end":{"line":83,"column":5}},{"start":{},"end":{}}],"line":65},"7":{"loc":{"start":{"line":66,"column":27},"end":{"line":66,"column":81}},"type":"cond-expr","locations":[{"start":{"line":66,"column":42},"end":{"line":66,"column":60}},{"start":{"line":66,"column":63},"end":{"line":66,"column":81}}],"line":66},"8":{"loc":{"start":{"line":69,"column":6},"end":{"line":82,"column":7}},"type":"if","locations":[{"start":{"line":69,"column":6},"end":{"line":82,"column":7}},{"start":{},"end":{}}],"line":69},"9":{"loc":{"start":{"line":79,"column":8},"end":{"line":81,"column":9}},"type":"if","locations":[{"start":{"line":79,"column":8},"end":{"line":81,"column":9}},{"start":{},"end":{}}],"line":79},"10":{"loc":{"start":{"line":90,"column":6},"end":{"line":95,"column":7}},"type":"if","locations":[{"start":{"line":90,"column":6},"end":{"line":95,"column":7}},{"start":{},"end":{}}],"line":90},"11":{"loc":{"start":{"line":90,"column":10},"end":{"line":90,"column":56}},"type":"binary-expr","locations":[{"start":{"line":90,"column":10},"end":{"line":90,"column":31}},{"start":{"line":90,"column":35},"end":{"line":90,"column":56}}],"line":90},"12":{"loc":{"start":{"line":99,"column":4},"end":{"line":106,"column":5}},"type":"if","locations":[{"start":{"line":99,"column":4},"end":{"line":106,"column":5}},{"start":{},"end":{}}],"line":99},"13":{"loc":{"start":{"line":112,"column":2},"end":{"line":112,"column":26}},"type":"if","locations":[{"start":{"line":112,"column":2},"end":{"line":112,"column":26}},{"start":{},"end":{}}],"line":112}},"s":{"0":0,"1":0,"2":0,"3":0,"4":0,"5":0,"6":0,"7":0,"8":0,"9":0,"10":0,"11":0,"12":0,"13":0,"14":0,"15":0,"16":0,"17":0,"18":0,"19":0,"20":0,"21":0,"22":0,"23":0,"24":0,"25":0,"26":0,"27":0,"28":0,"29":0,"30":0,"31":0,"32":0,"33":0,"34":0,"35":0,"36":0,"37":0,"38":0,"39":0,"40":0,"41":0,"42":0,"43":0,"44":0,"45":0,"46":0,"47":0,"48":0,"49":0,"50":0,"51":0,"52":0,"53":0,"54":0},"f":{"0":0,"1":0,"2":0,"3":0,"4":0,"5":0,"6":0,"7":0,"8":0,"9":0,"10":0,"11":0,"12":0,"13":0},"b":{"0":[0,0],"1":[0,0],"2":[0,0],"3":[0,0],"4":[0,0],"5":[0,0],"6":[0,0],"7":[0,0],"8":[0,0],"9":[0,0],"10":[0,0],"11":[0,0],"12":[0,0],"13":[0,0]}}
,"/Users/magedmorsy/Downloads/smash-app/src/components/match/UpcomingMatchWrapper.jsx": {"path":"/Users/magedmorsy/Downloads/smash-app/src/components/match/UpcomingMatchWrapper.jsx","statementMap":{"0":{"start":{"line":8,"column":2},"end":{"line":13,"column":4}},"1":{"start":{"line":16,"column":15},"end":{"line":31,"column":2}}},"fnMap":{"0":{"name":"UpcomingMatchWrapper","decl":{"start":{"line":7,"column":24},"end":{"line":7,"column":44}},"loc":{"start":{"line":7,"column":59},"end":{"line":14,"column":1}},"line":7}},"branchMap":{},"s":{"0":0,"1":0},"f":{"0":0},"b":{}}
,"/Users/magedmorsy/Downloads/smash-app/src/components/profile/EditProfileModal.jsx": {"path":"/Users/magedmorsy/Downloads/smash-app/src/components/profile/EditProfileModal.jsx","statementMap":{"0":{"start":{"line":14,"column":39},"end":{"line":14,"column":48}},"1":{"start":{"line":15,"column":36},"end":{"line":15,"column":48}},"2":{"start":{"line":16,"column":34},"end":{"line":16,"column":46}},"3":{"start":{"line":17,"column":36},"end":{"line":17,"column":50}},"4":{"start":{"line":18,"column":34},"end":{"line":18,"column":49}},"5":{"start":{"line":21,"column":2},"end":{"line":27,"column":26}},"6":{"start":{"line":22,"column":4},"end":{"line":26,"column":5}},"7":{"start":{"line":23,"column":6},"end":{"line":23,"column":45}},"8":{"start":{"line":24,"column":6},"end":{"line":24,"column":43}},"9":{"start":{"line":25,"column":6},"end":{"line":25,"column":47}},"10":{"start":{"line":29,"column":20},"end":{"line":56,"column":3}},"11":{"start":{"line":30,"column":4},"end":{"line":55,"column":5}},"12":{"start":{"line":31,"column":25},"end":{"line":31,"column":80}},"13":{"start":{"line":33,"column":6},"end":{"line":40,"column":7}},"14":{"start":{"line":34,"column":8},"end":{"line":38,"column":10}},"15":{"start":{"line":39,"column":8},"end":{"line":39,"column":15}},"16":{"start":{"line":42,"column":21},"end":{"line":47,"column":8}},"17":{"start":{"line":49,"column":6},"end":{"line":51,"column":7}},"18":{"start":{"line":50,"column":8},"end":{"line":50,"column":43}},"19":{"start":{"line":53,"column":6},"end":{"line":53,"column":51}},"20":{"start":{"line":54,"column":6},"end":{"line":54,"column":70}},"21":{"start":{"line":58,"column":21},"end":{"line":93,"column":3}},"22":{"start":{"line":60,"column":4},"end":{"line":63,"column":5}},"23":{"start":{"line":61,"column":6},"end":{"line":61,"column":70}},"24":{"start":{"line":62,"column":6},"end":{"line":62,"column":13}},"25":{"start":{"line":64,"column":4},"end":{"line":67,"column":5}},"26":{"start":{"line":65,"column":6},"end":{"line":65,"column":69}},"27":{"start":{"line":66,"column":6},"end":{"line":66,"column":13}},"28":{"start":{"line":69,"column":4},"end":{"line":69,"column":22}},"29":{"start":{"line":71,"column":4},"end":{"line":92,"column":5}},"30":{"start":{"line":73,"column":6},"end":{"line":86,"column":7}},"31":{"start":{"line":74,"column":23},"end":{"line":78,"column":10}},"32":{"start":{"line":80,"column":8},"end":{"line":85,"column":9}},"33":{"start":{"line":82,"column":10},"end":{"line":82,"column":20}},"34":{"start":{"line":84,"column":10},"end":{"line":84,"column":94}},"35":{"start":{"line":88,"column":6},"end":{"line":88,"column":54}},"36":{"start":{"line":89,"column":6},"end":{"line":89,"column":74}},"37":{"start":{"line":91,"column":6},"end":{"line":91,"column":25}},"38":{"start":{"line":95,"column":22},"end":{"line":98,"column":3}},"39":{"start":{"line":96,"column":4},"end":{"line":96,"column":44}},"40":{"start":{"line":96,"column":33},"end":{"line":96,"column":44}},"41":{"start":{"line":97,"column":4},"end":{"line":97,"column":71}},"42":{"start":{"line":100,"column":2},"end":{"line":158,"column":4}},"43":{"start":{"line":161,"column":15},"end":{"line":208,"column":2}}},"fnMap":{"0":{"name":"EditProfileModal","decl":{"start":{"line":13,"column":24},"end":{"line":13,"column":40}},"loc":{"start":{"line":13,"column":63},"end":{"line":159,"column":1}},"line":13},"1":{"name":"(anonymous_1)","decl":{"start":{"line":21,"column":12},"end":{"line":21,"column":13}},"loc":{"start":{"line":21,"column":18},"end":{"line":27,"column":3}},"line":21},"2":{"name":"(anonymous_2)","decl":{"start":{"line":29,"column":20},"end":{"line":29,"column":21}},"loc":{"start":{"line":29,"column":32},"end":{"line":56,"column":3}},"line":29},"3":{"name":"(anonymous_3)","decl":{"start":{"line":58,"column":21},"end":{"line":58,"column":22}},"loc":{"start":{"line":58,"column":33},"end":{"line":93,"column":3}},"line":58},"4":{"name":"(anonymous_4)","decl":{"start":{"line":95,"column":22},"end":{"line":95,"column":23}},"loc":{"start":{"line":95,"column":28},"end":{"line":98,"column":3}},"line":95}},"branchMap":{"0":{"loc":{"start":{"line":22,"column":4},"end":{"line":26,"column":5}},"type":"if","locations":[{"start":{"line":22,"column":4},"end":{"line":26,"column":5}},{"start":{},"end":{}}],"line":22},"1":{"loc":{"start":{"line":22,"column":8},"end":{"line":22,"column":27}},"type":"binary-expr","locations":[{"start":{"line":22,"column":8},"end":{"line":22,"column":15}},{"start":{"line":22,"column":19},"end":{"line":22,"column":27}}],"line":22},"2":{"loc":{"start":{"line":23,"column":19},"end":{"line":23,"column":43}},"type":"binary-expr","locations":[{"start":{"line":23,"column":19},"end":{"line":23,"column":37}},{"start":{"line":23,"column":41},"end":{"line":23,"column":43}}],"line":23},"3":{"loc":{"start":{"line":24,"column":18},"end":{"line":24,"column":41}},"type":"binary-expr","locations":[{"start":{"line":24,"column":18},"end":{"line":24,"column":35}},{"start":{"line":24,"column":39},"end":{"line":24,"column":41}}],"line":24},"4":{"loc":{"start":{"line":25,"column":19},"end":{"line":25,"column":45}},"type":"binary-expr","locations":[{"start":{"line":25,"column":19},"end":{"line":25,"column":37}},{"start":{"line":25,"column":41},"end":{"line":25,"column":45}}],"line":25},"5":{"loc":{"start":{"line":33,"column":6},"end":{"line":40,"column":7}},"type":"if","locations":[{"start":{"line":33,"column":6},"end":{"line":40,"column":7}},{"start":{},"end":{}}],"line":33},"6":{"loc":{"start":{"line":49,"column":6},"end":{"line":51,"column":7}},"type":"if","locations":[{"start":{"line":49,"column":6},"end":{"line":51,"column":7}},{"start":{},"end":{}}],"line":49},"7":{"loc":{"start":{"line":49,"column":10},"end":{"line":49,"column":46}},"type":"binary-expr","locations":[{"start":{"line":49,"column":10},"end":{"line":49,"column":26}},{"start":{"line":49,"column":30},"end":{"line":49,"column":46}}],"line":49},"8":{"loc":{"start":{"line":60,"column":4},"end":{"line":63,"column":5}},"type":"if","locations":[{"start":{"line":60,"column":4},"end":{"line":63,"column":5}},{"start":{},"end":{}}],"line":60},"9":{"loc":{"start":{"line":64,"column":4},"end":{"line":67,"column":5}},"type":"if","locations":[{"start":{"line":64,"column":4},"end":{"line":67,"column":5}},{"start":{},"end":{}}],"line":64},"10":{"loc":{"start":{"line":73,"column":6},"end":{"line":86,"column":7}},"type":"if","locations":[{"start":{"line":73,"column":6},"end":{"line":86,"column":7}},{"start":{},"end":{}}],"line":73},"11":{"loc":{"start":{"line":80,"column":8},"end":{"line":85,"column":9}},"type":"if","locations":[{"start":{"line":80,"column":8},"end":{"line":85,"column":9}},{"start":{"line":83,"column":15},"end":{"line":85,"column":9}}],"line":80},"12":{"loc":{"start":{"line":84,"column":31},"end":{"line":84,"column":92}},"type":"binary-expr","locations":[{"start":{"line":84,"column":31},"end":{"line":84,"column":43}},{"start":{"line":84,"column":47},"end":{"line":84,"column":92}}],"line":84},"13":{"loc":{"start":{"line":96,"column":4},"end":{"line":96,"column":44}},"type":"if","locations":[{"start":{"line":96,"column":4},"end":{"line":96,"column":44}},{"start":{},"end":{}}],"line":96},"14":{"loc":{"start":{"line":96,"column":8},"end":{"line":96,"column":31}},"type":"binary-expr","locations":[{"start":{"line":96,"column":8},"end":{"line":96,"column":18}},{"start":{"line":96,"column":22},"end":{"line":96,"column":31}}],"line":96},"15":{"loc":{"start":{"line":110,"column":13},"end":{"line":116,"column":13}},"type":"cond-expr","locations":[{"start":{"line":111,"column":14},"end":{"line":111,"column":73}},{"start":{"line":113,"column":14},"end":{"line":115,"column":21}}],"line":110},"16":{"loc":{"start":{"line":149,"column":19},"end":{"line":149,"column":58}},"type":"cond-expr","locations":[{"start":{"line":149,"column":30},"end":{"line":149,"column":41}},{"start":{"line":149,"column":44},"end":{"line":149,"column":58}}],"line":149}},"s":{"0":0,"1":0,"2":0,"3":0,"4":0,"5":0,"6":0,"7":0,"8":0,"9":0,"10":0,"11":0,"12":0,"13":0,"14":0,"15":0,"16":0,"17":0,"18":0,"19":0,"20":0,"21":0,"22":0,"23":0,"24":0,"25":0,"26":0,"27":0,"28":0,"29":0,"30":0,"31":0,"32":0,"33":0,"34":0,"35":0,"36":0,"37":0,"38":0,"39":0,"40":0,"41":0,"42":0,"43":0},"f":{"0":0,"1":0,"2":0,"3":0,"4":0},"b":{"0":[0,0],"1":[0,0],"2":[0,0],"3":[0,0],"4":[0,0],"5":[0,0],"6":[0,0],"7":[0,0],"8":[0,0],"9":[0,0],"10":[0,0],"11":[0,0],"12":[0,0],"13":[0,0],"14":[0,0],"15":[0,0],"16":[0,0]}}
,"/Users/magedmorsy/Downloads/smash-app/src/components/tournament/AddRulesModal.jsx": {"path":"/Users/magedmorsy/Downloads/smash-app/src/components/tournament/AddRulesModal.jsx","statementMap":{"0":{"start":{"line":7,"column":28},"end":{"line":7,"column":56}},"1":{"start":{"line":9,"column":21},"end":{"line":12,"column":3}},"2":{"start":{"line":10,"column":4},"end":{"line":10,"column":18}},"3":{"start":{"line":11,"column":4},"end":{"line":11,"column":14}},"4":{"start":{"line":14,"column":2},"end":{"line":36,"column":4}}},"fnMap":{"0":{"name":"AddRulesModal","decl":{"start":{"line":6,"column":24},"end":{"line":6,"column":37}},"loc":{"start":{"line":6,"column":82},"end":{"line":37,"column":1}},"line":6},"1":{"name":"(anonymous_1)","decl":{"start":{"line":9,"column":21},"end":{"line":9,"column":22}},"loc":{"start":{"line":9,"column":27},"end":{"line":12,"column":3}},"line":9}},"branchMap":{"0":{"loc":{"start":{"line":7,"column":37},"end":{"line":7,"column":55}},"type":"binary-expr","locations":[{"start":{"line":7,"column":37},"end":{"line":7,"column":49}},{"start":{"line":7,"column":53},"end":{"line":7,"column":55}}],"line":7}},"s":{"0":0,"1":0,"2":0,"3":0,"4":0},"f":{"0":0,"1":0},"b":{"0":[0,0]}}
,"/Users/magedmorsy/Downloads/smash-app/src/components/tournament/CreateTeamBottomSheet.jsx": {"path":"/Users/magedmorsy/Downloads/smash-app/src/components/tournament/CreateTeamBottomSheet.jsx","statementMap":{"0":{"start":{"line":19,"column":17},"end":{"line":19,"column":36}},"1":{"start":{"line":20,"column":23},"end":{"line":20,"column":54}},"2":{"start":{"line":23,"column":2},"end":{"line":23,"column":67}},"3":{"start":{"line":24,"column":2},"end":{"line":24,"column":80}},"4":{"start":{"line":25,"column":2},"end":{"line":25,"column":82}},"5":{"start":{"line":27,"column":2},"end":{"line":99,"column":4}},"6":{"start":{"line":102,"column":15},"end":{"line":200,"column":2}}},"fnMap":{"0":{"name":"CreateTeamBottomSheet","decl":{"start":{"line":13,"column":24},"end":{"line":13,"column":45}},"loc":{"start":{"line":18,"column":3},"end":{"line":100,"column":1}},"line":18}},"branchMap":{"0":{"loc":{"start":{"line":60,"column":20},"end":{"line":60,"column":54}},"type":"binary-expr","locations":[{"start":{"line":60,"column":20},"end":{"line":60,"column":44}},{"start":{"line":60,"column":48},"end":{"line":60,"column":54}}],"line":60},"1":{"loc":{"start":{"line":63,"column":15},"end":{"line":63,"column":63}},"type":"binary-expr","locations":[{"start":{"line":63,"column":15},"end":{"line":63,"column":54}},{"start":{"line":63,"column":58},"end":{"line":63,"column":63}}],"line":63}},"s":{"0":0,"1":0,"2":0,"3":0,"4":0,"5":0,"6":0},"f":{"0":0},"b":{"0":[0,0],"1":[0,0]}}
,"/Users/magedmorsy/Downloads/smash-app/src/components/tournament/CreateTournamentModal.jsx": {"path":"/Users/magedmorsy/Downloads/smash-app/src/components/tournament/CreateTournamentModal.jsx","statementMap":{"0":{"start":{"line":29,"column":2},"end":{"line":34,"column":5}},"1":{"start":{"line":36,"column":49},"end":{"line":36,"column":65}},"2":{"start":{"line":37,"column":46},"end":{"line":37,"column":58}},"3":{"start":{"line":38,"column":34},"end":{"line":38,"column":46}},"4":{"start":{"line":39,"column":42},"end":{"line":39,"column":54}},"5":{"start":{"line":40,"column":26},"end":{"line":40,"column":40}},"6":{"start":{"line":41,"column":46},"end":{"line":41,"column":61}},"7":{"start":{"line":42,"column":26},"end":{"line":42,"column":40}},"8":{"start":{"line":43,"column":46},"end":{"line":43,"column":61}},"9":{"start":{"line":44,"column":36},"end":{"line":44,"column":50}},"10":{"start":{"line":45,"column":46},"end":{"line":45,"column":61}},"11":{"start":{"line":46,"column":28},"end":{"line":46,"column":40}},"12":{"start":{"line":47,"column":36},"end":{"line":47,"column":48}},"13":{"start":{"line":48,"column":42},"end":{"line":48,"column":56}},"14":{"start":{"line":49,"column":40},"end":{"line":49,"column":56}},"15":{"start":{"line":50,"column":38},"end":{"line":50,"column":53}},"16":{"start":{"line":53,"column":30},"end":{"line":53,"column":92}},"17":{"start":{"line":55,"column":20},"end":{"line":55,"column":57}},"18":{"start":{"line":56,"column":24},"end":{"line":56,"column":36}},"19":{"start":{"line":59,"column":2},"end":{"line":97,"column":16}},"20":{"start":{"line":60,"column":4},"end":{"line":60,"column":25}},"21":{"start":{"line":60,"column":18},"end":{"line":60,"column":25}},"22":{"start":{"line":62,"column":4},"end":{"line":62,"column":80}},"23":{"start":{"line":64,"column":4},"end":{"line":96,"column":5}},"24":{"start":{"line":65,"column":6},"end":{"line":65,"column":61}},"25":{"start":{"line":66,"column":6},"end":{"line":66,"column":47}},"26":{"start":{"line":67,"column":6},"end":{"line":67,"column":45}},"27":{"start":{"line":68,"column":6},"end":{"line":68,"column":47}},"28":{"start":{"line":69,"column":6},"end":{"line":69,"column":49}},"29":{"start":{"line":70,"column":6},"end":{"line":70,"column":39}},"30":{"start":{"line":71,"column":6},"end":{"line":71,"column":94}},"31":{"start":{"line":72,"column":6},"end":{"line":72,"column":29}},"32":{"start":{"line":75,"column":6},"end":{"line":83,"column":7}},"33":{"start":{"line":76,"column":8},"end":{"line":82,"column":9}},"34":{"start":{"line":77,"column":30},"end":{"line":77,"column":59}},"35":{"start":{"line":78,"column":10},"end":{"line":78,"column":31}},"36":{"start":{"line":79,"column":10},"end":{"line":79,"column":31}},"37":{"start":{"line":81,"column":10},"end":{"line":81,"column":54}},"38":{"start":{"line":84,"column":11},"end":{"line":96,"column":5}},"39":{"start":{"line":86,"column":6},"end":{"line":86,"column":28}},"40":{"start":{"line":87,"column":6},"end":{"line":87,"column":22}},"41":{"start":{"line":88,"column":6},"end":{"line":88,"column":26}},"42":{"start":{"line":89,"column":6},"end":{"line":89,"column":20}},"43":{"start":{"line":90,"column":6},"end":{"line":90,"column":20}},"44":{"start":{"line":91,"column":6},"end":{"line":91,"column":25}},"45":{"start":{"line":92,"column":6},"end":{"line":92,"column":19}},"46":{"start":{"line":93,"column":6},"end":{"line":93,"column":23}},"47":{"start":{"line":94,"column":6},"end":{"line":94,"column":28}},"48":{"start":{"line":95,"column":6},"end":{"line":95,"column":29}},"49":{"start":{"line":99,"column":23},"end":{"line":198,"column":3}},"50":{"start":{"line":101,"column":4},"end":{"line":104,"column":5}},"51":{"start":{"line":102,"column":6},"end":{"line":102,"column":61}},"52":{"start":{"line":103,"column":6},"end":{"line":103,"column":13}},"53":{"start":{"line":106,"column":4},"end":{"line":106,"column":24}},"54":{"start":{"line":108,"column":4},"end":{"line":197,"column":5}},"55":{"start":{"line":110,"column":31},"end":{"line":110,"column":35}},"56":{"start":{"line":111,"column":6},"end":{"line":117,"column":7}},"57":{"start":{"line":112,"column":8},"end":{"line":112,"column":44}},"58":{"start":{"line":113,"column":8},"end":{"line":116,"column":9}},"59":{"start":{"line":114,"column":10},"end":{"line":114,"column":55}},"60":{"start":{"line":115,"column":10},"end":{"line":115,"column":59}},"61":{"start":{"line":119,"column":29},"end":{"line":128,"column":7}},"62":{"start":{"line":131,"column":32},"end":{"line":131,"column":37}},"63":{"start":{"line":132,"column":32},"end":{"line":132,"column":34}},"64":{"start":{"line":134,"column":6},"end":{"line":173,"column":7}},"65":{"start":{"line":136,"column":8},"end":{"line":157,"column":9}},"66":{"start":{"line":137,"column":32},"end":{"line":137,"column":34}},"67":{"start":{"line":140,"column":10},"end":{"line":142,"column":11}},"68":{"start":{"line":141,"column":12},"end":{"line":141,"column":43}},"69":{"start":{"line":145,"column":30},"end":{"line":145,"column":102}},"70":{"start":{"line":146,"column":30},"end":{"line":146,"column":53}},"71":{"start":{"line":147,"column":10},"end":{"line":149,"column":11}},"72":{"start":{"line":148,"column":12},"end":{"line":148,"column":44}},"73":{"start":{"line":152,"column":10},"end":{"line":156,"column":11}},"74":{"start":{"line":153,"column":12},"end":{"line":153,"column":39}},"75":{"start":{"line":154,"column":12},"end":{"line":154,"column":95}},"76":{"start":{"line":155,"column":12},"end":{"line":155,"column":78}},"77":{"start":{"line":160,"column":8},"end":{"line":160,"column":56}},"78":{"start":{"line":161,"column":8},"end":{"line":161,"column":64}},"79":{"start":{"line":164,"column":8},"end":{"line":169,"column":9}},"80":{"start":{"line":167,"column":10},"end":{"line":167,"column":87}},"81":{"start":{"line":168,"column":10},"end":{"line":168,"column":89}},"82":{"start":{"line":172,"column":8},"end":{"line":172,"column":60}},"83":{"start":{"line":176,"column":6},"end":{"line":176,"column":28}},"84":{"start":{"line":177,"column":6},"end":{"line":177,"column":22}},"85":{"start":{"line":178,"column":6},"end":{"line":178,"column":26}},"86":{"start":{"line":179,"column":6},"end":{"line":179,"column":20}},"87":{"start":{"line":180,"column":6},"end":{"line":180,"column":20}},"88":{"start":{"line":181,"column":6},"end":{"line":181,"column":25}},"89":{"start":{"line":182,"column":6},"end":{"line":182,"column":19}},"90":{"start":{"line":183,"column":6},"end":{"line":183,"column":23}},"91":{"start":{"line":184,"column":6},"end":{"line":184,"column":29}},"92":{"start":{"line":185,"column":6},"end":{"line":185,"column":27}},"93":{"start":{"line":187,"column":6},"end":{"line":187,"column":16}},"94":{"start":{"line":190,"column":6},"end":{"line":192,"column":7}},"95":{"start":{"line":191,"column":8},"end":{"line":191,"column":46}},"96":{"start":{"line":194,"column":6},"end":{"line":194,"column":59}},"97":{"start":{"line":195,"column":6},"end":{"line":195,"column":57}},"98":{"start":{"line":196,"column":6},"end":{"line":196,"column":27}},"99":{"start":{"line":200,"column":26},"end":{"line":212,"column":3}},"100":{"start":{"line":201,"column":4},"end":{"line":201,"column":24}},"101":{"start":{"line":202,"column":4},"end":{"line":202,"column":28}},"102":{"start":{"line":204,"column":4},"end":{"line":206,"column":11}},"103":{"start":{"line":205,"column":6},"end":{"line":205,"column":59}},"104":{"start":{"line":207,"column":4},"end":{"line":211,"column":15}},"105":{"start":{"line":214,"column":30},"end":{"line":224,"column":3}},"106":{"start":{"line":215,"column":4},"end":{"line":215,"column":23}},"107":{"start":{"line":216,"column":4},"end":{"line":223,"column":7}},"108":{"start":{"line":221,"column":6},"end":{"line":221,"column":29}},"109":{"start":{"line":222,"column":6},"end":{"line":222,"column":23}},"110":{"start":{"line":226,"column":26},"end":{"line":237,"column":3}},"111":{"start":{"line":227,"column":4},"end":{"line":227,"column":23}},"112":{"start":{"line":228,"column":4},"end":{"line":228,"column":24}},"113":{"start":{"line":229,"column":4},"end":{"line":236,"column":7}},"114":{"start":{"line":234,"column":6},"end":{"line":234,"column":29}},"115":{"start":{"line":235,"column":6},"end":{"line":235,"column":23}},"116":{"start":{"line":239,"column":27},"end":{"line":246,"column":3}},"117":{"start":{"line":240,"column":4},"end":{"line":242,"column":5}},"118":{"start":{"line":241,"column":6},"end":{"line":241,"column":31}},"119":{"start":{"line":243,"column":4},"end":{"line":245,"column":5}},"120":{"start":{"line":244,"column":6},"end":{"line":244,"column":28}},"121":{"start":{"line":248,"column":27},"end":{"line":255,"column":3}},"122":{"start":{"line":249,"column":4},"end":{"line":251,"column":5}},"123":{"start":{"line":250,"column":6},"end":{"line":250,"column":31}},"124":{"start":{"line":252,"column":4},"end":{"line":254,"column":5}},"125":{"start":{"line":253,"column":6},"end":{"line":253,"column":28}},"126":{"start":{"line":257,"column":21},"end":{"line":261,"column":3}},"127":{"start":{"line":258,"column":4},"end":{"line":258,"column":25}},"128":{"start":{"line":258,"column":15},"end":{"line":258,"column":25}},"129":{"start":{"line":259,"column":20},"end":{"line":259,"column":71}},"130":{"start":{"line":260,"column":4},"end":{"line":260,"column":53}},"131":{"start":{"line":263,"column":21},"end":{"line":267,"column":3}},"132":{"start":{"line":264,"column":4},"end":{"line":264,"column":25}},"133":{"start":{"line":264,"column":15},"end":{"line":264,"column":25}},"134":{"start":{"line":265,"column":20},"end":{"line":265,"column":72}},"135":{"start":{"line":266,"column":4},"end":{"line":266,"column":53}},"136":{"start":{"line":269,"column":26},"end":{"line":271,"column":3}},"137":{"start":{"line":270,"column":4},"end":{"line":270,"column":41}},"138":{"start":{"line":273,"column":22},"end":{"line":273,"column":52}},"139":{"start":{"line":275,"column":22},"end":{"line":275,"column":43}},"140":{"start":{"line":276,"column":33},"end":{"line":276,"column":57}},"141":{"start":{"line":278,"column":21},"end":{"line":281,"column":4}},"142":{"start":{"line":283,"column":25},"end":{"line":286,"column":4}},"143":{"start":{"line":288,"column":2},"end":{"line":288,"column":119}},"144":{"start":{"line":290,"column":2},"end":{"line":523,"column":4}},"145":{"start":{"line":357,"column":20},"end":{"line":357,"column":39}},"146":{"start":{"line":358,"column":20},"end":{"line":358,"column":55}},"147":{"start":{"line":383,"column":20},"end":{"line":383,"column":39}},"148":{"start":{"line":384,"column":20},"end":{"line":384,"column":55}},"149":{"start":{"line":408,"column":20},"end":{"line":408,"column":52}},"150":{"start":{"line":408,"column":45},"end":{"line":408,"column":52}},"151":{"start":{"line":409,"column":20},"end":{"line":409,"column":39}},"152":{"start":{"line":410,"column":20},"end":{"line":410,"column":55}},"153":{"start":{"line":419,"column":52},"end":{"line":419,"column":75}},"154":{"start":{"line":424,"column":24},"end":{"line":428,"column":26}},"155":{"start":{"line":508,"column":14},"end":{"line":508,"column":38}},"156":{"start":{"line":509,"column":14},"end":{"line":509,"column":39}},"157":{"start":{"line":513,"column":14},"end":{"line":517,"column":16}},"158":{"start":{"line":526,"column":20},"end":{"line":526,"column":50}},"159":{"start":{"line":528,"column":15},"end":{"line":593,"column":2}}},"fnMap":{"0":{"name":"CreateTournamentModal","decl":{"start":{"line":28,"column":24},"end":{"line":28,"column":45}},"loc":{"start":{"line":28,"column":126},"end":{"line":524,"column":1}},"line":28},"1":{"name":"(anonymous_1)","decl":{"start":{"line":59,"column":12},"end":{"line":59,"column":13}},"loc":{"start":{"line":59,"column":18},"end":{"line":97,"column":3}},"line":59},"2":{"name":"(anonymous_2)","decl":{"start":{"line":99,"column":23},"end":{"line":99,"column":24}},"loc":{"start":{"line":99,"column":35},"end":{"line":198,"column":3}},"line":99},"3":{"name":"(anonymous_3)","decl":{"start":{"line":200,"column":26},"end":{"line":200,"column":27}},"loc":{"start":{"line":200,"column":32},"end":{"line":212,"column":3}},"line":200},"4":{"name":"(anonymous_4)","decl":{"start":{"line":204,"column":15},"end":{"line":204,"column":16}},"loc":{"start":{"line":204,"column":21},"end":{"line":206,"column":5}},"line":204},"5":{"name":"(anonymous_5)","decl":{"start":{"line":214,"column":30},"end":{"line":214,"column":31}},"loc":{"start":{"line":214,"column":36},"end":{"line":224,"column":3}},"line":214},"6":{"name":"(anonymous_6)","decl":{"start":{"line":220,"column":13},"end":{"line":220,"column":14}},"loc":{"start":{"line":220,"column":19},"end":{"line":223,"column":5}},"line":220},"7":{"name":"(anonymous_7)","decl":{"start":{"line":226,"column":26},"end":{"line":226,"column":27}},"loc":{"start":{"line":226,"column":32},"end":{"line":237,"column":3}},"line":226},"8":{"name":"(anonymous_8)","decl":{"start":{"line":233,"column":13},"end":{"line":233,"column":14}},"loc":{"start":{"line":233,"column":19},"end":{"line":236,"column":5}},"line":233},"9":{"name":"(anonymous_9)","decl":{"start":{"line":239,"column":27},"end":{"line":239,"column":28}},"loc":{"start":{"line":239,"column":52},"end":{"line":246,"column":3}},"line":239},"10":{"name":"(anonymous_10)","decl":{"start":{"line":248,"column":27},"end":{"line":248,"column":28}},"loc":{"start":{"line":248,"column":52},"end":{"line":255,"column":3}},"line":248},"11":{"name":"(anonymous_11)","decl":{"start":{"line":257,"column":21},"end":{"line":257,"column":22}},"loc":{"start":{"line":257,"column":31},"end":{"line":261,"column":3}},"line":257},"12":{"name":"(anonymous_12)","decl":{"start":{"line":263,"column":21},"end":{"line":263,"column":22}},"loc":{"start":{"line":263,"column":31},"end":{"line":267,"column":3}},"line":263},"13":{"name":"(anonymous_13)","decl":{"start":{"line":269,"column":26},"end":{"line":269,"column":27}},"loc":{"start":{"line":269,"column":37},"end":{"line":271,"column":3}},"line":269},"14":{"name":"(anonymous_14)","decl":{"start":{"line":356,"column":27},"end":{"line":356,"column":28}},"loc":{"start":{"line":356,"column":33},"end":{"line":359,"column":19}},"line":356},"15":{"name":"(anonymous_15)","decl":{"start":{"line":382,"column":27},"end":{"line":382,"column":28}},"loc":{"start":{"line":382,"column":33},"end":{"line":385,"column":19}},"line":382},"16":{"name":"(anonymous_16)","decl":{"start":{"line":407,"column":27},"end":{"line":407,"column":28}},"loc":{"start":{"line":407,"column":33},"end":{"line":411,"column":19}},"line":407},"17":{"name":"(anonymous_17)","decl":{"start":{"line":419,"column":37},"end":{"line":419,"column":38}},"loc":{"start":{"line":419,"column":52},"end":{"line":419,"column":75}},"line":419},"18":{"name":"(anonymous_18)","decl":{"start":{"line":423,"column":39},"end":{"line":423,"column":40}},"loc":{"start":{"line":424,"column":24},"end":{"line":428,"column":26}},"line":424},"19":{"name":"(anonymous_19)","decl":{"start":{"line":507,"column":27},"end":{"line":507,"column":28}},"loc":{"start":{"line":507,"column":42},"end":{"line":510,"column":13}},"line":507},"20":{"name":"(anonymous_20)","decl":{"start":{"line":512,"column":29},"end":{"line":512,"column":30}},"loc":{"start":{"line":513,"column":14},"end":{"line":517,"column":16}},"line":513}},"branchMap":{"0":{"loc":{"start":{"line":28,"column":87},"end":{"line":28,"column":103}},"type":"default-arg","locations":[{"start":{"line":28,"column":98},"end":{"line":28,"column":103}}],"line":28},"1":{"loc":{"start":{"line":28,"column":105},"end":{"line":28,"column":122}},"type":"default-arg","locations":[{"start":{"line":28,"column":118},"end":{"line":28,"column":122}}],"line":28},"2":{"loc":{"start":{"line":53,"column":30},"end":{"line":53,"column":92}},"type":"binary-expr","locations":[{"start":{"line":53,"column":30},"end":{"line":53,"column":38}},{"start":{"line":53,"column":42},"end":{"line":53,"column":52}},{"start":{"line":53,"column":56},"end":{"line":53,"column":92}}],"line":53},"3":{"loc":{"start":{"line":60,"column":4},"end":{"line":60,"column":25}},"type":"if","locations":[{"start":{"line":60,"column":4},"end":{"line":60,"column":25}},{"start":{},"end":{}}],"line":60},"4":{"loc":{"start":{"line":64,"column":4},"end":{"line":96,"column":5}},"type":"if","locations":[{"start":{"line":64,"column":4},"end":{"line":96,"column":5}},{"start":{"line":84,"column":11},"end":{"line":96,"column":5}}],"line":64},"5":{"loc":{"start":{"line":64,"column":8},"end":{"line":64,"column":30}},"type":"binary-expr","locations":[{"start":{"line":64,"column":8},"end":{"line":64,"column":16}},{"start":{"line":64,"column":20},"end":{"line":64,"column":30}}],"line":64},"6":{"loc":{"start":{"line":66,"column":24},"end":{"line":66,"column":45}},"type":"binary-expr","locations":[{"start":{"line":66,"column":24},"end":{"line":66,"column":39}},{"start":{"line":66,"column":43},"end":{"line":66,"column":45}}],"line":66},"7":{"loc":{"start":{"line":67,"column":18},"end":{"line":67,"column":43}},"type":"binary-expr","locations":[{"start":{"line":67,"column":18},"end":{"line":67,"column":37}},{"start":{"line":67,"column":41},"end":{"line":67,"column":43}}],"line":67},"8":{"loc":{"start":{"line":68,"column":22},"end":{"line":68,"column":45}},"type":"binary-expr","locations":[{"start":{"line":68,"column":22},"end":{"line":68,"column":39}},{"start":{"line":68,"column":43},"end":{"line":68,"column":45}}],"line":68},"9":{"loc":{"start":{"line":69,"column":19},"end":{"line":69,"column":47}},"type":"binary-expr","locations":[{"start":{"line":69,"column":19},"end":{"line":69,"column":39}},{"start":{"line":69,"column":43},"end":{"line":69,"column":47}}],"line":69},"10":{"loc":{"start":{"line":70,"column":15},"end":{"line":70,"column":37}},"type":"binary-expr","locations":[{"start":{"line":70,"column":15},"end":{"line":70,"column":31}},{"start":{"line":70,"column":35},"end":{"line":70,"column":37}}],"line":70},"11":{"loc":{"start":{"line":71,"column":22},"end":{"line":71,"column":92}},"type":"cond-expr","locations":[{"start":{"line":71,"column":62},"end":{"line":71,"column":85}},{"start":{"line":71,"column":88},"end":{"line":71,"column":92}}],"line":71},"12":{"loc":{"start":{"line":75,"column":6},"end":{"line":83,"column":7}},"type":"if","locations":[{"start":{"line":75,"column":6},"end":{"line":83,"column":7}},{"start":{},"end":{}}],"line":75},"13":{"loc":{"start":{"line":84,"column":11},"end":{"line":96,"column":5}},"type":"if","locations":[{"start":{"line":84,"column":11},"end":{"line":96,"column":5}},{"start":{},"end":{}}],"line":84},"14":{"loc":{"start":{"line":101,"column":4},"end":{"line":104,"column":5}},"type":"if","locations":[{"start":{"line":101,"column":4},"end":{"line":104,"column":5}},{"start":{},"end":{}}],"line":101},"15":{"loc":{"start":{"line":111,"column":6},"end":{"line":117,"column":7}},"type":"if","locations":[{"start":{"line":111,"column":6},"end":{"line":117,"column":7}},{"start":{},"end":{}}],"line":111},"16":{"loc":{"start":{"line":113,"column":8},"end":{"line":116,"column":9}},"type":"if","locations":[{"start":{"line":113,"column":8},"end":{"line":116,"column":9}},{"start":{},"end":{}}],"line":113},"17":{"loc":{"start":{"line":121,"column":18},"end":{"line":121,"column":51}},"type":"binary-expr","locations":[{"start":{"line":121,"column":18},"end":{"line":121,"column":33}},{"start":{"line":121,"column":37},"end":{"line":121,"column":51}}],"line":121},"18":{"loc":{"start":{"line":122,"column":16},"end":{"line":122,"column":43}},"type":"binary-expr","locations":[{"start":{"line":122,"column":16},"end":{"line":122,"column":35}},{"start":{"line":122,"column":39},"end":{"line":122,"column":43}}],"line":122},"19":{"loc":{"start":{"line":123,"column":18},"end":{"line":123,"column":78}},"type":"cond-expr","locations":[{"start":{"line":123,"column":39},"end":{"line":123,"column":71}},{"start":{"line":123,"column":74},"end":{"line":123,"column":78}}],"line":123},"20":{"loc":{"start":{"line":125,"column":19},"end":{"line":125,"column":33}},"type":"binary-expr","locations":[{"start":{"line":125,"column":19},"end":{"line":125,"column":28}},{"start":{"line":125,"column":32},"end":{"line":125,"column":33}}],"line":125},"21":{"loc":{"start":{"line":126,"column":15},"end":{"line":126,"column":65}},"type":"binary-expr","locations":[{"start":{"line":126,"column":15},"end":{"line":126,"column":27}},{"start":{"line":126,"column":31},"end":{"line":126,"column":65}}],"line":126},"22":{"loc":{"start":{"line":134,"column":6},"end":{"line":173,"column":7}},"type":"if","locations":[{"start":{"line":134,"column":6},"end":{"line":173,"column":7}},{"start":{"line":170,"column":13},"end":{"line":173,"column":7}}],"line":134},"23":{"loc":{"start":{"line":134,"column":10},"end":{"line":134,"column":36}},"type":"binary-expr","locations":[{"start":{"line":134,"column":10},"end":{"line":134,"column":18}},{"start":{"line":134,"column":22},"end":{"line":134,"column":36}}],"line":134},"24":{"loc":{"start":{"line":136,"column":8},"end":{"line":157,"column":9}},"type":"if","locations":[{"start":{"line":136,"column":8},"end":{"line":157,"column":9}},{"start":{},"end":{}}],"line":136},"25":{"loc":{"start":{"line":140,"column":10},"end":{"line":142,"column":11}},"type":"if","locations":[{"start":{"line":140,"column":10},"end":{"line":142,"column":11}},{"start":{},"end":{}}],"line":140},"26":{"loc":{"start":{"line":145,"column":30},"end":{"line":145,"column":102}},"type":"cond-expr","locations":[{"start":{"line":145,"column":52},"end":{"line":145,"column":95}},{"start":{"line":145,"column":98},"end":{"line":145,"column":102}}],"line":145},"27":{"loc":{"start":{"line":147,"column":10},"end":{"line":149,"column":11}},"type":"if","locations":[{"start":{"line":147,"column":10},"end":{"line":149,"column":11}},{"start":{},"end":{}}],"line":147},"28":{"loc":{"start":{"line":152,"column":10},"end":{"line":156,"column":11}},"type":"if","locations":[{"start":{"line":152,"column":10},"end":{"line":156,"column":11}},{"start":{},"end":{}}],"line":152},"29":{"loc":{"start":{"line":164,"column":8},"end":{"line":169,"column":9}},"type":"if","locations":[{"start":{"line":164,"column":8},"end":{"line":169,"column":9}},{"start":{},"end":{}}],"line":164},"30":{"loc":{"start":{"line":190,"column":6},"end":{"line":192,"column":7}},"type":"if","locations":[{"start":{"line":190,"column":6},"end":{"line":192,"column":7}},{"start":{},"end":{}}],"line":190},"31":{"loc":{"start":{"line":240,"column":4},"end":{"line":242,"column":5}},"type":"if","locations":[{"start":{"line":240,"column":4},"end":{"line":242,"column":5}},{"start":{},"end":{}}],"line":240},"32":{"loc":{"start":{"line":243,"column":4},"end":{"line":245,"column":5}},"type":"if","locations":[{"start":{"line":243,"column":4},"end":{"line":245,"column":5}},{"start":{},"end":{}}],"line":243},"33":{"loc":{"start":{"line":249,"column":4},"end":{"line":251,"column":5}},"type":"if","locations":[{"start":{"line":249,"column":4},"end":{"line":251,"column":5}},{"start":{},"end":{}}],"line":249},"34":{"loc":{"start":{"line":252,"column":4},"end":{"line":254,"column":5}},"type":"if","locations":[{"start":{"line":252,"column":4},"end":{"line":254,"column":5}},{"start":{},"end":{}}],"line":252},"35":{"loc":{"start":{"line":258,"column":4},"end":{"line":258,"column":25}},"type":"if","locations":[{"start":{"line":258,"column":4},"end":{"line":258,"column":25}},{"start":{},"end":{}}],"line":258},"36":{"loc":{"start":{"line":264,"column":4},"end":{"line":264,"column":25}},"type":"if","locations":[{"start":{"line":264,"column":4},"end":{"line":264,"column":25}},{"start":{},"end":{}}],"line":264},"37":{"loc":{"start":{"line":270,"column":11},"end":{"line":270,"column":40}},"type":"cond-expr","locations":[{"start":{"line":270,"column":19},"end":{"line":270,"column":35}},{"start":{"line":270,"column":38},"end":{"line":270,"column":40}}],"line":270},"38":{"loc":{"start":{"line":293,"column":15},"end":{"line":293,"column":69}},"type":"cond-expr","locations":[{"start":{"line":293,"column":40},"end":{"line":293,"column":47}},{"start":{"line":293,"column":50},"end":{"line":293,"column":69}}],"line":293},"39":{"loc":{"start":{"line":294,"column":13},"end":{"line":294,"column":111}},"type":"cond-expr","locations":[{"start":{"line":294,"column":39},"end":{"line":294,"column":89}},{"start":{"line":294,"column":93},"end":{"line":294,"column":111}}],"line":294},"40":{"loc":{"start":{"line":294,"column":39},"end":{"line":294,"column":89}},"type":"cond-expr","locations":[{"start":{"line":294,"column":50},"end":{"line":294,"column":67}},{"start":{"line":294,"column":70},"end":{"line":294,"column":89}}],"line":294},"41":{"loc":{"start":{"line":295,"column":16},"end":{"line":295,"column":91}},"type":"cond-expr","locations":[{"start":{"line":295,"column":42},"end":{"line":295,"column":84}},{"start":{"line":295,"column":87},"end":{"line":295,"column":91}}],"line":295},"42":{"loc":{"start":{"line":298,"column":8},"end":{"line":305,"column":16}},"type":"cond-expr","locations":[{"start":{"line":299,"column":10},"end":{"line":304,"column":12}},{"start":{"line":305,"column":12},"end":{"line":305,"column":16}}],"line":298},"43":{"loc":{"start":{"line":300,"column":19},"end":{"line":300,"column":124}},"type":"cond-expr","locations":[{"start":{"line":300,"column":33},"end":{"line":300,"column":71}},{"start":{"line":300,"column":76},"end":{"line":300,"column":123}}],"line":300},"44":{"loc":{"start":{"line":300,"column":33},"end":{"line":300,"column":71}},"type":"cond-expr","locations":[{"start":{"line":300,"column":44},"end":{"line":300,"column":55}},{"start":{"line":300,"column":58},"end":{"line":300,"column":71}}],"line":300},"45":{"loc":{"start":{"line":300,"column":76},"end":{"line":300,"column":123}},"type":"cond-expr","locations":[{"start":{"line":300,"column":87},"end":{"line":300,"column":101}},{"start":{"line":300,"column":104},"end":{"line":300,"column":123}}],"line":300},"46":{"loc":{"start":{"line":303,"column":22},"end":{"line":303,"column":48}},"type":"binary-expr","locations":[{"start":{"line":303,"column":22},"end":{"line":303,"column":34}},{"start":{"line":303,"column":38},"end":{"line":303,"column":48}}],"line":303},"47":{"loc":{"start":{"line":308,"column":8},"end":{"line":310,"column":16}},"type":"cond-expr","locations":[{"start":{"line":309,"column":10},"end":{"line":309,"column":46}},{"start":{"line":310,"column":12},"end":{"line":310,"column":16}}],"line":308},"48":{"loc":{"start":{"line":312,"column":20},"end":{"line":312,"column":68}},"type":"cond-expr","locations":[{"start":{"line":312,"column":46},"end":{"line":312,"column":61}},{"start":{"line":312,"column":64},"end":{"line":312,"column":68}}],"line":312},"49":{"loc":{"start":{"line":362,"column":17},"end":{"line":374,"column":17}},"type":"binary-expr","locations":[{"start":{"line":362,"column":17},"end":{"line":362,"column":31}},{"start":{"line":362,"column":35},"end":{"line":362,"column":56}},{"start":{"line":363,"column":18},"end":{"line":373,"column":25}}],"line":362},"50":{"loc":{"start":{"line":365,"column":29},"end":{"line":365,"column":47}},"type":"binary-expr","locations":[{"start":{"line":365,"column":29},"end":{"line":365,"column":33}},{"start":{"line":365,"column":37},"end":{"line":365,"column":47}}],"line":365},"51":{"loc":{"start":{"line":388,"column":17},"end":{"line":399,"column":17}},"type":"binary-expr","locations":[{"start":{"line":388,"column":17},"end":{"line":388,"column":31}},{"start":{"line":388,"column":35},"end":{"line":388,"column":56}},{"start":{"line":389,"column":18},"end":{"line":398,"column":25}}],"line":388},"52":{"loc":{"start":{"line":391,"column":29},"end":{"line":391,"column":47}},"type":"binary-expr","locations":[{"start":{"line":391,"column":29},"end":{"line":391,"column":33}},{"start":{"line":391,"column":37},"end":{"line":391,"column":47}}],"line":391},"53":{"loc":{"start":{"line":408,"column":20},"end":{"line":408,"column":52}},"type":"if","locations":[{"start":{"line":408,"column":20},"end":{"line":408,"column":52}},{"start":{},"end":{}}],"line":408},"54":{"loc":{"start":{"line":415,"column":17},"end":{"line":432,"column":17}},"type":"binary-expr","locations":[{"start":{"line":415,"column":17},"end":{"line":415,"column":31}},{"start":{"line":415,"column":35},"end":{"line":415,"column":56}},{"start":{"line":416,"column":18},"end":{"line":431,"column":25}}],"line":415},"55":{"loc":{"start":{"line":418,"column":37},"end":{"line":418,"column":51}},"type":"binary-expr","locations":[{"start":{"line":418,"column":37},"end":{"line":418,"column":46}},{"start":{"line":418,"column":50},"end":{"line":418,"column":51}}],"line":418},"56":{"loc":{"start":{"line":448,"column":52},"end":{"line":448,"column":94}},"type":"binary-expr","locations":[{"start":{"line":448,"column":52},"end":{"line":448,"column":71}},{"start":{"line":448,"column":75},"end":{"line":448,"column":94}}],"line":448},"57":{"loc":{"start":{"line":449,"column":51},"end":{"line":449,"column":93}},"type":"binary-expr","locations":[{"start":{"line":449,"column":51},"end":{"line":449,"column":70}},{"start":{"line":449,"column":74},"end":{"line":449,"column":93}}],"line":449},"58":{"loc":{"start":{"line":480,"column":7},"end":{"line":489,"column":7}},"type":"binary-expr","locations":[{"start":{"line":480,"column":7},"end":{"line":480,"column":21}},{"start":{"line":480,"column":25},"end":{"line":480,"column":50}},{"start":{"line":481,"column":8},"end":{"line":488,"column":10}}],"line":480},"59":{"loc":{"start":{"line":482,"column":17},"end":{"line":482,"column":35}},"type":"binary-expr","locations":[{"start":{"line":482,"column":17},"end":{"line":482,"column":21}},{"start":{"line":482,"column":25},"end":{"line":482,"column":35}}],"line":482},"60":{"loc":{"start":{"line":492,"column":7},"end":{"line":500,"column":7}},"type":"binary-expr","locations":[{"start":{"line":492,"column":7},"end":{"line":492,"column":21}},{"start":{"line":492,"column":25},"end":{"line":492,"column":50}},{"start":{"line":493,"column":8},"end":{"line":499,"column":10}}],"line":492},"61":{"loc":{"start":{"line":494,"column":17},"end":{"line":494,"column":35}},"type":"binary-expr","locations":[{"start":{"line":494,"column":17},"end":{"line":494,"column":21}},{"start":{"line":494,"column":25},"end":{"line":494,"column":35}}],"line":494},"62":{"loc":{"start":{"line":503,"column":7},"end":{"line":521,"column":7}},"type":"binary-expr","locations":[{"start":{"line":503,"column":7},"end":{"line":503,"column":21}},{"start":{"line":503,"column":25},"end":{"line":503,"column":50}},{"start":{"line":504,"column":8},"end":{"line":520,"column":15}}],"line":503},"63":{"loc":{"start":{"line":506,"column":27},"end":{"line":506,"column":41}},"type":"binary-expr","locations":[{"start":{"line":506,"column":27},"end":{"line":506,"column":36}},{"start":{"line":506,"column":40},"end":{"line":506,"column":41}}],"line":506}},"s":{"0":0,"1":0,"2":0,"3":0,"4":0,"5":0,"6":0,"7":0,"8":0,"9":0,"10":0,"11":0,"12":0,"13":0,"14":0,"15":0,"16":0,"17":0,"18":0,"19":0,"20":0,"21":0,"22":0,"23":0,"24":0,"25":0,"26":0,"27":0,"28":0,"29":0,"30":0,"31":0,"32":0,"33":0,"34":0,"35":0,"36":0,"37":0,"38":0,"39":0,"40":0,"41":0,"42":0,"43":0,"44":0,"45":0,"46":0,"47":0,"48":0,"49":0,"50":0,"51":0,"52":0,"53":0,"54":0,"55":0,"56":0,"57":0,"58":0,"59":0,"60":0,"61":0,"62":0,"63":0,"64":0,"65":0,"66":0,"67":0,"68":0,"69":0,"70":0,"71":0,"72":0,"73":0,"74":0,"75":0,"76":0,"77":0,"78":0,"79":0,"80":0,"81":0,"82":0,"83":0,"84":0,"85":0,"86":0,"87":0,"88":0,"89":0,"90":0,"91":0,"92":0,"93":0,"94":0,"95":0,"96":0,"97":0,"98":0,"99":0,"100":0,"101":0,"102":0,"103":0,"104":0,"105":0,"106":0,"107":0,"108":0,"109":0,"110":0,"111":0,"112":0,"113":0,"114":0,"115":0,"116":0,"117":0,"118":0,"119":0,"120":0,"121":0,"122":0,"123":0,"124":0,"125":0,"126":0,"127":0,"128":0,"129":0,"130":0,"131":0,"132":0,"133":0,"134":0,"135":0,"136":0,"137":0,"138":0,"139":0,"140":0,"141":0,"142":0,"143":0,"144":0,"145":0,"146":0,"147":0,"148":0,"149":0,"150":0,"151":0,"152":0,"153":0,"154":0,"155":0,"156":0,"157":0,"158":0,"159":0},"f":{"0":0,"1":0,"2":0,"3":0,"4":0,"5":0,"6":0,"7":0,"8":0,"9":0,"10":0,"11":0,"12":0,"13":0,"14":0,"15":0,"16":0,"17":0,"18":0,"19":0,"20":0},"b":{"0":[0],"1":[0],"2":[0,0,0],"3":[0,0],"4":[0,0],"5":[0,0],"6":[0,0],"7":[0,0],"8":[0,0],"9":[0,0],"10":[0,0],"11":[0,0],"12":[0,0],"13":[0,0],"14":[0,0],"15":[0,0],"16":[0,0],"17":[0,0],"18":[0,0],"19":[0,0],"20":[0,0],"21":[0,0],"22":[0,0],"23":[0,0],"24":[0,0],"25":[0,0],"26":[0,0],"27":[0,0],"28":[0,0],"29":[0,0],"30":[0,0],"31":[0,0],"32":[0,0],"33":[0,0],"34":[0,0],"35":[0,0],"36":[0,0],"37":[0,0],"38":[0,0],"39":[0,0],"40":[0,0],"41":[0,0],"42":[0,0],"43":[0,0],"44":[0,0],"45":[0,0],"46":[0,0],"47":[0,0],"48":[0,0],"49":[0,0,0],"50":[0,0],"51":[0,0,0],"52":[0,0],"53":[0,0],"54":[0,0,0],"55":[0,0],"56":[0,0],"57":[0,0],"58":[0,0,0],"59":[0,0],"60":[0,0,0],"61":[0,0],"62":[0,0,0],"63":[0,0]}}
,"/Users/magedmorsy/Downloads/smash-app/src/components/tournament/GroupsPreviewModal.jsx": {"path":"/Users/magedmorsy/Downloads/smash-app/src/components/tournament/GroupsPreviewModal.jsx","statementMap":{"0":{"start":{"line":13,"column":17},"end":{"line":13,"column":36}},"1":{"start":{"line":14,"column":46},"end":{"line":14,"column":61}},"2":{"start":{"line":16,"column":27},"end":{"line":28,"column":3}},"3":{"start":{"line":17,"column":4},"end":{"line":17,"column":28}},"4":{"start":{"line":20,"column":4},"end":{"line":20,"column":60}},"5":{"start":{"line":20,"column":33},"end":{"line":20,"column":58}},"6":{"start":{"line":23,"column":4},"end":{"line":25,"column":5}},"7":{"start":{"line":24,"column":6},"end":{"line":24,"column":27}},"8":{"start":{"line":27,"column":4},"end":{"line":27,"column":29}},"9":{"start":{"line":30,"column":2},"end":{"line":30,"column":27}},"10":{"start":{"line":30,"column":15},"end":{"line":30,"column":27}},"11":{"start":{"line":32,"column":2},"end":{"line":117,"column":4}},"12":{"start":{"line":71,"column":14},"end":{"line":93,"column":21}},"13":{"start":{"line":75,"column":36},"end":{"line":75,"column":72}},"14":{"start":{"line":77,"column":22},"end":{"line":90,"column":29}},"15":{"start":{"line":120,"column":15},"end":{"line":209,"column":2}}},"fnMap":{"0":{"name":"GroupsPreviewModal","decl":{"start":{"line":12,"column":24},"end":{"line":12,"column":42}},"loc":{"start":{"line":12,"column":98},"end":{"line":118,"column":1}},"line":12},"1":{"name":"(anonymous_1)","decl":{"start":{"line":16,"column":27},"end":{"line":16,"column":28}},"loc":{"start":{"line":16,"column":39},"end":{"line":28,"column":3}},"line":16},"2":{"name":"(anonymous_2)","decl":{"start":{"line":20,"column":22},"end":{"line":20,"column":23}},"loc":{"start":{"line":20,"column":33},"end":{"line":20,"column":58}},"line":20},"3":{"name":"(anonymous_3)","decl":{"start":{"line":70,"column":24},"end":{"line":70,"column":25}},"loc":{"start":{"line":71,"column":14},"end":{"line":93,"column":21}},"line":71},"4":{"name":"(anonymous_4)","decl":{"start":{"line":75,"column":28},"end":{"line":75,"column":29}},"loc":{"start":{"line":75,"column":36},"end":{"line":75,"column":72}},"line":75},"5":{"name":"(anonymous_5)","decl":{"start":{"line":76,"column":25},"end":{"line":76,"column":26}},"loc":{"start":{"line":77,"column":22},"end":{"line":90,"column":29}},"line":77}},"branchMap":{"0":{"loc":{"start":{"line":23,"column":4},"end":{"line":25,"column":5}},"type":"if","locations":[{"start":{"line":23,"column":4},"end":{"line":25,"column":5}},{"start":{},"end":{}}],"line":23},"1":{"loc":{"start":{"line":30,"column":2},"end":{"line":30,"column":27}},"type":"if","locations":[{"start":{"line":30,"column":2},"end":{"line":30,"column":27}},{"start":{},"end":{}}],"line":30},"2":{"loc":{"start":{"line":55,"column":9},"end":{"line":96,"column":9}},"type":"cond-expr","locations":[{"start":{"line":56,"column":10},"end":{"line":59,"column":17}},{"start":{"line":61,"column":10},"end":{"line":95,"column":23}}],"line":55},"3":{"loc":{"start":{"line":75,"column":36},"end":{"line":75,"column":72}},"type":"binary-expr","locations":[{"start":{"line":75,"column":36},"end":{"line":75,"column":40}},{"start":{"line":75,"column":44},"end":{"line":75,"column":56}},{"start":{"line":75,"column":60},"end":{"line":75,"column":72}}],"line":75}},"s":{"0":0,"1":0,"2":0,"3":0,"4":0,"5":0,"6":0,"7":0,"8":0,"9":0,"10":0,"11":0,"12":0,"13":0,"14":0,"15":0},"f":{"0":0,"1":0,"2":0,"3":0,"4":0,"5":0},"b":{"0":[0,0],"1":[0,0],"2":[0,0],"3":[0,0,0]}}
,"/Users/magedmorsy/Downloads/smash-app/src/components/tournament/JoinTeamBottomSheet.jsx": {"path":"/Users/magedmorsy/Downloads/smash-app/src/components/tournament/JoinTeamBottomSheet.jsx","statementMap":{"0":{"start":{"line":19,"column":17},"end":{"line":19,"column":36}},"1":{"start":{"line":20,"column":23},"end":{"line":20,"column":54}},"2":{"start":{"line":23,"column":2},"end":{"line":23,"column":65}},"3":{"start":{"line":24,"column":2},"end":{"line":24,"column":78}},"4":{"start":{"line":25,"column":2},"end":{"line":25,"column":80}},"5":{"start":{"line":27,"column":2},"end":{"line":97,"column":4}},"6":{"start":{"line":100,"column":15},"end":{"line":161,"column":2}}},"fnMap":{"0":{"name":"JoinTeamBottomSheet","decl":{"start":{"line":12,"column":24},"end":{"line":12,"column":43}},"loc":{"start":{"line":18,"column":3},"end":{"line":98,"column":1}},"line":18}},"branchMap":{"0":{"loc":{"start":{"line":74,"column":20},"end":{"line":74,"column":54}},"type":"binary-expr","locations":[{"start":{"line":74,"column":20},"end":{"line":74,"column":44}},{"start":{"line":74,"column":48},"end":{"line":74,"column":54}}],"line":74}},"s":{"0":0,"1":0,"2":0,"3":0,"4":0,"5":0,"6":0},"f":{"0":0},"b":{"0":[0,0]}}
,"/Users/magedmorsy/Downloads/smash-app/src/components/tournament/RulesBottomSheet.jsx": {"path":"/Users/magedmorsy/Downloads/smash-app/src/components/tournament/RulesBottomSheet.jsx","statementMap":{"0":{"start":{"line":10,"column":25},"end":{"line":125,"column":2}},"1":{"start":{"line":11,"column":32},"end":{"line":11,"column":47}},"2":{"start":{"line":12,"column":28},"end":{"line":12,"column":56}},"3":{"start":{"line":13,"column":20},"end":{"line":13,"column":54}},"4":{"start":{"line":14,"column":23},"end":{"line":14,"column":54}},"5":{"start":{"line":16,"column":2},"end":{"line":18,"column":21}},"6":{"start":{"line":17,"column":4},"end":{"line":17,"column":33}},"7":{"start":{"line":20,"column":2},"end":{"line":35,"column":16}},"8":{"start":{"line":21,"column":4},"end":{"line":34,"column":5}},"9":{"start":{"line":22,"column":6},"end":{"line":27,"column":17}},"10":{"start":{"line":29,"column":6},"end":{"line":33,"column":17}},"11":{"start":{"line":37,"column":2},"end":{"line":47,"column":6}},"12":{"start":{"line":37,"column":34},"end":{"line":47,"column":3}},"13":{"start":{"line":39,"column":6},"end":{"line":39,"column":52}},"14":{"start":{"line":40,"column":6},"end":{"line":40,"column":35}},"15":{"start":{"line":41,"column":6},"end":{"line":41,"column":23}},"16":{"start":{"line":44,"column":6},"end":{"line":44,"column":53}},"17":{"start":{"line":45,"column":6},"end":{"line":45,"column":24}},"18":{"start":{"line":49,"column":22},"end":{"line":51,"column":3}},"19":{"start":{"line":50,"column":4},"end":{"line":50,"column":22}},"20":{"start":{"line":53,"column":21},"end":{"line":57,"column":3}},"21":{"start":{"line":54,"column":4},"end":{"line":54,"column":23}},"22":{"start":{"line":55,"column":4},"end":{"line":55,"column":18}},"23":{"start":{"line":56,"column":4},"end":{"line":56,"column":22}},"24":{"start":{"line":59,"column":30},"end":{"line":62,"column":3}},"25":{"start":{"line":60,"column":4},"end":{"line":60,"column":23}},"26":{"start":{"line":61,"column":4},"end":{"line":61,"column":18}},"27":{"start":{"line":64,"column":2},"end":{"line":64,"column":28}},"28":{"start":{"line":64,"column":16},"end":{"line":64,"column":28}},"29":{"start":{"line":66,"column":21},"end":{"line":69,"column":4}},"30":{"start":{"line":71,"column":2},"end":{"line":124,"column":4}},"31":{"start":{"line":127,"column":15},"end":{"line":185,"column":2}}},"fnMap":{"0":{"name":"(anonymous_0)","decl":{"start":{"line":10,"column":36},"end":{"line":10,"column":37}},"loc":{"start":{"line":10,"column":71},"end":{"line":125,"column":1}},"line":10},"1":{"name":"(anonymous_1)","decl":{"start":{"line":16,"column":12},"end":{"line":16,"column":13}},"loc":{"start":{"line":16,"column":18},"end":{"line":18,"column":3}},"line":16},"2":{"name":"(anonymous_2)","decl":{"start":{"line":20,"column":12},"end":{"line":20,"column":13}},"loc":{"start":{"line":20,"column":18},"end":{"line":35,"column":3}},"line":20},"3":{"name":"(anonymous_3)","decl":{"start":{"line":37,"column":27},"end":{"line":37,"column":28}},"loc":{"start":{"line":37,"column":34},"end":{"line":47,"column":3}},"line":37},"4":{"name":"(anonymous_4)","decl":{"start":{"line":38,"column":10},"end":{"line":38,"column":11}},"loc":{"start":{"line":38,"column":16},"end":{"line":42,"column":5}},"line":38},"5":{"name":"(anonymous_5)","decl":{"start":{"line":43,"column":11},"end":{"line":43,"column":12}},"loc":{"start":{"line":43,"column":17},"end":{"line":46,"column":5}},"line":43},"6":{"name":"(anonymous_6)","decl":{"start":{"line":49,"column":22},"end":{"line":49,"column":23}},"loc":{"start":{"line":49,"column":28},"end":{"line":51,"column":3}},"line":49},"7":{"name":"(anonymous_7)","decl":{"start":{"line":53,"column":21},"end":{"line":53,"column":22}},"loc":{"start":{"line":53,"column":27},"end":{"line":57,"column":3}},"line":53},"8":{"name":"(anonymous_8)","decl":{"start":{"line":59,"column":30},"end":{"line":59,"column":31}},"loc":{"start":{"line":59,"column":36},"end":{"line":62,"column":3}},"line":59}},"branchMap":{"0":{"loc":{"start":{"line":12,"column":37},"end":{"line":12,"column":55}},"type":"binary-expr","locations":[{"start":{"line":12,"column":37},"end":{"line":12,"column":49}},{"start":{"line":12,"column":53},"end":{"line":12,"column":55}}],"line":12},"1":{"loc":{"start":{"line":17,"column":13},"end":{"line":17,"column":31}},"type":"binary-expr","locations":[{"start":{"line":17,"column":13},"end":{"line":17,"column":25}},{"start":{"line":17,"column":29},"end":{"line":17,"column":31}}],"line":17},"2":{"loc":{"start":{"line":21,"column":4},"end":{"line":34,"column":5}},"type":"if","locations":[{"start":{"line":21,"column":4},"end":{"line":34,"column":5}},{"start":{"line":28,"column":11},"end":{"line":34,"column":5}}],"line":21},"3":{"loc":{"start":{"line":40,"column":15},"end":{"line":40,"column":33}},"type":"binary-expr","locations":[{"start":{"line":40,"column":15},"end":{"line":40,"column":27}},{"start":{"line":40,"column":31},"end":{"line":40,"column":33}}],"line":40},"4":{"loc":{"start":{"line":64,"column":2},"end":{"line":64,"column":28}},"type":"if","locations":[{"start":{"line":64,"column":2},"end":{"line":64,"column":28}},{"start":{},"end":{}}],"line":64}},"s":{"0":0,"1":0,"2":0,"3":0,"4":0,"5":0,"6":0,"7":0,"8":0,"9":0,"10":0,"11":0,"12":0,"13":0,"14":0,"15":0,"16":0,"17":0,"18":0,"19":0,"20":0,"21":0,"22":0,"23":0,"24":0,"25":0,"26":0,"27":0,"28":0,"29":0,"30":0,"31":0},"f":{"0":0,"1":0,"2":0,"3":0,"4":0,"5":0,"6":0,"7":0,"8":0},"b":{"0":[0,0],"1":[0,0],"2":[0,0],"3":[0,0],"4":[0,0]}}
,"/Users/magedmorsy/Downloads/smash-app/src/components/tournament/StartTournamentBottomSheet.jsx": {"path":"/Users/magedmorsy/Downloads/smash-app/src/components/tournament/StartTournamentBottomSheet.jsx","statementMap":{"0":{"start":{"line":21,"column":17},"end":{"line":21,"column":36}},"1":{"start":{"line":22,"column":38},"end":{"line":22,"column":57}},"2":{"start":{"line":25,"column":32},"end":{"line":61,"column":3}},"3":{"start":{"line":26,"column":4},"end":{"line":28,"column":5}},"4":{"start":{"line":27,"column":6},"end":{"line":27,"column":18}},"5":{"start":{"line":30,"column":19},"end":{"line":30,"column":49}},"6":{"start":{"line":31,"column":23},"end":{"line":31,"column":36}},"7":{"start":{"line":32,"column":23},"end":{"line":32,"column":40}},"8":{"start":{"line":35,"column":26},"end":{"line":35,"column":56}},"9":{"start":{"line":38,"column":23},"end":{"line":38,"column":58}},"10":{"start":{"line":39,"column":28},"end":{"line":39,"column":29}},"11":{"start":{"line":40,"column":25},"end":{"line":40,"column":53}},"12":{"start":{"line":43,"column":28},"end":{"line":43,"column":64}},"13":{"start":{"line":44,"column":25},"end":{"line":44,"column":56}},"14":{"start":{"line":45,"column":18},"end":{"line":45,"column":47}},"15":{"start":{"line":46,"column":20},"end":{"line":46,"column":37}},"16":{"start":{"line":47,"column":31},"end":{"line":47,"column":84}},"17":{"start":{"line":50,"column":22},"end":{"line":50,"column":47}},"18":{"start":{"line":52,"column":4},"end":{"line":60,"column":6}},"19":{"start":{"line":63,"column":23},"end":{"line":63,"column":46}},"20":{"start":{"line":65,"column":31},"end":{"line":74,"column":3}},"21":{"start":{"line":66,"column":4},"end":{"line":66,"column":29}},"22":{"start":{"line":69,"column":4},"end":{"line":71,"column":5}},"23":{"start":{"line":70,"column":6},"end":{"line":70,"column":31}},"24":{"start":{"line":73,"column":4},"end":{"line":73,"column":28}},"25":{"start":{"line":76,"column":27},"end":{"line":85,"column":3}},"26":{"start":{"line":77,"column":4},"end":{"line":77,"column":29}},"27":{"start":{"line":80,"column":4},"end":{"line":82,"column":5}},"28":{"start":{"line":81,"column":6},"end":{"line":81,"column":31}},"29":{"start":{"line":84,"column":4},"end":{"line":84,"column":28}},"30":{"start":{"line":87,"column":32},"end":{"line":93,"column":3}},"31":{"start":{"line":88,"column":4},"end":{"line":90,"column":5}},"32":{"start":{"line":89,"column":6},"end":{"line":89,"column":18}},"33":{"start":{"line":91,"column":4},"end":{"line":91,"column":29}},"34":{"start":{"line":92,"column":4},"end":{"line":92,"column":14}},"35":{"start":{"line":95,"column":22},"end":{"line":98,"column":3}},"36":{"start":{"line":96,"column":4},"end":{"line":96,"column":29}},"37":{"start":{"line":97,"column":4},"end":{"line":97,"column":14}},"38":{"start":{"line":100,"column":2},"end":{"line":257,"column":4}},"39":{"start":{"line":200,"column":14},"end":{"line":222,"column":21}},"40":{"start":{"line":204,"column":36},"end":{"line":204,"column":72}},"41":{"start":{"line":206,"column":22},"end":{"line":219,"column":29}},"42":{"start":{"line":260,"column":15},"end":{"line":398,"column":2}}},"fnMap":{"0":{"name":"StartTournamentBottomSheet","decl":{"start":{"line":13,"column":24},"end":{"line":13,"column":50}},"loc":{"start":{"line":20,"column":3},"end":{"line":258,"column":1}},"line":20},"1":{"name":"(anonymous_1)","decl":{"start":{"line":25,"column":32},"end":{"line":25,"column":33}},"loc":{"start":{"line":25,"column":38},"end":{"line":61,"column":3}},"line":25},"2":{"name":"(anonymous_2)","decl":{"start":{"line":65,"column":31},"end":{"line":65,"column":32}},"loc":{"start":{"line":65,"column":43},"end":{"line":74,"column":3}},"line":65},"3":{"name":"(anonymous_3)","decl":{"start":{"line":76,"column":27},"end":{"line":76,"column":28}},"loc":{"start":{"line":76,"column":39},"end":{"line":85,"column":3}},"line":76},"4":{"name":"(anonymous_4)","decl":{"start":{"line":87,"column":32},"end":{"line":87,"column":33}},"loc":{"start":{"line":87,"column":38},"end":{"line":93,"column":3}},"line":87},"5":{"name":"(anonymous_5)","decl":{"start":{"line":95,"column":22},"end":{"line":95,"column":23}},"loc":{"start":{"line":95,"column":28},"end":{"line":98,"column":3}},"line":95},"6":{"name":"(anonymous_6)","decl":{"start":{"line":199,"column":33},"end":{"line":199,"column":34}},"loc":{"start":{"line":200,"column":14},"end":{"line":222,"column":21}},"line":200},"7":{"name":"(anonymous_7)","decl":{"start":{"line":204,"column":28},"end":{"line":204,"column":29}},"loc":{"start":{"line":204,"column":36},"end":{"line":204,"column":72}},"line":204},"8":{"name":"(anonymous_8)","decl":{"start":{"line":205,"column":25},"end":{"line":205,"column":26}},"loc":{"start":{"line":206,"column":22},"end":{"line":219,"column":29}},"line":206}},"branchMap":{"0":{"loc":{"start":{"line":17,"column":2},"end":{"line":17,"column":17}},"type":"default-arg","locations":[{"start":{"line":17,"column":15},"end":{"line":17,"column":17}}],"line":17},"1":{"loc":{"start":{"line":19,"column":2},"end":{"line":19,"column":24}},"type":"default-arg","locations":[{"start":{"line":19,"column":20},"end":{"line":19,"column":24}}],"line":19},"2":{"loc":{"start":{"line":26,"column":4},"end":{"line":28,"column":5}},"type":"if","locations":[{"start":{"line":26,"column":4},"end":{"line":28,"column":5}},{"start":{},"end":{}}],"line":26},"3":{"loc":{"start":{"line":26,"column":8},"end":{"line":26,"column":51}},"type":"binary-expr","locations":[{"start":{"line":26,"column":8},"end":{"line":26,"column":29}},{"start":{"line":26,"column":33},"end":{"line":26,"column":51}}],"line":26},"4":{"loc":{"start":{"line":35,"column":26},"end":{"line":35,"column":56}},"type":"binary-expr","locations":[{"start":{"line":35,"column":26},"end":{"line":35,"column":50}},{"start":{"line":35,"column":54},"end":{"line":35,"column":56}}],"line":35},"5":{"loc":{"start":{"line":47,"column":31},"end":{"line":47,"column":84}},"type":"cond-expr","locations":[{"start":{"line":47,"column":45},"end":{"line":47,"column":70}},{"start":{"line":47,"column":73},"end":{"line":47,"column":84}}],"line":47},"6":{"loc":{"start":{"line":69,"column":4},"end":{"line":71,"column":5}},"type":"if","locations":[{"start":{"line":69,"column":4},"end":{"line":71,"column":5}},{"start":{},"end":{}}],"line":69},"7":{"loc":{"start":{"line":80,"column":4},"end":{"line":82,"column":5}},"type":"if","locations":[{"start":{"line":80,"column":4},"end":{"line":82,"column":5}},{"start":{},"end":{}}],"line":80},"8":{"loc":{"start":{"line":88,"column":4},"end":{"line":90,"column":5}},"type":"if","locations":[{"start":{"line":88,"column":4},"end":{"line":90,"column":5}},{"start":{},"end":{}}],"line":88},"9":{"loc":{"start":{"line":123,"column":9},"end":{"line":178,"column":9}},"type":"binary-expr","locations":[{"start":{"line":123,"column":9},"end":{"line":123,"column":33}},{"start":{"line":123,"column":37},"end":{"line":123,"column":49}},{"start":{"line":124,"column":10},"end":{"line":177,"column":23}}],"line":123},"10":{"loc":{"start":{"line":165,"column":13},"end":{"line":171,"column":13}},"type":"binary-expr","locations":[{"start":{"line":165,"column":13},"end":{"line":165,"column":35}},{"start":{"line":166,"column":14},"end":{"line":170,"column":21}}],"line":165},"11":{"loc":{"start":{"line":181,"column":9},"end":{"line":186,"column":9}},"type":"binary-expr","locations":[{"start":{"line":181,"column":9},"end":{"line":181,"column":33}},{"start":{"line":182,"column":10},"end":{"line":185,"column":17}}],"line":181},"12":{"loc":{"start":{"line":189,"column":9},"end":{"line":225,"column":9}},"type":"binary-expr","locations":[{"start":{"line":189,"column":9},"end":{"line":189,"column":32}},{"start":{"line":189,"column":36},"end":{"line":189,"column":51}},{"start":{"line":190,"column":10},"end":{"line":224,"column":23}}],"line":189},"13":{"loc":{"start":{"line":204,"column":36},"end":{"line":204,"column":72}},"type":"binary-expr","locations":[{"start":{"line":204,"column":36},"end":{"line":204,"column":40}},{"start":{"line":204,"column":44},"end":{"line":204,"column":56}},{"st
[...]
":43,"column":36},"end":{"line":70,"column":3}},"line":43},"2":{"name":"getSchedulingSummary","decl":{"start":{"line":84,"column":16},"end":{"line":84,"column":36}},"loc":{"start":{"line":89,"column":2},"end":{"line":103,"column":1}},"line":89},"3":{"name":"parseCourts","decl":{"start":{"line":117,"column":16},"end":{"line":117,"column":27}},"loc":{"start":{"line":117,"column":41},"end":{"line":152,"column":1}},"line":117},"4":{"name":"(anonymous_4)","decl":{"start":{"line":137,"column":37},"end":{"line":137,"column":38}},"loc":{"start":{"line":137,"column":45},"end":{"line":137,"column":56}},"line":137},"5":{"name":"(anonymous_5)","decl":{"start":{"line":137,"column":65},"end":{"line":137,"column":66}},"loc":{"start":{"line":137,"column":73},"end":{"line":137,"column":88}},"line":137},"6":{"name":"(anonymous_6)","decl":{"start":{"line":140,"column":19},"end":{"line":140,"column":20}},"loc":{"start":{"line":140,"column":27},"end":{"line":151,"column":3}},"line":140},"7":{"name":"groupMatchesByTimeSlot","decl":{"start":{"line":164,"column":16},"end":{"line":164,"column":38}},"loc":{"start":{"line":164,"column":57},"end":{"line":176,"column":1}},"line":164},"8":{"name":"(anonymous_8)","decl":{"start":{"line":167,"column":27},"end":{"line":167,"column":28}},"loc":{"start":{"line":167,"column":36},"end":{"line":173,"column":3}},"line":167},"9":{"name":"needsScheduling","decl":{"start":{"line":185,"column":16},"end":{"line":185,"column":31}},"loc":{"start":{"line":185,"column":56},"end":{"line":187,"column":1}},"line":185},"10":{"name":"formatTimeSlot","decl":{"start":{"line":200,"column":16},"end":{"line":200,"column":30}},"loc":{"start":{"line":200,"column":57},"end":{"line":210,"column":1}},"line":200},"11":{"name":"validateCourts","decl":{"start":{"line":219,"column":16},"end":{"line":219,"column":30}},"loc":{"start":{"line":219,"column":50},"end":{"line":245,"column":1}},"line":219}},"branchMap":{"0":{"loc":{"start":{"line":27,"column":2},"end":{"line":27,"column":20}},"type":"default-arg","locations":[{"start":{"line":27,"column":18},"end":{"line":27,"column":20}}],"line":27},"1":{"loc":{"start":{"line":28,"column":2},"end":{"line":28,"column":17}},"type":"default-arg","locations":[{"start":{"line":28,"column":15},"end":{"line":28,"column":17}}],"line":28},"2":{"loc":{"start":{"line":30,"column":2},"end":{"line":32,"column":3}},"type":"if","locations":[{"start":{"line":30,"column":2},"end":{"line":32,"column":3}},{"start":{},"end":{}}],"line":30},"3":{"loc":{"start":{"line":30,"column":6},"end":{"line":30,"column":38}},"type":"binary-expr","locations":[{"start":{"line":30,"column":6},"end":{"line":30,"column":14}},{"start":{"line":30,"column":18},"end":{"line":30,"column":38}}],"line":30},"4":{"loc":{"start":{"line":34,"column":2},"end":{"line":36,"column":3}},"type":"if","locations":[{"start":{"line":34,"column":2},"end":{"line":36,"column":3}},{"start":{},"end":{}}],"line":34},"5":{"loc":{"start":{"line":34,"column":6},"end":{"line":34,"column":36}},"type":"binary-expr","locations":[{"start":{"line":34,"column":6},"end":{"line":34,"column":13}},{"start":{"line":34,"column":17},"end":{"line":34,"column":36}}],"line":34},"6":{"loc":{"start":{"line":49,"column":4},"end":{"line":51,"column":5}},"type":"if","locations":[{"start":{"line":49,"column":4},"end":{"line":51,"column":5}},{"start":{},"end":{}}],"line":49},"7":{"loc":{"start":{"line":49,"column":8},"end":{"line":49,"column":48}},"type":"binary-expr","locations":[{"start":{"line":49,"column":8},"end":{"line":49,"column":17}},{"start":{"line":49,"column":21},"end":{"line":49,"column":48}}],"line":49},"8":{"loc":{"start":{"line":87,"column":2},"end":{"line":87,"column":20}},"type":"default-arg","locations":[{"start":{"line":87,"column":18},"end":{"line":87,"column":20}}],"line":87},"9":{"loc":{"start":{"line":88,"column":2},"end":{"line":88,"column":17}},"type":"default-arg","locations":[{"start":{"line":88,"column":15},"end":{"line":88,"column":17}}],"line":88},"10":{"loc":{"start":{"line":118,"column":2},"end":{"line":120,"column":3}},"type":"if","locations":[{"start":{"line":118,"column":2},"end":{"line":120,"column":3}},{"start":{},"end":{}}],"line":118},"11":{"loc":{"start":{"line":118,"column":6},"end":{"line":118,"column":53}},"type":"binary-expr","locations":[{"start":{"line":118,"column":6},"end":{"line":118,"column":18}},{"start":{"line":118,"column":22},"end":{"line":118,"column":53}}],"line":118},"12":{"loc":{"start":{"line":126,"column":2},"end":{"line":134,"column":3}},"type":"if","locations":[{"start":{"line":126,"column":2},"end":{"line":134,"column":3}},{"start":{},"end":{}}],"line":126},"13":{"loc":{"start":{"line":142,"column":4},"end":{"line":144,"column":5}},"type":"if","locations":[{"start":{"line":142,"column":4},"end":{"line":144,"column":5}},{"start":{},"end":{}}],"line":142},"14":{"loc":{"start":{"line":146,"column":4},"end":{"line":148,"column":5}},"type":"if","locations":[{"start":{"line":146,"column":4},"end":{"line":148,"column":5}},{"start":{},"end":{}}],"line":146},"15":{"loc":{"start":{"line":168,"column":17},"end":{"line":168,"column":36}},"type":"binary-expr","locations":[{"start":{"line":168,"column":17},"end":{"line":168,"column":31}},{"start":{"line":168,"column":35},"end":{"line":168,"column":36}}],"line":168},"16":{"loc":{"start":{"line":169,"column":4},"end":{"line":171,"column":5}},"type":"if","locations":[{"start":{"line":169,"column":4},"end":{"line":171,"column":5}},{"start":{},"end":{}}],"line":169},"17":{"loc":{"start":{"line":200,"column":42},"end":{"line":200,"column":55}},"type":"default-arg","locations":[{"start":{"line":200,"column":53},"end":{"line":200,"column":55}}],"line":200},"18":{"loc":{"start":{"line":201,"column":2},"end":{"line":201,"column":28}},"type":"if","locations":[{"start":{"line":201,"column":2},"end":{"line":201,"column":28}},{"start":{},"end":{}}],"line":201},"19":{"loc":{"start":{"line":222,"column":2},"end":{"line":227,"column":3}},"type":"if","locations":[{"start":{"line":222,"column":2},"end":{"line":227,"column":3}},{"start":{},"end":{}}],"line":222},"20":{"loc":{"start":{"line":229,"column":2},"end":{"line":235,"column":3}},"type":"if","locations":[{"start":{"line":229,"column":2},"end":{"line":235,"column":3}},{"start":{},"end":{}}],"line":229}},"s":{"0":0,"1":0,"2":0,"3":0,"4":0,"5":0,"6":0,"7":0,"8":0,"9":0,"10":0,"11":0,"12":0,"13":0,"14":0,"15":0,"16":0,"17":0,"18":0,"19":0,"20":0,"21":0,"22":0,"23":0,"24":0,"25":0,"26":0,"27":0,"28":0,"29":0,"30":0,"31":0,"32":0,"33":0,"34":0,"35":0,"36":0,"37":0,"38":0,"39":0,"40":0,"41":0,"42":0,"43":0,"44":0,"45":0,"46":0,"47":0,"48":0,"49":0,"50":0,"51":0,"52":0,"53":0,"54":0,"55":0,"56":0,"57":0,"58":0,"59":0,"60":0,"61":0,"62":0,"63":0,"64":0,"65":0,"66":0},"f":{"0":0,"1":0,"2":0,"3":0,"4":0,"5":0,"6":0,"7":0,"8":0,"9":0,"10":0,"11":0},"b":{"0":[0],"1":[0],"2":[0,0],"3":[0,0],"4":[0,0],"5":[0,0],"6":[0,0],"7":[0,0],"8":[0],"9":[0],"10":[0,0],"11":[0,0],"12":[0,0],"13":[0,0],"14":[0,0],"15":[0,0],"16":[0,0],"17":[0],"18":[0,0],"19":[0,0],"20":[0,0]}}
,"/Users/magedmorsy/Downloads/smash-app/src/utils/dateFormatter.js": {"path":"/Users/magedmorsy/Downloads/smash-app/src/utils/dateFormatter.js","statementMap":{"0":{"start":{"line":20,"column":2},"end":{"line":20,"column":26}},"1":{"start":{"line":20,"column":13},"end":{"line":20,"column":26}},"2":{"start":{"line":25,"column":2},"end":{"line":36,"column":3}},"3":{"start":{"line":26,"column":4},"end":{"line":26,"column":19}},"4":{"start":{"line":27,"column":9},"end":{"line":36,"column":3}},"5":{"start":{"line":29,"column":4},"end":{"line":31,"column":5}},"6":{"start":{"line":30,"column":6},"end":{"line":30,"column":18}},"7":{"start":{"line":33,"column":4},"end":{"line":33,"column":29}},"8":{"start":{"line":35,"column":4},"end":{"line":35,"column":26}},"9":{"start":{"line":39,"column":2},"end":{"line":41,"column":3}},"10":{"start":{"line":40,"column":4},"end":{"line":40,"column":26}},"11":{"start":{"line":44,"column":22},"end":{"line":44,"column":72}},"12":{"start":{"line":45,"column":24},"end":{"line":45,"column":72}},"13":{"start":{"line":48,"column":22},"end":{"line":48,"column":74}},"14":{"start":{"line":49,"column":24},"end":{"line":49,"column":72}},"15":{"start":{"line":51,"column":2},"end":{"line":51,"column":47}},"16":{"start":{"line":61,"column":2},"end":{"line":61,"column":26}},"17":{"start":{"line":61,"column":13},"end":{"line":61,"column":26}},"18":{"start":{"line":64,"column":2},"end":{"line":68,"column":3}},"19":{"start":{"line":65,"column":4},"end":{"line":65,"column":19}},"20":{"start":{"line":67,"column":4},"end":{"line":67,"column":29}},"21":{"start":{"line":70,"column":2},"end":{"line":72,"column":3}},"22":{"start":{"line":71,"column":4},"end":{"line":71,"column":26}},"23":{"start":{"line":74,"column":18},"end":{"line":74,"column":68}},"24":{"start":{"line":75,"column":2},"end":{"line":75,"column":54}},"25":{"start":{"line":85,"column":2},"end":{"line":85,"column":26}},"26":{"start":{"line":85,"column":13},"end":{"line":85,"column":26}},"27":{"start":{"line":88,"column":2},"end":{"line":92,"column":3}},"28":{"start":{"line":89,"column":4},"end":{"line":89,"column":19}},"29":{"start":{"line":91,"column":4},"end":{"line":91,"column":29}},"30":{"start":{"line":94,"column":2},"end":{"line":96,"column":3}},"31":{"start":{"line":95,"column":4},"end":{"line":95,"column":26}},"32":{"start":{"line":98,"column":18},"end":{"line":98,"column":70}},"33":{"start":{"line":99,"column":2},"end":{"line":99,"column":54}},"34":{"start":{"line":109,"column":2},"end":{"line":109,"column":26}},"35":{"start":{"line":109,"column":13},"end":{"line":109,"column":26}},"36":{"start":{"line":112,"column":2},"end":{"line":116,"column":3}},"37":{"start":{"line":113,"column":4},"end":{"line":113,"column":19}},"38":{"start":{"line":115,"column":4},"end":{"line":115,"column":29}},"39":{"start":{"line":118,"column":2},"end":{"line":120,"column":3}},"40":{"start":{"line":119,"column":4},"end":{"line":119,"column":26}},"41":{"start":{"line":122,"column":18},"end":{"line":122,"column":70}},"42":{"start":{"line":123,"column":2},"end":{"line":123,"column":54}},"43":{"start":{"line":133,"column":2},"end":{"line":133,"column":26}},"44":{"start":{"line":133,"column":13},"end":{"line":133,"column":26}},"45":{"start":{"line":136,"column":2},"end":{"line":140,"column":3}},"46":{"start":{"line":137,"column":4},"end":{"line":137,"column":19}},"47":{"start":{"line":139,"column":4},"end":{"line":139,"column":29}},"48":{"start":{"line":142,"column":2},"end":{"line":144,"column":3}},"49":{"start":{"line":143,"column":4},"end":{"line":143,"column":17}},"50":{"start":{"line":146,"column":2},"end":{"line":146,"column":30}},"51":{"start":{"line":156,"column":2},"end":{"line":156,"column":23}},"52":{"start":{"line":156,"column":13},"end":{"line":156,"column":23}},"53":{"start":{"line":159,"column":2},"end":{"line":163,"column":3}},"54":{"start":{"line":160,"column":4},"end":{"line":160,"column":19}},"55":{"start":{"line":162,"column":4},"end":{"line":162,"column":29}},"56":{"start":{"line":165,"column":2},"end":{"line":167,"column":3}},"57":{"start":{"line":166,"column":4},"end":{"line":166,"column":14}},"58":{"start":{"line":169,"column":14},"end":{"line":169,"column":24}},"59":{"start":{"line":170,"column":17},"end":{"line":170,"column":30}},"60":{"start":{"line":171,"column":19},"end":{"line":171,"column":61}},"61":{"start":{"line":173,"column":2},"end":{"line":173,"column":37}},"62":{"start":{"line":173,"column":22},"end":{"line":173,"column":37}},"63":{"start":{"line":174,"column":2},"end":{"line":174,"column":40}},"64":{"start":{"line":174,"column":22},"end":{"line":174,"column":40}},"65":{"start":{"line":175,"column":2},"end":{"line":175,"column":42}},"66":{"start":{"line":175,"column":23},"end":{"line":175,"column":42}},"67":{"start":{"line":176,"column":2},"end":{"line":176,"column":65}},"68":{"start":{"line":176,"column":36},"end":{"line":176,"column":65}},"69":{"start":{"line":177,"column":2},"end":{"line":177,"column":78}},"70":{"start":{"line":177,"column":38},"end":{"line":177,"column":78}},"71":{"start":{"line":179,"column":2},"end":{"line":179,"column":34}}},"fnMap":{"0":{"name":"formatDateTime","decl":{"start":{"line":19,"column":16},"end":{"line":19,"column":30}},"loc":{"start":{"line":19,"column":37},"end":{"line":52,"column":1}},"line":19},"1":{"name":"formatDate","decl":{"start":{"line":60,"column":16},"end":{"line":60,"column":26}},"loc":{"start":{"line":60,"column":33},"end":{"line":76,"column":1}},"line":60},"2":{"name":"formatTime","decl":{"start":{"line":84,"column":16},"end":{"line":84,"column":26}},"loc":{"start":{"line":84,"column":33},"end":{"line":100,"column":1}},"line":84},"3":{"name":"formatShortDate","decl":{"start":{"line":108,"column":16},"end":{"line":108,"column":31}},"loc":{"start":{"line":108,"column":38},"end":{"line":124,"column":1}},"line":108},"4":{"name":"isPastDate","decl":{"start":{"line":132,"column":16},"end":{"line":132,"column":26}},"loc":{"start":{"line":132,"column":33},"end":{"line":147,"column":1}},"line":132},"5":{"name":"getRelativeTime","decl":{"start":{"line":155,"column":16},"end":{"line":155,"column":31}},"loc":{"start":{"line":155,"column":38},"end":{"line":180,"column":1}},"line":155}},"branchMap":{"0":{"loc":{"start":{"line":20,"column":2},"end":{"line":20,"column":26}},"type":"if","locations":[{"start":{"line":20,"column":2},"end":{"line":20,"column":26}},{"start":{},"end":{}}],"line":20},"1":{"loc":{"start":{"line":25,"column":2},"end":{"line":36,"column":3}},"type":"if","locations":[{"start":{"line":25,"column":2},"end":{"line":36,"column":3}},{"start":{"line":27,"column":9},"end":{"line":36,"column":3}}],"line":25},"2":{"loc":{"start":{"line":27,"column":9},"end":{"line":36,"column":3}},"type":"if","locations":[{"start":{"line":27,"column":9},"end":{"line":36,"column":3}},{"start":{"line":34,"column":9},"end":{"line":36,"column":3}}],"line":27},"3":{"loc":{"start":{"line":29,"column":4},"end":{"line":31,"column":5}},"type":"if","locations":[{"start":{"line":29,"column":4},"end":{"line":31,"column":5}},{"start":{},"end":{}}],"line":29},"4":{"loc":{"start":{"line":39,"column":2},"end":{"line":41,"column":3}},"type":"if","locations":[{"start":{"line":39,"column":2},"end":{"line":41,"column":3}},{"start":{},"end":{}}],"line":39},"5":{"loc":{"start":{"line":61,"column":2},"end":{"line":61,"column":26}},"type":"if","locations":[{"start":{"line":61,"column":2},"end":{"line":61,"column":26}},{"start":{},"end":{}}],"line":61},"6":{"loc":{"start":{"line":64,"column":2},"end":{"line":68,"column":3}},"type":"if","locations":[{"start":{"line":64,"column":2},"end":{"line":68,"column":3}},{"start":{"line":66,"column":9},"end":{"line":68,"column":3}}],"line":64},"7":{"loc":{"start":{"line":70,"column":2},"end":{"line":72,"column":3}},"type":"if","locations":[{"start":{"line":70,"column":2},"end":{"line":72,"column":3}},{"start":{},"end":{}}],"line":70},"8":{"loc":{"start":{"line":85,"column":2},"end":{"line":85,"column":26}},"type":"if","locations":[{"start":{"line":85,"column":2},"end":{"line":85,"column":26}},{"start":{},"end":{}}],"line":85},"9":{"loc":{"start":{"line":88,"column":2},"end":{"line":92,"column":3}},"type":"if","locations":[{"start":{"line":88,"column":2},"end":{"line":92,"column":3}},{"start":{"line":90,"column":9},"end":{"line":92,"column":3}}],"line":88},"10":{"loc":{"start":{"line":94,"column":2},"end":{"line":96,"column":3}},"type":"if","locations":[{"start":{"line":94,"column":2},"end":{"line":96,"column":3}},{"start":{},"end":{}}],"line":94},"11":{"loc":{"start":{"line":109,"column":2},"end":{"line":109,"column":26}},"type":"if","locations":[{"start":{"line":109,"column":2},"end":{"line":109,"column":26}},{"start":{},"end":{}}],"line":109},"12":{"loc":{"start":{"line":112,"column":2},"end":{"line":116,"column":3}},"type":"if","locations":[{"start":{"line":112,"column":2},"end":{"line":116,"column":3}},{"start":{"line":114,"column":9},"end":{"line":116,"column":3}}],"line":112},"13":{"loc":{"start":{"line":118,"column":2},"end":{"line":120,"column":3}},"type":"if","locations":[{"start":{"line":118,"column":2},"end":{"line":120,"column":3}},{"start":{},"end":{}}],"line":118},"14":{"loc":{"start":{"line":133,"column":2},"end":{"line":133,"column":26}},"type":"if","locations":[{"start":{"line":133,"column":2},"end":{"line":133,"column":26}},{"start":{},"end":{}}],"line":133},"15":{"loc":{"start":{"line":136,"column":2},"end":{"line":140,"column":3}},"type":"if","locations":[{"start":{"line":136,"column":2},"end":{"line":140,"column":3}},{"start":{"line":138,"column":9},"end":{"line":140,"column":3}}],"line":136},"16":{"loc":{"start":{"line":142,"column":2},"end":{"line":144,"column":3}},"type":"if","locations":[{"start":{"line":142,"column":2},"end":{"line":144,"column":3}},{"start":{},"end":{}}],"line":142},"17":{"loc":{"start":{"line":156,"column":2},"end":{"line":156,"column":23}},"type":"if","locations":[{"start":{"line":156,"column":2},"end":{"line":156,"column":23}},{"start":{},"end":{}}],"line":156},"18":{"loc":{"start":{"line":159,"column":2},"end":{"line":163,"column":3}},"type":"if","locations":[{"start":{"line":159,"column":2},"end":{"line":163,"column":3}},{"start":{"line":161,"column":9},"end":{"line":163,"column":3}}],"line":159},"19":{"loc":{"start":{"line":165,"column":2},"end":{"line":167,"column":3}},"type":"if","locations":[{"start":{"line":165,"column":2},"end":{"line":167,"column":3}},{"start":{},"end":{}}],"line":165},"20":{"loc":{"start":{"line":173,"column":2},"end":{"line":173,"column":37}},"type":"if","locations":[{"start":{"line":173,"column":2},"end":{"line":173,"column":37}},{"start":{},"end":{}}],"line":173},"21":{"loc":{"start":{"line":174,"column":2},"end":{"line":174,"column":40}},"type":"if","locations":[{"start":{"line":174,"column":2},"end":{"line":174,"column":40}},{"start":{},"end":{}}],"line":174},"22":{"loc":{"start":{"line":175,"column":2},"end":{"line":175,"column":42}},"type":"if","locations":[{"start":{"line":175,"column":2},"end":{"line":175,"column":42}},{"start":{},"end":{}}],"line":175},"23":{"loc":{"start":{"line":176,"column":2},"end":{"line":176,"column":65}},"type":"if","locations":[{"start":{"line":176,"column":2},"end":{"line":176,"column":65}},{"start":{},"end":{}}],"line":176},"24":{"loc":{"start":{"line":176,"column":6},"end":{"line":176,"column":34}},"type":"binary-expr","locations":[{"start":{"line":176,"column":6},"end":{"line":176,"column":18}},{"start":{"line":176,"column":22},"end":{"line":176,"column":34}}],"line":176},"25":{"loc":{"start":{"line":177,"column":2},"end":{"line":177,"column":78}},"type":"if","locations":[{"start":{"line":177,"column":2},"end":{"line":177,"column":78}},{"start":{},"end":{}}],"line":177},"26":{"loc":{"start":{"line":177,"column":6},"end":{"line":177,"column":36}},"type":"binary-expr","locations":[{"start":{"line":177,"column":6},"end":{"line":177,"column":19}},{"start":{"line":177,"column":23},"end":{"line":177,"column":36}}],"line":177}},"s":{"0":7,"1":2,"2":5,"3":1,"4":4,"5":3,"6":1,"7":2,"8":1,"9":3,"10":1,"11":2,"12":2,"13":2,"14":2,"15":2,"16":0,"17":0,"18":0,"19":0,"20":0,"21":0,"22":0,"23":0,"24":0,"25":0,"26":0,"27":0,"28":0,"29":0,"30":0,"31":0,"32":0,"33":0,"34":0,"35":0,"36":0,"37":0,"38":0,"39":0,"40":0,"41":0,"42":0,"43":0,"44":0,"45":0,"46":0,"47":0,"48":0,"49":0,"50":0,"51":0,"52":0,"53":0,"54":0,"55":0,"56":0,"57":0,"58":0,"59":0,"60":0,"61":0,"62":0,"63":0,"64":0,"65":0,"66":0,"67":0,"68":0,"69":0,"70":0,"71":0},"f":{"0":7,"1":0,"2":0,"3":0,"4":0,"5":0},"b":{"0":[2,5],"1":[1,4],"2":[3,1],"3":[1,2],"4":[1,2],"5":[0,0],"6":[0,0],"7":[0,0],"8":[0,0],"9":[0,0],"10":[0,0],"11":[0,0],"12":[0,0],"13":[0,0],"14":[0,0],"15":[0,0],"16":[0,0],"17":[0,0],"18":[0,0],"19":[0,0],"20":[0,0],"21":[0,0],"22":[0,0],"23":[0,0],"24":[0,0],"25":[0,0],"26":[0,0]},"_coverageSchema":"1a1c01bbd47fc00a2c39e90264f33305004495a9","hash":"aa4a1b965f4ea5220fbc1d7592542047e29000ec"}
}
