{"/Users/magedmorsy/Downloads/smash-app/src/components/match/MatchCard.jsx": {"path":"/Users/magedmorsy/Downloads/smash-app/src/components/match/MatchCard.jsx","statementMap":{"0":{"start":{"line":38,"column":2},"end":{"line":40,"column":3}},"1":{"start":{"line":39,"column":4},"end":{"line":39,"column":16}},"2":{"start":{"line":43,"column":28},"end":{"line":43,"column":52}},"3":{"start":{"line":46,"column":20},"end":{"line":46,"column":88}},"4":{"start":{"line":49,"column":20},"end":{"line":49,"column":57}},"5":{"start":{"line":52,"column":2},"end":{"line":63,"column":23}},"6":{"start":{"line":53,"column":4},"end":{"line":62,"column":5}},"7":{"start":{"line":54,"column":20},"end":{"line":54,"column":39}},"8":{"start":{"line":56,"column":6},"end":{"line":61,"column":17}},"9":{"start":{"line":65,"column":24},"end":{"line":73,"column":3}},"10":{"start":{"line":66,"column":4},"end":{"line":66,"column":59}},"11":{"start":{"line":67,"column":4},"end":{"line":72,"column":15}},"12":{"start":{"line":75,"column":25},"end":{"line":82,"column":3}},"13":{"start":{"line":76,"column":4},"end":{"line":81,"column":15}},"14":{"start":{"line":84,"column":22},"end":{"line":170,"column":3}},"15":{"start":{"line":85,"column":4},"end":{"line":169,"column":7}},"16":{"start":{"line":100,"column":14},"end":{"line":103,"column":31}},"17":{"start":{"line":172,"column":2},"end":{"line":202,"column":4}},"18":{"start":{"line":205,"column":15},"end":{"line":268,"column":2}}},"fnMap":{"0":{"name":"MatchCard","decl":{"start":{"line":17,"column":24},"end":{"line":17,"column":33}},"loc":{"start":{"line":36,"column":3},"end":{"line":203,"column":1}},"line":36},"1":{"name":"(anonymous_1)","decl":{"start":{"line":52,"column":12},"end":{"line":52,"column":13}},"loc":{"start":{"line":52,"column":18},"end":{"line":63,"column":3}},"line":52},"2":{"name":"(anonymous_2)","decl":{"start":{"line":65,"column":24},"end":{"line":65,"column":25}},"loc":{"start":{"line":65,"column":30},"end":{"line":73,"column":3}},"line":65},"3":{"name":"(anonymous_3)","decl":{"start":{"line":75,"column":25},"end":{"line":75,"column":26}},"loc":{"start":{"line":75,"column":31},"end":{"line":82,"column":3}},"line":75},"4":{"name":"(anonymous_4)","decl":{"start":{"line":84,"column":22},"end":{"line":84,"column":23}},"loc":{"start":{"line":85,"column":4},"end":{"line":169,"column":7}},"line":85},"5":{"name":"(anonymous_5)","decl":{"start":{"line":99,"column":23},"end":{"line":99,"column":24}},"loc":{"start":{"line":100,"column":14},"end":{"line":103,"column":31}},"line":100}},"branchMap":{"0":{"loc":{"start":{"line":18,"column":2},"end":{"line":18,"column":20}},"type":"default-arg","locations":[{"start":{"line":18,"column":12},"end":{"line":18,"column":20}}],"line":18},"1":{"loc":{"start":{"line":26,"column":2},"end":{"line":26,"column":16}},"type":"default-arg","locations":[{"start":{"line":26,"column":11},"end":{"line":26,"column":16}}],"line":26},"2":{"loc":{"start":{"line":28,"column":2},"end":{"line":28,"column":23}},"type":"default-arg","locations":[{"start":{"line":28,"column":18},"end":{"line":28,"column":23}}],"line":28},"3":{"loc":{"start":{"line":33,"column":2},"end":{"line":33,"column":25}},"type":"default-arg","locations":[{"start":{"line":33,"column":20},"end":{"line":33,"column":25}}],"line":33},"4":{"loc":{"start":{"line":34,"column":2},"end":{"line":34,"column":18}},"type":"default-arg","locations":[{"start":{"line":34,"column":14},"end":{"line":34,"column":18}}],"line":34},"5":{"loc":{"start":{"line":35,"column":2},"end":{"line":35,"column":23}},"type":"default-arg","locations":[{"start":{"line":35,"column":19},"end":{"line":35,"column":23}}],"line":35},"6":{"loc":{"start":{"line":38,"column":2},"end":{"line":40,"column":3}},"type":"if","locations":[{"start":{"line":38,"column":2},"end":{"line":40,"column":3}},{"start":{},"end":{}}],"line":38},"7":{"loc":{"start":{"line":38,"column":6},"end":{"line":38,"column":72}},"type":"binary-expr","locations":[{"start":{"line":38,"column":6},"end":{"line":38,"column":15}},{"start":{"line":38,"column":19},"end":{"line":38,"column":29}},{"start":{"line":38,"column":33},"end":{"line":38,"column":50}},{"start":{"line":38,"column":54},"end":{"line":38,"column":72}}],"line":38},"8":{"loc":{"start":{"line":46,"column":46},"end":{"line":46,"column":78}},"type":"cond-expr","locations":[{"start":{"line":46,"column":72},"end":{"line":46,"column":74}},{"start":{"line":46,"column":77},"end":{"line":46,"column":78}}],"line":46},"9":{"loc":{"start":{"line":53,"column":4},"end":{"line":62,"column":5}},"type":"if","locations":[{"start":{"line":53,"column":4},"end":{"line":62,"column":5}},{"start":{},"end":{}}],"line":53},"10":{"loc":{"start":{"line":97,"column":9},"end":{"line":110,"column":9}},"type":"cond-expr","locations":[{"start":{"line":98,"column":10},"end":{"line":105,"column":17}},{"start":{"line":107,"column":10},"end":{"line":109,"column":17}}],"line":97},"11":{"loc":{"start":{"line":97,"column":9},"end":{"line":97,"column":31}},"type":"binary-expr","locations":[{"start":{"line":97,"column":9},"end":{"line":97,"column":22}},{"start":{"line":97,"column":26},"end":{"line":97,"column":31}}],"line":97},"12":{"loc":{"start":{"line":102,"column":17},"end":{"line":102,"column":81}},"type":"binary-expr","locations":[{"start":{"line":102,"column":17},"end":{"line":102,"column":41}},{"start":{"line":102,"column":45},"end":{"line":102,"column":81}}],"line":102},"13":{"loc":{"start":{"line":124,"column":9},"end":{"line":128,"column":9}},"type":"binary-expr","locations":[{"start":{"line":124,"column":9},"end":{"line":124,"column":15}},{"start":{"line":125,"column":10},"end":{"line":127,"column":17}}],"line":124},"14":{"loc":{"start":{"line":133,"column":9},"end":{"line":138,"column":9}},"type":"binary-expr","locations":[{"start":{"line":133,"column":9},"end":{"line":133,"column":23}},{"start":{"line":134,"column":10},"end":{"line":137,"column":12}}],"line":133},"15":{"loc":{"start":{"line":147,"column":16},"end":{"line":147,"column":59}},"type":"cond-expr","locations":[{"start":{"line":147,"column":24},"end":{"line":147,"column":48}},{"start":{"line":147,"column":51},"end":{"line":147,"column":59}}],"line":147},"16":{"loc":{"start":{"line":152,"column":7},"end":{"line":159,"column":7}},"type":"binary-expr","locations":[{"start":{"line":152,"column":7},"end":{"line":152,"column":14}},{"start":{"line":152,"column":18},"end":{"line":152,"column":33}},{"start":{"line":153,"column":8},"end":{"line":158,"column":10}}],"line":152},"17":{"loc":{"start":{"line":161,"column":7},"end":{"line":168,"column":7}},"type":"binary-expr","locations":[{"start":{"line":161,"column":7},"end":{"line":161,"column":13}},{"start":{"line":161,"column":17},"end":{"line":161,"column":27}},{"start":{"line":161,"column":31},"end":{"line":161,"column":40}},{"start":{"line":162,"column":8},"end":{"line":167,"column":10}}],"line":161},"18":{"loc":{"start":{"line":163,"column":17},"end":{"line":163,"column":59}},"type":"cond-expr","locations":[{"start":{"line":163,"column":33},"end":{"line":163,"column":45}},{"start":{"line":163,"column":48},"end":{"line":163,"column":59}}],"line":163},"19":{"loc":{"start":{"line":172,"column":9},"end":{"line":202,"column":3}},"type":"cond-expr","locations":[{"start":{"line":173,"column":4},"end":{"line":191,"column":23}},{"start":{"line":193,"column":4},"end":{"line":201,"column":20}}],"line":172},"20":{"loc":{"start":{"line":187,"column":35},"end":{"line":187,"column":76}},"type":"binary-expr","locations":[{"start":{"line":187,"column":35},"end":{"line":187,"column":50}},{"start":{"line":187,"column":54},"end":{"line":187,"column":76}}],"line":187},"21":{"loc":{"start":{"line":198,"column":33},"end":{"line":198,"column":74}},"type":"binary-expr","locations":[{"start":{"line":198,"column":33},"end":{"line":198,"column":48}},{"start":{"line":198,"column":52},"end":{"line":198,"column":74}}],"line":198}},"s":{"0":38,"1":4,"2":34,"3":34,"4":34,"5":34,"6":32,"7":4,"8":4,"9":34,"10":0,"11":0,"12":34,"13":0,"14":34,"15":34,"16":8,"17":34,"18":1},"f":{"0":38,"1":32,"2":0,"3":0,"4":34,"5":8},"b":{"0":[0],"1":[0],"2":[31],"3":[36],"4":[34],"5":[33],"6":[4,34],"7":[38,37,36,35],"8":[4,30],"9":[4,28],"10":[5,29],"11":[34,5],"12":[8,3],"13":[34,33],"14":[34,33],"15":[33,1],"16":[34,29,3],"17":[34,5,4,3],"18":[1,2],"19":[2,32],"20":[2,1],"21":[32,1]},"_coverageSchema":"1a1c01bbd47fc00a2c39e90264f33305004495a9","hash":"437f5d30d8258e6ef756bd7a1a6a0843a6668b3f"}
,"/Users/magedmorsy/Downloads/smash-app/src/components/match/RecordScoreModal.jsx": {"path":"/Users/magedmorsy/Downloads/smash-app/src/components/match/RecordScoreModal.jsx","statementMap":{"0":{"start":{"line":14,"column":17},"end":{"line":14,"column":36}},"1":{"start":{"line":15,"column":40},"end":{"line":15,"column":62}},"2":{"start":{"line":16,"column":40},"end":{"line":16,"column":62}},"3":{"start":{"line":19,"column":20},"end":{"line":19,"column":30}},"4":{"start":{"line":22,"column":2},"end":{"line":41,"column":23}},"5":{"start":{"line":23,"column":4},"end":{"line":40,"column":5}},"6":{"start":{"line":24,"column":29},"end":{"line":24,"column":41}},"7":{"start":{"line":25,"column":29},"end":{"line":25,"column":41}},"8":{"start":{"line":27,"column":6},"end":{"line":32,"column":9}},"9":{"start":{"line":28,"column":8},"end":{"line":31,"column":9}},"10":{"start":{"line":29,"column":10},"end":{"line":29,"column":55}},"11":{"start":{"line":30,"column":10},"end":{"line":30,"column":55}},"12":{"start":{"line":34,"column":6},"end":{"line":34,"column":37}},"13":{"start":{"line":35,"column":6},"end":{"line":35,"column":37}},"14":{"start":{"line":36,"column":11},"end":{"line":40,"column":5}},"15":{"start":{"line":38,"column":6},"end":{"line":38,"column":35}},"16":{"start":{"line":39,"column":6},"end":{"line":39,"column":35}},"17":{"start":{"line":43,"column":2},"end":{"line":50,"column":16}},"18":{"start":{"line":44,"column":4},"end":{"line":49,"column":5}},"19":{"start":{"line":46,"column":6},"end":{"line":48,"column":14}},"20":{"start":{"line":47,"column":8},"end":{"line":47,"column":38}},"21":{"start":{"line":52,"column":28},"end":{"line":83,"column":3}},"22":{"start":{"line":54,"column":4},"end":{"line":54,"column":33}},"23":{"start":{"line":54,"column":26},"end":{"line":54,"column":33}},"24":{"start":{"line":56,"column":4},"end":{"line":64,"column":5}},"25":{"start":{"line":57,"column":24},"end":{"line":57,"column":40}},"26":{"start":{"line":58,"column":6},"end":{"line":58,"column":31}},"27":{"start":{"line":59,"column":6},"end":{"line":59,"column":32}},"28":{"start":{"line":61,"column":24},"end":{"line":61,"column":40}},"29":{"start":{"line":62,"column":6},"end":{"line":62,"column":31}},"30":{"start":{"line":63,"column":6},"end":{"line":63,"column":32}},"31":{"start":{"line":69,"column":4},"end":{"line":82,"column":5}},"32":{"start":{"line":70,"column":27},"end":{"line":76,"column":7}},"33":{"start":{"line":78,"column":24},"end":{"line":78,"column":48}},"34":{"start":{"line":79,"column":6},"end":{"line":81,"column":7}},"35":{"start":{"line":80,"column":8},"end":{"line":80,"column":46}},"36":{"start":{"line":85,"column":25},"end":{"line":106,"column":3}},"37":{"start":{"line":87,"column":4},"end":{"line":105,"column":5}},"38":{"start":{"line":88,"column":27},"end":{"line":88,"column":81}},"39":{"start":{"line":91,"column":6},"end":{"line":104,"column":7}},"40":{"start":{"line":92,"column":29},"end":{"line":98,"column":9}},"41":{"start":{"line":100,"column":26},"end":{"line":100,"column":50}},"42":{"start":{"line":101,"column":8},"end":{"line":103,"column":9}},"43":{"start":{"line":102,"column":10},"end":{"line":102,"column":48}},"44":{"start":{"line":108,"column":21},"end":{"line":132,"column":3}},"45":{"start":{"line":110,"column":28},"end":{"line":110,"column":30}},"46":{"start":{"line":111,"column":4},"end":{"line":118,"column":5}},"47":{"start":{"line":111,"column":17},"end":{"line":111,"column":18}},"48":{"start":{"line":112,"column":6},"end":{"line":117,"column":7}},"49":{"start":{"line":113,"column":8},"end":{"line":116,"column":11}},"50":{"start":{"line":121,"column":4},"end":{"line":128,"column":5}},"51":{"start":{"line":122,"column":6},"end":{"line":126,"column":8}},"52":{"start":{"line":127,"column":6},"end":{"line":127,"column":13}},"53":{"start":{"line":130,"column":4},"end":{"line":130,"column":28}},"54":{"start":{"line":131,"column":4},"end":{"line":131,"column":14}},"55":{"start":{"line":134,"column":2},"end":{"line":134,"column":26}},"56":{"start":{"line":134,"column":14},"end":{"line":134,"column":26}},"57":{"start":{"line":137,"column":16},"end":{"line":137,"column":45}},"58":{"start":{"line":138,"column":16},"end":{"line":138,"column":46}},"59":{"start":{"line":140,"column":2},"end":{"line":140,"column":36}},"60":{"start":{"line":140,"column":24},"end":{"line":140,"column":36}},"61":{"start":{"line":142,"column":2},"end":{"line":266,"column":4}},"62":{"start":{"line":192,"column":22},"end":{"line":203,"column":24}},"63":{"start":{"line":194,"column":39},"end":{"line":194,"column":69}},"64":{"start":{"line":197,"column":49},"end":{"line":197,"column":92}},"65":{"start":{"line":198,"column":43},"end":{"line":198,"column":79}},"66":{"start":{"line":233,"column":41},"end":{"line":233,"column":50}},"67":{"start":{"line":234,"column":22},"end":{"line":247,"column":24}},"68":{"start":{"line":237,"column":41},"end":{"line":237,"column":76}},"69":{"start":{"line":240,"column":51},"end":{"line":240,"column":99}},"70":{"start":{"line":241,"column":45},"end":{"line":241,"column":86}},"71":{"start":{"line":269,"column":15},"end":{"line":358,"column":2}}},"fnMap":{"0":{"name":"RecordScoreModal","decl":{"start":{"line":13,"column":24},"end":{"line":13,"column":40}},"loc":{"start":{"line":13,"column":78},"end":{"line":267,"column":1}},"line":13},"1":{"name":"(anonymous_1)","decl":{"start":{"line":22,"column":12},"end":{"line":22,"column":13}},"loc":{"start":{"line":22,"column":18},"end":{"line":41,"column":3}},"line":22},"2":{"name":"(anonymous_2)","decl":{"start":{"line":27,"column":26},"end":{"line":27,"column":27}},"loc":{"start":{"line":27,"column":42},"end":{"line":32,"column":7}},"line":27},"3":{"name":"(anonymous_3)","decl":{"start":{"line":43,"column":12},"end":{"line":43,"column":13}},"loc":{"start":{"line":43,"column":18},"end":{"line":50,"column":3}},"line":43},"4":{"name":"(anonymous_4)","decl":{"start":{"line":46,"column":17},"end":{"line":46,"column":18}},"loc":{"start":{"line":46,"column":23},"end":{"line":48,"column":7}},"line":46},"5":{"name":"(anonymous_5)","decl":{"start":{"line":52,"column":28},"end":{"line":52,"column":29}},"loc":{"start":{"line":52,"column":64},"end":{"line":83,"column":3}},"line":52},"6":{"name":"(anonymous_6)","decl":{"start":{"line":85,"column":25},"end":{"line":85,"column":26}},"loc":{"start":{"line":85,"column":57},"end":{"line":106,"column":3}},"line":85},"7":{"name":"(anonymous_7)","decl":{"start":{"line":108,"column":21},"end":{"line":108,"column":22}},"loc":{"start":{"line":108,"column":27},"end":{"line":132,"column":3}},"line":108},"8":{"name":"(anonymous_8)","decl":{"start":{"line":191,"column":37},"end":{"line":191,"column":38}},"loc":{"start":{"line":192,"column":22},"end":{"line":203,"column":24}},"line":192},"9":{"name":"(anonymous_9)","decl":{"start":{"line":194,"column":29},"end":{"line":194,"column":30}},"loc":{"start":{"line":194,"column":39},"end":{"line":194,"column":69}},"line":194},"10":{"name":"(anonymous_10)","decl":{"start":{"line":197,"column":38},"end":{"line":197,"column":39}},"loc":{"start":{"line":197,"column":49},"end":{"line":197,"column":92}},"line":197},"11":{"name":"(anonymous_11)","decl":{"start":{"line":198,"column":36},"end":{"line":198,"column":37}},"loc":{"start":{"line":198,"column":43},"end":{"line":198,"column":79}},"line":198},"12":{"name":"(anonymous_12)","decl":{"start":{"line":232,"column":37},"end":{"line":232,"column":38}},"loc":{"start":{"line":232,"column":55},"end":{"line":248,"column":21}},"line":232},"13":{"name":"(anonymous_13)","decl":{"start":{"line":237,"column":31},"end":{"line":237,"column":32}},"loc":{"start":{"line":237,"column":41},"end":{"line":237,"column":76}},"line":237},"14":{"name":"(anonymous_14)","decl":{"start":{"line":240,"column":40},"end":{"line":240,"column":41}},"loc":{"start":{"line":240,"column":51},"end":{"line":240,"column":99}},"line":240},"15":{"name":"(anonymous_15)","decl":{"start":{"line":241,"column":38},"end":{"line":241,"column":39}},"loc":{"start":{"line":241,"column":45},"end":{"line":241,"column":86}},"line":241}},"branchMap":{"0":{"loc":{"start":{"line":23,"column":4},"end":{"line":40,"column":5}},"type":"if","locations":[{"start":{"line":23,"column":4},"end":{"line":40,"column":5}},{"start":{"line":36,"column":11},"end":{"line":40,"column":5}}],"line":23},"1":{"loc":{"start":{"line":23,"column":8},"end":{"line":23,"column":31}},"type":"binary-expr","locations":[{"start":{"line":23,"column":8},"end":{"line":23,"column":15}},{"start":{"line":23,"column":19},"end":{"line":23,"column":31}}],"line":23},"2":{"loc":{"start":{"line":28,"column":8},"end":{"line":31,"column":9}},"type":"if","locations":[{"start":{"line":28,"column":8},"end":{"line":31,"column":9}},{"start":{},"end":{}}],"line":28},"3":{"loc":{"start":{"line":36,"column":11},"end":{"line":40,"column":5}},"type":"if","locations":[{"start":{"line":36,"column":11},"end":{"line":40,"column":5}},{"start":{},"end":{}}],"line":36},"4":{"loc":{"start":{"line":44,"column":4},"end":{"line":49,"column":5}},"type":"if","locations":[{"start":{"line":44,"column":4},"end":{"line":49,"column":5}},{"start":{},"end":{}}],"line":44},"5":{"loc":{"start":{"line":44,"column":8},"end":{"line":44,"column":39}},"type":"binary-expr","locations":[{"start":{"line":44,"column":8},"end":{"line":44,"column":15}},{"start":{"line":44,"column":19},"end":{"line":44,"column":39}}],"line":44},"6":{"loc":{"start":{"line":54,"column":4},"end":{"line":54,"column":33}},"type":"if","locations":[{"start":{"line":54,"column":4},"end":{"line":54,"column":33}},{"start":{},"end":{}}],"line":54},"7":{"loc":{"start":{"line":56,"column":4},"end":{"line":64,"column":5}},"type":"if","locations":[{"start":{"line":56,"column":4},"end":{"line":64,"column":5}},{"start":{"line":60,"column":11},"end":{"line":64,"column":5}}],"line":56},"8":{"loc":{"start":{"line":69,"column":4},"end":{"line":82,"column":5}},"type":"if","locations":[{"start":{"line":69,"column":4},"end":{"line":82,"column":5}},{"start":{},"end":{}}],"line":69},"9":{"loc":{"start":{"line":79,"column":6},"end":{"line":81,"column":7}},"type":"if","locations":[{"start":{"line":79,"column":6},"end":{"line":81,"column":7}},{"start":{},"end":{}}],"line":79},"10":{"loc":{"start":{"line":87,"column":4},"end":{"line":105,"column":5}},"type":"if","locations":[{"start":{"line":87,"column":4},"end":{"line":105,"column":5}},{"start":{},"end":{}}],"line":87},"11":{"loc":{"start":{"line":88,"column":27},"end":{"line":88,"column":81}},"type":"cond-expr","locations":[{"start":{"line":88,"column":42},"end":{"line":88,"column":60}},{"start":{"line":88,"column":63},"end":{"line":88,"column":81}}],"line":88},"12":{"loc":{"start":{"line":91,"column":6},"end":{"line":104,"column":7}},"type":"if","locations":[{"start":{"line":91,"column":6},"end":{"line":104,"column":7}},{"start":{},"end":{}}],"line":91},"13":{"loc":{"start":{"line":101,"column":8},"end":{"line":103,"column":9}},"type":"if","locations":[{"start":{"line":101,"column":8},"end":{"line":103,"column":9}},{"start":{},"end":{}}],"line":101},"14":{"loc":{"start":{"line":112,"column":6},"end":{"line":117,"column":7}},"type":"if","locations":[{"start":{"line":112,"column":6},"end":{"line":117,"column":7}},{"start":{},"end":{}}],"line":112},"15":{"loc":{"start":{"line":112,"column":10},"end":{"line":112,"column":56}},"type":"binary-expr","locations":[{"start":{"line":112,"column":10},"end":{"line":112,"column":31}},{"start":{"line":112,"column":35},"end":{"line":112,"column":56}}],"line":112},"16":{"loc":{"start":{"line":121,"column":4},"end":{"line":128,"column":5}},"type":"if","locations":[{"start":{"line":121,"column":4},"end":{"line":128,"column":5}},{"start":{},"end":{}}],"line":121},"17":{"loc":{"start":{"line":134,"column":2},"end":{"line":134,"column":26}},"type":"if","locations":[{"start":{"line":134,"column":2},"end":{"line":134,"column":26}},{"start":{},"end":{}}],"line":134},"18":{"loc":{"start":{"line":137,"column":16},"end":{"line":137,"column":45}},"type":"binary-expr","locations":[{"start":{"line":137,"column":16},"end":{"line":137,"column":30}},{"start":{"line":137,"column":34},"end":{"line":137,"column":45}}],"line":137},"19":{"loc":{"start":{"line":138,"column":16},"end":{"line":138,"column":46}},"type":"binary-expr","locations":[{"start":{"line":138,"column":16},"end":{"line":138,"column":31}},{"start":{"line":138,"column":35},"end":{"line":138,"column":46}}],"line":138},"20":{"loc":{"start":{"line":140,"column":2},"end":{"line":140,"column":36}},"type":"if","locations":[{"start":{"line":140,"column":2},"end":{"line":140,"column":36}},{"start":{},"end":{}}],"line":140},"21":{"loc":{"start":{"line":140,"column":6},"end":{"line":140,"column":22}},"type":"binary-expr","locations":[{"start":{"line":140,"column":6},"end":{"line":140,"column":12}},{"start":{"line":140,"column":16},"end":{"line":140,"column":22}}],"line":140}},"s":{"0":0,"1":0,"2":0,"3":0,"4":0,"5":0,"6":0,"7":0,"8":0,"9":0,"10":0,"11":0,"12":0,"13":0,"14":0,"15":0,"16":0,"17":0,"18":0,"19":0,"20":0,"21":0,"22":0,"23":0,"24":0,"25":0,"26":0,"27":0,"28":0,"29":0,"30":0,"31":0,"32":0,"33":0,"34":0,"35":0,"36":0,"37":0,"38":0,"39":0,"40":0,"41":0,"42":0,"43":0,"44":0,"45":0,"46":0,"47":0,"48":0,"49":0,"50":0,"51":0,"52":0,"53":0,"54":0,"55":0,"56":0,"57":0,"58":0,"59":0,"60":0,"61":0,"62":0,"63":0,"64":0,"65":0,"66":0,"67":0,"68":0,"69":0,"70":0,"71":0},"f":{"0":0,"1":0,"2":0,"3":0,"4":0,"5":0,"6":0,"7":0,"8":0,"9":0,"10":0,"11":0,"12":0,"13":0,"14":0,"15":0},"b":{"0":[0,0],"1":[0,0],"2":[0,0],"3":[0,0],"4":[0,0],"5":[0,0],"6":[0,0],"7":[0,0],"8":[0,0],"9":[0,0],"10":[0,0],"11":[0,0],"12":[0,0],"13":[0,0],"14":[0,0],"15":[0,0],"16":[0,0],"17":[0,0],"18":[0,0],"19":[0,0],"20":[0,0],"21":[0,0]}}
,"/Users/magedmorsy/Downloads/smash-app/src/components/match/UpcomingMatchWrapper.jsx": {"path":"/Users/magedmorsy/Downloads/smash-app/src/components/match/UpcomingMatchWrapper.jsx","statementMap":{"0":{"start":{"line":8,"column":2},"end":{"line":13,"column":4}},"1":{"start":{"line":16,"column":15},"end":{"line":31,"column":2}}},"fnMap":{"0":{"name":"UpcomingMatchWrapper","decl":{"start":{"line":7,"column":24},"end":{"line":7,"column":44}},"loc":{"start":{"line":7,"column":59},"end":{"line":14,"column":1}},"line":7}},"branchMap":{},"s":{"0":0,"1":0},"f":{"0":0},"b":{}}
,"/Users/magedmorsy/Downloads/smash-app/src/components/notification/NotificationItem.jsx": {"path":"/Users/magedmorsy/Downloads/smash-app/src/components/notification/NotificationItem.jsx","statementMap":{"0":{"start":{"line":34,"column":6},"end":{"line":34,"column":18}},"1":{"start":{"line":39,"column":4},"end":{"line":43,"column":45}},"2":{"start":{"line":47,"column":24},"end":{"line":108,"column":3}},"3":{"start":{"line":49,"column":23},"end":{"line":49,"column":91}},"4":{"start":{"line":50,"column":27},"end":{"line":50,"column":51}},"5":{"start":{"line":53,"column":18},"end":{"line":53,"column":20}},"6":{"start":{"line":54,"column":24},"end":{"line":54,"column":31}},"7":{"start":{"line":55,"column":21},"end":{"line":55,"column":22}},"8":{"start":{"line":58,"column":4},"end":{"line":73,"column":5}},"9":{"start":{"line":59,"column":26},"end":{"line":59,"column":59}},"10":{"start":{"line":60,"column":6},"end":{"line":66,"column":7}},"11":{"start":{"line":61,"column":8},"end":{"line":65,"column":10}},"12":{"start":{"line":67,"column":6},"end":{"line":71,"column":8}},"13":{"start":{"line":72,"column":6},"end":{"line":72,"column":79}},"14":{"start":{"line":76,"column":4},"end":{"line":91,"column":5}},"15":{"start":{"line":77,"column":30},"end":{"line":77,"column":67}},"16":{"start":{"line":78,"column":6},"end":{"line":84,"column":7}},"17":{"start":{"line":79,"column":8},"end":{"line":83,"column":10}},"18":{"start":{"line":85,"column":6},"end":{"line":89,"column":8}},"19":{"start":{"line":90,"column":6},"end":{"line":90,"column":87}},"20":{"start":{"line":94,"column":4},"end":{"line":100,"column":5}},"21":{"start":{"line":95,"column":6},"end":{"line":99,"column":8}},"22":{"start":{"line":103,"column":4},"end":{"line":105,"column":5}},"23":{"start":{"line":104,"column":6},"end":{"line":104,"column":63}},"24":{"start":{"line":107,"column":4},"end":{"line":107,"column":55}},"25":{"start":{"line":110,"column":2},"end":{"line":158,"column":4}},"26":{"start":{"line":161,"column":15},"end":{"line":229,"column":2}}},"fnMap":{"0":{"name":"NotificationItem","decl":{"start":{"line":23,"column":24},"end":{"line":23,"column":40}},"loc":{"start":{"line":23,"column":88},"end":{"line":159,"column":1}},"line":23},"1":{"name":"(anonymous_1)","decl":{"start":{"line":47,"column":24},"end":{"line":47,"column":25}},"loc":{"start":{"line":47,"column":30},"end":{"line":108,"column":3}},"line":47}},"branchMap":{"0":{"loc":{"start":{"line":23,"column":66},"end":{"line":23,"column":84}},"type":"default-arg","locations":[{"start":{"line":23,"column":80},"end":{"line":23,"column":84}}],"line":23},"1":{"loc":{"start":{"line":39,"column":4},"end":{"line":43,"column":45}},"type":"binary-expr","locations":[{"start":{"line":39,"column":4},"end":{"line":39,"column":32}},{"start":{"line":40,"column":4},"end":{"line":40,"column":32}},{"start":{"line":41,"column":4},"end":{"line":41,"column":28}},{"start":{"line":42,"column":4},"end":{"line":42,"column":30}},{"start":{"line":43,"column":4},"end":{"line":43,"column":45}}],"line":39},"2":{"loc":{"start":{"line":49,"column":23},"end":{"line":49,"column":91}},"type":"cond-expr","locations":[{"start":{"line":49,"column":36},"end":{"line":49,"column":84}},{"start":{"line":49,"column":87},"end":{"line":49,"column":91}}],"line":49},"3":{"loc":{"start":{"line":58,"column":4},"end":{"line":73,"column":5}},"type":"if","locations":[{"start":{"line":58,"column":4},"end":{"line":73,"column":5}},{"start":{},"end":{}}],"line":58},"4":{"loc":{"start":{"line":58,"column":8},"end":{"line":58,"column":56}},"type":"binary-expr","locations":[{"start":{"line":58,"column":8},"end":{"line":58,"column":18}},{"start":{"line":58,"column":22},"end":{"line":58,"column":56}}],"line":58},"5":{"loc":{"start":{"line":60,"column":6},"end":{"line":66,"column":7}},"type":"if","locations":[{"start":{"line":60,"column":6},"end":{"line":66,"column":7}},{"start":{},"end":{}}],"line":60},"6":{"loc":{"start":{"line":76,"column":4},"end":{"line":91,"column":5}},"type":"if","locations":[{"start":{"line":76,"column":4},"end":{"line":91,"column":5}},{"start":{},"end":{}}],"line":76},"7":{"loc":{"start":{"line":76,"column":8},"end":{"line":76,"column":64}},"type":"binary-expr","locations":[{"start":{"line":76,"column":8},"end":{"line":76,"column":22}},{"start":{"line":76,"column":26},"end":{"line":76,"column":64}}],"line":76},"8":{"loc":{"start":{"line":78,"column":6},"end":{"line":84,"column":7}},"type":"if","locations":[{"start":{"line":78,"column":6},"end":{"line":84,"column":7}},{"start":{},"end":{}}],"line":78},"9":{"loc":{"start":{"line":94,"column":4},"end":{"line":100,"column":5}},"type":"if","locations":[{"start":{"line":94,"column":4},"end":{"line":100,"column":5}},{"start":{},"end":{}}],"line":94},"10":{"loc":{"start":{"line":103,"column":4},"end":{"line":105,"column":5}},"type":"if","locations":[{"start":{"line":103,"column":4},"end":{"line":105,"column":5}},{"start":{},"end":{}}],"line":103},"11":{"loc":{"start":{"line":120,"column":11},"end":{"line":130,"column":11}},"type":"cond-expr","locations":[{"start":{"line":121,"column":12},"end":{"line":125,"column":14}},{"start":{"line":127,"column":12},"end":{"line":129,"column":19}}],"line":120},"12":{"loc":{"start":{"line":123,"column":22},"end":{"line":123,"column":82}},"type":"cond-expr","locations":[{"start":{"line":123,"column":46},"end":{"line":123,"column":75}},{"start":{"line":123,"column":78},"end":{"line":123,"column":82}}],"line":123},"13":{"loc":{"start":{"line":124,"column":23},"end":{"line":124,"column":50}},"type":"binary-expr","locations":[{"start":{"line":124,"column":23},"end":{"line":124,"column":44}},{"start":{"line":124,"column":48},"end":{"line":124,"column":50}}],"line":124},"14":{"loc":{"start":{"line":124,"column":54},"end":{"line":124,"column":80}},"type":"binary-expr","locations":[{"start":{"line":124,"column":54},"end":{"line":124,"column":74}},{"start":{"line":124,"column":78},"end":{"line":124,"column":80}}],"line":124},"15":{"loc":{"start":{"line":139,"column":11},"end":{"line":148,"column":11}},"type":"binary-expr","locations":[{"start":{"line":139,"column":11},"end":{"line":139,"column":23}},{"start":{"line":140,"column":12},"end":{"line":147,"column":19}}],"line":139},"16":{"loc":{"start":{"line":152,"column":9},"end":{"line":152,"column":51}},"type":"binary-expr","locations":[{"start":{"line":152,"column":9},"end":{"line":152,"column":14}},{"start":{"line":152,"column":18},"end":{"line":152,"column":51}}],"line":152},"17":{"loc":{"start":{"line":156,"column":7},"end":{"line":156,"column":53}},"type":"binary-expr","locations":[{"start":{"line":156,"column":7},"end":{"line":156,"column":18}},{"start":{"line":156,"column":22},"end":{"line":156,"column":53}}],"line":156}},"s":{"0":0,"1":0,"2":0,"3":0,"4":0,"5":0,"6":0,"7":0,"8":0,"9":0,"10":0,"11":0,"12":0,"13":0,"14":0,"15":0,"16":0,"17":0,"18":0,"19":0,"20":0,"21":0,"22":0,"23":0,"24":0,"25":0,"26":0},"f":{"0":0,"1":0},"b":{"0":[0],"1":[0,0,0,0,0],"2":[0,0],"3":[0,0],"4":[0,0],"5":[0,0],"6":[0,0],"7":[0,0],"8":[0,0],"9":[0,0],"10":[0,0],"11":[0,0],"12":[0,0],"13":[0,0],"14":[0,0],"15":[0,0],"16":[0,0],"17":[0,0]}}
,"/Users/magedmorsy/Downloads/smash-app/src/components/profile/EditProfileModal.jsx": {"path":"/Users/magedmorsy/Downloads/smash-app/src/components/profile/EditProfileModal.jsx","statementMap":{"0":{"start":{"line":17,"column":39},"end":{"line":17,"column":48}},"1":{"start":{"line":18,"column":36},"end":{"line":18,"column":48}},"2":{"start":{"line":19,"column":34},"end":{"line":19,"column":46}},"3":{"start":{"line":20,"column":36},"end":{"line":20,"column":50}},"4":{"start":{"line":21,"column":34},"end":{"line":21,"column":49}},"5":{"start":{"line":24,"column":2},"end":{"line":30,"column":26}},"6":{"start":{"line":25,"column":4},"end":{"line":29,"column":5}},"7":{"start":{"line":26,"column":6},"end":{"line":26,"column":45}},"8":{"start":{"line":27,"column":6},"end":{"line":27,"column":43}},"9":{"start":{"line":28,"column":6},"end":{"line":28,"column":47}},"10":{"start":{"line":32,"column":20},"end":{"line":59,"column":3}},"11":{"start":{"line":33,"column":4},"end":{"line":58,"column":5}},"12":{"start":{"line":34,"column":25},"end":{"line":34,"column":80}},"13":{"start":{"line":36,"column":6},"end":{"line":43,"column":7}},"14":{"start":{"line":37,"column":8},"end":{"line":41,"column":10}},"15":{"start":{"line":42,"column":8},"end":{"line":42,"column":15}},"16":{"start":{"line":45,"column":21},"end":{"line":50,"column":8}},"17":{"start":{"line":52,"column":6},"end":{"line":54,"column":7}},"18":{"start":{"line":53,"column":8},"end":{"line":53,"column":43}},"19":{"start":{"line":56,"column":6},"end":{"line":56,"column":51}},"20":{"start":{"line":57,"column":6},"end":{"line":57,"column":70}},"21":{"start":{"line":61,"column":21},"end":{"line":96,"column":3}},"22":{"start":{"line":63,"column":4},"end":{"line":66,"column":5}},"23":{"start":{"line":64,"column":6},"end":{"line":64,"column":70}},"24":{"start":{"line":65,"column":6},"end":{"line":65,"column":13}},"25":{"start":{"line":67,"column":4},"end":{"line":70,"column":5}},"26":{"start":{"line":68,"column":6},"end":{"line":68,"column":69}},"27":{"start":{"line":69,"column":6},"end":{"line":69,"column":13}},"28":{"start":{"line":72,"column":4},"end":{"line":72,"column":22}},"29":{"start":{"line":74,"column":4},"end":{"line":95,"column":5}},"30":{"start":{"line":76,"column":6},"end":{"line":89,"column":7}},"31":{"start":{"line":77,"column":23},"end":{"line":81,"column":10}},"32":{"start":{"line":83,"column":8},"end":{"line":88,"column":9}},"33":{"start":{"line":85,"column":10},"end":{"line":85,"column":20}},"34":{"start":{"line":87,"column":10},"end":{"line":87,"column":94}},"35":{"start":{"line":91,"column":6},"end":{"line":91,"column":54}},"36":{"start":{"line":92,"column":6},"end":{"line":92,"column":74}},"37":{"start":{"line":94,"column":6},"end":{"line":94,"column":25}},"38":{"start":{"line":98,"column":2},"end":{"line":174,"column":4}},"39":{"start":{"line":177,"column":15},"end":{"line":234,"column":2}}},"fnMap":{"0":{"name":"EditProfileModal","decl":{"start":{"line":16,"column":24},"end":{"line":16,"column":40}},"loc":{"start":{"line":16,"column":63},"end":{"line":175,"column":1}},"line":16},"1":{"name":"(anonymous_1)","decl":{"start":{"line":24,"column":12},"end":{"line":24,"column":13}},"loc":{"start":{"line":24,"column":18},"end":{"line":30,"column":3}},"line":24},"2":{"name":"(anonymous_2)","decl":{"start":{"line":32,"column":20},"end":{"line":32,"column":21}},"loc":{"start":{"line":32,"column":32},"end":{"line":59,"column":3}},"line":32},"3":{"name":"(anonymous_3)","decl":{"start":{"line":61,"column":21},"end":{"line":61,"column":22}},"loc":{"start":{"line":61,"column":33},"end":{"line":96,"column":3}},"line":61}},"branchMap":{"0":{"loc":{"start":{"line":25,"column":4},"end":{"line":29,"column":5}},"type":"if","locations":[{"start":{"line":25,"column":4},"end":{"line":29,"column":5}},{"start":{},"end":{}}],"line":25},"1":{"loc":{"start":{"line":25,"column":8},"end":{"line":25,"column":27}},"type":"binary-expr","locations":[{"start":{"line":25,"column":8},"end":{"line":25,"column":15}},{"start":{"line":25,"column":19},"end":{"line":25,"column":27}}],"line":25},"2":{"loc":{"start":{"line":26,"column":19},"end":{"line":26,"column":43}},"type":"binary-expr","locations":[{"start":{"line":26,"column":19},"end":{"line":26,"column":37}},{"start":{"line":26,"column":41},"end":{"line":26,"column":43}}],"line":26},"3":{"loc":{"start":{"line":27,"column":18},"end":{"line":27,"column":41}},"type":"binary-expr","locations":[{"start":{"line":27,"column":18},"end":{"line":27,"column":35}},{"start":{"line":27,"column":39},"end":{"line":27,"column":41}}],"line":27},"4":{"loc":{"start":{"line":28,"column":19},"end":{"line":28,"column":45}},"type":"binary-expr","locations":[{"start":{"line":28,"column":19},"end":{"line":28,"column":37}},{"start":{"line":28,"column":41},"end":{"line":28,"column":45}}],"line":28},"5":{"loc":{"start":{"line":36,"column":6},"end":{"line":43,"column":7}},"type":"if","locations":[{"start":{"line":36,"column":6},"end":{"line":43,"column":7}},{"start":{},"end":{}}],"line":36},"6":{"loc":{"start":{"line":52,"column":6},"end":{"line":54,"column":7}},"type":"if","locations":[{"start":{"line":52,"column":6},"end":{"line":54,"column":7}},{"start":{},"end":{}}],"line":52},"7":{"loc":{"start":{"line":52,"column":10},"end":{"line":52,"column":46}},"type":"binary-expr","locations":[{"start":{"line":52,"column":10},"end":{"line":52,"column":26}},{"start":{"line":52,"column":30},"end":{"line":52,"column":46}}],"line":52},"8":{"loc":{"start":{"line":63,"column":4},"end":{"line":66,"column":5}},"type":"if","locations":[{"start":{"line":63,"column":4},"end":{"line":66,"column":5}},{"start":{},"end":{}}],"line":63},"9":{"loc":{"start":{"line":67,"column":4},"end":{"line":70,"column":5}},"type":"if","locations":[{"start":{"line":67,"column":4},"end":{"line":70,"column":5}},{"start":{},"end":{}}],"line":67},"10":{"loc":{"start":{"line":76,"column":6},"end":{"line":89,"column":7}},"type":"if","locations":[{"start":{"line":76,"column":6},"end":{"line":89,"column":7}},{"start":{},"end":{}}],"line":76},"11":{"loc":{"start":{"line":83,"column":8},"end":{"line":88,"column":9}},"type":"if","locations":[{"start":{"line":83,"column":8},"end":{"line":88,"column":9}},{"start":{"line":86,"column":15},"end":{"line":88,"column":9}}],"line":83},"12":{"loc":{"start":{"line":87,"column":31},"end":{"line":87,"column":92}},"type":"binary-expr","locations":[{"start":{"line":87,"column":31},"end":{"line":87,"column":43}},{"start":{"line":87,"column":47},"end":{"line":87,"column":92}}],"line":87}},"s":{"0":0,"1":0,"2":0,"3":0,"4":0,"5":0,"6":0,"7":0,"8":0,"9":0,"10":0,"11":0,"12":0,"13":0,"14":0,"15":0,"16":0,"17":0,"18":0,"19":0,"20":0,"21":0,"22":0,"23":0,"24":0,"25":0,"26":0,"27":0,"28":0,"29":0,"30":0,"31":0,"32":0,"33":0,"34":0,"35":0,"36":0,"37":0,"38":0,"39":0},"f":{"0":0,"1":0,"2":0,"3":0},"b":{"0":[0,0],"1":[0,0],"2":[0,0],"3":[0,0],"4":[0,0],"5":[0,0],"6":[0,0],"7":[0,0],"8":[0,0],"9":[0,0],"10":[0,0],"11":[0,0],"12":[0,0]}}
,"/Users/magedmorsy/Downloads/smash-app/src/components/tournament/AddRulesModal.jsx": {"path":"/Users/magedmorsy/Downloads/smash-app/src/components/tournament/AddRulesModal.jsx","statementMap":{"0":{"start":{"line":7,"column":28},"end":{"line":7,"column":56}},"1":{"start":{"line":9,"column":21},"end":{"line":12,"column":3}},"2":{"start":{"line":10,"column":4},"end":{"line":10,"column":18}},"3":{"start":{"line":11,"column":4},"end":{"line":11,"column":14}},"4":{"start":{"line":14,"column":2},"end":{"line":36,"column":4}}},"fnMap":{"0":{"name":"AddRulesModal","decl":{"start":{"line":6,"column":24},"end":{"line":6,"column":37}},"loc":{"start":{"line":6,"column":82},"end":{"line":37,"column":1}},"line":6},"1":{"name":"(anonymous_1)","decl":{"start":{"line":9,"column":21},"end":{"line":9,"column":22}},"loc":{"start":{"line":9,"column":27},"end":{"line":12,"column":3}},"line":9}},"branchMap":{"0":{"loc":{"start":{"line":7,"column":37},"end":{"line":7,"column":55}},"type":"binary-expr","locations":[{"start":{"line":7,"column":37},"end":{"line":7,"column":49}},{"start":{"line":7,"column":53},"end":{"line":7,"column":55}}],"line":7}},"s":{"0":0,"1":0,"2":0,"3":0,"4":0},"f":{"0":0,"1":0},"b":{"0":[0,0]}}
,"/Users/magedmorsy/Downloads/smash-app/src/components/tournament/CreateTeamBottomSheet.jsx": {"path":"/Users/magedmorsy/Downloads/smash-app/src/components/tournament/CreateTeamBottomSheet.jsx","statementMap":{"0":{"start":{"line":19,"column":17},"end":{"line":19,"column":36}},"1":{"start":{"line":20,"column":23},"end":{"line":20,"column":54}},"2":{"start":{"line":23,"column":2},"end":{"line":23,"column":67}},"3":{"start":{"line":24,"column":2},"end":{"line":24,"column":80}},"4":{"start":{"line":25,"column":2},"end":{"line":25,"column":82}},"5":{"start":{"line":27,"column":2},"end":{"line":99,"column":4}},"6":{"start":{"line":102,"column":15},"end":{"line":200,"column":2}}},"fnMap":{"0":{"name":"CreateTeamBottomSheet","decl":{"start":{"line":13,"column":24},"end":{"line":13,"column":45}},"loc":{"start":{"line":18,"column":3},"end":{"line":100,"column":1}},"line":18}},"branchMap":{"0":{"loc":{"start":{"line":60,"column":20},"end":{"line":60,"column":54}},"type":"binary-expr","locations":[{"start":{"line":60,"column":20},"end":{"line":60,"column":44}},{"start":{"line":60,"column":48},"end":{"line":60,"column":54}}],"line":60},"1":{"loc":{"start":{"line":63,"column":15},"end":{"line":63,"column":63}},"type":"binary-expr","locations":[{"start":{"line":63,"column":15},"end":{"line":63,"column":54}},{"start":{"line":63,"column":58},"end":{"line":63,"column":63}}],"line":63}},"s":{"0":0,"1":0,"2":0,"3":0,"4":0,"5":0,"6":0},"f":{"0":0},"b":{"0":[0,0],"1":[0,0]}}
,"/Users/magedmorsy/Downloads/smash-app/src/components/tournament/CreateTournamentModal.jsx": {"path":"/Users/magedmorsy/Downloads/smash-app/src/components/tournament/CreateTournamentModal.jsx","statementMap":{"0":{"start":{"line":15,"column":2},"end":{"line":20,"column":5}},"1":{"start":{"line":22,"column":2},"end":{"line":46,"column":4}},"2":{"start":{"line":49,"column":15},"end":{"line":65,"column":2}}},"fnMap":{"0":{"name":"CreateTournamentModal","decl":{"start":{"line":8,"column":24},"end":{"line":8,"column":45}},"loc":{"start":{"line":14,"column":3},"end":{"line":47,"column":1}},"line":14}},"branchMap":{"0":{"loc":{"start":{"line":12,"column":2},"end":{"line":12,"column":18}},"type":"default-arg","locations":[{"start":{"line":12,"column":13},"end":{"line":12,"column":18}}],"line":12},"1":{"loc":{"start":{"line":13,"column":2},"end":{"line":13,"column":19}},"type":"default-arg","locations":[{"start":{"line":13,"column":15},"end":{"line":13,"column":19}}],"line":13}},"s":{"0":0,"1":0,"2":0},"f":{"0":0},"b":{"0":[0],"1":[0]}}
,"/Users/magedmorsy/Downloads/smash-app/src/components/tournament/GroupsPreviewModal.jsx": {"path":"/Users/magedmorsy/Downloads/smash-app/src/components/tournament/GroupsPreviewModal.jsx","statementMap":{"0":{"start":{"line":13,"column":17},"end":{"line":13,"column":36}},"1":{"start":{"line":14,"column":46},"end":{"line":14,"column":61}},"2":{"start":{"line":16,"column":27},"end":{"line":28,"column":3}},"3":{"start":{"line":17,"column":4},"end":{"line":17,"column":28}},"4":{"start":{"line":20,"column":4},"end":{"line":20,"column":60}},"5":{"start":{"line":20,"column":33},"end":{"line":20,"column":58}},"6":{"start":{"line":23,"column":4},"end":{"line":25,"column":5}},"7":{"start":{"line":24,"column":6},"end":{"line":24,"column":27}},"8":{"start":{"line":27,"column":4},"end":{"line":27,"column":29}},"9":{"start":{"line":30,"column":2},"end":{"line":30,"column":27}},"10":{"start":{"line":30,"column":15},"end":{"line":30,"column":27}},"11":{"start":{"line":32,"column":2},"end":{"line":117,"column":4}},"12":{"start":{"line":71,"column":14},"end":{"line":93,"column":21}},"13":{"start":{"line":75,"column":36},"end":{"line":75,"column":72}},"14":{"start":{"line":77,"column":22},"end":{"line":90,"column":29}},"15":{"start":{"line":120,"column":15},"end":{"line":209,"column":2}}},"fnMap":{"0":{"name":"GroupsPreviewModal","decl":{"start":{"line":12,"column":24},"end":{"line":12,"column":42}},"loc":{"start":{"line":12,"column":98},"end":{"line":118,"column":1}},"line":12},"1":{"name":"(anonymous_1)","decl":{"start":{"line":16,"column":27},"end":{"line":16,"column":28}},"loc":{"start":{"line":16,"column":39},"end":{"line":28,"column":3}},"line":16},"2":{"name":"(anonymous_2)","decl":{"start":{"line":20,"column":22},"end":{"line":20,"column":23}},"loc":{"start":{"line":20,"column":33},"end":{"line":20,"column":58}},"line":20},"3":{"name":"(anonymous_3)","decl":{"start":{"line":70,"column":24},"end":{"line":70,"column":25}},"loc":{"start":{"line":71,"column":14},"end":{"line":93,"column":21}},"line":71},"4":{"name":"(anonymous_4)","decl":{"start":{"line":75,"column":28},"end":{"line":75,"column":29}},"loc":{"start":{"line":75,"column":36},"end":{"line":75,"column":72}},"line":75},"5":{"name":"(anonymous_5)","decl":{"start":{"line":76,"column":25},"end":{"line":76,"column":26}},"loc":{"start":{"line":77,"column":22},"end":{"line":90,"column":29}},"line":77}},"branchMap":{"0":{"loc":{"start":{"line":23,"column":4},"end":{"line":25,"column":5}},"type":"if","locations":[{"start":{"line":23,"column":4},"end":{"line":25,"column":5}},{"start":{},"end":{}}],"line":23},"1":{"loc":{"start":{"line":30,"column":2},"end":{"line":30,"column":27}},"type":"if","locations":[{"start":{"line":30,"column":2},"end":{"line":30,"column":27}},{"start":{},"end":{}}],"line":30},"2":{"loc":{"start":{"line":55,"column":9},"end":{"line":96,"column":9}},"type":"cond-expr","locations":[{"start":{"line":56,"column":10},"end":{"line":59,"column":17}},{"start":{"line":61,"column":10},"end":{"line":95,"column":23}}],"line":55},"3":{"loc":{"start":{"line":75,"column":36},"end":{"line":75,"column":72}},"type":"binary-expr","locations":[{"start":{"line":75,"column":36},"end":{"line":75,"column":40}},{"start":{"line":75,"column":44},"end":{"line":75,"column":56}},{"start":{"line":75,"column":60},"end":{"line":75,"column":72}}],"line":75}},"s":{"0":0,"1":0,"2":0,"3":0,"4":0,"5":0,"6":0,"7":0,"8":0,"9":0,"10":0,"11":0,"12":0,"13":0,"14":0,"15":0},"f":{"0":0,"1":0,"2":0,"3":0,"4":0,"5":0},"b":{"0":[0,0],"1":[0,0],"2":[0,0],"3":[0,0,0]}}
,"/Users/magedmorsy/Downloads/smash-app/src/components/tournament/JoinTeamBottomSheet.jsx": {"path":"/Users/magedmorsy/Downloads/smash-app/src/components/tournament/JoinTeamBottomSheet.jsx","statementMap":{"0":{"start":{"line":19,"column":17},"end":{"line":19,"column":36}},"1":{"start":{"line":20,"column":23},"end":{"line":20,"column":54}},"2":{"start":{"line":23,"column":2},"end":{"line":23,"column":65}},"3":{"start":{"line":24,"column":2},"end":{"line":24,"column":78}},"4":{"start":{"line":25,"column":2},"end":{"line":25,"column":80}},"5":{"start":{"line":27,"column":2},"end":{"line":97,"column":4}},"6":{"start":{"line":100,"column":15},"end":{"line":161,"column":2}}},"fnMap":{"0":{"name":"JoinTeamBottomSheet","decl":{"start":{"line":12,"column":24},"end":{"line":12,"column":43}},"loc":{"start":{"line":18,"column":3},"end":{"line":98,"column":1}},"line":18}},"branchMap":{"0":{"loc":{"start":{"line":74,"column":20},"end":{"line":74,"column":54}},"type":"binary-expr","locations":[{"start":{"line":74,"column":20},"end":{"line":74,"column":44}},{"start":{"line":74,"column":48},"end":{"line":74,"column":54}}],"line":74}},"s":{"0":0,"1":0,"2":0,"3":0,"4":0,"5":0,"6":0},"f":{"0":0},"b":{"0":[0,0]}}
,"/Users/magedmorsy/Downloads/smash-app/src/components/tournament/RemovePlayerButton.jsx": {"path":"/Users/magedmorsy/Downloads/smash-app/src/components/tournament/RemovePlayerButton.jsx","statementMap":{"0":{"start":{"line":13,"column":2},"end":{"line":13,"column":28}},"1":{"start":{"line":13,"column":16},"end":{"line":13,"column":28}},"2":{"start":{"line":15,"column":22},"end":{"line":20,"column":3}},"3":{"start":{"line":16,"column":4},"end":{"line":18,"column":5}},"4":{"start":{"line":17,"column":6},"end":{"line":17,"column":61}},"5":{"start":{"line":19,"column":4},"end":{"line":19,"column":14}},"6":{"start":{"line":23,"column":19},"end":{"line":25,"column":27}},"7":{"start":{"line":27,"column":2},"end":{"line":36,"column":4}},"8":{"start":{"line":39,"column":15},"end":{"line":45,"column":2}}},"fnMap":{"0":{"name":"RemovePlayerButton","decl":{"start":{"line":6,"column":24},"end":{"line":6,"column":42}},"loc":{"start":{"line":12,"column":3},"end":{"line":37,"column":1}},"line":12},"1":{"name":"(anonymous_1)","decl":{"start":{"line":15,"column":22},"end":{"line":15,"column":23}},"loc":{"start":{"line":15,"column":28},"end":{"line":20,"column":3}},"line":15}},"branchMap":{"0":{"loc":{"start":{"line":8,"column":2},"end":{"line":8,"column":16}},"type":"default-arg","locations":[{"start":{"line":8,"column":12},"end":{"line":8,"column":16}}],"line":8},"1":{"loc":{"start":{"line":9,"column":2},"end":{"line":9,"column":11}},"type":"default-arg","locations":[{"start":{"line":9,"column":9},"end":{"line":9,"column":11}}],"line":9},"2":{"loc":{"start":{"line":10,"column":2},"end":{"line":10,"column":20}},"type":"default-arg","locations":[{"start":{"line":10,"column":18},"end":{"line":10,"column":20}}],"line":10},"3":{"loc":{"start":{"line":11,"column":2},"end":{"line":11,"column":16}},"type":"default-arg","locations":[{"start":{"line":11,"column":10},"end":{"line":11,"column":16}}],"line":11},"4":{"loc":{"start":{"line":13,"column":2},"end":{"line":13,"column":28}},"type":"if","locations":[{"start":{"line":13,"column":2},"end":{"line":13,"column":28}},{"start":{},"end":{}}],"line":13},"5":{"loc":{"start":{"line":16,"column":4},"end":{"line":18,"column":5}},"type":"if","locations":[{"start":{"line":16,"column":4},"end":{"line":18,"column":5}},{"start":{},"end":{}}],"line":16},"6":{"loc":{"start":{"line":23,"column":19},"end":{"line":25,"column":27}},"type":"cond-expr","locations":[{"start":{"line":24,"column":6},"end":{"line":24,"column":28}},{"start":{"line":25,"column":6},"end":{"line":25,"column":27}}],"line":23}},"s":{"0":25,"1":3,"2":22,"3":19,"4":17,"5":19,"6":22,"7":22,"8":1},"f":{"0":25,"1":19},"b":{"0":[19],"1":[23],"2":[24],"3":[20],"4":[3,22],"5":[17,2],"6":[2,20]},"_coverageSchema":"1a1c01bbd47fc00a2c39e90264f33305004495a9","hash":"d050fbbfef700645c4310d95b7e55402846f1fb4"}
,"/Users/magedmorsy/Downloads/smash-app/src/components/tournament/RemovePlayerConfirmationBottomSheet.jsx": {"path":"/Users/magedmorsy/Downloads/smash-app/src/components/tournament/RemovePlayerConfirmationBottomSheet.jsx","statementMap":{"0":{"start":{"line":18,"column":16},"end":{"line":20,"column":22}},"1":{"start":{"line":22,"column":18},"end":{"line":26,"column":44}},"2":{"start":{"line":28,"column":22},"end":{"line":30,"column":21}},"3":{"start":{"line":32,"column":21},"end":{"line":32,"column":55}},"4":{"start":{"line":34,"column":2},"end":{"line":56,"column":4}},"5":{"start":{"line":59,"column":15},"end":{"line":81,"column":2}}},"fnMap":{"0":{"name":"RemovePlayerConfirmationBottomSheet","decl":{"start":{"line":9,"column":24},"end":{"line":9,"column":59}},"loc":{"start":{"line":16,"column":3},"end":{"line":57,"column":1}},"line":16}},"branchMap":{"0":{"loc":{"start":{"line":14,"column":2},"end":{"line":14,"column":16}},"type":"default-arg","locations":[{"start":{"line":14,"column":11},"end":{"line":14,"column":16}}],"line":14},"1":{"loc":{"start":{"line":15,"column":2},"end":{"line":15,"column":22}},"type":"default-arg","locations":[{"start":{"line":15,"column":17},"end":{"line":15,"column":22}}],"line":15},"2":{"loc":{"start":{"line":18,"column":16},"end":{"line":20,"column":22}},"type":"cond-expr","locations":[{"start":{"line":19,"column":7},"end":{"line":19,"column":52}},{"start":{"line":20,"column":6},"end":{"line":20,"column":22}}],"line":18},"3":{"loc":{"start":{"line":19,"column":7},"end":{"line":19,"column":52}},"type":"cond-expr","locations":[{"start":{"line":19,"column":22},"end":{"line":19,"column":36}},{"start":{"line":19,"column":39},"end":{"line":19,"column":52}}],"line":19},"4":{"loc":{"start":{"line":22,"column":18},"end":{"line":26,"column":44}},"type":"cond-expr","locations":[{"start":{"line":23,"column":7},"end":{"line":25,"column":53}},{"start":{"line":26,"column":6},"end":{"line":26,"column":44}}],"line":22},"5":{"loc":{"start":{"line":23,"column":7},"end":{"line":25,"column":53}},"type":"cond-expr","locations":[{"start":{"line":24,"column":10},"end":{"line":24,"column":84}},{"start":{"line":25,"column":10},"end":{"line":25,"column":53}}],"line":23},"6":{"loc":{"start":{"line":28,"column":22},"end":{"line":30,"column":21}},"type":"cond-expr","locations":[{"start":{"line":29,"column":7},"end":{"line":29,"column":50}},{"start":{"line":30,"column":6},"end":{"line":30,"column":21}}],"line":28},"7":{"loc":{"start":{"line":29,"column":7},"end":{"line":29,"column":50}},"type":"cond-expr","locations":[{"start":{"line":29,"column":22},"end":{"line":29,"column":35}},{"start":{"line":29,"column":38},"end":{"line":29,"column":50}}],"line":29},"8":{"loc":{"start":{"line":32,"column":21},"end":{"line":32,"column":55}},"type":"cond-expr","locations":[{"start":{"line":32,"column":30},"end":{"line":32,"column":44}},{"start":{"line":32,"column":47},"end":{"line":32,"column":55}}],"line":32}},"s":{"0":40,"1":40,"2":40,"3":40,"4":40,"5":1},"f":{"0":40},"b":{"0":[1],"1":[2],"2":[17,23],"3":[8,9],"4":[17,23],"5":[8,9],"6":[17,23],"7":[8,9],"8":[17,23]},"_coverageSchema":"1a1c01bbd47fc00a2c39e90264f33305004495a9","hash":"755b0eea9c9706eb0a9bfc41fe916dd5c10a825c"}
,"/Users/magedmorsy/Downloads/smash-app/src/components/tournament/RulesBottomSheet.jsx": {"path":"/Users/magedmorsy/Downloads/smash-app/src/components/tournament/RulesBottomSheet.jsx","statementMap":{"0":{"start":{"line":10,"column":25},"end":{"line":125,"column":2}},"1":{"start":{"line":11,"column":32},"end":{"line":11,"column":47}},"2":{"start":{"line":12,"column":28},"end":{"line":12,"column":56}},"3":{"start":{"line":13,"column":20},"end":{"line":13,"column":54}},"4":{"start":{"line":14,"column":23},"end":{"line":14,"column":54}},"5":{"start":{"line":16,"column":2},"end":{"line":18,"column":21}},"6":{"start":{"line":17,"column":4},"end":{"line":17,"column":33}},"7":{"start":{"line":20,"column":2},"end":{"line":35,"column":16}},"8":{"start":{"line":21,"column":4},"end":{"line":34,"column":5}},"9":{"start":{"line":22,"column":6},"end":{"line":27,"column":17}},"10":{"start":{"line":29,"column":6},"end":{"line":33,"column":17}},"11":{"start":{"line":37,"column":2},"end":{"line":47,"column":6}},"12":{"start":{"line":37,"column":34},"end":{"line":47,"column":3}},"13":{"start":{"line":39,"column":6},"end":{"line":39,"column":52}},"14":{"start":{"line":40,"column":6},"end":{"line":40,"column":35}},"15":{"start":{"line":41,"column":6},"end":{"line":41,"column":23}},"16":{"start":{"line":44,"column":6},"end":{"line":44,"column":53}},"17":{"start":{"line":45,"column":6},"end":{"line":45,"column":24}},"18":{"start":{"line":49,"column":22},"end":{"line":51,"column":3}},"19":{"start":{"line":50,"column":4},"end":{"line":50,"column":22}},"20":{"start":{"line":53,"column":21},"end":{"line":57,"column":3}},"21":{"start":{"line":54,"column":4},"end":{"line":54,"column":23}},"22":{"start":{"line":55,"column":4},"end":{"line":55,"column":18}},"23":{"start":{"line":56,"column":4},"end":{"line":56,"column":22}},"24":{"start":{"line":59,"column":30},"end":{"line":62,"column":3}},"25":{"start":{"line":60,"column":4},"end":{"line":60,"column":23}},"26":{"start":{"line":61,"column":4},"end":{"line":61,"column":18}},"27":{"start":{"line":64,"column":2},"end":{"line":64,"column":28}},"28":{"start":{"line":64,"column":16},"end":{"line":64,"column":28}},"29":{"start":{"line":66,"column":21},"end":{"line":69,"column":4}},"30":{"start":{"line":71,"column":2},"end":{"line":124,"column":4}},"31":{"start":{"line":127,"column":15},"end":{"line":185,"column":2}}},"fnMap":{"0":{"name":"(anonymous_0)","decl":{"start":{"line":10,"column":36},"end":{"line":10,"column":37}},"loc":{"start":{"line":10,"column":71},"end":{"line":125,"column":1}},"line":10},"1":{"name":"(anonymous_1)","decl":{"start":{"line":16,"column":12},"end":{"line":16,"column":13}},"loc":{"start":{"line":16,"column":18},"end":{"line":18,"column":3}},"line":16},"2":{"name":"(anonymous_2)","decl":{"start":{"line":20,"column":12},"end":{"line":20,"column":13}},"loc":{"start":{"line":20,"column":18},"end":{"line":35,"column":3}},"line":20},"3":{"name":"(anonymous_3)","decl":{"start":{"line":37,"column":27},"end":{"line":37,"column":28}},"loc":{"start":{"line":37,"column":34},"end":{"line":47,"column":3}},"line":37},"4":{"name":"(anonymous_4)","decl":{"start":{"line":38,"column":10},"end":{"line":38,"column":11}},"loc":{"start":{"line":38,"column":16},"end":{"line":42,"column":5}},"line":38},"5":{"name":"(anonymous_5)","decl":{"start":{"line":43,"column":11},"end":{"line":43,"column":12}},"loc":{"start":{"line":43,"column":17},"end":{"line":46,"column":5}},"line":43},"6":{"name":"(anonymous_6)","decl":{"start":{"line":49,"column":22},"end":{"line":49,"column":23}},"loc":{"start":{"line":49,"column":28},"end":{"line":51,"column":3}},"line":49},"7":{"name":"(anonymous_7)","decl":{"start":{"line":53,"column":21},"end":{"line":53,"column":22}},"loc":{"start":{"line":53,"column":27},"end":{"line":57,"column":3}},"line":53},"8":{"name":"(anonymous_8)","decl":{"start":{"line":59,"column":30},"end":{"line":59,"column":31}},"loc":{"start":{"line":59,"column":36},"end":{"line":62,"column":3}},"line":59}},"branchMap":{"0":{"loc":{"start":{"line":12,"column":37},"end":{"line":12,"column":55}},"type":"binary-expr","locations":[{"start":{"line":12,"column":37},"end":{"line":12,"column":49}},{"start":{"line":12,"column":53},"end":{"line":12,"column":55}}],"line":12},"1":{"loc":{"start":{"line":17,"column":13},"end":{"line":17,"column":31}},"type":"binary-expr","locations":[{"start":{"line":17,"column":13},"end":{"line":17,"column":25}},{"start":{"line":17,"column":29},"end":{"line":17,"column":31}}],"line":17},"2":{"loc":{"start":{"line":21,"column":4},"end":{"line":34,"column":5}},"type":"if","locations":[{"start":{"line":21,"column":4},"end":{"line":34,"column":5}},{"start":{"line":28,"column":11},"end":{"line":34,"column":5}}],"line":21},"3":{"loc":{"start":{"line":40,"column":15},"end":{"line":40,"column":33}},"type":"binary-expr","locations":[{"start":{"line":40,"column":15},"end":{"line":40,"column":27}},{"start":{"line":40,"column":31},"end":{"line":40,"column":33}}],"line":40},"4":{"loc":{"start":{"line":64,"column":2},"end":{"line":64,"column":28}},"type":"if","locations":[{"start":{"line":64,"column":2},"end":{"line":64,"column":28}},{"start":{},"end":{}}],"line":64}},"s":{"0":0,"1":0,"2":0,"3":0,"4":0,"5":0,"6":0,"7":0,"8":0,"9":0,"10":0,"11":0,"12":0,"13":0,"14":0,"15":0,"16":0,"17":0,"18":0,"19":0,"20":0,"21":0,"22":0,"23":0,"24":0,"25":0,"26":0,"27":0,"28":0,"29":0,"30":0,"31":0},"f":{"0":0,"1":0,"2":0,"3":0,"4":0,"5":0,"6":0,"7":0,"8":0},"b":{"0":[0,0],"1":[0,0],"2":[0,0],"3":[0,0],"4":[0,0]}}
,"/Users/magedmorsy/Downloads/smash-app/src/components/tournament/StartTournamentBottomSheet.jsx": {"path":"/Users/magedmorsy/Downloads/smash-app/src/components/tournament/StartTournamentBottomSheet.jsx","statementMap":{"0":{"start":{"line":22,"column":17},"end":{"line":22,"column":36}},"1":{"start":{"line":23,"column":38},"end":{"line":23,"column":57}},"2":{"start":{"line":26,"column":32},"end":{"line":72,"column":3}},"3":{"start":{"line":27,"column":4},"end":{"line":29,"column":5}},"4":{"start":{"line":28,"column":6},"end":{"line":28,"column":18}},"5":{"start":{"line":31,"column":19},"end":{"line":31,"column":49}},"6":{"start":{"line":32,"column":23},"end":{"line":32,"column":36}},"7":{"start":{"line":35,"column":25},"end":{"line":35,"column":76}},"8":{"start":{"line":35,"column":45},"end":{"line":35,"column":75}},"9":{"start":{"line":36,"column":23},"end":{"line":38,"column":23}},"10":{"start":{"line":41,"column":26},"end":{"line":41,"column":56}},"11":{"start":{"line":44,"column":23},"end":{"line":44,"column":58}},"12":{"start":{"line":45,"column":28},"end":{"line":45,"column":29}},"13":{"start":{"line":46,"column":25},"end":{"line":46,"column":53}},"14":{"start":{"line":49,"column":28},"end":{"line":49,"column":42}},"15":{"start":{"line":50,"column":27},"end":{"line":50,"column":28}},"16":{"start":{"line":53,"column":30},"end":{"line":53,"column":69}},"17":{"start":{"line":54,"column":22},"end":{"line":54,"column":43}},"18":{"start":{"line":57,"column":27},"end":{"line":57,"column":61}},"19":{"start":{"line":58,"column":25},"end":{"line":58,"column":55}},"20":{"start":{"line":59,"column":18},"end":{"line":59,"column":47}},"21":{"start":{"line":60,"column":20},"end":{"line":60,"column":37}},"22":{"start":{"line":61,"column":31},"end":{"line":61,"column":84}},"23":{"start":{"line":63,"column":4},"end":{"line":71,"column":6}},"24":{"start":{"line":74,"column":23},"end":{"line":74,"column":46}},"25":{"start":{"line":76,"column":31},"end":{"line":85,"column":3}},"26":{"start":{"line":77,"column":4},"end":{"line":77,"column":29}},"27":{"start":{"line":80,"column":4},"end":{"line":82,"column":5}},"28":{"start":{"line":81,"column":6},"end":{"line":81,"column":31}},"29":{"start":{"line":84,"column":4},"end":{"line":84,"column":28}},"30":{"start":{"line":87,"column":27},"end":{"line":96,"column":3}},"31":{"start":{"line":88,"column":4},"end":{"line":88,"column":29}},"32":{"start":{"line":91,"column":4},"end":{"line":93,"column":5}},"33":{"start":{"line":92,"column":6},"end":{"line":92,"column":31}},"34":{"start":{"line":95,"column":4},"end":{"line":95,"column":28}},"35":{"start":{"line":98,"column":32},"end":{"line":104,"column":3}},"36":{"start":{"line":99,"column":4},"end":{"line":101,"column":5}},"37":{"start":{"line":100,"column":6},"end":{"line":100,"column":18}},"38":{"start":{"line":102,"column":4},"end":{"line":102,"column":29}},"39":{"start":{"line":103,"column":4},"end":{"line":103,"column":14}},"40":{"start":{"line":106,"column":22},"end":{"line":109,"column":3}},"41":{"start":{"line":107,"column":4},"end":{"line":107,"column":29}},"42":{"start":{"line":108,"column":4},"end":{"line":108,"column":14}},"43":{"start":{"line":111,"column":2},"end":{"line":270,"column":4}},"44":{"start":{"line":213,"column":14},"end":{"line":235,"column":21}},"45":{"start":{"line":217,"column":36},"end":{"line":217,"column":72}},"46":{"start":{"line":219,"column":22},"end":{"line":232,"column":29}},"47":{"start":{"line":273,"column":15},"end":{"line":400,"column":2}}},"fnMap":{"0":{"name":"StartTournamentBottomSheet","decl":{"start":{"line":14,"column":24},"end":{"line":14,"column":50}},"loc":{"start":{"line":21,"column":3},"end":{"line":271,"column":1}},"line":21},"1":{"name":"(anonymous_1)","decl":{"start":{"line":26,"column":32},"end":{"line":26,"column":33}},"loc":{"start":{"line":26,"column":38},"end":{"line":72,"column":3}},"line":26},"2":{"name":"(anonymous_2)","decl":{"start":{"line":35,"column":36},"end":{"line":35,"column":37}},"loc":{"start":{"line":35,"column":45},"end":{"line":35,"column":75}},"line":35},"3":{"name":"(anonymous_3)","decl":{"start":{"line":76,"column":31},"end":{"line":76,"column":32}},"loc":{"start":{"line":76,"column":43},"end":{"line":85,"column":3}},"line":76},"4":{"name":"(anonymous_4)","decl":{"start":{"line":87,"column":27},"end":{"line":87,"column":28}},"loc":{"start":{"line":87,"column":39},"end":{"line":96,"column":3}},"line":87},"5":{"name":"(anonymous_5)","decl":{"start":{"line":98,"column":32},"end":{"line":98,"column":33}},"loc":{"start":{"line":98,"column":38},"end":{"line":104,"column":3}},"line":98},"6":{"name":"(anonymous_6)","decl":{"start":{"line":106,"column":22},"end":{"line":106,"column":23}},"loc":{"start":{"line":106,"column":28},"end":{"line":109,"column":3}},"line":106},"7":{"name":"(anonymous_7)","decl":{"start":{"line":212,"column":33},"end":{"line":212,"column":34}},"loc":{"start":{"line":213,"column":14},"end":{"line":235,"column":21}},"line":213},"8":{"name":"(anonymous_8)","decl":{"start":{"line":217,"column":28},"end":{"line":217,"column":29}},"loc":{"start":{"line":217,"column":36},"end":{"line":217,"column":72}},"line":217},"9":{"name":"(anonymous_9)","decl":{"start":{"line":218,"column":25},"end":{"line":218,"column":26}},"loc":{"start":{"line":219,"column":22},"end":{"line":232,"column":29}},"line":219}},"branchMap":{"0":{"loc":{"start":{"line":18,"column":2},"end":{"line":18,"column":17}},"type":"default-arg","locations":[{"start":{"line":18,"column":15},"end":{"line":18,"column":17}}],"line":18},"1":{"loc":{"start":{"line":20,"column":2},"end":{"line":20,"column":24}},"type":"default-arg","locations":[{"start":{"line":20,"column":20},"end":{"line":20,"column":24}}],"line":20},"2":{"loc":{"start":{"line":27,"column":4},"end":{"line":29,"column":5}},"type":"if","locations":[{"start":{"line":27,"column":4},"end":{"line":29,"column":5}},{"start":{},"end":{}}],"line":27},"3":{"loc":{"start":{"line":27,"column":8},"end":{"line":27,"column":51}},"type":"binary-expr","locations":[{"start":{"line":27,"column":8},"end":{"line":27,"column":29}},{"start":{"line":27,"column":33},"end":{"line":27,"column":51}}],"line":27},"4":{"loc":{"start":{"line":36,"column":23},"end":{"line":38,"column":23}},"type":"cond-expr","locations":[{"start":{"line":37,"column":8},"end":{"line":37,"column":92}},{"start":{"line":38,"column":8},"end":{"line":38,"column":23}}],"line":36},"5":{"loc":{"start":{"line":41,"column":26},"end":{"line":41,"column":56}},"type":"binary-expr","locations":[{"start":{"line":41,"column":26},"end":{"line":41,"column":50}},{"start":{"line":41,"column":54},"end":{"line":41,"column":56}}],"line":41},"6":{"loc":{"start":{"line":61,"column":31},"end":{"line":61,"column":84}},"type":"cond-expr","locations":[{"start":{"line":61,"column":45},"end":{"line":61,"column":70}},{"start":{"line":61,"column":73},"end":{"line":61,"column":84}}],"line":61},"7":{"loc":{"start":{"line":80,"column":4},"end":{"line":82,"column":5}},"type":"if","locations":[{"start":{"line":80,"column":4},"end":{"line":82,"column":5}},{"start":{},"end":{}}],"line":80},"8":{"loc":{"start":{"line":91,"column":4},"end":{"line":93,"column":5}},"type":"if","locations":[{"start":{"line":91,"column":4},"end":{"line":93,"column":5}},{"start":{},"end":{}}],"line":91},"9":{"loc":{"start":{"line":99,"column":4},"end":{"line":101,"column":5}},"type":"if","locations":[{"start":{"line":99,"column":4},"end":{"line":101,"column":5}},{"start":{},"end":{}}],"line":99},"10":{"loc":{"start":{"line":134,"column":9},"end":{"line":191,"column":9}},"type":"binary-expr","locations":[{"start":{"line":134,"column":9},"end":{"line":134,"column":33}},{"start":{"line":134,"column":37},"end":{"line":134,"column":49}},{"start":{"line":135,"column":10},"end":{"line":190,"column":23}}],"line":134},"11":{"loc":{"start":{"line":176,"column":13},"end":{"line":184,"column":13}},"type":"binary-expr","locations":[{"start":{"line":176,"column":13},"end":{"line":176,"column":35}},{"start":{"line":177,"column":14},"end":{"line":183,"column":21}}],"line":176},"12":{"loc":{"start":{"line":194,"column":9},"end":{"line":199,"column":9}},"type":"binary-expr","locations":[{"start":{"line":194,"column":9},"end":{"line":194,"column":33}},{"start":{"line":195,"column":10},"end":{"line":198,"column":17}}],"line":194},"13":{"loc":{"start":{"line":202,"column":9},"end":{"line":238,"column":9}},"type":"binary-expr","locations":[{"start":{"line":202,"column":9},"end":{"line":202,"column":32}},{"start":{"line":202,"column":36},"end":{"line":202,"column":51}},{"start":{"line":203,"column":10},"end":{"line":237,"column":23}}],"line":202},"14":{"loc":{"start":{"line":217,"column":36},"end":{"line":217,"column":72}},"type":"binary-expr","locations":[{"start":{"line":217,"column":36},"end":{"line":217,"column":40}},{"start":{"line":217,"column":44},"end":{"line":217,"column":56}},{"start":{"line":217,"column":60},"end":{"line":217,"column":72}}],"line":217},"15":{"loc":{"start":{"line":242,"column":11},"end":{"line":249,"column":11}},"type":"binary-expr","locations":[{"start":{"line":242,"column":11},"end":{"line":242,"column":35}},{"start":{"line":243,"column":12},"end":{"line":248,"column":14}}],"line":242},"16":{"loc":{"start":{"line":251,"column":11},"end":{"line":266,"column":11}},"type":"binary-expr","locations":[{"start":{"line":251,"column":11},"end":{"line":251,"column":34}},{"start":{"line":252,"column":12},"end":{"line":265,"column":15}}],"line":251}},"s":{"0":0,"1":0,"2":0,"3":0,"4":0,"5":0,"6":0,"7":0,"8":0,"9":0,"10":0,"11":0,"12":0,"13":0,"14":0,"15":0,"16":0,"17":0,"18":0,"19":0,"20":0,"21":0,"22":0,"23":0,"24":0,"25":0,"26":0,"27":0,"28":0,"29":0,"30":0,"31":0,"32":0,"33":0,"34":0,"35":0,"36":0,"37":0,"38":0,"39":0,"40":0,"41":0,"42":0,"43":0,"44":0,"45":0,"46":0,"47":0},"f":{"0":0,"1":0,"2":0,"3":0,"4":0,"5":0,"6":0,"7":0,"8":0,"9":0},"b":{"0":[0],"1":[0],"2":[0,0],"3":[0,0],"4":[0,0],"5":[0,0],"6":[0,0],"7":[0,0],"8":[0,0],"9":[0,0],"10":[0,0,0],"11":[0,0],"12":[0,0],"13":[0,0,0],"14":[0,0,0],"15":[0,0],"16":[0,0]}}
,"/Users/magedmorsy/Downloads/smash-app/src/components/tournament/TeamsList.jsx": {"path":"/Users/magedmorsy/Downloads/smash-app/src/components/tournament/TeamsList.jsx","statementMap":{"0":{"start":{"line":15,"column":62},"end":{"line":15,"column":77}},"1":{"start":{"line":16,"column":46},"end":{"line":16,"column":60}},"2":{"start":{"line":19,"column":26},"end":{"line":30,"column":3}},"3":{"start":{"line":21,"column":4},"end":{"line":21,"column":58}},"4":{"start":{"line":21,"column":45},"end":{"line":21,"column":58}},"5":{"start":{"line":24,"column":4},"end":{"line":24,"column":29}},"6":{"start":{"line":24,"column":17},"end":{"line":24,"column":29}},"7":{"start":{"line":27,"column":4},"end":{"line":27,"column":54}},"8":{"start":{"line":27,"column":42},"end":{"line":27,"column":54}},"9":{"start":{"line":29,"column":4},"end":{"line":29,"column":17}},"10":{"start":{"line":33,"column":28},"end":{"line":36,"column":3}},"11":{"start":{"line":34,"column":4},"end":{"line":34,"column":87}},"12":{"start":{"line":35,"column":4},"end":{"line":35,"column":36}},"13":{"start":{"line":39,"column":30},"end":{"line":57,"column":3}},"14":{"start":{"line":40,"column":4},"end":{"line":40,"column":32}},"15":{"start":{"line":40,"column":25},"end":{"line":40,"column":32}},"16":{"start":{"line":42,"column":19},"end":{"line":45,"column":5}},"17":{"start":{"line":47,"column":4},"end":{"line":56,"column":5}},"18":{"start":{"line":49,"column":6},"end":{"line":49,"column":39}},"19":{"start":{"line":50,"column":6},"end":{"line":50,"column":30}},"20":{"start":{"line":53,"column":6},"end":{"line":53,"column":39}},"21":{"start":{"line":54,"column":6},"end":{"line":54,"column":30}},"22":{"start":{"line":55,"column":6},"end":{"line":55,"column":73}},"23":{"start":{"line":60,"column":22},"end":{"line":60,"column":90}},"24":{"start":{"line":60,"column":43},"end":{"line":60,"column":89}},"25":{"start":{"line":63,"column":22},"end":{"line":63,"column":81}},"26":{"start":{"line":63,"column":40},"end":{"line":63,"column":80}},"27":{"start":{"line":64,"column":27},"end":{"line":64,"column":60}},"28":{"start":{"line":66,"column":25},"end":{"line":135,"column":3}},"29":{"start":{"line":67,"column":23},"end":{"line":67,"column":44}},"30":{"start":{"line":68,"column":23},"end":{"line":68,"column":44}},"31":{"start":{"line":70,"column":24},"end":{"line":70,"column":49}},"32":{"start":{"line":72,"column":36},"end":{"line":72,"column":74}},"33":{"start":{"line":74,"column":4},"end":{"line":134,"column":6}},"34":{"start":{"line":87,"column":29},"end":{"line":93,"column":15}},"35":{"start":{"line":113,"column":29},"end":{"line":119,"column":15}},"36":{"start":{"line":127,"column":27},"end":{"line":127,"column":44}},"37":{"start":{"line":137,"column":2},"end":{"line":198,"column":4}},"38":{"start":{"line":143,"column":29},"end":{"line":143,"column":69}},"39":{"start":{"line":156,"column":44},"end":{"line":156,"column":71}},"40":{"start":{"line":189,"column":10},"end":{"line":189,"column":43}},"41":{"start":{"line":190,"column":10},"end":{"line":190,"column":34}},"42":{"start":{"line":201,"column":15},"end":{"line":270,"column":2}}},"fnMap":{"0":{"name":"TeamsList","decl":{"start":{"line":14,"column":24},"end":{"line":14,"column":33}},"loc":{"start":{"line":14,"column":196},"end":{"line":199,"column":1}},"line":14},"1":{"name":"(anonymous_1)","decl":{"start":{"line":19,"column":26},"end":{"line":19,"column":27}},"loc":{"start":{"line":19,"column":38},"end":{"line":30,"column":3}},"line":19},"2":{"name":"(anonymous_2)","decl":{"start":{"line":33,"column":28},"end":{"line":33,"column":29}},"loc":{"start":{"line":33,"column":93},"end":{"line":36,"column":3}},"line":33},"3":{"name":"(anonymous_3)","decl":{"start":{"line":39,"column":30},"end":{"line":39,"column":31}},"loc":{"start":{"line":39,"column":42},"end":{"line":57,"column":3}},"line":39},"4":{"name":"(anonymous_4)","decl":{"start":{"line":60,"column":35},"end":{"line":60,"column":36}},"loc":{"start":{"line":60,"column":43},"end":{"line":60,"column":89}},"line":60},"5":{"name":"(anonymous_5)","decl":{"start":{"line":63,"column":35},"end":{"line":63,"column":36}},"loc":{"start":{"line":63,"column":40},"end":{"line":63,"column":80}},"line":63},"6":{"name":"(anonymous_6)","decl":{"start":{"line":66,"column":25},"end":{"line":66,"column":26}},"loc":{"start":{"line":66,"column":42},"end":{"line":135,"column":3}},"line":66},"7":{"name":"(anonymous_7)","decl":{"start":{"line":87,"column":23},"end":{"line":87,"column":24}},"loc":{"start":{"line":87,"column":29},"end":{"line":93,"column":15}},"line":87},"8":{"name":"(anonymous_8)","decl":{"start":{"line":113,"column":23},"end":{"line":113,"column":24}},"loc":{"start":{"line":113,"column":29},"end":{"line":119,"column":15}},"line":113},"9":{"name":"(anonymous_9)","decl":{"start":{"line":127,"column":21},"end":{"line":127,"column":22}},"loc":{"start":{"line":127,"column":27},"end":{"line":127,"column":44}},"line":127},"10":{"name":"(anonymous_10)","decl":{"start":{"line":143,"column":24},"end":{"line":143,"column":25}},"loc":{"start":{"line":143,"column":29},"end":{"line":143,"column":69}},"line":143},"11":{"name":"(anonymous_11)","decl":{"start":{"line":156,"column":27},"end":{"line":156,"column":28}},"loc":{"start":{"line":156,"column":44},"end":{"line":156,"column":71}},"line":156},"12":{"name":"(anonymous_12)","decl":{"start":{"line":188,"column":17},"end":{"line":188,"column":18}},"loc":{"start":{"line":188,"column":23},"end":{"line":191,"column":9}},"line":188}},"branchMap":{"0":{"loc":{"start":{"line":14,"column":81},"end":{"line":14,"column":100}},"type":"default-arg","locations":[{"start":{"line":14,"column":95},"end":{"line":14,"column":100}}],"line":14},"1":{"loc":{"start":{"line":14,"column":102},"end":{"line":14,"column":117}},"type":"default-arg","locations":[{"start":{"line":14,"column":112},"end":{"line":14,"column":117}}],"line":14},"2":{"loc":{"start":{"line":14,"column":119},"end":{"line":14,"column":139}},"type":"default-arg","locations":[{"start":{"line":14,"column":135},"end":{"line":14,"column":139}}],"line":14},"3":{"loc":{"start":{"line":21,"column":4},"end":{"line":21,"column":58}},"type":"if","locations":[{"start":{"line":21,"column":4},"end":{"line":21,"column":58}},{"start":{},"end":{}}],"line":21},"4":{"loc":{"start":{"line":24,"column":4},"end":{"line":24,"column":29}},"type":"if","locations":[{"start":{"line":24,"column":4},"end":{"line":24,"column":29}},{"start":{},"end":{}}],"line":24},"5":{"loc":{"start":{"line":27,"column":4},"end":{"line":27,"column":54}},"type":"if","locations":[{"start":{"line":27,"column":4},"end":{"line":27,"column":54}},{"start":{},"end":{}}],"line":27},"6":{"loc":{"start":{"line":40,"column":4},"end":{"line":40,"column":32}},"type":"if","locations":[{"start":{"line":40,"column":4},"end":{"line":40,"column":32}},{"start":{},"end":{}}],"line":40},"7":{"loc":{"start":{"line":47,"column":4},"end":{"line":56,"column":5}},"type":"if","locations":[{"start":{"line":47,"column":4},"end":{"line":56,"column":5}},{"start":{"line":51,"column":11},"end":{"line":56,"column":5}}],"line":47},"8":{"loc":{"start":{"line":60,"column":43},"end":{"line":60,"column":89}},"type":"binary-expr","locations":[{"start":{"line":60,"column":43},"end":{"line":60,"column":64}},{"start":{"line":60,"column":68},"end":{"line":60,"column":89}}],"line":60},"9":{"loc":{"start":{"line":63,"column":40},"end":{"line":63,"column":80}},"type":"binary-expr","locations":[{"start":{"line":63,"column":40},"end":{"line":63,"column":58}},{"start":{"line":63,"column":62},"end":{"line":63,"column":80}}],"line":63},"10":{"loc":{"start":{"line":77,"column":9},"end":{"line":100,"column":9}},"type":"cond-expr","locations":[{"start":{"line":78,"column":10},"end":{"line":97,"column":17}},{"start":{"line":99,"column":10},"end":{"line":99,"column":45}}],"line":77},"11":{"loc":{"start":{"line":103,"column":9},"end":{"line":132,"column":9}},"type":"cond-expr","locations":[{"start":{"line":104,"column":10},"end":{"line":123,"column":17}},{"start":{"line":124,"column":12},"end":{"line":132,"column":9}}],"line":103},"12":{"loc":{"start":{"line":124,"column":12},"end":{"line":132,"column":9}},"type":"cond-expr","locations":[{"start":{"line":125,"column":10},"end":{"line":129,"column":12}},{"start":{"line":131,"column":10},"end":{"line":131,"column":45}}],"line":124},"13":{"loc":{"start":{"line":126,"column":19},"end":{"line":126,"column":50}},"type":"cond-expr","locations":[{"start":{"line":126,"column":33},"end":{"line":126,"column":41}},{"start":{"line":126,"column":44},"end":{"line":126,"column":50}}],"line":126},"14":{"loc":{"start":{"line":143,"column":29},"end":{"line":143,"column":69}},"type":"binary-expr","locations":[{"start":{"line":143,"column":29},"end":{"line":143,"column":47}},{"start":{"line":143,"column":51},"end":{"line":143,"column":69}}],"line":143},"15":{"loc":{"start":{"line":148,"column":7},"end":{"line":183,"column":7}},"type":"cond-expr","locations":[{"start":{"line":149,"column":8},"end":{"line":153,"column":10}},{"start":{"line":155,"column":8},"end":{"line":182,"column":15}}],"line":148},"16":{"loc":{"start":{"line":152,"column":16},"end":{"line":152,"column":128}},"type":"cond-expr","locations":[{"start":{"line":152,"column":26},"end":{"line":152,"column":87}},{"start":{"line":152,"column":90},"end":{"line":152,"column":128}}],"line":152},"17":{"loc":{"start":{"line":159,"column":11},"end":{"line":170,"column":11}},"type":"binary-expr","locations":[{"start":{"line":159,"column":11},"end":{"line":159,"column":27}},{"start":{"line":160,"column":12},"end":{"line":169,"column":19}}],"line":159},"18":{"loc":{"start":{"line":162,"column":15},"end":{"line":168,"column":15}},"type":"cond-expr","locations":[{"start":{"line":163,"column":16},"end":{"line":163,"column":96}},{"start":{"line":164,"column":18},"end":{"line":168,"column":15}}],"line":162},"19":{"loc":{"start":{"line":164,"column":18},"end":{"line":168,"column":15}},"type":"cond-expr","locations":[{"start":{"line":165,"column":16},"end":{"line":165,"column":102}},{"start":{"line":167,"column":16},"end":{"line":167,"column":119}}],"line":164},"20":{"loc":{"start":{"line":173,"column":11},"end":{"line":181,"column":11}},"type":"binary-expr","locations":[{"start":{"line":173,"column":11},"end":{"line":173,"column":28}},{"start":{"line":173,"column":32},"end":{"line":173,"column":44}},{"start":{"line":173,"column":48},"end":{"line":173,"column":56}},{"start":{"line":174,"column":12},"end":{"line":180,"column":31}}],"line":173},"21":{"loc":{"start":{"line":193,"column":20},"end":{"line":193,"column":52}},"type":"binary-expr","locations":[{"start":{"line":193,"column":20},"end":{"line":193,"column":46}},{"start":{"line":193,"column":50},"end":{"line":193,"column":52}}],"line":193},"22":{"loc":{"start":{"line":194,"column":16},"end":{"line":194,"column":47}},"type":"binary-expr","locations":[{"start":{"line":194,"column":16},"end":{"line":194,"column":38}},{"start":{"line":194,"column":42},"end":{"line":194,"column":47}}],"line":194},"23":{"loc":{"start":{"line":195,"column":22},"end":{"line":195,"column":59}},"type":"binary-expr","locations":[{"start":{"line":195,"column":22},"end":{"line":195,"column":50}},{"start":{"line":195,"column":54},"end":{"line":195,"column":59}}],"line":195}},"s":{"0":0,"1":0,"2":0,"3":0,"4":0,"5":0,"6":0,"7":0,"8":0,"9":0,"10":0,"11":0,"12":0,"13":0,"14":0,"15":0,"16":0,"17":0,"18":0,"19":0,"20":0,"21":0,"22":0,"23":0,"24":0,"25":0,"26":0,"27":0,"28":0,"29":0,"30":0,"31":0,"32":0,"33":0,"34":0,"35":0,"36":0,"37":0,"38":0,"39":0,"40":0,"41":0,"42":0},"f":{"0":0,"1":0,"2":0,"3":0,"4":0,"5":0,"6":0,"7":0,"8":0,"9":0,"10":0,"11":0,"12":0},"b":{"0":[0],"1":[0],"2":[0],"3":[0,0],"4":[0,0],"5":[0,0],"6":[0,0],"7":[0,0],"8":[0,0],"9":[0,0],"10":[0,0],"11":[0,0],"12":[0,0],"13":[0,0],"14":[0,0],"15":[0,0],"16":[0,0],"17":[0,0],"18":[0,0],"19":[0,0],"20":[0,0,0,0],"21":[0,0],"22":[0,0],"23":[0,0]}}
[...]
,"column":11},"end":{"line":197,"column":5}},"78":{"start":{"line":191,"column":6},"end":{"line":191,"column":70}},"79":{"start":{"line":192,"column":11},"end":{"line":197,"column":5}},"80":{"start":{"line":193,"column":6},"end":{"line":193,"column":74}},"81":{"start":{"line":195,"column":24},"end":{"line":195,"column":51}},"82":{"start":{"line":196,"column":6},"end":{"line":196,"column":70}},"83":{"start":{"line":201,"column":25},"end":{"line":201,"column":77}},"84":{"start":{"line":202,"column":2},"end":{"line":202,"column":43}},"85":{"start":{"line":202,"column":28},"end":{"line":202,"column":43}},"86":{"start":{"line":203,"column":2},"end":{"line":203,"column":46}},"87":{"start":{"line":203,"column":28},"end":{"line":203,"column":46}},"88":{"start":{"line":204,"column":2},"end":{"line":204,"column":61}},"89":{"start":{"line":204,"column":26},"end":{"line":204,"column":61}},"90":{"start":{"line":206,"column":2},"end":{"line":206,"column":34}}},"fnMap":{"0":{"name":"formatDateTime","decl":{"start":{"line":19,"column":16},"end":{"line":19,"column":30}},"loc":{"start":{"line":19,"column":37},"end":{"line":52,"column":1}},"line":19},"1":{"name":"formatDate","decl":{"start":{"line":60,"column":16},"end":{"line":60,"column":26}},"loc":{"start":{"line":60,"column":33},"end":{"line":76,"column":1}},"line":60},"2":{"name":"formatTime","decl":{"start":{"line":84,"column":16},"end":{"line":84,"column":26}},"loc":{"start":{"line":84,"column":33},"end":{"line":100,"column":1}},"line":84},"3":{"name":"formatShortDate","decl":{"start":{"line":108,"column":16},"end":{"line":108,"column":31}},"loc":{"start":{"line":108,"column":38},"end":{"line":124,"column":1}},"line":108},"4":{"name":"isPastDate","decl":{"start":{"line":132,"column":16},"end":{"line":132,"column":26}},"loc":{"start":{"line":132,"column":33},"end":{"line":147,"column":1}},"line":132},"5":{"name":"getRelativeTime","decl":{"start":{"line":155,"column":16},"end":{"line":155,"column":31}},"loc":{"start":{"line":155,"column":38},"end":{"line":207,"column":1}},"line":155}},"branchMap":{"0":{"loc":{"start":{"line":20,"column":2},"end":{"line":20,"column":26}},"type":"if","locations":[{"start":{"line":20,"column":2},"end":{"line":20,"column":26}},{"start":{},"end":{}}],"line":20},"1":{"loc":{"start":{"line":25,"column":2},"end":{"line":36,"column":3}},"type":"if","locations":[{"start":{"line":25,"column":2},"end":{"line":36,"column":3}},{"start":{"line":27,"column":9},"end":{"line":36,"column":3}}],"line":25},"2":{"loc":{"start":{"line":27,"column":9},"end":{"line":36,"column":3}},"type":"if","locations":[{"start":{"line":27,"column":9},"end":{"line":36,"column":3}},{"start":{"line":34,"column":9},"end":{"line":36,"column":3}}],"line":27},"3":{"loc":{"start":{"line":29,"column":4},"end":{"line":31,"column":5}},"type":"if","locations":[{"start":{"line":29,"column":4},"end":{"line":31,"column":5}},{"start":{},"end":{}}],"line":29},"4":{"loc":{"start":{"line":39,"column":2},"end":{"line":41,"column":3}},"type":"if","locations":[{"start":{"line":39,"column":2},"end":{"line":41,"column":3}},{"start":{},"end":{}}],"line":39},"5":{"loc":{"start":{"line":61,"column":2},"end":{"line":61,"column":26}},"type":"if","locations":[{"start":{"line":61,"column":2},"end":{"line":61,"column":26}},{"start":{},"end":{}}],"line":61},"6":{"loc":{"start":{"line":64,"column":2},"end":{"line":68,"column":3}},"type":"if","locations":[{"start":{"line":64,"column":2},"end":{"line":68,"column":3}},{"start":{"line":66,"column":9},"end":{"line":68,"column":3}}],"line":64},"7":{"loc":{"start":{"line":70,"column":2},"end":{"line":72,"column":3}},"type":"if","locations":[{"start":{"line":70,"column":2},"end":{"line":72,"column":3}},{"start":{},"end":{}}],"line":70},"8":{"loc":{"start":{"line":85,"column":2},"end":{"line":85,"column":26}},"type":"if","locations":[{"start":{"line":85,"column":2},"end":{"line":85,"column":26}},{"start":{},"end":{}}],"line":85},"9":{"loc":{"start":{"line":88,"column":2},"end":{"line":92,"column":3}},"type":"if","locations":[{"start":{"line":88,"column":2},"end":{"line":92,"column":3}},{"start":{"line":90,"column":9},"end":{"line":92,"column":3}}],"line":88},"10":{"loc":{"start":{"line":94,"column":2},"end":{"line":96,"column":3}},"type":"if","locations":[{"start":{"line":94,"column":2},"end":{"line":96,"column":3}},{"start":{},"end":{}}],"line":94},"11":{"loc":{"start":{"line":109,"column":2},"end":{"line":109,"column":26}},"type":"if","locations":[{"start":{"line":109,"column":2},"end":{"line":109,"column":26}},{"start":{},"end":{}}],"line":109},"12":{"loc":{"start":{"line":112,"column":2},"end":{"line":116,"column":3}},"type":"if","locations":[{"start":{"line":112,"column":2},"end":{"line":116,"column":3}},{"start":{"line":114,"column":9},"end":{"line":116,"column":3}}],"line":112},"13":{"loc":{"start":{"line":118,"column":2},"end":{"line":120,"column":3}},"type":"if","locations":[{"start":{"line":118,"column":2},"end":{"line":120,"column":3}},{"start":{},"end":{}}],"line":118},"14":{"loc":{"start":{"line":133,"column":2},"end":{"line":133,"column":26}},"type":"if","locations":[{"start":{"line":133,"column":2},"end":{"line":133,"column":26}},{"start":{},"end":{}}],"line":133},"15":{"loc":{"start":{"line":136,"column":2},"end":{"line":140,"column":3}},"type":"if","locations":[{"start":{"line":136,"column":2},"end":{"line":140,"column":3}},{"start":{"line":138,"column":9},"end":{"line":140,"column":3}}],"line":136},"16":{"loc":{"start":{"line":142,"column":2},"end":{"line":144,"column":3}},"type":"if","locations":[{"start":{"line":142,"column":2},"end":{"line":144,"column":3}},{"start":{},"end":{}}],"line":142},"17":{"loc":{"start":{"line":156,"column":2},"end":{"line":156,"column":23}},"type":"if","locations":[{"start":{"line":156,"column":2},"end":{"line":156,"column":23}},{"start":{},"end":{}}],"line":156},"18":{"loc":{"start":{"line":159,"column":2},"end":{"line":163,"column":3}},"type":"if","locations":[{"start":{"line":159,"column":2},"end":{"line":163,"column":3}},{"start":{"line":161,"column":9},"end":{"line":163,"column":3}}],"line":159},"19":{"loc":{"start":{"line":165,"column":2},"end":{"line":167,"column":3}},"type":"if","locations":[{"start":{"line":165,"column":2},"end":{"line":167,"column":3}},{"start":{},"end":{}}],"line":165},"20":{"loc":{"start":{"line":179,"column":2},"end":{"line":198,"column":3}},"type":"if","locations":[{"start":{"line":179,"column":2},"end":{"line":198,"column":3}},{"start":{},"end":{}}],"line":179},"21":{"loc":{"start":{"line":180,"column":4},"end":{"line":197,"column":5}},"type":"if","locations":[{"start":{"line":180,"column":4},"end":{"line":197,"column":5}},{"start":{"line":182,"column":11},"end":{"line":197,"column":5}}],"line":180},"22":{"loc":{"start":{"line":182,"column":11},"end":{"line":197,"column":5}},"type":"if","locations":[{"start":{"line":182,"column":11},"end":{"line":197,"column":5}},{"start":{"line":184,"column":11},"end":{"line":197,"column":5}}],"line":182},"23":{"loc":{"start":{"line":183,"column":31},"end":{"line":183,"column":65}},"type":"cond-expr","locations":[{"start":{"line":183,"column":51},"end":{"line":183,"column":56}},{"start":{"line":183,"column":59},"end":{"line":183,"column":65}}],"line":183},"24":{"loc":{"start":{"line":184,"column":11},"end":{"line":197,"column":5}},"type":"if","locations":[{"start":{"line":184,"column":11},"end":{"line":197,"column":5}},{"start":{"line":186,"column":11},"end":{"line":197,"column":5}}],"line":184},"25":{"loc":{"start":{"line":185,"column":29},"end":{"line":185,"column":63}},"type":"cond-expr","locations":[{"start":{"line":185,"column":47},"end":{"line":185,"column":53}},{"start":{"line":185,"column":56},"end":{"line":185,"column":63}}],"line":185},"26":{"loc":{"start":{"line":186,"column":11},"end":{"line":197,"column":5}},"type":"if","locations":[{"start":{"line":186,"column":11},"end":{"line":197,"column":5}},{"start":{"line":188,"column":11},"end":{"line":197,"column":5}}],"line":186},"27":{"loc":{"start":{"line":188,"column":11},"end":{"line":197,"column":5}},"type":"if","locations":[{"start":{"line":188,"column":11},"end":{"line":197,"column":5}},{"start":{"line":190,"column":11},"end":{"line":197,"column":5}}],"line":188},"28":{"loc":{"start":{"line":190,"column":11},"end":{"line":197,"column":5}},"type":"if","locations":[{"start":{"line":190,"column":11},"end":{"line":197,"column":5}},{"start":{"line":192,"column":11},"end":{"line":197,"column":5}}],"line":190},"29":{"loc":{"start":{"line":191,"column":29},"end":{"line":191,"column":63}},"type":"cond-expr","locations":[{"start":{"line":191,"column":47},"end":{"line":191,"column":53}},{"start":{"line":191,"column":56},"end":{"line":191,"column":63}}],"line":191},"30":{"loc":{"start":{"line":192,"column":11},"end":{"line":197,"column":5}},"type":"if","locations":[{"start":{"line":192,"column":11},"end":{"line":197,"column":5}},{"start":{"line":194,"column":11},"end":{"line":197,"column":5}}],"line":192},"31":{"loc":{"start":{"line":193,"column":30},"end":{"line":193,"column":67}},"type":"cond-expr","locations":[{"start":{"line":193,"column":49},"end":{"line":193,"column":56}},{"start":{"line":193,"column":59},"end":{"line":193,"column":67}}],"line":193},"32":{"loc":{"start":{"line":196,"column":29},"end":{"line":196,"column":63}},"type":"cond-expr","locations":[{"start":{"line":196,"column":47},"end":{"line":196,"column":53}},{"start":{"line":196,"column":56},"end":{"line":196,"column":63}}],"line":196},"33":{"loc":{"start":{"line":202,"column":2},"end":{"line":202,"column":43}},"type":"if","locations":[{"start":{"line":202,"column":2},"end":{"line":202,"column":43}},{"start":{},"end":{}}],"line":202},"34":{"loc":{"start":{"line":203,"column":2},"end":{"line":203,"column":46}},"type":"if","locations":[{"start":{"line":203,"column":2},"end":{"line":203,"column":46}},{"start":{},"end":{}}],"line":203},"35":{"loc":{"start":{"line":204,"column":2},"end":{"line":204,"column":61}},"type":"if","locations":[{"start":{"line":204,"column":2},"end":{"line":204,"column":61}},{"start":{},"end":{}}],"line":204}},"s":{"0":7,"1":2,"2":5,"3":1,"4":4,"5":3,"6":1,"7":2,"8":1,"9":3,"10":1,"11":2,"12":2,"13":2,"14":2,"15":2,"16":0,"17":0,"18":0,"19":0,"20":0,"21":0,"22":0,"23":0,"24":0,"25":0,"26":0,"27":0,"28":0,"29":0,"30":0,"31":0,"32":0,"33":0,"34":0,"35":0,"36":0,"37":0,"38":0,"39":0,"40":0,"41":0,"42":0,"43":0,"44":0,"45":0,"46":0,"47":0,"48":0,"49":0,"50":0,"51":0,"52":0,"53":0,"54":0,"55":0,"56":0,"57":0,"58":0,"59":0,"60":0,"61":0,"62":0,"63":0,"64":0,"65":0,"66":0,"67":0,"68":0,"69":0,"70":0,"71":0,"72":0,"73":0,"74":0,"75":0,"76":0,"77":0,"78":0,"79":0,"80":0,"81":0,"82":0,"83":0,"84":0,"85":0,"86":0,"87":0,"88":0,"89":0,"90":0},"f":{"0":7,"1":0,"2":0,"3":0,"4":0,"5":0},"b":{"0":[2,5],"1":[1,4],"2":[3,1],"3":[1,2],"4":[1,2],"5":[0,0],"6":[0,0],"7":[0,0],"8":[0,0],"9":[0,0],"10":[0,0],"11":[0,0],"12":[0,0],"13":[0,0],"14":[0,0],"15":[0,0],"16":[0,0],"17":[0,0],"18":[0,0],"19":[0,0],"20":[0,0],"21":[0,0],"22":[0,0],"23":[0,0],"24":[0,0],"25":[0,0],"26":[0,0],"27":[0,0],"28":[0,0],"29":[0,0],"30":[0,0],"31":[0,0],"32":[0,0],"33":[0,0],"34":[0,0],"35":[0,0]},"_coverageSchema":"1a1c01bbd47fc00a2c39e90264f33305004495a9","hash":"bab0374f1ca18f97438b292ec4168cd687fcfa64"}
,"/Users/magedmorsy/Downloads/smash-app/src/utils/statsCalculator.js": {"path":"/Users/magedmorsy/Downloads/smash-app/src/utils/statsCalculator.js","statementMap":{"0":{"start":{"line":11,"column":36},"end":{"line":80,"column":1}},"1":{"start":{"line":12,"column":2},"end":{"line":19,"column":3}},"2":{"start":{"line":13,"column":4},"end":{"line":18,"column":6}},"3":{"start":{"line":21,"column":26},"end":{"line":21,"column":27}},"4":{"start":{"line":22,"column":20},"end":{"line":22,"column":21}},"5":{"start":{"line":23,"column":19},"end":{"line":23,"column":20}},"6":{"start":{"line":24,"column":22},"end":{"line":24,"column":23}},"7":{"start":{"line":26,"column":2},"end":{"line":72,"column":5}},"8":{"start":{"line":28,"column":21},"end":{"line":30,"column":5}},"9":{"start":{"line":29,"column":6},"end":{"line":29,"column":72}},"10":{"start":{"line":32,"column":4},"end":{"line":34,"column":5}},"11":{"start":{"line":33,"column":6},"end":{"line":33,"column":13}},"12":{"start":{"line":37,"column":4},"end":{"line":37,"column":24}},"13":{"start":{"line":40,"column":4},"end":{"line":51,"column":5}},"14":{"start":{"line":42,"column":6},"end":{"line":50,"column":7}},"15":{"start":{"line":44,"column":27},"end":{"line":46,"column":9}},"16":{"start":{"line":45,"column":11},"end":{"line":45,"column":103}},"17":{"start":{"line":47,"column":8},"end":{"line":49,"column":9}},"18":{"start":{"line":48,"column":10},"end":{"line":48,"column":24}},"19":{"start":{"line":54,"column":4},"end":{"line":71,"column":5}},"20":{"start":{"line":55,"column":6},"end":{"line":70,"column":9}},"21":{"start":{"line":57,"column":31},"end":{"line":57,"column":119}},"22":{"start":{"line":58,"column":32},"end":{"line":58,"column":122}},"23":{"start":{"line":60,"column":8},"end":{"line":69,"column":9}},"24":{"start":{"line":61,"column":10},"end":{"line":61,"column":26}},"25":{"start":{"line":64,"column":10},"end":{"line":68,"column":11}},"26":{"start":{"line":65,"column":12},"end":{"line":67,"column":13}},"27":{"start":{"line":66,"column":14},"end":{"line":66,"column":27}},"28":{"start":{"line":74,"column":2},"end":{"line":79,"column":4}},"29":{"start":{"line":88,"column":32},"end":{"line":91,"column":1}},"30":{"start":{"line":89,"column":2},"end":{"line":89,"column":36}},"31":{"start":{"line":89,"column":27},"end":{"line":89,"column":36}},"32":{"start":{"line":90,"column":2},"end":{"line":90,"column":56}}},"fnMap":{"0":{"name":"(anonymous_0)","decl":{"start":{"line":11,"column":36},"end":{"line":11,"column":37}},"loc":{"start":{"line":11,"column":61},"end":{"line":80,"column":1}},"line":11},"1":{"name":"(anonymous_1)","decl":{"start":{"line":26,"column":22},"end":{"line":26,"column":23}},"loc":{"start":{"line":26,"column":36},"end":{"line":72,"column":3}},"line":26},"2":{"name":"(anonymous_2)","decl":{"start":{"line":28,"column":44},"end":{"line":28,"column":45}},"loc":{"start":{"line":29,"column":6},"end":{"line":29,"column":72}},"line":29},"3":{"name":"(anonymous_3)","decl":{"start":{"line":44,"column":50},"end":{"line":44,"column":51}},"loc":{"start":{"line":45,"column":11},"end":{"line":45,"column":103}},"line":45},"4":{"name":"(anonymous_4)","decl":{"start":{"line":55,"column":33},"end":{"line":55,"column":34}},"loc":{"start":{"line":55,"column":42},"end":{"line":70,"column":7}},"line":55},"5":{"name":"(anonymous_5)","decl":{"start":{"line":88,"column":32},"end":{"line":88,"column":33}},"loc":{"start":{"line":88,"column":63},"end":{"line":91,"column":1}},"line":88}},"branchMap":{"0":{"loc":{"start":{"line":12,"column":2},"end":{"line":19,"column":3}},"type":"if","locations":[{"start":{"line":12,"column":2},"end":{"line":19,"column":3}},{"start":{},"end":{}}],"line":12},"1":{"loc":{"start":{"line":12,"column":6},"end":{"line":12,"column":29}},"type":"binary-expr","locations":[{"start":{"line":12,"column":6},"end":{"line":12,"column":18}},{"start":{"line":12,"column":22},"end":{"line":12,"column":29}}],"line":12},"2":{"loc":{"start":{"line":29,"column":6},"end":{"line":29,"column":72}},"type":"binary-expr","locations":[{"start":{"line":29,"column":6},"end":{"line":29,"column":37}},{"start":{"line":29,"column":41},"end":{"line":29,"column":72}}],"line":29},"3":{"loc":{"start":{"line":32,"column":4},"end":{"line":34,"column":5}},"type":"if","locations":[{"start":{"line":32,"column":4},"end":{"line":34,"column":5}},{"start":{},"end":{}}],"line":32},"4":{"loc":{"start":{"line":40,"column":4},"end":{"line":51,"column":5}},"type":"if","locations":[{"start":{"line":40,"column":4},"end":{"line":51,"column":5}},{"start":{},"end":{}}],"line":40},"5":{"loc":{"start":{"line":40,"column":8},"end":{"line":40,"column":64}},"type":"binary-expr","locations":[{"start":{"line":40,"column":8},"end":{"line":40,"column":41}},{"start":{"line":40,"column":45},"end":{"line":40,"column":64}}],"line":40},"6":{"loc":{"start":{"line":42,"column":6},"end":{"line":50,"column":7}},"type":"if","locations":[{"start":{"line":42,"column":6},"end":{"line":50,"column":7}},{"start":{},"end":{}}],"line":42},"7":{"loc":{"start":{"line":42,"column":10},"end":{"line":42,"column":84}},"type":"binary-expr","locations":[{"start":{"line":42,"column":10},"end":{"line":42,"column":45}},{"start":{"line":42,"column":49},"end":{"line":42,"column":84}}],"line":42},"8":{"loc":{"start":{"line":45,"column":11},"end":{"line":45,"column":103}},"type":"binary-expr","locations":[{"start":{"line":45,"column":11},"end":{"line":45,"column":55}},{"start":{"line":45,"column":59},"end":{"line":45,"column":103}}],"line":45},"9":{"loc":{"start":{"line":47,"column":8},"end":{"line":49,"column":9}},"type":"if","locations":[{"start":{"line":47,"column":8},"end":{"line":49,"column":9}},{"start":{},"end":{}}],"line":47},"10":{"loc":{"start":{"line":54,"column":4},"end":{"line":71,"column":5}},"type":"if","locations":[{"start":{"line":54,"column":4},"end":{"line":71,"column":5}},{"start":{},"end":{}}],"line":54},"11":{"loc":{"start":{"line":54,"column":8},"end":{"line":54,"column":63}},"type":"binary-expr","locations":[{"start":{"line":54,"column":8},"end":{"line":54,"column":26}},{"start":{"line":54,"column":30},"end":{"line":54,"column":63}}],"line":54},"12":{"loc":{"start":{"line":57,"column":31},"end":{"line":57,"column":119}},"type":"binary-expr","locations":[{"start":{"line":57,"column":31},"end":{"line":57,"column":73}},{"start":{"line":57,"column":77},"end":{"line":57,"column":119}}],"line":57},"13":{"loc":{"start":{"line":58,"column":32},"end":{"line":58,"column":122}},"type":"binary-expr","locations":[{"start":{"line":58,"column":32},"end":{"line":58,"column":75}},{"start":{"line":58,"column":79},"end":{"line":58,"column":122}}],"line":58},"14":{"loc":{"start":{"line":60,"column":8},"end":{"line":69,"column":9}},"type":"if","locations":[{"start":{"line":60,"column":8},"end":{"line":69,"column":9}},{"start":{},"end":{}}],"line":60},"15":{"loc":{"start":{"line":60,"column":12},"end":{"line":60,"column":45}},"type":"binary-expr","locations":[{"start":{"line":60,"column":12},"end":{"line":60,"column":26}},{"start":{"line":60,"column":30},"end":{"line":60,"column":45}}],"line":60},"16":{"loc":{"start":{"line":64,"column":10},"end":{"line":68,"column":11}},"type":"if","locations":[{"start":{"line":64,"column":10},"end":{"line":68,"column":11}},{"start":{},"end":{}}],"line":64},"17":{"loc":{"start":{"line":65,"column":12},"end":{"line":67,"column":13}},"type":"if","locations":[{"start":{"line":65,"column":12},"end":{"line":67,"column":13}},{"start":{},"end":{}}],"line":65},"18":{"loc":{"start":{"line":65,"column":16},"end":{"line":65,"column":108}},"type":"binary-expr","locations":[{"start":{"line":65,"column":17},"end":{"line":65,"column":40}},{"start":{"line":65,"column":44},"end":{"line":65,"column":58}},{"start":{"line":65,"column":64},"end":{"line":65,"column":88}},{"start":{"line":65,"column":92},"end":{"line":65,"column":107}}],"line":65},"19":{"loc":{"start":{"line":89,"column":2},"end":{"line":89,"column":36}},"type":"if","locations":[{"start":{"line":89,"column":2},"end":{"line":89,"column":36}},{"start":{},"end":{}}],"line":89}},"s":{"0":1,"1":16,"2":2,"3":14,"4":14,"5":14,"6":14,"7":14,"8":17,"9":17,"10":17,"11":2,"12":15,"13":15,"14":4,"15":4,"16":6,"17":4,"18":2,"19":15,"20":8,"21":13,"22":13,"23":13,"24":13,"25":13,"26":11,"27":7,"28":14,"29":1,"30":6,"31":1,"32":5},"f":{"0":16,"1":17,"2":17,"3":6,"4":13,"5":6},"b":{"0":[2,14],"1":[16,15],"2":[17,4],"3":[2,15],"4":[4,11],"5":[15,4],"6":[4,0],"7":[4,0],"8":[6,2],"9":[2,2],"10":[8,7],"11":[15,8],"12":[13,3],"13":[13,10],"14":[13,0],"15":[13,3],"16":[11,2],"17":[7,4],"18":[11,7,5,4],"19":[1,5]},"_coverageSchema":"1a1c01bbd47fc00a2c39e90264f33305004495a9","hash":"04768f90a22f5dd2e93a4db3340c5ae23725a90e"}
}
