TN:
SF:src/components/match/MatchCard.jsx
FN:17,MatchCard
FN:52,(anonymous_1)
FN:65,(anonymous_2)
FN:75,(anonymous_3)
FN:84,(anonymous_4)
FN:99,(anonymous_5)
FNF:6
FNH:4
FNDA:38,MatchCard
FNDA:32,(anonymous_1)
FNDA:0,(anonymous_2)
FNDA:0,(anonymous_3)
FNDA:34,(anonymous_4)
FNDA:8,(anonymous_5)
DA:38,38
DA:39,4
DA:43,34
DA:46,34
DA:49,34
DA:52,34
DA:53,32
DA:54,4
DA:56,4
DA:65,34
DA:66,0
DA:67,0
DA:75,34
DA:76,0
DA:84,34
DA:85,34
DA:100,8
DA:172,34
DA:205,1
LF:19
LH:16
BRDA:18,0,0,0
BRDA:26,1,0,0
BRDA:28,2,0,31
BRDA:33,3,0,36
BRDA:34,4,0,34
BRDA:35,5,0,33
BRDA:38,6,0,4
BRDA:38,6,1,34
BRDA:38,7,0,38
BRDA:38,7,1,37
BRDA:38,7,2,36
BRDA:38,7,3,35
BRDA:46,8,0,4
BRDA:46,8,1,30
BRDA:53,9,0,4
BRDA:53,9,1,28
BRDA:97,10,0,5
BRDA:97,10,1,29
BRDA:97,11,0,34
BRDA:97,11,1,5
BRDA:102,12,0,8
BRDA:102,12,1,3
BRDA:124,13,0,34
BRDA:124,13,1,33
BRDA:133,14,0,34
BRDA:133,14,1,33
BRDA:147,15,0,33
BRDA:147,15,1,1
BRDA:152,16,0,34
BRDA:152,16,1,29
BRDA:152,16,2,3
BRDA:161,17,0,34
BRDA:161,17,1,5
BRDA:161,17,2,4
BRDA:161,17,3,3
BRDA:163,18,0,1
BRDA:163,18,1,2
BRDA:172,19,0,2
BRDA:172,19,1,32
BRDA:187,20,0,2
BRDA:187,20,1,1
BRDA:198,21,0,32
BRDA:198,21,1,1
BRF:43
BRH:41
end_of_record
TN:
SF:src/components/match/RecordScoreModal.jsx
FN:13,RecordScoreModal
FN:22,(anonymous_1)
FN:27,(anonymous_2)
FN:43,(anonymous_3)
FN:46,(anonymous_4)
FN:52,(anonymous_5)
FN:85,(anonymous_6)
FN:108,(anonymous_7)
FN:191,(anonymous_8)
FN:194,(anonymous_9)
FN:197,(anonymous_10)
FN:198,(anonymous_11)
FN:232,(anonymous_12)
FN:237,(anonymous_13)
FN:240,(anonymous_14)
FN:241,(anonymous_15)
FNF:16
FNH:0
FNDA:0,RecordScoreModal
FNDA:0,(anonymous_1)
FNDA:0,(anonymous_2)
FNDA:0,(anonymous_3)
FNDA:0,(anonymous_4)
FNDA:0,(anonymous_5)
FNDA:0,(anonymous_6)
FNDA:0,(anonymous_7)
FNDA:0,(anonymous_8)
FNDA:0,(anonymous_9)
FNDA:0,(anonymous_10)
FNDA:0,(anonymous_11)
FNDA:0,(anonymous_12)
FNDA:0,(anonymous_13)
FNDA:0,(anonymous_14)
FNDA:0,(anonymous_15)
DA:14,0
DA:15,0
DA:16,0
DA:19,0
DA:22,0
DA:23,0
DA:24,0
DA:25,0
DA:27,0
DA:28,0
DA:29,0
DA:30,0
DA:34,0
DA:35,0
DA:36,0
DA:38,0
DA:39,0
DA:43,0
DA:44,0
DA:46,0
DA:47,0
DA:52,0
DA:54,0
DA:56,0
DA:57,0
DA:58,0
DA:59,0
DA:61,0
DA:62,0
DA:63,0
DA:69,0
DA:70,0
DA:78,0
DA:79,0
DA:80,0
DA:85,0
DA:87,0
DA:88,0
DA:91,0
DA:92,0
DA:100,0
DA:101,0
DA:102,0
DA:108,0
DA:110,0
DA:111,0
DA:112,0
DA:113,0
DA:121,0
DA:122,0
DA:127,0
DA:130,0
DA:131,0
DA:134,0
DA:137,0
DA:138,0
DA:140,0
DA:142,0
DA:192,0
DA:194,0
DA:197,0
DA:198,0
DA:233,0
DA:234,0
DA:237,0
DA:240,0
DA:241,0
DA:269,0
LF:68
LH:0
BRDA:23,0,0,0
BRDA:23,0,1,0
BRDA:23,1,0,0
BRDA:23,1,1,0
BRDA:28,2,0,0
BRDA:28,2,1,0
BRDA:36,3,0,0
BRDA:36,3,1,0
BRDA:44,4,0,0
BRDA:44,4,1,0
BRDA:44,5,0,0
BRDA:44,5,1,0
BRDA:54,6,0,0
BRDA:54,6,1,0
BRDA:56,7,0,0
BRDA:56,7,1,0
BRDA:69,8,0,0
BRDA:69,8,1,0
BRDA:79,9,0,0
BRDA:79,9,1,0
BRDA:87,10,0,0
BRDA:87,10,1,0
BRDA:88,11,0,0
BRDA:88,11,1,0
BRDA:91,12,0,0
BRDA:91,12,1,0
BRDA:101,13,0,0
BRDA:101,13,1,0
BRDA:112,14,0,0
BRDA:112,14,1,0
BRDA:112,15,0,0
BRDA:112,15,1,0
BRDA:121,16,0,0
BRDA:121,16,1,0
BRDA:134,17,0,0
BRDA:134,17,1,0
BRDA:137,18,0,0
BRDA:137,18,1,0
BRDA:138,19,0,0
BRDA:138,19,1,0
BRDA:140,20,0,0
BRDA:140,20,1,0
BRDA:140,21,0,0
BRDA:140,21,1,0
BRF:44
BRH:0
end_of_record
TN:
SF:src/components/match/UpcomingMatchWrapper.jsx
FN:7,UpcomingMatchWrapper
FNF:1
FNH:0
FNDA:0,UpcomingMatchWrapper
DA:8,0
DA:16,0
LF:2
LH:0
BRF:0
BRH:0
end_of_record
TN:
SF:src/components/notification/NotificationItem.jsx
FN:23,NotificationItem
FN:47,(anonymous_1)
FNF:2
FNH:0
FNDA:0,NotificationItem
FNDA:0,(anonymous_1)
DA:34,0
DA:39,0
DA:47,0
DA:49,0
DA:50,0
DA:53,0
DA:54,0
DA:55,0
DA:58,0
DA:59,0
DA:60,0
DA:61,0
DA:67,0
DA:72,0
DA:76,0
DA:77,0
DA:78,0
DA:79,0
DA:85,0
DA:90,0
DA:94,0
DA:95,0
DA:103,0
DA:104,0
DA:107,0
DA:110,0
DA:161,0
LF:27
LH:0
BRDA:23,0,0,0
BRDA:39,1,0,0
BRDA:39,1,1,0
BRDA:39,1,2,0
BRDA:39,1,3,0
BRDA:39,1,4,0
BRDA:49,2,0,0
BRDA:49,2,1,0
BRDA:58,3,0,0
BRDA:58,3,1,0
BRDA:58,4,0,0
BRDA:58,4,1,0
BRDA:60,5,0,0
BRDA:60,5,1,0
BRDA:76,6,0,0
BRDA:76,6,1,0
BRDA:76,7,0,0
BRDA:76,7,1,0
BRDA:78,8,0,0
BRDA:78,8,1,0
BRDA:94,9,0,0
BRDA:94,9,1,0
BRDA:103,10,0,0
BRDA:103,10,1,0
BRDA:120,11,0,0
BRDA:120,11,1,0
BRDA:123,12,0,0
BRDA:123,12,1,0
BRDA:124,13,0,0
BRDA:124,13,1,0
BRDA:124,14,0,0
BRDA:124,14,1,0
BRDA:139,15,0,0
BRDA:139,15,1,0
BRDA:152,16,0,0
BRDA:152,16,1,0
BRDA:156,17,0,0
BRDA:156,17,1,0
BRF:38
BRH:0
end_of_record
TN:
SF:src/components/profile/EditProfileModal.jsx
FN:16,EditProfileModal
FN:24,(anonymous_1)
FN:32,(anonymous_2)
FN:61,(anonymous_3)
FNF:4
FNH:0
FNDA:0,EditProfileModal
FNDA:0,(anonymous_1)
FNDA:0,(anonymous_2)
FNDA:0,(anonymous_3)
DA:17,0
DA:18,0
DA:19,0
DA:20,0
DA:21,0
DA:24,0
DA:25,0
DA:26,0
DA:27,0
DA:28,0
DA:32,0
DA:33,0
DA:34,0
DA:36,0
DA:37,0
DA:42,0
DA:45,0
DA:52,0
DA:53,0
DA:56,0
DA:57,0
DA:61,0
DA:63,0
DA:64,0
DA:65,0
DA:67,0
DA:68,0
DA:69,0
DA:72,0
DA:74,0
DA:76,0
DA:77,0
DA:83,0
DA:85,0
DA:87,0
DA:91,0
DA:92,0
DA:94,0
DA:98,0
DA:177,0
LF:40
LH:0
BRDA:25,0,0,0
BRDA:25,0,1,0
BRDA:25,1,0,0
BRDA:25,1,1,0
BRDA:26,2,0,0
BRDA:26,2,1,0
BRDA:27,3,0,0
BRDA:27,3,1,0
BRDA:28,4,0,0
BRDA:28,4,1,0
BRDA:36,5,0,0
BRDA:36,5,1,0
BRDA:52,6,0,0
BRDA:52,6,1,0
BRDA:52,7,0,0
BRDA:52,7,1,0
BRDA:63,8,0,0
BRDA:63,8,1,0
BRDA:67,9,0,0
BRDA:67,9,1,0
BRDA:76,10,0,0
BRDA:76,10,1,0
BRDA:83,11,0,0
BRDA:83,11,1,0
BRDA:87,12,0,0
BRDA:87,12,1,0
BRF:26
BRH:0
end_of_record
TN:
SF:src/components/tournament/AddRulesModal.jsx
FN:6,AddRulesModal
FN:9,(anonymous_1)
FNF:2
FNH:0
FNDA:0,AddRulesModal
FNDA:0,(anonymous_1)
DA:7,0
DA:9,0
DA:10,0
DA:11,0
DA:14,0
LF:5
LH:0
BRDA:7,0,0,0
BRDA:7,0,1,0
BRF:2
BRH:0
end_of_record
TN:
SF:src/components/tournament/CreateTeamBottomSheet.jsx
FN:13,CreateTeamBottomSheet
FNF:1
FNH:0
FNDA:0,CreateTeamBottomSheet
DA:19,0
DA:20,0
DA:23,0
DA:24,0
DA:25,0
DA:27,0
DA:102,0
LF:7
LH:0
BRDA:60,0,0,0
BRDA:60,0,1,0
BRDA:63,1,0,0
BRDA:63,1,1,0
BRF:4
BRH:0
end_of_record
TN:
SF:src/components/tournament/CreateTournamentModal.jsx
FN:8,CreateTournamentModal
FNF:1
FNH:0
FNDA:0,CreateTournamentModal
DA:15,0
DA:22,0
DA:49,0
LF:3
LH:0
BRDA:12,0,0,0
BRDA:13,1,0,0
BRF:2
BRH:0
end_of_record
TN:
SF:src/components/tournament/GroupsPreviewModal.jsx
FN:12,GroupsPreviewModal
FN:16,(anonymous_1)
FN:20,(anonymous_2)
FN:70,(anonymous_3)
FN:75,(anonymous_4)
FN:76,(anonymous_5)
FNF:6
FNH:0
FNDA:0,GroupsPreviewModal
FNDA:0,(anonymous_1)
FNDA:0,(anonymous_2)
FNDA:0,(anonymous_3)
FNDA:0,(anonymous_4)
FNDA:0,(anonymous_5)
DA:13,0
DA:14,0
DA:16,0
DA:17,0
DA:20,0
DA:23,0
DA:24,0
DA:27,0
DA:30,0
DA:32,0
DA:71,0
DA:75,0
DA:77,0
DA:120,0
LF:14
LH:0
BRDA:23,0,0,0
BRDA:23,0,1,0
BRDA:30,1,0,0
BRDA:30,1,1,0
BRDA:55,2,0,0
BRDA:55,2,1,0
BRDA:75,3,0,0
BRDA:75,3,1,0
BRDA:75,3,2,0
BRF:9
BRH:0
end_of_record
TN:
SF:src/components/tournament/JoinTeamBottomSheet.jsx
FN:12,JoinTeamBottomSheet
FNF:1
FNH:0
FNDA:0,JoinTeamBottomSheet
DA:19,0
DA:20,0
DA:23,0
DA:24,0
DA:25,0
DA:27,0
DA:100,0
LF:7
LH:0
BRDA:74,0,0,0
BRDA:74,0,1,0
BRF:2
BRH:0
end_of_record
TN:
SF:src/components/tournament/RemovePlayerButton.jsx
FN:6,RemovePlayerButton
FN:15,(anonymous_1)
FNF:2
FNH:2
FNDA:25,RemovePlayerButton
FNDA:19,(anonymous_1)
DA:13,25
DA:15,22
DA:16,19
DA:17,17
DA:19,19
DA:23,22
DA:27,22
DA:39,1
LF:8
LH:8
BRDA:8,0,0,19
BRDA:9,1,0,23
BRDA:10,2,0,24
BRDA:11,3,0,20
BRDA:13,4,0,3
BRDA:13,4,1,22
BRDA:16,5,0,17
BRDA:16,5,1,2
BRDA:23,6,0,2
BRDA:23,6,1,20
BRF:10
BRH:10
end_of_record
TN:
SF:src/components/tournament/RemovePlayerConfirmationBottomSheet.jsx
FN:9,RemovePlayerConfirmationBottomSheet
FNF:1
FNH:1
FNDA:40,RemovePlayerConfirmationBottomSheet
DA:18,40
DA:22,40
DA:28,40
DA:32,40
DA:34,40
DA:59,1
LF:6
LH:6
BRDA:14,0,0,1
BRDA:15,1,0,2
BRDA:18,2,0,17
BRDA:18,2,1,23
BRDA:19,3,0,8
BRDA:19,3,1,9
BRDA:22,4,0,17
BRDA:22,4,1,23
BRDA:23,5,0,8
BRDA:23,5,1,9
BRDA:28,6,0,17
BRDA:28,6,1,23
BRDA:29,7,0,8
BRDA:29,7,1,9
BRDA:32,8,0,17
BRDA:32,8,1,23
BRF:16
BRH:16
end_of_record
TN:
SF:src/components/tournament/RulesBottomSheet.jsx
FN:10,(anonymous_0)
FN:16,(anonymous_1)
FN:20,(anonymous_2)
FN:37,(anonymous_3)
FN:38,(anonymous_4)
FN:43,(anonymous_5)
FN:49,(anonymous_6)
FN:53,(anonymous_7)
FN:59,(anonymous_8)
FNF:9
FNH:0
FNDA:0,(anonymous_0)
FNDA:0,(anonymous_1)
FNDA:0,(anonymous_2)
FNDA:0,(anonymous_3)
FNDA:0,(anonymous_4)
FNDA:0,(anonymous_5)
FNDA:0,(anonymous_6)
FNDA:0,(anonymous_7)
FNDA:0,(anonymous_8)
DA:10,0
DA:11,0
DA:12,0
DA:13,0
DA:14,0
DA:16,0
DA:17,0
DA:20,0
DA:21,0
DA:22,0
DA:29,0
DA:37,0
DA:39,0
DA:40,0
DA:41,0
DA:44,0
DA:45,0
DA:49,0
DA:50,0
DA:53,0
DA:54,0
DA:55,0
DA:56,0
DA:59,0
DA:60,0
DA:61,0
DA:64,0
DA:66,0
DA:71,0
DA:127,0
LF:30
LH:0
BRDA:12,0,0,0
BRDA:12,0,1,0
BRDA:17,1,0,0
BRDA:17,1,1,0
BRDA:21,2,0,0
BRDA:21,2,1,0
BRDA:40,3,0,0
BRDA:40,3,1,0
BRDA:64,4,0,0
BRDA:64,4,1,0
BRF:10
BRH:0
end_of_record
TN:
SF:src/components/tournament/StartTournamentBottomSheet.jsx
FN:14,StartTournamentBottomSheet
FN:26,(anonymous_1)
FN:35,(anonymous_2)
FN:76,(anonymous_3)
FN:87,(anonymous_4)
FN:98,(anonymous_5)
FN:106,(anonymous_6)
FN:212,(anonymous_7)
FN:217,(anonymous_8)
FN:218,(anonymous_9)
FNF:10
FNH:0
FNDA:0,StartTournamentBottomSheet
FNDA:0,(anonymous_1)
FNDA:0,(anonymous_2)
FNDA:0,(anonymous_3)
FNDA:0,(anonymous_4)
FNDA:0,(anonymous_5)
FNDA:0,(anonymous_6)
FNDA:0,(anonymous_7)
FNDA:0,(anonymous_8)
FNDA:0,(anonymous_9)
DA:22,0
DA:23,0
DA:26,0
DA:27,0
DA:28,0
DA:31,0
DA:32,0
DA:35,0
DA:36,0
DA:41,0
DA:44,0
DA:45,0
DA:46,0
DA:49,0
DA:50,0
DA:53,0
DA:54,0
DA:57,0
DA:58,0
DA:59,0
DA:60,0
DA:61,0
DA:63,0
DA:74,0
DA:76,0
DA:77,0
DA:80,0
DA:81,0
DA:84,0
DA:87,0
DA:88,0
DA:91,0
DA:92,0
DA:95,0
DA:98,0
DA:99,0
DA:100,0
DA:102,0
DA:103,0
DA:106,0
DA:107,0
DA:108,0
DA:111,0
DA:213,0
DA:217,0
DA:219,0
DA:273,0
LF:47
LH:0
BRDA:18,0,0,0
BRDA:20,1,0,0
BRDA:27,2,0,0
BRDA:27,2,1,0
BRDA:27,3,0,0
BRDA:27,3,1,0
BRDA:36,4,0,0
BRDA:36,4,1,0
BRDA:41,5,0,0
BRDA:41,5,1,0
BRDA:61,6,0,0
BRDA:61,6,1,0
BRDA:80,7,0,0
BRDA:80,7,1,0
BRDA:91,8,0,0
BRDA:91,8,1,0
BRDA:99,9,0,0
BRDA:99,9,1,0
BRDA:134,10,0,0
BRDA:134,10,1,0
BRDA:134,10,2,0
BRDA:176,11,0,0
BRDA:176,11,1,0
BRDA:194,12,0,0
BRDA:194,12,1,0
BRDA:202,13,0,0
BRDA:202,13,1,0
BRDA:202,13,2,0
BRDA:217,14,0,0
BRDA:217,14,1,0
BRDA:217,14,2,0
BRDA:242,15,0,0
BRDA:242,15,1,0
BRDA:251,16,0,0
BRDA:251,16,1,0
BRF:35
BRH:0
end_of_record
TN:
SF:src/components/tournament/TeamsList.jsx
FN:14,TeamsList
FN:19,(anonymous_1)
FN:33,(anonymous_2)
FN:39,(anonymous_3)
FN:60,(anonymous_4)
FN:63,(anonymous_5)
FN:66,(anonymous_6)
FN:87,(anonymous_7)
FN:113,(anonymous_8)
FN:127,(anonymous_9)
FN:143,(anonymous_10)
FN:156,(anonymous_11)
FN:188,(anonymous_12)
FNF:13
FNH:0
FNDA:0,TeamsList
FNDA:0,(anonymous_1)
FNDA:0,(anonymous_2)
FNDA:0,(anonymous_3)
FNDA:0,(anonymous_4)
FNDA:0,(anonymous_5)
FNDA:0,(anonymous_6)
FNDA:0,(anonymous_7)
FNDA:0,(anonymous_8)
FNDA:0,(anonymous_9)
FNDA:0,(anonymous_10)
FNDA:0,(anonymous_11)
FNDA:0,(anonymous_12)
DA:15,0
DA:16,0
DA:19,0
DA:21,0
DA:24,0
DA:27,0
DA:29,0
DA:33,0
DA:34,0
DA:35,0
DA:39,0
DA:40,0
DA:42,0
DA:47,0
DA:49,0
DA:50,0
DA:53,0
DA:54,0
DA:55,0
DA:60,0
DA:63,0
DA:64,0
DA:66,0
DA:67,0
DA:68,0
DA:70,0
DA:72,0
DA:74,0
DA:87,0
DA:113,0
DA:127,0
DA:137,0
DA:143,0
DA:156,0
DA:189,0
DA:190,0
DA:201,0
LF:37
LH:0
BRDA:14,0,0,0
BRDA:14,1,0,0
BRDA:14,2,0,0
BRDA:21,3,0,0
BRDA:21,3,1,0
BRDA:24,4,0,0
BRDA:24,4,1,0
BRDA:27,5,0,0
BRDA:27,5,1,0
BRDA:40,6,0,0
BRDA:40,6,1,0
BRDA:47,7,0,0
BRDA:47,7,1,0
BRDA:60,8,0,0
BRDA:60,8,1,0
BRDA:63,9,0,0
BRDA:63,9,1,0
BRDA:77,10,0,0
BRDA:77,10,1,0
BRDA:103,11,0,0
BRDA:103,11,1,0
BRDA:124,12,0,0
BRDA:124,12,1,0
BRDA:126,13,0,0
BRDA:126,13,1,0
BRDA:143,14,0,0
BRDA:143,14,1,0
BRDA:148,15,0,0
BRDA:148,15,1,0
BRDA:152,16,0,0
BRDA:152,16,1,0
BRDA:159,17,0,0
BRDA:159,17,1,0
BRDA:162,18,0,0
BRDA:162,18,1,0
BRDA:164,19,0,0
BRDA:164,19,1,0
BRDA:173,20,0,0
BRDA:173,20,1,0
BRDA:173,20,2,0
BRDA:173,20,3,0
BRDA:193,21,0,0
BRDA:193,21,1,0
BRDA:194,22,0,0
BRDA:194,22,1,0
BRDA:195,23,0,0
BRDA:195,23,1,0
BRF:47
BRH:0
end_of_record
TN:
SF:src/components/tournament/TournamentCard.jsx
FN:21,AvatarStack
FN:29,(anonymous_1)
FN:48,EmptyAvatarState
FN:57,TournamentCard
FN:152,(anonymous_4)
FN:165,(anonymous_5)
FN:175,(anonymous_6)
FN:184,(anonymous_7)
FNF:8
FNH:5
FNDA:10,AvatarStack
FNDA:3,(anonymous_1)
FNDA:26,EmptyAvatarState
FNDA:36,TournamentCard
FNDA:36,(anonymous_4)
FNDA:0,(anonymous_5)
FNDA:0,(anonymous_6)
FNDA:0,(anonymous_7)
DA:23,10
DA:24,10
DA:25,10
DA:27,10
DA:30,3
DA:49,26
DA:72,36
DA:75,36
DA:79,36
DA:80,36
DA:81,36
DA:84,36
DA:85,36
DA:87,36
DA:88,4
DA:89,1
DA:90,1
DA:91,3
DA:92,0
DA:93,0
DA:95,3
DA:96,3
DA:99,32
DA:101,12
DA:102,12
DA:105,20
DA:106,20
DA:111,36
DA:114,36
DA:115,36
DA:116,36
DA:119,36
DA:121,28
DA:122,26
DA:123,26
DA:124,26
DA:125,2
DA:126,0
DA:127,0
DA:128,0
DA:129,0
DA:130,0
DA:133,0
DA:134,0
DA:135,0
DA:136,0
DA:137,0
DA:138,0
DA:139,0
DA:146,36
DA:149,36
DA:152,36
DA:153,36
DA:154,4
DA:156,4
DA:165,36
DA:166,0
DA:167,0
DA:175,36
DA:176,0
DA:184,36
DA:185,0
DA:186,0
DA:191,0
DA:192,0
DA:196,36
DA:270,1
LF:67
LH:46
BRDA:34,0,0,1
BRDA:34,0,1,2
BRDA:40,1,0,10
BRDA:40,1,1,10
BRDA:64,2,0,0
BRDA:67,3,0,0
BRDA:68,4,0,0
BRDA:69,5,0,0
BRDA:70,6,0,31
BRDA:87,7,0,4
BRDA:87,7,1,32
BRDA:88,8,0,1
BRDA:88,8,1,3
BRDA:88,9,0,4
BRDA:88,9,1,1
BRDA:91,10,0,0
BRDA:91,10,1,3
BRDA:99,11,0,12
BRDA:99,11,1,20
BRDA:99,12,0,32
BRDA:99,12,1,29
BRDA:99,12,2,25
BRDA:119,13,0,28
BRDA:119,13,1,8
BRDA:121,14,0,26
BRDA:121,14,1,2
BRDA:124,15,0,3
BRDA:124,15,1,23
BRDA:125,16,0,0
BRDA:125,16,1,2
BRDA:126,17,0,0
BRDA:126,17,1,0
BRDA:130,18,0,0
BRDA:130,18,1,0
BRDA:130,19,0,0
BRDA:130,19,1,0
BRDA:136,20,0,0
BRDA:136,20,1,0
BRDA:136,21,0,0
BRDA:136,21,1,0
BRDA:146,22,0,4
BRDA:146,22,1,32
BRDA:153,23,0,4
BRDA:153,23,1,32
BRDA:241,24,0,0
BRDA:241,24,1,36
BRDA:241,25,0,36
BRDA:241,25,1,10
BRDA:250,26,0,10
BRDA:250,26,1,26
BRDA:258,27,0,3
BRDA:258,27,1,33
BRF:52
BRH:35
end_of_record
TN:
SF:src/components/tournament/TournamentOptionsBottomSheet.jsx
FN:16,TournamentOptionsBottomSheet
FN:21,(anonymous_1)
FN:27,(anonymous_2)
FN:34,(anonymous_3)
FNF:4
FNH:0
FNDA:0,TournamentOptionsBottomSheet
FNDA:0,(anonymous_1)
FNDA:0,(anonymous_2)
FNDA:0,(anonymous_3)
DA:17,0
DA:19,0
DA:21,0
DA:22,0
DA:23,0
DA:27,0
DA:28,0
DA:29,0
DA:30,0
DA:34,0
DA:35,0
DA:36,0
DA:37,0
DA:41,0
DA:106,0
LF:15
LH:0
BRDA:22,0,0,0
BRDA:22,0,1,0
BRDA:22,1,0,0
BRDA:22,1,1,0
BRDA:29,2,0,0
BRDA:29,2,1,0
BRDA:36,3,0,0
BRDA:36,3,1,0
BRDA:36,4,0,0
BRDA:36,4,1,0
BRF:10
BRH:0
end_of_record
TN:
SF:src/components/tournament/WinnersBanner.jsx
FN:7,WinnersBanner
FN:15,(anonymous_1)
FNF:2
FNH:2
FNDA:24,WinnersBanner
FNDA:21,(anonymous_1)
DA:9,24
DA:10,22
DA:11,20
DA:14,18
DA:15,21
DA:19,18
DA:20,16
DA:23,14
DA:28,14
DA:29,3
DA:32,11
DA:69,1
LF:12
LH:12
BRDA:9,0,0,2
BRDA:9,0,1,22
BRDA:10,1,0,2
BRDA:10,1,1,20
BRDA:11,2,0,2
BRDA:11,2,1,18
BRDA:11,3,0,20
BRDA:11,3,1,19
BRDA:19,4,0,2
BRDA:19,4,1,16
BRDA:20,5,0,2
BRDA:20,5,1,14
BRDA:23,6,0,13
BRDA:23,6,1,1
BRDA:28,7,0,3
BRDA:28,7,1,11
BRDA:28,8,0,14
BRDA:28,8,1,13
BRDA:28,8,2,12
BRF:19
BRH:19
end_of_record
TN:
SF:src/components/ui/Avatar.jsx
FN:13,(anonymous_0)
FN:14,(anonymous_1)
FNF:2
FNH:2
FNDA:185,(anonymous_0)
FNDA:185,(anonymous_1)
DA:7,5
DA:13,5
DA:14,185
DA:15,185
DA:16,183
DA:17,183
DA:18,181
DA:20,177
DA:23,185
DA:24,185
DA:25,185
DA:27,185
DA:28,141
DA:44,44
DA:61,5
LF:15
LH:15
BRDA:13,0,0,12
BRDA:13,1,0,1
BRDA:13,2,0,184
BRDA:15,3,0,2
BRDA:15,3,1,183
BRDA:17,4,0,2
BRDA:17,4,1,181
BRDA:18,5,0,4
BRDA:18,5,1,177
BRDA:23,6,0,185
BRDA:23,6,1,0
BRDA:25,7,0,185
BRDA:25,7,1,184
BRDA:27,8,0,141
BRDA:27,8,1,44
BRDA:30,9,0,135
BRDA:30,9,1,6
BRDA:37,10,0,141
BRDA:37,10,1,0
BRDA:53,11,0,44
BRDA:53,11,1,1
BRF:21
BRH:19
end_of_record
TN:
SF:src/components/ui/Badge.jsx
FN:14,Badge
FN:15,(anonymous_1)
FN:35,(anonymous_2)
FNF:3
FNH:3
FNDA:78,Badge
FNDA:78,(anonymous_1)
FNDA:78,(anonymous_2)
DA:15,78
DA:16,78
DA:18,33
DA:20,30
DA:23,4
DA:25,3
DA:27,3
DA:29,1
DA:31,4
DA:35,78
DA:36,78
DA:37,78
DA:38,33
DA:40,45
DA:43,78
DA:50,3
LF:16
LH:16
BRDA:14,0,0,0
BRDA:16,1,0,33
BRDA:16,1,1,30
BRDA:16,1,2,1
BRDA:16,1,3,4
BRDA:16,1,4,3
BRDA:16,1,5,3
BRDA:16,1,6,1
BRDA:16,1,7,4
BRDA:37,2,0,33
BRDA:37,2,1,45
BRDA:45,3,0,78
BRDA:45,3,1,0
BRF:13
BRH:11
end_of_record
TN:
SF:src/components/ui/Banner.jsx
FN:12,Banner
FNF:1
FNH:1
FNDA:25,Banner
DA:18,25
DA:41,25
DA:42,25
DA:44,25
DA:73,1
LF:5
LH:5
BRDA:13,0,0,14
BRDA:16,1,0,20
BRDA:60,2,0,25
BRDA:60,2,1,21
BRF:4
BRH:4
end_of_record
TN:
SF:src/components/ui/BottomSheet.jsx
FN:8,BottomSheet
FNF:1
FNH:1
FNDA:75,BottomSheet
DA:15,75
DA:17,75
DA:67,2
LF:3
LH:3
BRDA:40,0,0,75
BRDA:40,0,1,9
BRDA:57,1,0,75
BRDA:57,1,1,5
BRF:4
BRH:4
end_of_record
TN:
SF:src/components/ui/BottomTabBar.jsx
FN:20,BottomTabBar
FN:58,(anonymous_1)
FN:92,(anonymous_2)
FN:97,(anonymous_3)
FNF:4
FNH:0
FNDA:0,BottomTabBar
FNDA:0,(anonymous_1)
FNDA:0,(anonymous_2)
FNDA:0,(anonymous_3)
DA:21,0
DA:22,0
DA:23,0
DA:24,0
DA:53,0
DA:54,0
DA:55,0
DA:58,0
DA:59,0
DA:67,0
DA:69,0
DA:74,0
DA:93,0
DA:94,0
DA:95,0
DA:97,0
DA:98,0
DA:100,0
DA:106,0
DA:107,0
DA:111,0
DA:139,0
LF:22
LH:0
BRDA:55,0,0,0
BRDA:55,0,1,0
BRDA:60,1,0,0
BRDA:60,1,1,0
BRDA:67,2,0,0
BRDA:67,2,1,0
BRDA:87,3,0,0
BRDA:87,3,1,0
BRDA:95,4,0,0
BRDA:95,4,1,0
BRDA:106,5,0,0
BRDA:106,5,1,0
BRDA:106,6,0,0
BRDA:106,6,1,0
BRDA:120,7,0,0
BRDA:120,7,1,0
BRDA:120,7,2,0
BRDA:123,8,0,0
BRDA:123,8,1,0
BRF:19
BRH:0
end_of_record
TN:
SF:src/components/ui/Button.jsx
FN:8,Button
FN:17,(anonymous_1)
FN:26,(anonymous_2)
FN:43,(anonymous_3)
FN:59,(anonymous_4)
FN:83,(anonymous_5)
FN:90,(anonymous_6)
FNF:7
FNH:5
FNDA:175,Button
FNDA:25,(anonymous_1)
FNDA:175,(anonymous_2)
FNDA:175,(anonymous_3)
FNDA:7,(anonymous_4)
FNDA:0,(anonymous_5)
FNDA:0,(anonymous_6)
DA:17,175
DA:18,25
DA:19,25
DA:20,25
DA:22,25
DA:26,175
DA:27,175
DA:29,167
DA:31,34
DA:33,41
DA:35,20
DA:37,72
DA:39,0
DA:43,175
DA:44,175
DA:46,167
DA:49,75
DA:51,20
DA:53,72
DA:55,0
DA:59,175
DA:60,7
DA:63,7
DA:66,0
DA:68,0
DA:72,175
DA:84,0
DA:85,0
DA:91,0
DA:92,0
DA:125,6
LF:31
LH:23
BRDA:11,0,0,6
BRDA:12,1,0,174
BRDA:13,2,0,59
BRDA:14,3,0,131
BRDA:15,4,0,141
BRDA:18,5,0,25
BRDA:18,5,1,0
BRDA:18,6,0,25
BRDA:18,6,1,25
BRDA:19,7,0,25
BRDA:19,7,1,0
BRDA:27,8,0,8
BRDA:27,8,1,167
BRDA:27,9,0,175
BRDA:27,9,1,174
BRDA:29,10,0,34
BRDA:29,10,1,41
BRDA:29,10,2,20
BRDA:29,10,3,72
BRDA:29,10,4,0
BRDA:44,11,0,8
BRDA:44,11,1,167
BRDA:44,12,0,175
BRDA:44,12,1,174
BRDA:46,13,0,34
BRDA:46,13,1,75
BRDA:46,13,2,20
BRDA:46,13,3,72
BRDA:46,13,4,0
BRDA:60,14,0,7
BRDA:60,14,1,7
BRDA:60,14,2,0
BRDA:60,14,3,0
BRDA:60,14,4,0
BRDA:76,15,0,175
BRDA:76,15,1,37
BRDA:78,16,0,175
BRDA:78,16,1,36
BRDA:81,17,0,175
BRDA:81,17,1,174
BRDA:84,18,0,0
BRDA:84,18,1,0
BRDA:91,19,0,0
BRDA:91,19,1,0
BRDA:98,20,0,7
BRDA:98,20,1,168
BRDA:101,21,0,7
BRDA:101,21,1,7
BRDA:104,22,0,7
BRDA:104,22,1,0
BRDA:115,23,0,168
BRDA:115,23,1,37
BRF:52
BRH:40
end_of_record
TN:
SF:src/components/ui/Card.jsx
FN:12,Card
FNF:1
FNH:1
FNDA:40,Card
DA:13,40
DA:20,2
LF:2
LH:2
BRF:0
BRH:0
end_of_record
TN:
SF:src/components/ui/CardGroup.jsx
FN:7,CardGroup
FN:12,(anonymous_1)
FNF:2
FNH:2
FNDA:7,CardGroup
FNDA:11,(anonymous_1)
DA:8,7
DA:13,11
DA:23,1
LF:3
LH:3
BRDA:10,0,0,7
BRDA:10,0,1,4
BRDA:14,1,0,11
BRDA:14,1,1,5
BRF:4
BRH:4
end_of_record
TN:
SF:src/components/ui/DetailsListItem.jsx
FN:17,DetailsListItem
FNF:1
FNH:1
FNDA:214,DetailsListItem
DA:18,214
DA:37,3
LF:2
LH:2
BRDA:24,0,0,214
BRDA:24,0,1,0
BRDA:24,0,2,0
BRF:3
BRH:1
end_of_record
TN:
SF:src/components/ui/EmptyState.jsx
FN:7,EmptyState
FNF:1
FNH:1
FNDA:6,EmptyState
DA:13,6
DA:42,1
LF:2
LH:2
BRDA:17,0,0,6
BRDA:17,0,1,1
BRDA:33,1,0,6
BRDA:33,1,1,2
BRF:4
BRH:4
end_of_record
TN:
SF:src/components/ui/FilterChips.jsx
FN:7,FilterChips
FN:15,(anonymous_1)
FN:22,(anonymous_2)
FNF:3
FNH:0
FNDA:0,FilterChips
FNDA:0,(anonymous_1)
FNDA:0,(anonymous_2)
DA:8,0
DA:16,0
DA:22,0
DA:40,0
LF:4
LH:0
BRDA:20,0,0,0
BRDA:20,0,1,0
BRDA:28,1,0,0
BRDA:28,1,1,0
BRF:4
BRH:0
end_of_record
TN:
SF:src/components/ui/FullScreenModal.jsx
FN:11,FullScreenModal
FNF:1
FNH:0
FNDA:0,FullScreenModal
DA:24,0
DA:25,0
DA:27,0
DA:109,0
LF:4
LH:0
BRDA:48,0,0,0
BRDA:48,0,1,0
BRDA:50,1,0,0
BRDA:50,1,1,0
BRDA:57,2,0,0
BRDA:57,2,1,0
BRDA:60,3,0,0
BRDA:60,3,1,0
BRDA:63,4,0,0
BRDA:63,4,1,0
BRDA:74,5,0,0
BRDA:74,5,1,0
BRDA:96,6,0,0
BRDA:96,6,1,0
BRF:14
BRH:0
end_of_record
TN:
SF:src/components/ui/Header.jsx
FN:28,Header
FN:39,(anonymous_1)
FN:61,(anonymous_2)
FN:68,(anonymous_3)
FNF:4
FNH:4
FNDA:39,Header
FNDA:39,(anonymous_1)
FNDA:39,(anonymous_2)
FNDA:39,(anonymous_3)
DA:37,39
DA:39,39
DA:40,39
DA:42,11
DA:54,28
DA:55,4
DA:58,24
DA:61,39
DA:62,39
DA:63,18
DA:65,21
DA:68,39
DA:69,39
DA:70,29
DA:73,10
DA:74,10
DA:75,1
DA:76,9
DA:77,2
DA:78,7
DA:79,1
DA:82,10
DA:93,39
DA:115,1
LF:24
LH:24
BRDA:29,0,0,19
BRDA:31,1,0,33
BRDA:40,2,0,11
BRDA:40,2,1,28
BRDA:54,3,0,4
BRDA:54,3,1,24
BRDA:62,4,0,18
BRDA:62,4,1,21
BRDA:62,5,0,39
BRDA:62,5,1,28
BRDA:62,5,2,28
BRDA:69,6,0,29
BRDA:69,6,1,10
BRDA:74,7,0,1
BRDA:74,7,1,9
BRDA:76,8,0,2
BRDA:76,8,1,7
BRDA:78,9,0,1
BRDA:78,9,1,6
BRF:19
BRH:19
end_of_record
TN:
SF:src/components/ui/Input.jsx
FN:11,(anonymous_0)
FN:30,(anonymous_1)
FN:39,(anonymous_2)
FN:84,(anonymous_3)
FN:85,(anonymous_4)
FNF:5
FNH:3
FNDA:53,(anonymous_0)
FNDA:53,(anonymous_1)
FNDA:53,(anonymous_2)
FNDA:0,(anonymous_3)
FNDA:0,(anonymous_4)
DA:11,2
DA:28,53
DA:30,53
DA:31,53
DA:32,48
DA:33,0
DA:35,48
DA:36,48
DA:39,53
DA:40,53
DA:41,0
DA:48,53
DA:56,53
DA:58,53
DA:84,0
DA:85,0
DA:122,2
DA:126,2
LF:18
LH:14
BRDA:18,0,0,52
BRDA:19,1,0,41
BRDA:20,2,0,19
BRDA:21,3,0,19
BRDA:22,4,0,52
BRDA:23,5,0,53
BRDA:24,6,0,8
BRDA:25,7,0,41
BRDA:31,8,0,5
BRDA:31,8,1,48
BRDA:32,9,0,0
BRDA:32,9,1,48
BRDA:33,10,0,0
BRDA:33,10,1,0
BRDA:35,11,0,0
BRDA:35,11,1,48
BRDA:40,12,0,0
BRDA:40,12,1,53
BRDA:60,13,0,53
BRDA:60,13,1,42
BRDA:70,14,0,53
BRDA:70,14,1,1
BRDA:71,15,0,53
BRDA:71,15,1,1
BRDA:72,16,0,53
BRDA:72,16,1,12
BRDA:88,17,0,53
BRDA:88,17,1,12
BRDA:88,17,2,12
BRDA:94,18,0,12
BRDA:94,18,1,0
BRDA:98,19,0,0
BRDA:98,19,1,12
BRDA:104,20,0,0
BRDA:104,20,1,0
BRDA:111,21,0,53
BRDA:111,21,1,1
BRDA:111,21,2,1
BRDA:115,22,0,53
BRDA:115,22,1,5
BRF:40
BRH:31
end_of_record
TN:
SF:src/components/ui/JoinButton.jsx
FN:16,JoinButton
FN:19,(anonymous_1)
FNF:2
FNH:2
FNDA:8,JoinButton
FNDA:5,(anonymous_1)
DA:17,8
DA:19,8
DA:20,5
DA:21,5
DA:22,4
DA:26,8
DA:39,1
LF:7
LH:7
BRDA:16,0,0,1
BRDA:16,1,0,7
BRDA:21,2,0,4
BRDA:21,2,1,1
BRDA:28,3,0,8
BRDA:28,3,1,1
BRDA:31,4,0,8
BRDA:31,4,1,1
BRF:8
BRH:8
end_of_record
TN:
SF:src/components/ui/LinkButton.jsx
FN:20,LinkButton
FN:30,(anonymous_1)
FN:39,(anonymous_2)
FN:53,(anonymous_3)
FN:75,(anonymous_4)
FNF:5
FNH:5
FNDA:30,LinkButton
FNDA:6,(anonymous_1)
FNDA:30,(anonymous_2)
FNDA:6,(anonymous_3)
FNDA:30,(anonymous_4)
DA:30,30
DA:31,6
DA:32,6
DA:33,6
DA:35,6
DA:39,30
DA:40,30
DA:42,25
DA:44,4
DA:46,2
DA:49,19
DA:53,30
DA:54,6
DA:56,5
DA:58,2
DA:60,0
DA:63,3
DA:68,30
DA:75,30
DA:76,30
DA:77,0
DA:78,0
DA:79,0
DA:80,30
DA:81,0
DA:85,30
DA:100,1
LF:27
LH:22
BRDA:23,0,0,24
BRDA:24,1,0,28
BRDA:25,2,0,22
BRDA:26,3,0,30
BRDA:28,4,0,24
BRDA:31,5,0,6
BRDA:31,5,1,0
BRDA:32,6,0,6
BRDA:32,6,1,0
BRDA:40,7,0,5
BRDA:40,7,1,25
BRDA:42,8,0,4
BRDA:42,8,1,2
BRDA:42,8,2,19
BRDA:42,8,3,19
BRDA:54,9,0,1
BRDA:54,9,1,5
BRDA:56,10,0,2
BRDA:56,10,1,0
BRDA:56,10,2,3
BRDA:56,10,3,3
BRDA:68,11,0,6
BRDA:68,11,1,24
BRDA:76,12,0,0
BRDA:76,12,1,0
BRDA:76,12,2,0
BRDA:76,12,3,30
BRDA:76,12,4,0
BRF:28
BRH:21
end_of_record
TN:
SF:src/components/ui/ListItem.jsx
FN:9,ListItem
FNF:1
FNH:1
FNDA:11,ListItem
DA:26,11
DA:27,2
DA:55,9
DA:57,9
DA:97,1
LF:5
LH:5
BRDA:16,0,0,10
BRDA:17,1,0,9
BRDA:18,2,0,10
BRDA:19,3,0,10
BRDA:23,4,0,11
BRDA:26,5,0,2
BRDA:26,5,1,9
BRDA:30,6,0,2
BRDA:30,6,1,0
BRDA:35,7,0,2
BRDA:35,7,1,2
BRDA:38,8,0,2
BRDA:38,8,1,0
BRDA:48,9,0,2
BRDA:48,9,1,0
BRDA:55,10,0,1
BRDA:55,10,1,8
BRDA:55,11,0,9
BRDA:55,11,1,1
BRDA:61,12,0,0
BRDA:61,12,1,9
BRDA:64,13,0,9
BRDA:64,13,1,1
BRDA:65,14,0,1
BRDA:65,14,1,0
BRDA:71,15,0,8
BRDA:71,15,1,1
BRDA:72,16,0,9
BRDA:72,16,1,0
BRDA:74,17,0,9
BRDA:74,17,1,1
BRDA:74,17,2,0
BRDA:76,18,0,9
BRDA:76,18,1,1
BRDA:76,18,2,1
BRDA:80,19,0,9
BRDA:80,19,1,8
BRDA:80,19,2,7
BRDA:81,20,0,7
BRDA:81,20,1,0
BRDA:82,21,0,1
BRDA:82,21,1,6
BRDA:90,22,0,9
BRDA:90,22,1,0
BRF:44
BRH:35
end_of_record
TN:
SF:src/components/ui/MobileHeader.jsx
FN:9,MobileHeader
FNF:1
FNH:1
FNDA:8,MobileHeader
DA:10,8
DA:37,1
LF:2
LH:2
BRDA:9,0,0,7
BRDA:14,1,0,1
BRDA:14,1,1,7
BRDA:23,2,0,8
BRDA:23,2,1,3
BRDA:29,3,0,1
BRDA:29,3,1,2
BRF:7
BRH:7
end_of_record
TN:
SF:src/components/ui/Player.jsx
FN:8,Player
FNF:1
FNH:1
FNDA:170,Player
DA:9,170
DA:11,170
DA:26,4
LF:3
LH:3
BRDA:8,0,0,5
BRDA:12,1,0,170
BRDA:12,1,1,82
BRDA:18,2,0,170
BRDA:18,2,1,82
BRDA:19,3,0,170
BRDA:19,3,1,82
BRDA:20,4,0,170
BRDA:20,4,1,82
BRF:9
BRH:9
end_of_record
TN:
SF:src/components/ui/TabSelector.jsx
FN:7,TabSelector
FN:11,(anonymous_1)
FN:15,(anonymous_2)
FN:35,(anonymous_3)
FN:42,(anonymous_4)
FNF:5
FNH:3
FNDA:3,TabSelector
FNDA:0,(anonymous_1)
FNDA:0,(anonymous_2)
FNDA:9,(anonymous_3)
FNDA:1,(anonymous_4)
DA:8,3
DA:9,0
DA:12,0
DA:15,0
DA:33,3
DA:36,9
DA:42,1
DA:59,1
LF:8
LH:5
BRDA:7,0,0,3
BRDA:8,1,0,0
BRDA:8,1,1,3
BRDA:21,2,0,0
BRDA:21,2,1,0
BRDA:26,3,0,0
BRDA:26,3,1,0
BRDA:40,4,0,9
BRDA:40,4,1,3
BRDA:48,5,0,9
BRDA:48,5,1,3
BRF:11
BRH:6
end_of_record
TN:
SF:src/components/ui/Team.jsx
FN:6,Team
FNF:1
FNH:1
FNDA:75,Team
DA:8,75
DA:9,4
DA:12,71
DA:30,2
LF:4
LH:4
BRDA:6,0,0,6
BRDA:8,1,0,4
BRDA:8,1,1,71
BRDA:8,2,0,75
BRDA:8,2,1,73
BRF:5
BRH:5
end_of_record
TN:
SF:src/components/ui/TextArea.jsx
FN:7,TextArea
FN:20,(anonymous_1)
FN:47,(anonymous_2)
FN:48,(anonymous_3)
FNF:4
FNH:4
FNDA:39,TextArea
FNDA:39,(anonymous_1)
FNDA:3,(anonymous_2)
FNDA:2,(anonymous_3)
DA:18,39
DA:20,39
DA:21,39
DA:22,35
DA:23,32
DA:26,39
DA:47,3
DA:48,2
DA:73,1
LF:9
LH:9
BRDA:14,0,0,37
BRDA:15,1,0,36
BRDA:21,2,0,4
BRDA:21,2,1,35
BRDA:22,3,0,3
BRDA:22,3,1,32
BRDA:28,4,0,39
BRDA:28,4,1,2
BRDA:36,5,0,39
BRDA:36,5,1,2
BRDA:51,6,0,39
BRDA:51,6,1,33
BRDA:51,6,2,8
BRDA:51,6,3,5
BRDA:52,7,0,5
BRDA:52,7,1,3
BRDA:53,8,0,5
BRDA:53,8,1,2
BRDA:57,9,0,39
BRDA:57,9,1,8
BRDA:59,10,0,8
BRDA:59,10,1,6
BRDA:59,10,2,3
BRDA:60,11,0,3
BRDA:60,11,1,1
BRDA:61,12,0,3
BRDA:61,12,1,2
BRDA:65,13,0,8
BRDA:65,13,1,3
BRF:29
BRH:29
end_of_record
TN:
SF:src/components/ui/Toast.jsx
FN:11,Toast
FN:16,(anonymous_1)
FNF:2
FNH:2
FNDA:35,Toast
FNDA:33,(anonymous_1)
DA:12,35
DA:13,35
DA:14,35
DA:16,35
DA:17,33
DA:19,29
DA:34,4
DA:49,35
DA:50,4
DA:53,31
DA:62,31
DA:63,31
DA:65,31
DA:67,31
DA:94,1
LF:15
LH:15
BRDA:17,0,0,29
BRDA:17,0,1,4
BRDA:49,1,0,4
BRDA:49,1,1,31
BRDA:49,2,0,35
BRDA:49,2,1,4
BRDA:63,3,0,25
BRDA:63,3,1,6
BRF:8
BRH:8
end_of_record
TN:
SF:src/config/firebase.js
FNF:0
FNH:0
DA:8,4
DA:19,4
DA:24,4
DA:25,4
DA:29,0
DA:30,0
DA:32,0
DA:39,4
DA:40,4
LF:9
LH:6
BRDA:19,0,0,4
BRDA:19,0,1,0
BRDA:29,1,0,0
BRDA:29,1,1,0
BRF:4
BRH:1
end_of_record
TN:
SF:src/constants/Colors.js
FNF:0
FNH:0
DA:3,25
LF:1
LH:1
BRF:0
BRH:0
end_of_record
TN:
SF:src/constants/Spacing.js
FNF:0
FNH:0
DA:3,25
DA:31,25
LF:2
LH:2
BRF:0
BRH:0
end_of_record
TN:
SF:src/constants/Typography.js
FNF:0
FNH:0
DA:3,24
LF:1
LH:1
BRF:0
BRH:0
end_of_record
TN:
SF:src/contexts/AuthContext.jsx
FN:6,(anonymous_0)
FN:14,(anonymous_1)
FN:19,(anonymous_2)
FN:20,(anonymous_3)
FN:38,(anonymous_4)
FN:49,(anonymous_5)
FN:60,(anonymous_6)
FN:69,(anonymous_7)
FN:79,(anonymous_8)
FNF:9
FNH:0
FNDA:0,(anonymous_0)
FNDA:0,(anonymous_1)
FNDA:0,(anonymous_2)
FNDA:0,(anonymous_3)
FNDA:0,(anonymous_4)
FNDA:0,(anonymous_5)
FNDA:0,(anonymous_6)
FNDA:0,(anonymous_7)
FNDA:0,(anonymous_8)
DA:4,3
DA:6,3
DA:7,0
DA:8,0
DA:9,0
DA:11,0
DA:14,3
DA:15,0
DA:16,0
DA:17,0
DA:19,0
DA:20,0
DA:21,0
DA:22,0
DA:24,0
DA:25,0
DA:26,0
DA:29,0
DA:30,0
DA:32,0
DA:35,0
DA:38,0
DA:39,0
DA:40,0
DA:41,0
DA:42,0
DA:43,0
DA:46,0
DA:49,0
DA:50,0
DA:51,0
DA:52,0
DA:53,0
DA:54,0
DA:57,0
DA:60,0
DA:61,0
DA:62,0
DA:63,0
DA:64,0
DA:66,0
DA:69,0
DA:70,0
DA:71,0
DA:72,0
DA:73,0
DA:74,0
DA:79,0
DA:80,0
DA:81,0
DA:82,0
DA:83,0
DA:85,0
DA:87,0
DA:89,0
DA:93,0
DA:101,0
DA:113,0
LF:58
LH:3
BRDA:8,0,0,0
BRDA:8,0,1,0
BRDA:21,1,0,0
BRDA:21,1,1,0
BRDA:25,2,0,0
BRDA:25,2,1,0
BRDA:40,3,0,0
BRDA:40,3,1,0
BRDA:40,4,0,0
BRDA:40,4,1,0
BRDA:42,5,0,0
BRDA:42,5,1,0
BRDA:51,6,0,0
BRDA:51,6,1,0
BRDA:51,7,0,0
BRDA:51,7,1,0
BRDA:53,8,0,0
BRDA:53,8,1,0
BRDA:62,9,0,0
BRDA:62,9,1,0
BRDA:71,10,0,0
BRDA:71,10,1,0
BRDA:73,11,0,0
BRDA:73,11,1,0
BRDA:81,12,0,0
BRDA:81,12,1,0
BRDA:83,13,0,0
BRDA:83,13,1,0
BRDA:93,14,0,0
BRDA:93,14,1,0
BRF:30
BRH:0
end_of_record
TN:
SF:src/contexts/NotificationContext.jsx
FN:16,(anonymous_0)
FN:24,(anonymous_1)
FN:36,(anonymous_2)
FN:48,(anonymous_3)
FN:58,(anonymous_4)
FN:66,(anonymous_5)
FN:81,(anonymous_6)
FN:95,(anonymous_7)
FN:103,(anonymous_8)
FN:108,(anonymous_9)
FN:124,(anonymous_10)
FN:125,(anonymous_11)
FN:129,(anonymous_12)
FN:139,(anonymous_13)
FN:149,(anonymous_14)
FN:159,(anonymous_15)
FN:169,(anonymous_16)
FNF:17
FNH:13
FNDA:18,(anonymous_0)
FNDA:18,(anonymous_1)
FNDA:9,(anonymous_2)
FNDA:8,(anonymous_3)
FNDA:8,(anonymous_4)
FNDA:9,(anonymous_5)
FNDA:8,(anonymous_6)
FNDA:8,(anonymous_7)
FNDA:18,(anonymous_8)
FNDA:29,(anonymous_9)
FNDA:18,(anonymous_10)
FNDA:22,(anonymous_11)
FNDA:0,(anonymous_12)
FNDA:0,(anonymous_13)
FNDA:0,(anonymous_14)
FNDA:1,(anonymous_15)
FNDA:0,(anonymous_16)
DA:14,2
DA:16,2
DA:17,18
DA:18,18
DA:19,0
DA:21,18
DA:24,2
DA:25,18
DA:26,18
DA:27,18
DA:33,18
DA:36,18
DA:37,9
DA:38,1
DA:39,1
DA:40,1
DA:43,8
DA:47,8
DA:48,8
DA:49,8
DA:50,8
DA:53,0
DA:54,0
DA:55,0
DA:58,8
DA:59,8
DA:60,8
DA:66,18
DA:67,9
DA:69,1
DA:75,1
DA:80,8
DA:81,8
DA:82,8
DA:85,0
DA:87,0
DA:95,8
DA:96,8
DA:97,8
DA:103,18
DA:104,18
DA:105,1
DA:108,17
DA:110,29
DA:111,2
DA:113,27
DA:114,3
DA:116,24
DA:117,2
DA:119,22
DA:124,18
DA:125,22
DA:129,18
DA:130,0
DA:132,0
DA:133,0
DA:134,0
DA:139,18
DA:140,0
DA:142,0
DA:143,0
DA:144,0
DA:149,18
DA:150,0
DA:152,0
DA:153,0
DA:154,0
DA:159,18
DA:160,1
DA:162,1
DA:163,1
DA:164,0
DA:169,18
DA:174,18
DA:186,18
LF:75
LH:56
BRDA:18,0,0,0
BRDA:18,0,1,18
BRDA:37,1,0,1
BRDA:37,1,1,8
BRDA:59,2,0,8
BRDA:59,2,1,0
BRDA:67,3,0,1
BRDA:67,3,1,8
BRDA:96,4,0,8
BRDA:96,4,1,0
BRDA:104,5,0,1
BRDA:104,5,1,17
BRDA:110,6,0,2
BRDA:110,6,1,27
BRDA:110,7,0,29
BRDA:110,7,1,14
BRDA:113,8,0,3
BRDA:113,8,1,24
BRDA:113,9,0,27
BRDA:113,9,1,7
BRDA:116,10,0,2
BRDA:116,10,1,22
BRDA:116,11,0,24
BRDA:116,11,1,8
BRDA:130,12,0,0
BRDA:130,12,1,0
BRDA:133,13,0,0
BRDA:133,13,1,0
BRDA:140,14,0,0
BRDA:140,14,1,0
BRDA:143,15,0,0
BRDA:143,15,1,0
BRDA:150,16,0,0
BRDA:150,16,1,0
BRDA:153,17,0,0
BRDA:153,17,1,0
BRDA:160,18,0,0
BRDA:160,18,1,1
BRDA:163,19,0,0
BRDA:163,19,1,1
BRF:40
BRH:23
end_of_record
TN:
SF:src/contexts/ToastContext.jsx
FN:7,ToastProvider
FN:18,(anonymous_1)
FN:40,(anonymous_2)
FN:45,(anonymous_3)
FN:71,(anonymous_4)
FN:76,(anonymous_5)
FN:77,(anonymous_6)
FN:80,(anonymous_7)
FN:89,(anonymous_8)
FN:90,(anonymous_9)
FN:117,useToast
FNF:11
FNH:0
FNDA:0,ToastProvider
FNDA:0,(anonymous_1)
FNDA:0,(anonymous_2)
FNDA:0,(anonymous_3)
FNDA:0,(anonymous_4)
FNDA:0,(anonymous_5)
FNDA:0,(anonymous_6)
FNDA:0,(anonymous_7)
FNDA:0,(anonymous_8)
FNDA:0,(anonymous_9)
FNDA:0,useToast
DA:5,0
DA:8,0
DA:14,0
DA:15,0
DA:16,0
DA:18,0
DA:19,0
DA:20,0
DA:23,0
DA:24,0
DA:27,0
DA:28,0
DA:30,0
DA:33,0
DA:40,0
DA:41,0
DA:45,0
DA:47,0
DA:48,0
DA:50,0
DA:54,0
DA:55,0
DA:56,0
DA:60,0
DA:61,0
DA:64,0
DA:71,0
DA:72,0
DA:76,0
DA:77,0
DA:80,0
DA:81,0
DA:82,0
DA:83,0
DA:89,0
DA:90,0
DA:91,0
DA:92,0
DA:94,0
DA:98,0
DA:104,0
DA:118,0
DA:119,0
DA:120,0
DA:122,0
LF:45
LH:0
BRDA:19,0,0,0
BRDA:19,0,1,0
BRDA:19,1,0,0
BRDA:19,1,1,0
BRDA:27,2,0,0
BRDA:27,2,1,0
BRDA:45,3,0,0
BRDA:47,4,0,0
BRDA:47,4,1,0
BRDA:54,5,0,0
BRDA:54,5,1,0
BRDA:60,6,0,0
BRDA:60,6,1,0
BRDA:82,7,0,0
BRDA:82,7,1,0
BRDA:91,8,0,0
BRDA:91,8,1,0
BRDA:119,9,0,0
BRDA:119,9,1,0
BRF:19
BRH:0
end_of_record
TN:
SF:src/contexts/TournamentContext.jsx
FN:13,(anonymous_0)
FN:24,(anonymous_1)
FN:26,(anonymous_2)
FN:33,(anonymous_3)
FN:39,(anonymous_4)
FN:52,(anonymous_5)
FN:58,(anonymous_6)
FN:65,(anonymous_7)
FN:103,(anonymous_8)
FN:138,(anonymous_9)
FN:164,(anonymous_10)
FN:193,(anonymous_11)
FN:220,(anonymous_12)
FN:239,(anonymous_13)
FN:272,(anonymous_14)
FN:298,(anonymous_15)
FN:320,(anonymous_16)
FN:323,(anonymous_17)
FN:335,(anonymous_18)
FN:351,(anonymous_19)
FN:352,(anonymous_20)
FN:355,(anonymous_21)
FN:357,(anonymous_22)
FN:360,(anonymous_23)
FN:362,(anonymous_24)
FN:368,(anonymous_25)
FN:369,(anonymous_26)
FN:377,(anonymous_27)
FN:378,(anonymous_28)
FNF:29
FNH:0
FNDA:0,(anonymous_0)
FNDA:0,(anonymous_1)
FNDA:0,(anonymous_2)
FNDA:0,(anonymous_3)
FNDA:0,(anonymous_4)
FNDA:0,(anonymous_5)
FNDA:0,(anonymous_6)
FNDA:0,(anonymous_7)
FNDA:0,(anonymous_8)
FNDA:0,(anonymous_9)
FNDA:0,(anonymous_10)
FNDA:0,(anonymous_11)
FNDA:0,(anonymous_12)
FNDA:0,(anonymous_13)
FNDA:0,(anonymous_14)
FNDA:0,(anonymous_15)
FNDA:0,(anonymous_16)
FNDA:0,(anonymous_17)
FNDA:0,(anonymous_18)
FNDA:0,(anonymous_19)
FNDA:0,(anonymous_20)
FNDA:0,(anonymous_21)
FNDA:0,(anonymous_22)
FNDA:0,(anonymous_23)
FNDA:0,(anonymous_24)
FNDA:0,(anonymous_25)
FNDA:0,(anonymous_26)
FNDA:0,(anonymous_27)
FNDA:0,(anonymous_28)
DA:11,1
DA:13,1
DA:14,0
DA:15,0
DA:16,0
DA:18,0
DA:24,1
DA:25,0
DA:26,0
DA:27,0
DA:28,0
DA:30,0
DA:33,1
DA:34,0
DA:35,0
DA:36,0
DA:39,0
DA:40,0
DA:41,0
DA:42,0
DA:43,0
DA:47,0
DA:53,0
DA:54,0
DA:58,0
DA:65,0
DA:66,0
DA:87,0
DA:89,0
DA:90,0
DA:91,0
DA:96,0
DA:103,0
DA:104,0
DA:105,0
DA:107,0
DA:109,0
DA:110,0
DA:111,0
DA:116,0
DA:120,0
DA:121,0
DA:124,0
DA:138,0
DA:139,0
DA:140,0
DA:142,0
DA:145,0
DA:153,0
DA:155,0
DA:156,0
DA:164,0
DA:165,0
DA:166,0
DA:168,0
DA:171,0
DA:174,0
DA:193,0
DA:194,0
DA:195,0
DA:197,0
DA:199,0
DA:201,0
DA:203,0
DA:214,0
DA:215,0
DA:220,0
DA:221,0
DA:236,0
DA:237,0
DA:239,0
DA:240,0
DA:253,0
DA:256,0
DA:272,0
DA:274,0
DA:281,0
DA:282,0
DA:298,0
DA:299,0
DA:300,0
DA:301,0
DA:302,0
DA:305,0
DA:306,0
DA:308,0
DA:309,0
DA:313,0
DA:314,0
DA:318,0
DA:320,0
DA:323,0
DA:324,0
DA:334,0
DA:335,0
DA:339,0
DA:344,0
DA:346,0
DA:347,0
DA:351,0
DA:352,0
DA:355,0
DA:356,0
DA:357,0
DA:360,0
DA:361,0
DA:362,0
DA:363,0
DA:364,0
DA:368,0
DA:369,0
DA:370,0
DA:377,0
DA:378,0
DA:381,0
DA:397,0
LF:116
LH:4
BRDA:15,0,0,0
BRDA:15,0,1,0
BRDA:27,1,0,0
BRDA:27,1,1,0
BRDA:28,2,0,0
BRDA:28,2,1,0
BRDA:40,3,0,0
BRDA:40,3,1,0
BRDA:69,4,0,0
BRDA:69,4,1,0
BRDA:71,5,0,0
BRDA:71,5,1,0
BRDA:72,6,0,0
BRDA:72,6,1,0
BRDA:73,7,0,0
BRDA:73,7,1,0
BRDA:76,8,0,0
BRDA:76,8,1,0
BRDA:77,9,0,0
BRDA:77,9,1,0
BRDA:78,10,0,0
BRDA:78,10,1,0
BRDA:89,11,0,0
BRDA:89,11,1,0
BRDA:105,12,0,0
BRDA:105,12,1,0
BRDA:109,13,0,0
BRDA:109,13,1,0
BRDA:116,14,0,0
BRDA:116,14,1,0
BRDA:116,14,2,0
BRDA:116,14,3,0
BRDA:116,14,4,0
BRDA:116,14,5,0
BRDA:120,15,0,0
BRDA:120,15,1,0
BRDA:140,16,0,0
BRDA:140,16,1,0
BRDA:155,17,0,0
BRDA:155,17,1,0
BRDA:166,18,0,0
BRDA:166,18,1,0
BRDA:195,19,0,0
BRDA:195,19,1,0
BRDA:197,20,0,0
BRDA:197,20,1,0
BRDA:199,21,0,0
BRDA:199,21,1,0
BRDA:201,22,0,0
BRDA:201,22,1,0
BRDA:205,23,0,0
BRDA:205,23,1,0
BRDA:206,24,0,0
BRDA:206,24,1,0
BRDA:207,25,0,0
BRDA:207,25,1,0
BRDA:237,26,0,0
BRDA:237,26,1,0
BRDA:237,27,0,0
BRDA:237,27,1,0
BRDA:240,28,0,0
BRDA:240,28,1,0
BRDA:244,29,0,0
BRDA:244,29,1,0
BRDA:245,30,0,0
BRDA:245,30,1,0
BRDA:246,31,0,0
BRDA:246,31,1,0
BRDA:272,32,0,0
BRDA:272,32,1,0
BRDA:281,33,0,0
BRDA:281,33,1,0
BRDA:301,34,0,0
BRDA:301,34,1,0
BRDA:305,35,0,0
BRDA:305,35,1,0
BRDA:308,36,0,0
BRDA:308,36,1,0
BRDA:308,37,0,0
BRDA:308,37,1,0
BRDA:313,38,0,0
BRDA:313,38,1,0
BRDA:318,39,0,0
BRDA:318,39,1,0
BRDA:324,40,0,0
BRDA:324,40,1,0
BRDA:335,41,0,0
BRDA:335,41,1,0
BRDA:356,42,0,0
BRDA:356,42,1,0
BRDA:361,43,0,0
BRDA:361,43,1,0
BRDA:363,44,0,0
BRDA:363,44,1,0
BRDA:370,45,0,0
BRDA:370,45,1,0
BRDA:370,45,2,0
BRDA:370,45,3,0
BRF:98
BRH:0
end_of_record
TN:
SF:src/contexts/TournamentFormContext.jsx
FN:5,TournamentFormProvider
FN:54,useTournamentForm
FNF:2
FNH:0
FNDA:0,TournamentFormProvider
FNDA:0,useTournamentForm
DA:3,0
DA:6,0
DA:7,0
DA:8,0
DA:9,0
DA:10,0
DA:11,0
DA:12,0
DA:13,0
DA:14,0
DA:16,0
DA:24,0
DA:47,0
DA:55,0
DA:56,0
DA:57,0
DA:59,0
LF:17
LH:0
BRDA:5,0,0,0
BRDA:6,1,0,0
BRDA:6,1,1,0
BRDA:7,2,0,0
BRDA:7,2,1,0
BRDA:8,3,0,0
BRDA:8,3,1,0
BRDA:9,4,0,0
BRDA:9,4,1,0
BRDA:10,5,0,0
BRDA:10,5,1,0
BRDA:11,6,0,0
BRDA:11,6,1,0
BRDA:12,7,0,0
BRDA:12,7,1,0
BRDA:13,8,0,0
BRDA:13,8,1,0
BRDA:14,9,0,0
BRDA:14,9,1,0
BRDA:56,10,0,0
BRDA:56,10,1,0
BRF:21
BRH:0
end_of_record
TN:
SF:src/dataconnect-generated/index.cjs.js
FN:10,(anonymous_0)
FN:18,createUser
FN:22,(anonymous_2)
FN:30,getProduct
FN:34,(anonymous_4)
FN:42,listProducts
FN:46,(anonymous_6)
FN:54,createReview
FNF:8
FNH:0
FNDA:0,(anonymous_0)
FNDA:0,createUser
FNDA:0,(anonymous_2)
FNDA:0,getProduct
FNDA:0,(anonymous_4)
FNDA:0,listProducts
FNDA:0,(anonymous_6)
FNDA:0,createReview
DA:1,0
DA:3,0
DA:8,0
DA:10,0
DA:11,0
DA:12,0
DA:13,0
DA:15,0
DA:16,0
DA:18,0
DA:19,0
DA:22,0
DA:23,0
DA:24,0
DA:25,0
DA:27,0
DA:28,0
DA:30,0
DA:31,0
DA:34,0
DA:35,0
DA:36,0
DA:37,0
DA:39,0
DA:40,0
DA:42,0
DA:43,0
DA:46,0
DA:47,0
DA:48,0
DA:49,0
DA:51,0
DA:52,0
DA:54,0
DA:55,0
LF:35
LH:0
BRF:0
BRH:0
end_of_record
TN:
SF:src/dataconnect-generated/esm/index.esm.js
FN:9,(anonymous_0)
FN:16,createUser
FN:20,(anonymous_2)
FN:27,getProduct
FN:31,(anonymous_4)
FN:38,listProducts
FN:42,(anonymous_6)
FN:49,createReview
FNF:8
FNH:0
FNDA:0,(anonymous_0)
FNDA:0,createUser
FNDA:0,(anonymous_2)
FNDA:0,getProduct
FNDA:0,(anonymous_4)
FNDA:0,listProducts
FNDA:0,(anonymous_6)
FNDA:0,createReview
DA:3,0
DA:9,0
DA:10,0
DA:11,0
DA:12,0
DA:14,0
DA:17,0
DA:20,0
DA:21,0
DA:22,0
DA:23,0
DA:25,0
DA:28,0
DA:31,0
DA:32,0
DA:33,0
DA:34,0
DA:36,0
DA:39,0
DA:42,0
DA:43,0
DA:44,0
DA:45,0
DA:47,0
DA:50,0
LF:25
LH:0
BRF:0
BRH:0
end_of_record
TN:
SF:src/dataconnect-generated/react/index.cjs.js
FN:5,useCreateUser
FN:7,refFactory
FN:14,useGetProduct
FN:20,useListProducts
FN:25,useCreateReview
FN:27,refFactory
FNF:6
FNH:0
FNDA:0,useCreateUser
FNDA:0,refFactory
FNDA:0,useGetProduct
FNDA:0,useListProducts
FNDA:0,useCreateReview
FNDA:0,refFactory
DA:1,0
DA:2,0
DA:3,0
DA:5,0
DA:6,0
DA:8,0
DA:10,0
DA:14,0
DA:15,0
DA:16,0
DA:17,0
DA:20,0
DA:21,0
DA:22,0
DA:23,0
DA:25,0
DA:26,0
DA:28,0
DA:30,0
LF:19
LH:0
BRF:0
BRH:0
end_of_record
TN:
SF:src/dataconnect-generated/react/esm/index.esm.js
FN:5,useCreateUser
FN:7,refFactory
FN:14,useGetProduct
FN:20,useListProducts
FN:25,useCreateReview
FN:27,refFactory
FNF:6
FNH:0
FNDA:0,useCreateUser
FNDA:0,refFactory
FNDA:0,useGetProduct
FNDA:0,useListProducts
FNDA:0,useCreateReview
FNDA:0,refFactory
DA:6,0
DA:8,0
DA:10,0
DA:15,0
DA:16,0
DA:17,0
DA:21,0
DA:22,0
DA:23,0
DA:26,0
DA:28,0
DA:30,0
LF:12
LH:0
BRF:0
BRH:0
end_of_record
TN:
SF:src/navigation/CompeteStack.jsx
FN:14,CompeteStack
FN:54,(anonymous_1)
FN:60,(anonymous_2)
FNF:3
FNH:0
FNDA:0,CompeteStack
FNDA:0,(anonymous_1)
FNDA:0,(anonymous_2)
DA:12,0
DA:15,0
DA:55,0
DA:60,0
DA:72,0
LF:5
LH:0
BRDA:58,0,0,0
BRDA:58,0,1,0
BRF:2
BRH:0
end_of_record
TN:
SF:src/navigation/HomeStack.jsx
FN:8,HomeStack
FN:17,(anonymous_1)
FNF:2
FNH:0
FNDA:0,HomeStack
FNDA:0,(anonymous_1)
DA:6,0
DA:9,0
DA:17,0
LF:3
LH:0
BRF:0
BRH:0
end_of_record
TN:
SF:src/navigation/ProfileStack.jsx
FN:22,ProfileStack
FN:31,(anonymous_1)
FN:117,(anonymous_2)
FN:123,(anonymous_3)
FNF:4
FNH:0
FNDA:0,ProfileStack
FNDA:0,(anonymous_1)
FNDA:0,(anonymous_2)
FNDA:0,(anonymous_3)
DA:20,0
DA:23,0
DA:31,0
DA:118,0
DA:123,0
DA:135,0
LF:6
LH:0
BRDA:121,0,0,0
BRDA:121,0,1,0
BRF:2
BRH:0
end_of_record
TN:
SF:src/navigation/TabNavigator.jsx
FN:15,TabNavigator
FN:19,(anonymous_1)
FN:28,(anonymous_2)
FNF:3
FNH:0
FNDA:0,TabNavigator
FNDA:0,(anonymous_1)
FNDA:0,(anonymous_2)
DA:13,0
DA:16,0
DA:19,0
DA:28,0
DA:35,0
LF:5
LH:0
BRF:0
BRH:0
end_of_record
TN:
SF:src/navigation/TournamentFormNavigator.jsx
FN:15,TournamentFormNavigator
FN:19,(anonymous_1)
FN:25,(anonymous_2)
FN:53,(anonymous_3)
FN:68,(anonymous_4)
FNF:5
FNH:0
FNDA:0,TournamentFormNavigator
FNDA:0,(anonymous_1)
FNDA:0,(anonymous_2)
FNDA:0,(anonymous_3)
FNDA:0,(anonymous_4)
DA:16,0
DA:17,0
DA:19,0
DA:20,0
DA:21,0
DA:22,0
DA:25,0
DA:26,0
DA:27,0
DA:28,0
DA:29,0
DA:33,0
DA:35,0
DA:41,0
DA:54,0
DA:55,0
DA:68,0
DA:97,0
LF:18
LH:0
BRDA:15,0,0,0
BRDA:26,1,0,0
BRDA:26,1,1,0
BRDA:35,2,0,0
BRDA:35,2,1,0
BRDA:35,3,0,0
BRDA:35,3,1,0
BRDA:36,4,0,0
BRDA:36,4,1,0
BRDA:37,5,0,0
BRDA:37,5,1,0
BRDA:38,6,0,0
BRDA:38,6,1,0
BRDA:38,7,0,0
BRDA:38,7,1,0
BRDA:44,8,0,0
BRDA:44,8,1,0
BRDA:54,9,0,0
BRDA:54,9,1,0
BRDA:55,10,0,0
BRDA:55,10,1,0
BRDA:59,11,0,0
BRDA:59,11,1,0
BRDA:66,12,0,0
BRDA:66,12,1,0
BRDA:66,13,0,0
BRDA:66,13,1,0
BRDA:66,13,2,0
BRDA:80,14,0,0
BRDA:80,14,1,0
BRDA:89,15,0,0
BRDA:89,15,1,0
BRDA:90,16,0,0
BRDA:90,16,1,0
BRDA:91,17,0,0
BRDA:91,17,1,0
BRF:36
BRH:0
end_of_record
TN:
SF:src/screens/auth/CreatePasswordScreen.jsx
FN:10,CreatePasswordScreen
FN:17,(anonymous_1)
FN:69,(anonymous_2)
FN:80,(anonymous_3)
FNF:4
FNH:0
FNDA:0,CreatePasswordScreen
FNDA:0,(anonymous_1)
FNDA:0,(anonymous_2)
FNDA:0,(anonymous_3)
DA:11,0
DA:12,0
DA:13,0
DA:14,0
DA:15,0
DA:17,0
DA:18,0
DA:19,0
DA:22,0
DA:23,0
DA:26,0
DA:27,0
DA:30,0
DA:31,0
DA:32,0
DA:35,0
DA:37,0
DA:69,0
DA:80,0
DA:96,0
LF:20
LH:0
BRDA:18,0,0,0
BRDA:18,0,1,0
BRDA:18,1,0,0
BRDA:18,1,1,0
BRDA:22,2,0,0
BRDA:22,2,1,0
BRDA:26,3,0,0
BRDA:26,3,1,0
BRDA:35,4,0,0
BRDA:35,4,1,0
BRDA:43,5,0,0
BRDA:43,5,1,0
BRDA:52,6,0,0
BRDA:52,6,1,0
BRDA:85,7,0,0
BRDA:85,7,1,0
BRDA:88,8,0,0
BRDA:88,8,1,0
BRF:18
BRH:0
end_of_record
TN:
SF:src/screens/auth/EmailVerificationScreen.jsx
FN:10,EmailVerificationScreen
FN:18,(anonymous_1)
FN:20,(anonymous_2)
FN:21,(anonymous_3)
FN:25,(anonymous_4)
FN:39,(anonymous_5)
FN:46,(anonymous_6)
FN:71,(anonymous_7)
FN:108,(anonymous_8)
FN:111,(anonymous_9)
FN:117,(anonymous_10)
FN:118,(anonymous_11)
FNF:12
FNH:0
FNDA:0,EmailVerificationScreen
FNDA:0,(anonymous_1)
FNDA:0,(anonymous_2)
FNDA:0,(anonymous_3)
FNDA:0,(anonymous_4)
FNDA:0,(anonymous_5)
FNDA:0,(anonymous_6)
FNDA:0,(anonymous_7)
FNDA:0,(anonymous_8)
FNDA:0,(anonymous_9)
FNDA:0,(anonymous_10)
FNDA:0,(anonymous_11)
DA:11,0
DA:12,0
DA:13,0
DA:14,0
DA:15,0
DA:18,0
DA:19,0
DA:20,0
DA:21,0
DA:25,0
DA:27,0
DA:29,0
DA:30,0
DA:31,0
DA:34,0
DA:35,0
DA:39,0
DA:41,0
DA:42,0
DA:46,0
DA:47,0
DA:49,0
DA:50,0
DA:51,0
DA:54,0
DA:57,0
DA:59,0
DA:61,0
DA:63,0
DA:66,0
DA:67,0
DA:71,0
DA:72,0
DA:74,0
DA:75,0
DA:76,0
DA:77,0
DA:80,0
DA:81,0
DA:84,0
DA:109,0
DA:111,0
DA:117,0
DA:118,0
DA:154,0
LF:45
LH:0
BRDA:19,0,0,0
BRDA:19,0,1,0
BRDA:27,1,0,0
BRDA:27,1,1,0
BRDA:27,2,0,0
BRDA:27,2,1,0
BRDA:34,3,0,0
BRDA:34,3,1,0
BRDA:34,4,0,0
BRDA:34,4,1,0
BRDA:41,5,0,0
BRDA:41,5,1,0
BRDA:41,6,0,0
BRDA:41,6,1,0
BRDA:41,6,2,0
BRDA:49,7,0,0
BRDA:49,7,1,0
BRDA:61,8,0,0
BRDA:61,8,1,0
BRDA:72,9,0,0
BRDA:72,9,1,0
BRDA:90,10,0,0
BRDA:90,10,1,0
BRDA:99,11,0,0
BRDA:99,11,1,0
BRDA:114,12,0,0
BRDA:114,12,1,0
BRDA:128,13,0,0
BRDA:128,13,1,0
BRDA:131,14,0,0
BRDA:131,14,1,0
BRDA:135,15,0,0
BRDA:135,15,1,0
BRDA:143,16,0,0
BRDA:143,16,1,0
BRF:35
BRH:0
end_of_record
TN:
SF:src/screens/auth/LoginScreen.jsx
FN:12,LoginScreen
FN:23,(anonymous_1)
FN:25,(anonymous_2)
FN:28,(anonymous_3)
FN:31,(anonymous_4)
FN:74,(anonymous_5)
FN:140,(anonymous_6)
FN:164,(anonymous_7)
FN:171,(anonymous_8)
FNF:9
FNH:8
FNDA:34,LoginScreen
FNDA:9,(anonymous_1)
FNDA:2,(anonymous_2)
FNDA:9,(anonymous_3)
FNDA:7,(anonymous_4)
FNDA:3,(anonymous_5)
FNDA:6,(anonymous_6)
FNDA:2,(anonymous_7)
FNDA:0,(anonymous_8)
DA:13,34
DA:14,34
DA:15,34
DA:16,34
DA:17,34
DA:18,34
DA:19,34
DA:20,34
DA:21,34
DA:23,34
DA:25,9
DA:26,2
DA:28,9
DA:31,34
DA:33,7
DA:35,7
DA:36,1
DA:37,1
DA:41,6
DA:42,6
DA:43,1
DA:44,1
DA:47,5
DA:50,5
DA:52,5
DA:54,5
DA:56,5
DA:57,0
DA:58,0
DA:61,5
DA:63,4
DA:64,4
DA:67,1
DA:68,1
DA:69,1
DA:74,34
DA:76,3
DA:78,3
DA:79,1
DA:80,1
DA:83,2
DA:84,2
DA:85,2
DA:87,2
DA:89,1
DA:90,1
DA:92,0
DA:96,1
DA:97,1
DA:102,34
DA:141,6
DA:142,6
DA:165,2
DA:166,2
DA:171,0
DA:201,1
LF:56
LH:52
BRDA:35,0,0,1
BRDA:35,0,1,6
BRDA:42,1,0,1
BRDA:42,1,1,5
BRDA:56,2,0,0
BRDA:56,2,1,5
BRDA:61,3,0,4
BRDA:61,3,1,1
BRDA:68,4,0,1
BRDA:68,4,1,0
BRDA:78,5,0,1
BRDA:78,5,1,2
BRDA:87,6,0,1
BRDA:87,6,1,1
BRDA:89,7,0,1
BRDA:89,7,1,0
BRDA:89,8,0,1
BRDA:89,8,1,1
BRDA:92,9,0,0
BRDA:92,9,1,0
BRDA:96,10,0,1
BRDA:96,10,1,0
BRDA:108,11,0,34
BRDA:108,11,1,34
BRDA:120,12,0,34
BRDA:120,12,1,0
BRDA:142,13,0,0
BRDA:142,13,1,6
BRDA:152,14,0,34
BRDA:152,14,1,11
BRDA:166,15,0,0
BRDA:166,15,1,2
BRDA:180,16,0,11
BRDA:180,16,1,23
BRDA:181,17,0,11
BRDA:181,17,1,23
BRDA:186,18,0,34
BRDA:186,18,1,11
BRF:38
BRH:29
end_of_record
TN:
SF:src/screens/auth/ProfileSetupScreen.jsx
FN:12,ProfileSetupScreen
FN:18,(anonymous_1)
FN:40,(anonymous_2)
FN:44,(anonymous_3)
FN:102,(anonymous_4)
FNF:5
FNH:0
FNDA:0,ProfileSetupScreen
FNDA:0,(anonymous_1)
FNDA:0,(anonymous_2)
FNDA:0,(anonymous_3)
FNDA:0,(anonymous_4)
DA:13,0
DA:14,0
DA:15,0
DA:16,0
DA:18,0
DA:20,0
DA:22,0
DA:23,0
DA:24,0
DA:28,0
DA:35,0
DA:36,0
DA:40,0
DA:41,0
DA:44,0
DA:45,0
DA:46,0
DA:49,0
DA:50,0
DA:55,0
DA:58,0
DA:60,0
DA:103,0
DA:104,0
DA:159,0
LF:25
LH:0
BRDA:22,0,0,0
BRDA:22,0,1,0
BRDA:35,1,0,0
BRDA:35,1,1,0
BRDA:35,2,0,0
BRDA:35,2,1,0
BRDA:45,3,0,0
BRDA:45,3,1,0
BRDA:45,4,0,0
BRDA:45,4,1,0
BRDA:58,5,0,0
BRDA:58,5,1,0
BRDA:66,6,0,0
BRDA:66,6,1,0
BRDA:75,7,0,0
BRDA:75,7,1,0
BRDA:86,8,0,0
BRDA:86,8,1,0
BRDA:86,9,0,0
BRDA:86,9,1,0
BRDA:86,9,2,0
BRDA:97,10,0,0
BRDA:97,10,1,0
BRDA:121,11,0,0
BRDA:121,11,1,0
BRDA:148,12,0,0
BRDA:148,12,1,0
BRDA:151,13,0,0
BRDA:151,13,1,0
BRF:29
BRH:0
end_of_record
TN:
SF:src/screens/auth/SignUpScreen.jsx
FN:11,SignUpScreen
FN:16,(anonymous_1)
FN:18,(anonymous_2)
FN:21,(anonymous_3)
FN:24,(anonymous_4)
FN:63,(anonymous_5)
FNF:6
FNH:0
FNDA:0,SignUpScreen
FNDA:0,(anonymous_1)
FNDA:0,(anonymous_2)
FNDA:0,(anonymous_3)
FNDA:0,(anonymous_4)
FNDA:0,(anonymous_5)
DA:12,0
DA:13,0
DA:14,0
DA:16,0
DA:18,0
DA:19,0
DA:21,0
DA:24,0
DA:25,0
DA:26,0
DA:27,0
DA:31,0
DA:32,0
DA:33,0
DA:34,0
DA:37,0
DA:40,0
DA:42,0
DA:44,0
DA:46,0
DA:47,0
DA:48,0
DA:51,0
DA:53,0
DA:63,0
DA:69,0
DA:70,0
DA:71,0
DA:76,0
DA:140,0
LF:30
LH:0
BRDA:25,0,0,0
BRDA:25,0,1,0
BRDA:32,1,0,0
BRDA:32,1,1,0
BRDA:46,2,0,0
BRDA:46,2,1,0
BRDA:51,3,0,0
BRDA:51,3,1,0
BRDA:63,4,0,0
BRDA:63,4,1,0
BRDA:70,5,0,0
BRDA:70,5,1,0
BRDA:82,6,0,0
BRDA:82,6,1,0
BRDA:94,7,0,0
BRDA:94,7,1,0
BRDA:122,8,0,0
BRDA:122,8,1,0
BRF:18
BRH:0
end_of_record
TN:
SF:src/screens/auth/WelcomeScreen.jsx
FN:9,WelcomeScreen
FNF:1
FNH:0
FNDA:0,WelcomeScreen
DA:10,0
DA:42,0
LF:2
LH:0
BRF:0
BRH:0
end_of_record
TN:
SF:src/screens/compete/CompeteScreen.jsx
FN:15,CompeteScreen
FN:23,(anonymous_1)
FN:30,(anonymous_2)
FN:37,(anonymous_3)
FN:48,(anonymous_4)
FN:88,(anonymous_5)
FN:91,(anonymous_6)
FN:145,(anonymous_7)
FN:146,(anonymous_8)
FNF:9
FNH:0
FNDA:0,CompeteScreen
FNDA:0,(anonymous_1)
FNDA:0,(anonymous_2)
FNDA:0,(anonymous_3)
FNDA:0,(anonymous_4)
FNDA:0,(anonymous_5)
FNDA:0,(anonymous_6)
FNDA:0,(anonymous_7)
FNDA:0,(anonymous_8)
DA:16,0
DA:17,0
DA:19,0
DA:20,0
DA:21,0
DA:23,0
DA:24,0
DA:30,0
DA:31,0
DA:37,0
DA:40,0
DA:41,0
DA:48,0
DA:49,0
DA:50,0
DA:52,0
DA:58,0
DA:89,0
DA:91,0
DA:92,0
DA:97,0
DA:98,0
DA:101,0
DA:102,0
DA:103,0
DA:104,0
DA:105,0
DA:115,0
DA:116,0
DA:126,0
DA:131,0
DA:132,0
DA:133,0
DA:135,0
DA:145,0
DA:146,0
DA:171,0
LF:37
LH:0
BRDA:30,0,0,0
BRDA:40,1,0,0
BRDA:40,1,1,0
BRDA:50,2,0,0
BRDA:50,2,1,0
BRDA:66,3,0,0
BRDA:66,3,1,0
BRDA:89,4,0,0
BRDA:89,4,1,0
BRDA:91,5,0,0
BRDA:91,5,1,0
BRDA:92,6,0,0
BRDA:92,6,1,0
BRDA:98,7,0,0
BRDA:98,7,1,0
BRDA:102,8,0,0
BRDA:102,8,1,0
BRDA:102,9,0,0
BRDA:102,9,1,0
BRDA:104,10,0,0
BRDA:104,10,1,0
BRDA:104,11,0,0
BRDA:104,11,1,0
BRDA:115,12,0,0
BRDA:115,12,1,0
BRDA:115,13,0,0
BRDA:115,13,1,0
BRDA:126,14,0,0
BRDA:126,14,1,0
BRDA:133,15,0,0
BRDA:133,15,1,0
BRDA:133,15,2,0
BRF:32
BRH:0
end_of_record
TN:
SF:src/screens/home/HomeScreen.jsx
FN:17,HomeScreen
FN:25,(anonymous_1)
FN:35,(anonymous_2)
FN:38,(anonymous_3)
FN:45,(anonymous_4)
FN:49,(anonymous_5)
FN:53,(anonymous_6)
FN:60,(anonymous_7)
FN:83,(anonymous_8)
FN:133,(anonymous_9)
FN:243,(anonymous_10)
FN:267,(anonymous_11)
FN:276,(anonymous_12)
FN:297,(anonymous_13)
FNF:14
FNH:0
FNDA:0,HomeScreen
FNDA:0,(anonymous_1)
FNDA:0,(anonymous_2)
FNDA:0,(anonymous_3)
FNDA:0,(anonymous_4)
FNDA:0,(anonymous_5)
FNDA:0,(anonymous_6)
FNDA:0,(anonymous_7)
FNDA:0,(anonymous_8)
FNDA:0,(anonymous_9)
FNDA:0,(anonymous_10)
FNDA:0,(anonymous_11)
FNDA:0,(anonymous_12)
FNDA:0,(anonymous_13)
DA:18,0
DA:19,0
DA:20,0
DA:23,0
DA:25,0
DA:27,0
DA:35,0
DA:36,0
DA:38,0
DA:41,0
DA:45,0
DA:46,0
DA:49,0
DA:50,0
DA:53,0
DA:54,0
DA:57,0
DA:58,0
DA:60,0
DA:61,0
DA:62,0
DA:63,0
DA:64,0
DA:65,0
DA:66,0
DA:70,0
DA:73,0
DA:83,0
DA:84,0
DA:86,0
DA:88,0
DA:89,0
DA:94,0
DA:98,0
DA:99,0
DA:102,0
DA:105,0
DA:114,0
DA:116,0
DA:117,0
DA:124,0
DA:125,0
DA:133,0
DA:135,0
DA:139,0
DA:143,0
DA:179,0
DA:216,0
DA:243,0
DA:267,0
DA:278,0
DA:281,0
DA:283,0
DA:284,0
DA:286,0
DA:297,0
DA:305,0
LF:57
LH:0
BRDA:36,0,0,0
BRDA:36,0,1,0
BRDA:63,1,0,0
BRDA:63,1,1,0
BRDA:65,2,0,0
BRDA:65,2,1,0
BRDA:70,3,0,0
BRDA:70,3,1,0
BRDA:88,4,0,0
BRDA:88,4,1,0
BRDA:116,5,0,0
BRDA:116,5,1,0
BRDA:137,6,0,0
BRDA:137,6,1,0
BRDA:182,7,0,0
BRDA:182,7,1,0
BRDA:183,8,0,0
BRDA:183,8,1,0
BRDA:184,9,0,0
BRDA:184,9,1,0
BRDA:281,10,0,0
BRDA:281,10,1,0
BRDA:284,11,0,0
BRDA:284,11,1,0
BRF:24
BRH:0
end_of_record
TN:
SF:src/screens/match/MatchDetailsScreen.jsx
FN:28,MatchDetailsScreen
FN:38,(anonymous_1)
FN:48,(anonymous_2)
FN:52,(anonymous_3)
FN:70,(anonymous_4)
FN:81,(anonymous_5)
FN:131,(anonymous_6)
FN:135,(anonymous_7)
FN:152,(anonymous_8)
FN:174,(anonymous_9)
FN:181,(anonymous_10)
FN:185,(anonymous_11)
FN:212,(anonymous_12)
FN:242,(anonymous_13)
FN:256,(anonymous_14)
FN:258,(anonymous_15)
FN:266,(anonymous_16)
FN:268,(anonymous_17)
FN:283,(anonymous_18)
FN:303,(anonymous_19)
FN:357,(anonymous_20)
FN:447,(anonymous_21)
FN:486,(anonymous_22)
FNF:23
FNH:0
FNDA:0,MatchDetailsScreen
FNDA:0,(anonymous_1)
FNDA:0,(anonymous_2)
FNDA:0,(anonymous_3)
FNDA:0,(anonymous_4)
FNDA:0,(anonymous_5)
FNDA:0,(anonymous_6)
FNDA:0,(anonymous_7)
FNDA:0,(anonymous_8)
FNDA:0,(anonymous_9)
FNDA:0,(anonymous_10)
FNDA:0,(anonymous_11)
FNDA:0,(anonymous_12)
FNDA:0,(anonymous_13)
FNDA:0,(anonymous_14)
FNDA:0,(anonymous_15)
FNDA:0,(anonymous_16)
FNDA:0,(anonymous_17)
FNDA:0,(anonymous_18)
FNDA:0,(anonymous_19)
FNDA:0,(anonymous_20)
FNDA:0,(anonymous_21)
FNDA:0,(anonymous_22)
DA:29,0
DA:30,0
DA:31,0
DA:32,0
DA:33,0
DA:34,0
DA:35,0
DA:36,0
DA:38,0
DA:39,0
DA:47,0
DA:48,0
DA:52,0
DA:53,0
DA:55,0
DA:56,0
DA:57,0
DA:59,0
DA:61,0
DA:70,0
DA:72,0
DA:75,0
DA:78,0
DA:81,0
DA:82,0
DA:84,0
DA:86,0
DA:87,0
DA:92,0
DA:96,0
DA:97,0
DA:100,0
DA:103,0
DA:112,0
DA:114,0
DA:115,0
DA:122,0
DA:123,0
DA:131,0
DA:132,0
DA:135,0
DA:137,0
DA:138,0
DA:139,0
DA:142,0
DA:143,0
DA:144,0
DA:147,0
DA:149,0
DA:150,0
DA:152,0
DA:153,0
DA:154,0
DA:155,0
DA:156,0
DA:157,0
DA:158,0
DA:162,0
DA:165,0
DA:171,0
DA:174,0
DA:176,0
DA:177,0
DA:181,0
DA:182,0
DA:183,0
DA:185,0
DA:186,0
DA:187,0
DA:190,0
DA:192,0
DA:195,0
DA:200,0
DA:201,0
DA:202,0
DA:205,0
DA:206,0
DA:207,0
DA:212,0
DA:215,0
DA:216,0
DA:234,0
DA:235,0
DA:237,0
DA:238,0
DA:242,0
DA:243,0
DA:244,0
DA:246,0
DA:250,0
DA:257,0
DA:258,0
DA:259,0
DA:260,0
DA:267,0
DA:268,0
DA:269,0
DA:270,0
DA:283,0
DA:284,0
DA:285,0
DA:289,0
DA:294,0
DA:295,0
DA:297,0
DA:303,0
DA:358,0
DA:447,0
DA:486,0
DA:494,0
LF:110
LH:0
BRDA:40,0,0,0
BRDA:40,0,1,0
BRDA:47,1,0,0
BRDA:47,1,1,0
BRDA:47,2,0,0
BRDA:47,2,1,0
BRDA:53,3,0,0
BRDA:53,3,1,0
BRDA:53,4,0,0
BRDA:53,4,1,0
BRDA:56,5,0,0
BRDA:56,5,1,0
BRDA:57,6,0,0
BRDA:57,6,1,0
BRDA:59,7,0,0
BRDA:59,7,1,0
BRDA:59,8,0,0
BRDA:59,8,1,0
BRDA:62,9,0,0
BRDA:62,9,1,0
BRDA:62,9,2,0
BRDA:62,9,3,0
BRDA:72,10,0,0
BRDA:72,10,1,0
BRDA:75,11,0,0
BRDA:75,11,1,0
BRDA:86,12,0,0
BRDA:86,12,1,0
BRDA:107,13,0,0
BRDA:107,13,1,0
BRDA:108,14,0,0
BRDA:108,14,1,0
BRDA:114,15,0,0
BRDA:114,15,1,0
BRDA:137,16,0,0
BRDA:137,16,1,0
BRDA:142,17,0,0
BRDA:142,17,1,0
BRDA:155,18,0,0
BRDA:155,18,1,0
BRDA:157,19,0,0
BRDA:157,19,1,0
BRDA:162,20,0,0
BRDA:162,20,1,0
BRDA:176,21,0,0
BRDA:176,21,1,0
BRDA:182,22,0,0
BRDA:182,22,1,0
BRDA:186,23,0,0
BRDA:186,23,1,0
BRDA:201,24,0,0
BRDA:201,24,1,0
BRDA:202,25,0,0
BRDA:202,25,1,0
BRDA:205,26,0,0
BRDA:205,26,1,0
BRDA:206,27,0,0
BRDA:206,27,1,0
BRDA:212,28,0,0
BRDA:212,28,1,0
BRDA:215,29,0,0
BRDA:215,29,1,0
BRDA:215,30,0,0
BRDA:215,30,1,0
BRDA:215,30,2,0
BRDA:219,31,0,0
BRDA:219,31,1,0
BRDA:220,32,0,0
BRDA:220,32,1,0
BRDA:246,33,0,0
BRDA:246,33,1,0
BRDA:254,34,0,0
BRDA:254,34,1,0
BRDA:294,35,0,0
BRDA:294,35,1,0
BRDA:295,36,0,0
BRDA:295,36,1,0
BRDA:330,37,0,0
BRDA:330,37,1,0
BRDA:330,37,2,0
BRDA:333,38,0,0
BRDA:333,38,1,0
BRDA:355,39,0,0
BRDA:355,39,1,0
BRDA:355,40,0,0
BRDA:355,40,1,0
BRDA:360,41,0,0
BRDA:360,41,1,0
BRDA:401,42,0,0
BRDA:401,42,1,0
BRDA:408,43,0,0
BRDA:408,43,1,0
BRDA:410,44,0,0
BRDA:410,44,1,0
BRDA:420,45,0,0
BRDA:420,45,1,0
BRDA:426,46,0,0
BRDA:426,46,1,0
BRDA:426,47,0,0
BRDA:426,47,1,0
BRDA:432,48,0,0
BRDA:432,48,1,0
BRDA:456,49,0,0
BRDA:456,49,1,0
BRDA:462,50,0,0
BRDA:462,50,1,0
BRDA:462,50,2,0
BRF:107
BRH:0
end_of_record
TN:
SF:src/screens/profile/AboutSmashScreen.jsx
FN:8,AboutSmashScreen
FN:14,(anonymous_1)
FNF:2
FNH:0
FNDA:0,AboutSmashScreen
FNDA:0,(anonymous_1)
DA:9,0
DA:14,0
DA:79,0
LF:3
LH:0
BRF:0
BRH:0
end_of_record
TN:
SF:src/screens/profile/AccountSettingsScreen.jsx
FN:16,AccountSettingsScreen
FN:19,(anonymous_1)
FN:27,(anonymous_2)
FN:31,(anonymous_3)
FN:43,(anonymous_4)
FN:58,(anonymous_5)
FNF:6
FNH:0
FNDA:0,AccountSettingsScreen
FNDA:0,(anonymous_1)
FNDA:0,(anonymous_2)
FNDA:0,(anonymous_3)
FNDA:0,(anonymous_4)
FNDA:0,(anonymous_5)
DA:17,0
DA:19,0
DA:20,0
DA:27,0
DA:28,0
DA:31,0
DA:32,0
DA:45,0
DA:53,0
DA:58,0
DA:111,0
LF:11
LH:0
BRF:0
BRH:0
end_of_record
TN:
SF:src/screens/profile/ChangePasswordScreen.jsx
FN:15,ChangePasswordScreen
FN:27,(anonymous_1)
FN:68,(anonymous_2)
FN:98,(anonymous_3)
FN:131,(anonymous_4)
FN:152,(anonymous_5)
FN:163,(anonymous_6)
FNF:7
FNH:0
FNDA:0,ChangePasswordScreen
FNDA:0,(anonymous_1)
FNDA:0,(anonymous_2)
FNDA:0,(anonymous_3)
FNDA:0,(anonymous_4)
FNDA:0,(anonymous_5)
FNDA:0,(anonymous_6)
DA:16,0
DA:17,0
DA:19,0
DA:20,0
DA:21,0
DA:22,0
DA:23,0
DA:24,0
DA:25,0
DA:27,0
DA:29,0
DA:30,0
DA:31,0
DA:34,0
DA:35,0
DA:36,0
DA:39,0
DA:40,0
DA:41,0
DA:44,0
DA:45,0
DA:46,0
DA:49,0
DA:51,0
DA:52,0
DA:54,0
DA:55,0
DA:56,0
DA:58,0
DA:61,0
DA:62,0
DA:64,0
DA:68,0
DA:69,0
DA:70,0
DA:71,0
DA:74,0
DA:75,0
DA:76,0
DA:77,0
DA:79,0
DA:82,0
DA:83,0
DA:88,0
DA:93,0
DA:98,0
DA:131,0
DA:152,0
DA:163,0
DA:181,0
LF:50
LH:0
BRDA:29,0,0,0
BRDA:29,0,1,0
BRDA:29,1,0,0
BRDA:29,1,1,0
BRDA:29,1,2,0
BRDA:34,2,0,0
BRDA:34,2,1,0
BRDA:39,3,0,0
BRDA:39,3,1,0
BRDA:44,4,0,0
BRDA:44,4,1,0
BRDA:54,5,0,0
BRDA:54,5,1,0
BRDA:69,6,0,0
BRDA:69,6,1,0
BRDA:76,7,0,0
BRDA:76,7,1,0
BRDA:88,8,0,0
BRDA:88,8,1,0
BRDA:88,8,2,0
BRDA:88,8,3,0
BRDA:113,9,0,0
BRDA:113,9,1,0
BRDA:171,10,0,0
BRDA:171,10,1,0
BRF:25
BRH:0
end_of_record
TN:
SF:src/screens/profile/FeedbackScreen.jsx
FN:25,FeedbackScreen
FN:37,(anonymous_1)
FN:38,(anonymous_2)
FN:40,(anonymous_3)
FN:44,(anonymous_4)
FN:71,(anonymous_5)
FN:90,(anonymous_6)
FN:102,(anonymous_7)
FN:117,(anonymous_8)
FN:124,(anonymous_9)
FN:149,(anonymous_10)
FN:160,(anonymous_11)
FN:165,(anonymous_12)
FN:181,(anonymous_13)
FN:198,(anonymous_14)
FN:222,(anonymous_15)
FNF:16
FNH:0
FNDA:0,FeedbackScreen
FNDA:0,(anonymous_1)
FNDA:0,(anonymous_2)
FNDA:0,(anonymous_3)
FNDA:0,(anonymous_4)
FNDA:0,(anonymous_5)
FNDA:0,(anonymous_6)
FNDA:0,(anonymous_7)
FNDA:0,(anonymous_8)
FNDA:0,(anonymous_9)
FNDA:0,(anonymous_10)
FNDA:0,(anonymous_11)
FNDA:0,(anonymous_12)
FNDA:0,(anonymous_13)
FNDA:0,(anonymous_14)
FNDA:0,(anonymous_15)
DA:6,0
DA:7,0
DA:19,0
DA:26,0
DA:27,0
DA:33,0
DA:34,0
DA:35,0
DA:37,0
DA:38,0
DA:39,0
DA:40,0
DA:44,0
DA:45,0
DA:47,0
DA:48,0
DA:51,0
DA:52,0
DA:53,0
DA:54,0
DA:57,0
DA:58,0
DA:59,0
DA:60,0
DA:63,0
DA:64,0
DA:67,0
DA:68,0
DA:71,0
DA:72,0
DA:73,0
DA:76,0
DA:77,0
DA:78,0
DA:83,0
DA:84,0
DA:91,0
DA:97,0
DA:102,0
DA:108,0
DA:111,0
DA:113,0
DA:117,0
DA:119,0
DA:124,0
DA:150,0
DA:151,0
DA:161,0
DA:166,0
DA:181,0
DA:198,0
DA:222,0
DA:247,0
LF:53
LH:0
BRDA:6,0,0,0
BRDA:6,0,1,0
BRDA:6,1,0,0
BRDA:6,1,1,0
BRDA:31,2,0,0
BRDA:31,2,1,0
BRDA:39,3,0,0
BRDA:39,3,1,0
BRDA:47,4,0,0
BRDA:47,4,1,0
BRDA:51,5,0,0
BRDA:51,5,1,0
BRDA:53,6,0,0
BRDA:53,6,1,0
BRDA:57,7,0,0
BRDA:57,7,1,0
BRDA:59,8,0,0
BRDA:59,8,1,0
BRDA:63,9,0,0
BRDA:63,9,1,0
BRDA:63,10,0,0
BRDA:63,10,1,0
BRDA:72,11,0,0
BRDA:72,11,1,0
BRDA:83,12,0,0
BRDA:83,12,1,0
BRDA:95,13,0,0
BRDA:95,13,1,0
BRDA:108,14,0,0
BRDA:108,14,1,0
BRDA:156,15,0,0
BRDA:156,15,1,0
BRDA:156,15,2,0
BRDA:177,16,0,0
BRDA:177,16,1,0
BRDA:185,17,0,0
BRDA:185,17,1,0
BRDA:194,18,0,0
BRDA:194,18,1,0
BRDA:208,19,0,0
BRDA:208,19,1,0
BRDA:218,20,0,0
BRDA:218,20,1,0
BRDA:227,21,0,0
BRDA:227,21,1,0
BRDA:236,22,0,0
BRDA:236,22,1,0
BRF:47
BRH:0
end_of_record
TN:
SF:src/screens/profile/NotificationsSettingsScreen.jsx
FN:11,NotificationsSettingsScreen
FN:19,(anonymous_1)
FN:28,(anonymous_2)
FN:56,(anonymous_3)
FN:98,(anonymous_4)
FN:109,(anonymous_5)
FN:120,(anonymous_6)
FNF:7
FNH:0
FNDA:0,NotificationsSettingsScreen
FNDA:0,(anonymous_1)
FNDA:0,(anonymous_2)
FNDA:0,(anonymous_3)
FNDA:0,(anonymous_4)
FNDA:0,(anonymous_5)
FNDA:0,(anonymous_6)
DA:12,0
DA:14,0
DA:15,0
DA:16,0
DA:17,0
DA:19,0
DA:20,0
DA:28,0
DA:29,0
DA:35,0
DA:36,0
DA:40,0
DA:43,0
DA:44,0
DA:48,0
DA:51,0
DA:56,0
DA:98,0
DA:109,0
DA:120,0
DA:130,0
LF:21
LH:0
BRDA:35,0,0,0
BRDA:35,0,1,0
BRDA:40,1,0,0
BRDA:40,1,1,0
BRDA:40,1,2,0
BRDA:40,2,0,0
BRDA:40,2,1,0
BRDA:41,3,0,0
BRDA:41,3,1,0
BRDA:42,4,0,0
BRDA:42,4,1,0
BRDA:43,5,0,0
BRDA:43,5,1,0
BRF:13
BRH:0
end_of_record
TN:
SF:src/screens/profile/PrivacyPolicyScreen.jsx
FN:8,PrivacyPolicyScreen
FN:14,(anonymous_1)
FNF:2
FNH:0
FNDA:0,PrivacyPolicyScreen
FNDA:0,(anonymous_1)
DA:9,0
DA:14,0
DA:121,0
LF:3
LH:0
BRF:0
BRH:0
end_of_record
TN:
SF:src/screens/profile/ProfileScreen.jsx
FN:20,ProfileScreen
FN:31,(anonymous_1)
FN:55,(anonymous_2)
FN:63,(anonymous_3)
FN:70,(anonymous_4)
FN:75,(anonymous_5)
FN:86,(anonymous_6)
FN:129,(anonymous_7)
FN:158,(anonymous_8)
FN:166,(anonymous_9)
FN:210,(anonymous_10)
FN:213,(anonymous_11)
FN:259,(anonymous_12)
FN:260,(anonymous_13)
FN:274,(anonymous_14)
FNF:15
FNH:0
FNDA:0,ProfileScreen
FNDA:0,(anonymous_1)
FNDA:0,(anonymous_2)
FNDA:0,(anonymous_3)
FNDA:0,(anonymous_4)
FNDA:0,(anonymous_5)
FNDA:0,(anonymous_6)
FNDA:0,(anonymous_7)
FNDA:0,(anonymous_8)
FNDA:0,(anonymous_9)
FNDA:0,(anonymous_10)
FNDA:0,(anonymous_11)
FNDA:0,(anonymous_12)
FNDA:0,(anonymous_13)
FNDA:0,(anonymous_14)
DA:21,0
DA:22,0
DA:23,0
DA:24,0
DA:27,0
DA:28,0
DA:31,0
DA:32,0
DA:33,0
DA:40,0
DA:43,0
DA:50,0
DA:51,0
DA:53,0
DA:55,0
DA:56,0
DA:63,0
DA:64,0
DA:70,0
DA:71,0
DA:75,0
DA:76,0
DA:77,0
DA:86,0
DA:87,0
DA:91,0
DA:92,0
DA:123,0
DA:129,0
DA:158,0
DA:167,0
DA:211,0
DA:213,0
DA:214,0
DA:219,0
DA:221,0
DA:222,0
DA:223,0
DA:224,0
DA:234,0
DA:235,0
DA:245,0
DA:249,0
DA:259,0
DA:260,0
DA:274,0
DA:280,0
LF:47
LH:0
BRDA:32,0,0,0
BRDA:32,0,1,0
BRDA:32,1,0,0
BRDA:32,1,1,0
BRDA:53,2,0,0
BRDA:53,2,1,0
BRDA:76,3,0,0
BRDA:76,3,1,0
BRDA:76,4,0,0
BRDA:76,4,1,0
BRDA:91,5,0,0
BRDA:91,5,1,0
BRDA:147,6,0,0
BRDA:147,6,1,0
BRDA:147,7,0,0
BRDA:147,7,1,0
BRDA:185,8,0,0
BRDA:185,8,1,0
BRDA:187,9,0,0
BRDA:187,9,1,0
BRDA:211,10,0,0
BRDA:211,10,1,0
BRDA:213,11,0,0
BRDA:213,11,1,0
BRDA:214,12,0,0
BRDA:214,12,1,0
BRDA:221,13,0,0
BRDA:221,13,1,0
BRDA:221,14,0,0
BRDA:221,14,1,0
BRDA:223,15,0,0
BRDA:223,15,1,0
BRDA:223,16,0,0
BRDA:223,16,1,0
BRDA:234,17,0,0
BRDA:234,17,1,0
BRDA:234,18,0,0
BRDA:234,18,1,0
BRDA:245,19,0,0
BRDA:245,19,1,0
BRF:40
BRH:0
end_of_record
TN:
SF:src/screens/profile/SettingsScreen.jsx
FN:19,SettingsScreen
FN:22,(anonymous_1)
FN:34,(anonymous_2)
FN:46,(anonymous_3)
FN:50,(anonymous_4)
FN:54,(anonymous_5)
FN:58,(anonymous_6)
FN:62,(anonymous_7)
FN:66,(anonymous_8)
FN:75,(anonymous_9)
FNF:10
FNH:0
FNDA:0,SettingsScreen
FNDA:0,(anonymous_1)
FNDA:0,(anonymous_2)
FNDA:0,(anonymous_3)
FNDA:0,(anonymous_4)
FNDA:0,(anonymous_5)
FNDA:0,(anonymous_6)
FNDA:0,(anonymous_7)
FNDA:0,(anonymous_8)
FNDA:0,(anonymous_9)
DA:20,0
DA:22,0
DA:23,0
DA:35,0
DA:36,0
DA:37,0
DA:46,0
DA:47,0
DA:50,0
DA:51,0
DA:54,0
DA:55,0
DA:58,0
DA:59,0
DA:62,0
DA:63,0
DA:66,0
DA:67,0
DA:70,0
DA:75,0
DA:152,0
LF:21
LH:0
BRDA:36,0,0,0
BRDA:36,0,1,0
BRF:2
BRH:0
end_of_record
TN:
SF:src/screens/profile/TermsOfServiceScreen.jsx
FN:8,TermsOfServiceScreen
FN:14,(anonymous_1)
FNF:2
FNH:0
FNDA:0,TermsOfServiceScreen
FNDA:0,(anonymous_1)
DA:9,0
DA:14,0
DA:100,0
LF:3
LH:0
BRF:0
BRH:0
end_of_record
TN:
SF:src/screens/tournament/CourtsFormScreen.jsx
FN:16,CourtsFormScreen
FN:20,(anonymous_1)
FN:22,(anonymous_2)
FN:35,(anonymous_3)
FN:36,(anonymous_4)
FN:38,(anonymous_5)
FN:39,(anonymous_6)
FN:45,(anonymous_7)
FN:47,(anonymous_8)
FN:48,(anonymous_9)
FN:55,(anonymous_10)
FN:56,(anonymous_11)
FN:60,(anonymous_12)
FN:62,(anonymous_13)
FN:66,(anonymous_14)
FN:67,(anonymous_15)
FN:80,(anonymous_16)
FN:86,(anonymous_17)
FN:92,(anonymous_18)
FNF:19
FNH:0
FNDA:0,CourtsFormScreen
FNDA:0,(anonymous_1)
FNDA:0,(anonymous_2)
FNDA:0,(anonymous_3)
FNDA:0,(anonymous_4)
FNDA:0,(anonymous_5)
FNDA:0,(anonymous_6)
FNDA:0,(anonymous_7)
FNDA:0,(anonymous_8)
FNDA:0,(anonymous_9)
FNDA:0,(anonymous_10)
FNDA:0,(anonymous_11)
FNDA:0,(anonymous_12)
FNDA:0,(anonymous_13)
FNDA:0,(anonymous_14)
FNDA:0,(anonymous_15)
FNDA:0,(anonymous_16)
FNDA:0,(anonymous_17)
FNDA:0,(anonymous_18)
DA:17,0
DA:18,0
DA:20,0
DA:21,0
DA:22,0
DA:27,0
DA:35,0
DA:36,0
DA:37,0
DA:38,0
DA:39,0
DA:41,0
DA:45,0
DA:46,0
DA:47,0
DA:48,0
DA:51,0
DA:52,0
DA:55,0
DA:56,0
DA:57,0
DA:60,0
DA:61,0
DA:62,0
DA:66,0
DA:67,0
DA:68,0
DA:72,0
DA:81,0
DA:86,0
DA:92,0
DA:122,0
LF:32
LH:0
BRDA:16,0,0,0
BRDA:21,1,0,0
BRDA:21,1,1,0
BRDA:61,2,0,0
BRDA:61,2,1,0
BRDA:68,3,0,0
BRDA:68,3,1,0
BRDA:90,4,0,0
BRDA:90,4,1,0
BRDA:90,5,0,0
BRDA:90,5,1,0
BRDA:102,6,0,0
BRDA:102,6,1,0
BRDA:114,7,0,0
BRDA:114,7,1,0
BRF:15
BRH:0
end_of_record
TN:
SF:src/screens/tournament/CourtsFormScreenV2.jsx
FN:13,CourtsFormScreenV2
FN:16,(anonymous_1)
FN:18,(anonymous_2)
FN:30,(anonymous_3)
FN:33,(anonymous_4)
FN:37,(anonymous_5)
FN:39,(anonymous_6)
FN:40,(anonymous_7)
FN:47,(anonymous_8)
FN:48,(anonymous_9)
FN:52,(anonymous_10)
FN:54,(anonymous_11)
FN:58,(anonymous_12)
FN:59,(anonymous_13)
FN:72,(anonymous_14)
FN:78,(anonymous_15)
FN:84,(anonymous_16)
FNF:17
FNH:0
FNDA:0,CourtsFormScreenV2
FNDA:0,(anonymous_1)
FNDA:0,(anonymous_2)
FNDA:0,(anonymous_3)
FNDA:0,(anonymous_4)
FNDA:0,(anonymous_5)
FNDA:0,(anonymous_6)
FNDA:0,(anonymous_7)
FNDA:0,(anonymous_8)
FNDA:0,(anonymous_9)
FNDA:0,(anonymous_10)
FNDA:0,(anonymous_11)
FNDA:0,(anonymous_12)
FNDA:0,(anonymous_13)
FNDA:0,(anonymous_14)
FNDA:0,(anonymous_15)
FNDA:0,(anonymous_16)
DA:14,0
DA:16,0
DA:17,0
DA:18,0
DA:23,0
DA:30,0
DA:32,0
DA:33,0
DA:37,0
DA:38,0
DA:39,0
DA:40,0
DA:43,0
DA:44,0
DA:47,0
DA:48,0
DA:49,0
DA:52,0
DA:53,0
DA:54,0
DA:58,0
DA:59,0
DA:60,0
DA:64,0
DA:73,0
DA:78,0
DA:84,0
DA:110,0
LF:28
LH:0
BRDA:17,0,0,0
BRDA:17,0,1,0
BRDA:32,1,0,0
BRDA:32,1,1,0
BRDA:53,2,0,0
BRDA:53,2,1,0
BRDA:60,3,0,0
BRDA:60,3,1,0
BRDA:82,4,0,0
BRDA:82,4,1,0
BRF:10
BRH:0
end_of_record
TN:
SF:src/screens/tournament/FormatFormScreen.jsx
FN:10,FormatFormScreen
FN:15,(anonymous_1)
FN:41,(anonymous_2)
FN:58,(anonymous_3)
FN:61,(anonymous_4)
FNF:5
FNH:0
FNDA:0,FormatFormScreen
FNDA:0,(anonymous_1)
FNDA:0,(anonymous_2)
FNDA:0,(anonymous_3)
FNDA:0,(anonymous_4)
DA:11,0
DA:12,0
DA:13,0
DA:15,0
DA:16,0
DA:17,0
DA:20,0
DA:41,0
DA:42,0
DA:43,0
DA:45,0
DA:46,0
DA:50,0
DA:59,0
DA:61,0
DA:109,0
LF:16
LH:0
BRDA:42,0,0,0
BRDA:42,0,1,0
BRDA:65,1,0,0
BRDA:65,1,1,0
BRDA:74,2,0,0
BRDA:74,2,1,0
BRDA:82,3,0,0
BRDA:82,3,1,0
BRDA:92,4,0,0
BRDA:92,4,1,0
BRDA:92,4,2,0
BRDA:93,5,0,0
BRDA:93,5,1,0
BRDA:96,6,0,0
BRDA:96,6,1,0
BRDA:96,6,2,0
BRF:16
BRH:0
end_of_record
TN:
SF:src/screens/tournament/MainFormScreen.jsx
FN:27,MainFormScreen
FN:62,(anonymous_1)
FN:107,(anonymous_2)
FN:204,(anonymous_3)
FN:214,(anonymous_4)
FN:224,(anonymous_5)
FN:230,(anonymous_6)
FN:236,(anonymous_7)
FN:259,(anonymous_8)
FN:268,(anonymous_9)
FN:279,(anonymous_10)
FN:293,(anonymous_11)
FN:306,(anonymous_12)
FN:333,(anonymous_13)
FN:358,(anonymous_14)
FN:373,(anonymous_15)
FN:386,(anonymous_16)
FN:393,(anonymous_17)
FN:412,(anonymous_18)
FN:465,(anonymous_19)
FN:471,(anonymous_20)
FNF:21
FNH:0
FNDA:0,MainFormScreen
FNDA:0,(anonymous_1)
FNDA:0,(anonymous_2)
FNDA:0,(anonymous_3)
FNDA:0,(anonymous_4)
FNDA:0,(anonymous_5)
FNDA:0,(anonymous_6)
FNDA:0,(anonymous_7)
FNDA:0,(anonymous_8)
FNDA:0,(anonymous_9)
FNDA:0,(anonymous_10)
FNDA:0,(anonymous_11)
FNDA:0,(anonymous_12)
FNDA:0,(anonymous_13)
FNDA:0,(anonymous_14)
FNDA:0,(anonymous_15)
FNDA:0,(anonymous_16)
FNDA:0,(anonymous_17)
FNDA:0,(anonymous_18)
FNDA:0,(anonymous_19)
FNDA:0,(anonymous_20)
DA:28,0
DA:29,0
DA:30,0
DA:51,0
DA:53,0
DA:54,0
DA:55,0
DA:56,0
DA:57,0
DA:60,0
DA:62,0
DA:63,0
DA:71,0
DA:74,0
DA:75,0
DA:76,0
DA:80,0
DA:81,0
DA:82,0
DA:86,0
DA:87,0
DA:88,0
DA:92,0
DA:93,0
DA:94,0
DA:98,0
DA:99,0
DA:100,0
DA:103,0
DA:104,0
DA:107,0
DA:109,0
DA:110,0
DA:113,0
DA:115,0
DA:117,0
DA:118,0
DA:119,0
DA:120,0
DA:121,0
DA:122,0
DA:126,0
DA:138,0
DA:139,0
DA:141,0
DA:143,0
DA:144,0
DA:147,0
DA:148,0
DA:152,0
DA:153,0
DA:154,0
DA:155,0
DA:159,0
DA:160,0
DA:161,0
DA:162,0
DA:167,0
DA:168,0
DA:171,0
DA:172,0
DA:173,0
DA:177,0
DA:181,0
DA:182,0
DA:184,0
DA:188,0
DA:189,0
DA:193,0
DA:194,0
DA:197,0
DA:198,0
DA:200,0
DA:204,0
DA:205,0
DA:206,0
DA:208,0
DA:209,0
DA:210,0
DA:214,0
DA:215,0
DA:216,0
DA:218,0
DA:219,0
DA:220,0
DA:224,0
DA:225,0
DA:226,0
DA:227,0
DA:230,0
DA:231,0
DA:232,0
DA:233,0
DA:236,0
DA:237,0
DA:243,0
DA:245,0
DA:259,0
DA:269,0
DA:270,0
DA:280,0
DA:281,0
DA:294,0
DA:295,0
DA:307,0
DA:308,0
DA:334,0
DA:335,0
DA:359,0
DA:360,0
DA:361,0
DA:374,0
DA:375,0
DA:376,0
DA:387,0
DA:388,0
DA:394,0
DA:413,0
DA:414,0
DA:466,0
DA:467,0
DA:468,0
DA:472,0
DA:495,0
LF:124
LH:0
BRDA:60,0,0,0
BRDA:60,0,1,0
BRDA:60,0,2,0
BRDA:74,1,0,0
BRDA:74,1,1,0
BRDA:80,2,0,0
BRDA:80,2,1,0
BRDA:86,3,0,0
BRDA:86,3,1,0
BRDA:92,4,0,0
BRDA:92,4,1,0
BRDA:98,5,0,0
BRDA:98,5,1,0
BRDA:109,6,0,0
BRDA:109,6,1,0
BRDA:118,7,0,0
BRDA:118,7,1,0
BRDA:120,8,0,0
BRDA:120,8,1,0
BRDA:128,9,0,0
BRDA:128,9,1,0
BRDA:129,10,0,0
BRDA:129,10,1,0
BRDA:130,11,0,0
BRDA:130,11,1,0
BRDA:131,12,0,0
BRDA:131,12,1,0
BRDA:132,13,0,0
BRDA:132,13,1,0
BRDA:133,14,0,0
BRDA:133,14,1,0
BRDA:141,15,0,0
BRDA:141,15,1,0
BRDA:141,16,0,0
BRDA:141,16,1,0
BRDA:143,17,0,0
BRDA:143,17,1,0
BRDA:147,18,0,0
BRDA:147,18,1,0
BRDA:152,19,0,0
BRDA:152,19,1,0
BRDA:154,20,0,0
BRDA:154,20,1,0
BRDA:159,21,0,0
BRDA:159,21,1,0
BRDA:171,22,0,0
BRDA:171,22,1,0
BRDA:181,23,0,0
BRDA:181,23,1,0
BRDA:188,24,0,0
BRDA:188,24,1,0
BRDA:193,25,0,0
BRDA:193,25,1,0
BRDA:193,26,0,0
BRDA:193,26,1,0
BRDA:205,27,0,0
BRDA:205,27,1,0
BRDA:208,28,0,0
BRDA:208,28,1,0
BRDA:210,29,0,0
BRDA:210,29,1,0
BRDA:215,30,0,0
BRDA:215,30,1,0
BRDA:218,31,0,0
BRDA:218,31,1,0
BRDA:220,32,0,0
BRDA:220,32,1,0
BRDA:225,33,0,0
BRDA:225,33,1,0
BRDA:231,34,0,0
BRDA:231,34,1,0
BRDA:237,35,0,0
BRDA:237,35,1,0
BRDA:253,36,0,0
BRDA:253,36,1,0
BRDA:253,36,2,0
BRDA:270,37,0,0
BRDA:270,37,1,0
BRDA:281,38,0,0
BRDA:281,38,1,0
BRDA:292,39,0,0
BRDA:292,39,1,0
BRDA:313,40,0,0
BRDA:313,40,1,0
BRDA:313,40,2,0
BRDA:316,41,0,0
BRDA:316,41,1,0
BRDA:340,42,0,0
BRDA:340,42,1,0
BRDA:340,42,2,0
BRDA:343,43,0,0
BRDA:343,43,1,0
BRDA:359,44,0,0
BRDA:359,44,1,0
BRDA:374,45,0,0
BRDA:374,45,1,0
BRDA:382,46,0,0
BRDA:382,46,1,0
BRDA:382,46,2,0
BRDA:385,47,0,0
BRDA:385,47,1,0
BRDA:388,48,0,0
BRDA:388,48,1,0
BRDA:441,49,0,0
BRDA:441,49,1,0
BRDA:441,49,2,0
BRDA:443,50,0,0
BRDA:443,50,1,0
BRDA:452,51,0,0
BRDA:452,51,1,0
BRDA:452,51,2,0
BRDA:454,52,0,0
BRDA:454,52,1,0
BRDA:462,53,0,0
BRDA:462,53,1,0
BRDA:462,53,2,0
BRDA:464,54,0,0
BRDA:464,54,1,0
BRDA:468,55,0,0
BRDA:468,55,1,0
BRDA:485,56,0,0
BRDA:485,56,1,0
BRDA:485,57,0,0
BRDA:485,57,1,0
BRDA:485,58,0,0
BRDA:485,58,1,0
BRF:126
BRH:0
end_of_record
TN:
SF:src/screens/tournament/MainFormScreenV2.jsx
FN:22,MainFormScreenV2
FN:59,(anonymous_1)
FN:104,(anonymous_2)
FN:194,(anonymous_3)
FN:204,(anonymous_4)
FN:214,(anonymous_5)
FN:220,(anonymous_6)
FN:226,(anonymous_7)
FN:243,(anonymous_8)
FN:257,(anonymous_9)
FN:278,(anonymous_10)
FN:305,(anonymous_11)
FN:331,(anonymous_12)
FN:344,(anonymous_13)
FN:351,(anonymous_14)
FN:428,(anonymous_15)
FN:434,(anonymous_16)
FNF:17
FNH:0
FNDA:0,MainFormScreenV2
FNDA:0,(anonymous_1)
FNDA:0,(anonymous_2)
FNDA:0,(anonymous_3)
FNDA:0,(anonymous_4)
FNDA:0,(anonymous_5)
FNDA:0,(anonymous_6)
FNDA:0,(anonymous_7)
FNDA:0,(anonymous_8)
FNDA:0,(anonymous_9)
FNDA:0,(anonymous_10)
FNDA:0,(anonymous_11)
FNDA:0,(anonymous_12)
FNDA:0,(anonymous_13)
FNDA:0,(anonymous_14)
FNDA:0,(anonymous_15)
FNDA:0,(anonymous_16)
DA:30,0
DA:49,0
DA:51,0
DA:52,0
DA:53,0
DA:54,0
DA:57,0
DA:59,0
DA:60,0
DA:68,0
DA:71,0
DA:72,0
DA:73,0
DA:77,0
DA:78,0
DA:79,0
DA:83,0
DA:84,0
DA:85,0
DA:89,0
DA:90,0
DA:91,0
DA:95,0
DA:96,0
DA:97,0
DA:100,0
DA:101,0
DA:104,0
DA:106,0
DA:107,0
DA:110,0
DA:112,0
DA:114,0
DA:115,0
DA:116,0
DA:117,0
DA:118,0
DA:119,0
DA:123,0
DA:135,0
DA:136,0
DA:138,0
DA:140,0
DA:141,0
DA:144,0
DA:145,0
DA:149,0
DA:150,0
DA:151,0
DA:152,0
DA:156,0
DA:157,0
DA:158,0
DA:159,0
DA:164,0
DA:165,0
DA:168,0
DA:169,0
DA:170,0
DA:174,0
DA:178,0
DA:179,0
DA:183,0
DA:184,0
DA:187,0
DA:188,0
DA:190,0
DA:194,0
DA:195,0
DA:196,0
DA:198,0
DA:199,0
DA:200,0
DA:204,0
DA:205,0
DA:206,0
DA:208,0
DA:209,0
DA:210,0
DA:214,0
DA:215,0
DA:216,0
DA:217,0
DA:220,0
DA:221,0
DA:222,0
DA:223,0
DA:226,0
DA:227,0
DA:230,0
DA:232,0
DA:244,0
DA:245,0
DA:258,0
DA:259,0
DA:279,0
DA:280,0
DA:306,0
DA:307,0
DA:332,0
DA:333,0
DA:334,0
DA:345,0
DA:346,0
DA:352,0
DA:429,0
DA:430,0
DA:431,0
DA:435,0
DA:447,0
LF:110
LH:0
BRDA:57,0,0,0
BRDA:57,0,1,0
BRDA:57,0,2,0
BRDA:71,1,0,0
BRDA:71,1,1,0
BRDA:77,2,0,0
BRDA:77,2,1,0
BRDA:83,3,0,0
BRDA:83,3,1,0
BRDA:89,4,0,0
BRDA:89,4,1,0
BRDA:95,5,0,0
BRDA:95,5,1,0
BRDA:106,6,0,0
BRDA:106,6,1,0
BRDA:115,7,0,0
BRDA:115,7,1,0
BRDA:117,8,0,0
BRDA:117,8,1,0
BRDA:125,9,0,0
BRDA:125,9,1,0
BRDA:126,10,0,0
BRDA:126,10,1,0
BRDA:127,11,0,0
BRDA:127,11,1,0
BRDA:129,12,0,0
BRDA:129,12,1,0
BRDA:130,13,0,0
BRDA:130,13,1,0
BRDA:138,14,0,0
BRDA:138,14,1,0
BRDA:138,15,0,0
BRDA:138,15,1,0
BRDA:140,16,0,0
BRDA:140,16,1,0
BRDA:144,17,0,0
BRDA:144,17,1,0
BRDA:149,18,0,0
BRDA:149,18,1,0
BRDA:151,19,0,0
BRDA:151,19,1,0
BRDA:156,20,0,0
BRDA:156,20,1,0
BRDA:168,21,0,0
BRDA:168,21,1,0
BRDA:178,22,0,0
BRDA:178,22,1,0
BRDA:183,23,0,0
BRDA:183,23,1,0
BRDA:195,24,0,0
BRDA:195,24,1,0
BRDA:198,25,0,0
BRDA:198,25,1,0
BRDA:200,26,0,0
BRDA:200,26,1,0
BRDA:205,27,0,0
BRDA:205,27,1,0
BRDA:208,28,0,0
BRDA:208,28,1,0
BRDA:210,29,0,0
BRDA:210,29,1,0
BRDA:215,30,0,0
BRDA:215,30,1,0
BRDA:221,31,0,0
BRDA:221,31,1,0
BRDA:227,32,0,0
BRDA:227,32,1,0
BRDA:245,33,0,0
BRDA:245,33,1,0
BRDA:259,34,0,0
BRDA:259,34,1,0
BRDA:267,35,0,0
BRDA:267,35,1,0
BRDA:285,36,0,0
BRDA:285,36,1,0
BRDA:285,36,2,0
BRDA:288,37,0,0
BRDA:288,37,1,0
BRDA:312,38,0,0
BRDA:312,38,1,0
BRDA:312,38,2,0
BRDA:315,39,0,0
BRDA:315,39,1,0
BRDA:332,40,0,0
BRDA:332,40,1,0
BRDA:340,41,0,0
BRDA:340,41,1,0
BRDA:340,41,2,0
BRDA:343,42,0,0
BRDA:343,42,1,0
BRDA:346,43,0,0
BRDA:346,43,1,0
BRDA:387,44,0,0
BRDA:387,44,1,0
BRDA:397,45,0,0
BRDA:397,45,1,0
BRDA:397,46,0,0
BRDA:397,46,1,0
BRDA:397,47,0,0
BRDA:397,47,1,0
BRDA:404,48,0,0
BRDA:404,48,1,0
BRDA:404,48,2,0
BRDA:406,49,0,0
BRDA:406,49,1,0
BRDA:415,50,0,0
BRDA:415,50,1,0
BRDA:415,50,2,0
BRDA:417,51,0,0
BRDA:417,51,1,0
BRDA:425,52,0,0
BRDA:425,52,1,0
BRDA:425,52,2,0
BRDA:427,53,0,0
BRDA:427,53,1,0
BRDA:431,54,0,0
BRDA:431,54,1,0
BRF:117
BRH:0
end_of_record
TN:
SF:src/screens/tournament/RulesFormScreen.jsx
FN:10,RulesFormScreen
FN:16,(anonymous_1)
FN:17,(anonymous_2)
FN:22,(anonymous_3)
FNF:4
FNH:0
FNDA:0,RulesFormScreen
FNDA:0,(anonymous_1)
FNDA:0,(anonymous_2)
FNDA:0,(anonymous_3)
DA:11,0
DA:12,0
DA:13,0
DA:16,0
DA:17,0
DA:18,0
DA:22,0
DA:23,0
DA:24,0
DA:27,0
DA:46,0
LF:11
LH:0
BRF:0
BRH:0
end_of_record
TN:
SF:src/screens/tournament/RulesFormScreenV2.jsx
FN:7,RulesFormScreenV2
FN:11,(anonymous_1)
FN:14,(anonymous_2)
FN:18,(anonymous_3)
FNF:4
FNH:0
FNDA:0,RulesFormScreenV2
FNDA:0,(anonymous_1)
FNDA:0,(anonymous_2)
FNDA:0,(anonymous_3)
DA:8,0
DA:9,0
DA:11,0
DA:13,0
DA:14,0
DA:18,0
DA:19,0
DA:20,0
DA:23,0
DA:42,0
LF:10
LH:0
BRDA:13,0,0,0
BRDA:13,0,1,0
BRF:2
BRH:0
end_of_record
TN:
SF:src/screens/tournament/TournamentDetailsScreen.jsx
FN:45,TournamentDetailsScreen
FN:77,(anonymous_1)
FN:86,(anonymous_2)
FN:87,(anonymous_3)
FN:98,(anonymous_4)
FN:101,(anonymous_5)
FN:104,(anonymous_6)
FN:108,(anonymous_7)
FN:119,(anonymous_8)
FN:123,(anonymous_9)
FN:157,(anonymous_10)
FN:179,(anonymous_11)
FN:225,(anonymous_12)
FN:230,(anonymous_13)
FN:297,(anonymous_14)
FN:307,(anonymous_15)
FN:318,(anonymous_16)
FN:322,(anonymous_17)
FN:331,(anonymous_18)
FN:376,(anonymous_19)
FN:388,(anonymous_20)
FN:449,(anonymous_21)
FN:467,(anonymous_22)
FN:499,(anonymous_23)
FN:510,(anonymous_24)
FN:516,(anonymous_25)
FN:522,(anonymous_26)
FN:528,(anonymous_27)
FN:543,(anonymous_28)
FN:547,(anonymous_29)
FN:550,(anonymous_30)
FN:563,(anonymous_31)
FN:576,(anonymous_32)
FN:607,(anonymous_33)
FN:616,(anonymous_34)
FN:649,(anonymous_35)
FN:649,(anonymous_36)
FN:674,(anonymous_37)
FN:716,(anonymous_38)
FN:719,(anonymous_39)
FN:732,(anonymous_40)
FN:741,(anonymous_41)
FN:753,(anonymous_42)
FN:757,(anonymous_43)
FN:766,(anonymous_44)
FN:767,(anonymous_45)
FN:774,(anonymous_46)
FN:784,(anonymous_47)
FN:785,(anonymous_48)
FN:791,(anonymous_49)
FN:803,(anonymous_50)
FN:815,(anonymous_51)
FN:846,(anonymous_52)
FN:865,(anonymous_53)
FN:903,(anonymous_54)
FN:910,(anonymous_55)
FN:921,(anonymous_56)
FN:929,(anonymous_57)
FN:943,(anonymous_58)
FN:947,(anonymous_59)
FN:972,(anonymous_60)
FN:1023,(anonymous_61)
FN:1037,(anonymous_62)
FN:1106,(anonymous_63)
FN:1108,(anonymous_64)
FN:1127,(anonymous_65)
FN:1142,(anonymous_66)
FN:1181,(anonymous_67)
FN:1187,(anonymous_68)
FN:1188,(anonymous_69)
FN:1234,(anonymous_70)
FN:1262,(anonymous_71)
FN:1263,(anonymous_72)
FN:1264,(anonymous_73)
FN:1265,(anonymous_74)
FN:1274,(anonymous_75)
FN:1278,(anonymous_76)
FN:1285,(anonymous_77)
FN:1305,(anonymous_78)
FN:1308,(anonymous_79)
FN:1339,(anonymous_80)
FN:1367,(anonymous_81)
FN:1368,(anonymous_82)
FN:1369,(anonymous_83)
FN:1370,(anonymous_84)
FN:1379,(anonymous_85)
FN:1380,(anonymous_86)
FN:1381,(anonymous_87)
FN:1399,(anonymous_88)
FN:1402,(anonymous_89)
FN:1432,(anonymous_90)
FN:1460,(anonymous_91)
FN:1461,(anonymous_92)
FN:1462,(anonymous_93)
FN:1463,(anonymous_94)
FN:1472,(anonymous_95)
FN:1473,(anonymous_96)
FN:1474,(anonymous_97)
FN:1492,(anonymous_98)
FN:1495,(anonymous_99)
FN:1525,(anonymous_100)
FN:1561,(anonymous_101)
FN:1633,(anonymous_102)
FN:1641,(anonymous_103)
FN:1653,(anonymous_104)
FN:1664,(anonymous_105)
FN:1673,(anonymous_106)
FN:1682,(anonymous_107)
FN:1695,(anonymous_108)
FN:1705,(anonymous_109)
FNF:110
FNH:0
FNDA:0,TournamentDetailsScreen
FNDA:0,(anonymous_1)
FNDA:0,(anonymous_2)
FNDA:0,(anonymous_3)
FNDA:0,(anonymous_4)
FNDA:0,(anonymous_5)
FNDA:0,(anonymous_6)
FNDA:0,(anonymous_7)
FNDA:0,(anonymous_8)
FNDA:0,(anonymous_9)
FNDA:0,(anonymous_10)
FNDA:0,(anonymous_11)
FNDA:0,(anonymous_12)
FNDA:0,(anonymous_13)
FNDA:0,(anonymous_14)
FNDA:0,(anonymous_15)
FNDA:0,(anonymous_16)
FNDA:0,(anonymous_17)
FNDA:0,(anonymous_18)
FNDA:0,(anonymous_19)
FNDA:0,(anonymous_20)
FNDA:0,(anonymous_21)
FNDA:0,(anonymous_22)
FNDA:0,(anonymous_23)
FNDA:0,(anonymous_24)
FNDA:0,(anonymous_25)
FNDA:0,(anonymous_26)
FNDA:0,(anonymous_27)
FNDA:0,(anonymous_28)
FNDA:0,(anonymous_29)
FNDA:0,(anonymous_30)
FNDA:0,(anonymous_31)
FNDA:0,(anonymous_32)
FNDA:0,(anonymous_33)
FNDA:0,(anonymous_34)
FNDA:0,(anonymous_35)
FNDA:0,(anonymous_36)
FNDA:0,(anonymous_37)
FNDA:0,(anonymous_38)
FNDA:0,(anonymous_39)
FNDA:0,(anonymous_40)
FNDA:0,(anonymous_41)
FNDA:0,(anonymous_42)
FNDA:0,(anonymous_43)
FNDA:0,(anonymous_44)
FNDA:0,(anonymous_45)
FNDA:0,(anonymous_46)
FNDA:0,(anonymous_47)
FNDA:0,(anonymous_48)
FNDA:0,(anonymous_49)
FNDA:0,(anonymous_50)
FNDA:0,(anonymous_51)
FNDA:0,(anonymous_52)
FNDA:0,(anonymous_53)
FNDA:0,(anonymous_54)
FNDA:0,(anonymous_55)
FNDA:0,(anonymous_56)
FNDA:0,(anonymous_57)
FNDA:0,(anonymous_58)
FNDA:0,(anonymous_59)
FNDA:0,(anonymous_60)
FNDA:0,(anonymous_61)
FNDA:0,(anonymous_62)
FNDA:0,(anonymous_63)
FNDA:0,(anonymous_64)
FNDA:0,(anonymous_65)
FNDA:0,(anonymous_66)
FNDA:0,(anonymous_67)
FNDA:0,(anonymous_68)
FNDA:0,(anonymous_69)
FNDA:0,(anonymous_70)
FNDA:0,(anonymous_71)
FNDA:0,(anonymous_72)
FNDA:0,(anonymous_73)
FNDA:0,(anonymous_74)
FNDA:0,(anonymous_75)
FNDA:0,(anonymous_76)
FNDA:0,(anonymous_77)
FNDA:0,(anonymous_78)
FNDA:0,(anonymous_79)
FNDA:0,(anonymous_80)
FNDA:0,(anonymous_81)
FNDA:0,(anonymous_82)
FNDA:0,(anonymous_83)
FNDA:0,(anonymous_84)
FNDA:0,(anonymous_85)
FNDA:0,(anonymous_86)
FNDA:0,(anonymous_87)
FNDA:0,(anonymous_88)
FNDA:0,(anonymous_89)
FNDA:0,(anonymous_90)
FNDA:0,(anonymous_91)
FNDA:0,(anonymous_92)
FNDA:0,(anonymous_93)
FNDA:0,(anonymous_94)
FNDA:0,(anonymous_95)
FNDA:0,(anonymous_96)
FNDA:0,(anonymous_97)
FNDA:0,(anonymous_98)
FNDA:0,(anonymous_99)
FNDA:0,(anonymous_100)
FNDA:0,(anonymous_101)
FNDA:0,(anonymous_102)
FNDA:0,(anonymous_103)
FNDA:0,(anonymous_104)
FNDA:0,(anonymous_105)
FNDA:0,(anonymous_106)
FNDA:0,(anonymous_107)
FNDA:0,(anonymous_108)
FNDA:0,(anonymous_109)
DA:46,0
DA:47,0
DA:48,0
DA:49,0
DA:50,0
DA:51,0
DA:52,0
DA:53,0
DA:54,0
DA:55,0
DA:56,0
DA:57,0
DA:58,0
DA:59,0
DA:60,0
DA:61,0
DA:62,0
DA:63,0
DA:64,0
DA:65,0
DA:66,0
DA:69,0
DA:77,0
DA:78,0
DA:86,0
DA:87,0
DA:88,0
DA:89,0
DA:98,0
DA:99,0
DA:101,0
DA:102,0
DA:104,0
DA:108,0
DA:109,0
DA:110,0
DA:115,0
DA:119,0
DA:121,0
DA:123,0
DA:124,0
DA:126,0
DA:130,0
DA:135,0
DA:136,0
DA:138,0
DA:139,0
DA:141,0
DA:144,0
DA:157,0
DA:158,0
DA:160,0
DA:163,0
DA:164,0
DA:167,0
DA:168,0
DA:170,0
DA:173,0
DA:176,0
DA:179,0
DA:181,0
DA:182,0
DA:186,0
DA:187,0
DA:190,0
DA:191,0
DA:198,0
DA:199,0
DA:202,0
DA:210,0
DA:211,0
DA:212,0
DA:219,0
DA:222,0
DA:225,0
DA:226,0
DA:230,0
DA:231,0
DA:234,0
DA:297,0
DA:299,0
DA:301,0
DA:304,0
DA:305,0
DA:307,0
DA:308,0
DA:309,0
DA:311,0
DA:313,0
DA:314,0
DA:318,0
DA:320,0
DA:322,0
DA:323,0
DA:325,0
DA:328,0
DA:331,0
DA:332,0
DA:333,0
DA:334,0
DA:337,0
DA:339,0
DA:342,0
DA:349,0
DA:350,0
DA:353,0
DA:360,0
DA:363,0
DA:367,0
DA:368,0
DA:369,0
DA:371,0
DA:372,0
DA:376,0
DA:377,0
DA:378,0
DA:379,0
DA:382,0
DA:384,0
DA:387,0
DA:388,0
DA:391,0
DA:392,0
DA:393,0
DA:397,0
DA:398,0
DA:405,0
DA:406,0
DA:409,0
DA:415,0
DA:421,0
DA:439,0
DA:440,0
DA:441,0
DA:442,0
DA:444,0
DA:445,0
DA:449,0
DA:450,0
DA:451,0
DA:452,0
DA:455,0
DA:458,0
DA:459,0
DA:461,0
DA:462,0
DA:463,0
DA:467,0
DA:468,0
DA:474,0
DA:475,0
DA:476,0
DA:479,0
DA:481,0
DA:482,0
DA:485,0
DA:486,0
DA:487,0
DA:491,0
DA:493,0
DA:494,0
DA:495,0
DA:499,0
DA:500,0
DA:502,0
DA:503,0
DA:504,0
DA:507,0
DA:509,0
DA:510,0
DA:511,0
DA:512,0
DA:516,0
DA:519,0
DA:522,0
DA:523,0
DA:524,0
DA:525,0
DA:528,0
DA:531,0
DA:532,0
DA:533,0
DA:540,0
DA:543,0
DA:544,0
DA:547,0
DA:548,0
DA:550,0
DA:553,0
DA:554,0
DA:556,0
DA:558,0
DA:559,0
DA:563,0
DA:564,0
DA:565,0
DA:568,0
DA:573,0
DA:576,0
DA:577,0
DA:580,0
DA:581,0
DA:582,0
DA:588,0
DA:590,0
DA:595,0
DA:597,0
DA:603,0
DA:604,0
DA:607,0
DA:608,0
DA:611,0
DA:612,0
DA:616,0
DA:617,0
DA:618,0
DA:619,0
DA:622,0
DA:623,0
DA:624,0
DA:627,0
DA:640,0
DA:647,0
DA:649,0
DA:650,0
DA:651,0
DA:655,0
DA:656,0
DA:660,0
DA:668,0
DA:671,0
DA:674,0
DA:675,0
DA:677,0
DA:679,0
DA:680,0
DA:681,0
DA:683,0
DA:684,0
DA:685,0
DA:686,0
DA:687,0
DA:688,0
DA:693,0
DA:694,0
DA:695,0
DA:700,0
DA:702,0
DA:703,0
DA:706,0
DA:707,0
DA:708,0
DA:709,0
DA:711,0
DA:712,0
DA:716,0
DA:717,0
DA:719,0
DA:722,0
DA:723,0
DA:724,0
DA:726,0
DA:727,0
DA:732,0
DA:733,0
DA:734,0
DA:735,0
DA:736,0
DA:737,0
DA:741,0
DA:743,0
DA:746,0
DA:749,0
DA:753,0
DA:754,0
DA:755,0
DA:756,0
DA:757,0
DA:758,0
DA:760,0
DA:762,0
DA:766,0
DA:767,0
DA:774,0
DA:775,0
DA:776,0
DA:779,0
DA:780,0
DA:784,0
DA:785,0
DA:791,0
DA:792,0
DA:804,0
DA:805,0
DA:806,0
DA:815,0
DA:816,0
DA:817,0
DA:818,0
DA:821,0
DA:822,0
DA:841,0
DA:842,0
DA:843,0
DA:846,0
DA:847,0
DA:849,0
DA:857,0
DA:859,0
DA:863,0
DA:865,0
DA:866,0
DA:867,0
DA:871,0
DA:872,0
DA:873,0
DA:886,0
DA:889,0
DA:891,0
DA:896,0
DA:898,0
DA:899,0
DA:903,0
DA:904,0
DA:905,0
DA:906,0
DA:907,0
DA:910,0
DA:912,0
DA:913,0
DA:914,0
DA:917,0
DA:918,0
DA:921,0
DA:922,0
DA:924,0
DA:926,0
DA:927,0
DA:929,0
DA:930,0
DA:931,0
DA:932,0
DA:933,0
DA:934,0
DA:935,0
DA:939,0
DA:943,0
DA:944,0
DA:945,0
DA:947,0
DA:948,0
DA:949,0
DA:952,0
DA:954,0
DA:957,0
DA:962,0
DA:963,0
DA:964,0
DA:967,0
DA:972,0
DA:975,0
DA:976,0
DA:994,0
DA:995,0
DA:996,0
DA:998,0
DA:999,0
DA:1004,0
DA:1005,0
DA:1006,0
DA:1007,0
DA:1008,0
DA:1010,0
DA:1015,0
DA:1017,0
DA:1023,0
DA:1037,0
DA:1107,0
DA:1108,0
DA:1109,0
DA:1112,0
DA:1127,0
DA:1142,0
DA:1182,0
DA:1187,0
DA:1189,0
DA:1234,0
DA:1262,0
DA:1263,0
DA:1265,0
DA:1266,0
DA:1275,0
DA:1276,0
DA:1279,0
DA:1280,0
DA:1281,0
DA:1283,0
DA:1286,0
DA:1287,0
DA:1305,0
DA:1310,0
DA:1323,0
DA:1339,0
DA:1367,0
DA:1368,0
DA:1370,0
DA:1371,0
DA:1379,0
DA:1380,0
DA:1382,0
DA:1399,0
DA:1404,0
DA:1417,0
DA:1432,0
DA:1460,0
DA:1461,0
DA:1463,0
DA:1464,0
DA:1472,0
DA:1473,0
DA:1475,0
DA:1492,0
DA:1497,0
[...]
BRDA:611,47,0,0
BRDA:611,47,1,0
BRDA:622,48,0,0
BRDA:622,48,1,0
BRDA:622,49,0,0
BRDA:622,49,1,0
BRDA:622,49,2,0
BRDA:622,49,3,0
BRDA:622,49,4,0
BRDA:622,49,5,0
BRDA:683,50,0,0
BRDA:683,50,1,0
BRDA:683,51,0,0
BRDA:683,51,1,0
BRDA:686,52,0,0
BRDA:686,52,1,0
BRDA:733,53,0,0
BRDA:733,53,1,0
BRDA:733,54,0,0
BRDA:733,54,1,0
BRDA:734,55,0,0
BRDA:734,55,1,0
BRDA:734,56,0,0
BRDA:734,56,1,0
BRDA:735,57,0,0
BRDA:735,57,1,0
BRDA:736,58,0,0
BRDA:736,58,1,0
BRDA:737,59,0,0
BRDA:737,59,1,0
BRDA:743,60,0,0
BRDA:743,60,1,0
BRDA:746,61,0,0
BRDA:746,61,1,0
BRDA:754,62,0,0
BRDA:754,62,1,0
BRDA:754,63,0,0
BRDA:754,63,1,0
BRDA:756,64,0,0
BRDA:756,64,1,0
BRDA:756,65,0,0
BRDA:756,65,1,0
BRDA:758,66,0,0
BRDA:758,66,1,0
BRDA:758,66,2,0
BRDA:760,67,0,0
BRDA:760,67,1,0
BRDA:775,68,0,0
BRDA:775,68,1,0
BRDA:780,69,0,0
BRDA:780,69,1,0
BRDA:780,69,2,0
BRDA:804,70,0,0
BRDA:804,70,1,0
BRDA:816,71,0,0
BRDA:816,71,1,0
BRDA:841,72,0,0
BRDA:841,72,1,0
BRDA:842,73,0,0
BRDA:842,73,1,0
BRDA:847,74,0,0
BRDA:847,74,1,0
BRDA:847,75,0,0
BRDA:847,75,1,0
BRDA:865,76,0,0
BRDA:865,76,1,0
BRDA:865,77,0,0
BRDA:865,77,1,0
BRDA:865,78,0,0
BRDA:865,78,1,0
BRDA:904,79,0,0
BRDA:904,79,1,0
BRDA:912,80,0,0
BRDA:912,80,1,0
BRDA:922,81,0,0
BRDA:922,81,1,0
BRDA:922,82,0,0
BRDA:922,82,1,0
BRDA:932,83,0,0
BRDA:932,83,1,0
BRDA:934,84,0,0
BRDA:934,84,1,0
BRDA:939,85,0,0
BRDA:939,85,1,0
BRDA:944,86,0,0
BRDA:944,86,1,0
BRDA:948,87,0,0
BRDA:948,87,1,0
BRDA:963,88,0,0
BRDA:963,88,1,0
BRDA:964,89,0,0
BRDA:964,89,1,0
BRDA:972,90,0,0
BRDA:972,90,1,0
BRDA:975,91,0,0
BRDA:975,91,1,0
BRDA:975,92,0,0
BRDA:975,92,1,0
BRDA:979,93,0,0
BRDA:979,93,1,0
BRDA:1011,94,0,0
BRDA:1011,94,1,0
BRDA:1012,95,0,0
BRDA:1012,95,1,0
BRDA:1033,96,0,0
BRDA:1033,96,1,0
BRDA:1077,97,0,0
BRDA:1077,97,1,0
BRDA:1082,98,0,0
BRDA:1082,98,1,0
BRDA:1092,99,0,0
BRDA:1092,99,1,0
BRDA:1105,100,0,0
BRDA:1105,100,1,0
BRDA:1109,101,0,0
BRDA:1109,101,1,0
BRDA:1151,102,0,0
BRDA:1151,102,1,0
BRDA:1157,103,0,0
BRDA:1157,103,1,0
BRDA:1157,103,2,0
BRDA:1178,104,0,0
BRDA:1178,104,1,0
BRDA:1178,105,0,0
BRDA:1178,105,1,0
BRDA:1178,105,2,0
BRDA:1186,106,0,0
BRDA:1186,106,1,0
BRDA:1186,107,0,0
BRDA:1186,107,1,0
BRDA:1187,108,0,0
BRDA:1187,108,1,0
BRDA:1187,108,2,0
BRDA:1214,109,0,0
BRDA:1214,109,1,0
BRDA:1226,110,0,0
BRDA:1226,110,1,0
BRDA:1226,110,2,0
BRDA:1226,110,3,0
BRDA:1240,111,0,0
BRDA:1240,111,1,0
BRDA:1260,112,0,0
BRDA:1260,112,1,0
BRDA:1260,112,2,0
BRDA:1263,113,0,0
BRDA:1263,113,1,0
BRDA:1266,114,0,0
BRDA:1266,114,1,0
BRDA:1276,115,0,0
BRDA:1276,115,1,0
BRDA:1279,116,0,0
BRDA:1279,116,1,0
BRDA:1279,116,2,0
BRDA:1279,116,3,0
BRDA:1280,117,0,0
BRDA:1280,117,1,0
BRDA:1303,118,0,0
BRDA:1303,118,1,0
BRDA:1345,119,0,0
BRDA:1345,119,1,0
BRDA:1365,120,0,0
BRDA:1365,120,1,0
BRDA:1365,120,2,0
BRDA:1368,121,0,0
BRDA:1368,121,1,0
BRDA:1371,122,0,0
BRDA:1371,122,1,0
BRDA:1379,123,0,0
BRDA:1379,123,1,0
BRDA:1380,124,0,0
BRDA:1380,124,1,0
BRDA:1380,124,2,0
BRDA:1380,124,3,0
BRDA:1397,125,0,0
BRDA:1397,125,1,0
BRDA:1438,126,0,0
BRDA:1438,126,1,0
BRDA:1458,127,0,0
BRDA:1458,127,1,0
BRDA:1458,127,2,0
BRDA:1461,128,0,0
BRDA:1461,128,1,0
BRDA:1464,129,0,0
BRDA:1464,129,1,0
BRDA:1472,130,0,0
BRDA:1472,130,1,0
BRDA:1473,131,0,0
BRDA:1473,131,1,0
BRDA:1473,131,2,0
BRDA:1473,131,3,0
BRDA:1490,132,0,0
BRDA:1490,132,1,0
BRDA:1531,133,0,0
BRDA:1531,133,1,0
BRDA:1567,134,0,0
BRDA:1567,134,1,0
BRDA:1594,135,0,0
BRDA:1594,135,1,0
BRDA:1596,136,0,0
BRDA:1596,136,1,0
BRDA:1598,137,0,0
BRDA:1598,137,1,0
BRDA:1613,138,0,0
BRDA:1613,138,1,0
BRDA:1613,139,0,0
BRDA:1613,139,1,0
BRDA:1613,139,2,0
BRDA:1618,140,0,0
BRDA:1618,140,1,0
BRDA:1618,141,0,0
BRDA:1618,141,1,0
BRDA:1618,141,2,0
BRDA:1709,142,0,0
BRDA:1709,142,1,0
BRDA:1721,143,0,0
BRDA:1721,143,1,0
BRDA:1723,144,0,0
BRDA:1723,144,1,0
BRF:322
BRH:0
end_of_record
TN:
SF:src/screens/updates/UpdatesScreen.jsx
FN:10,UpdatesScreen
FN:13,(anonymous_1)
FN:35,(anonymous_2)
FN:40,(anonymous_3)
FN:48,(anonymous_4)
FN:102,(anonymous_5)
FN:109,(anonymous_6)
FNF:7
FNH:0
FNDA:0,UpdatesScreen
FNDA:0,(anonymous_1)
FNDA:0,(anonymous_2)
FNDA:0,(anonymous_3)
FNDA:0,(anonymous_4)
FNDA:0,(anonymous_5)
FNDA:0,(anonymous_6)
DA:11,0
DA:13,0
DA:15,0
DA:16,0
DA:35,0
DA:37,0
DA:38,0
DA:40,0
DA:45,0
DA:46,0
DA:49,0
DA:50,0
DA:61,0
DA:64,0
DA:65,0
DA:75,0
DA:103,0
DA:109,0
DA:119,0
LF:19
LH:0
BRDA:15,0,0,0
BRDA:15,0,1,0
BRDA:37,1,0,0
BRDA:37,1,1,0
BRDA:37,2,0,0
BRDA:37,2,1,0
BRDA:45,3,0,0
BRDA:45,3,1,0
BRDA:64,4,0,0
BRDA:64,4,1,0
BRDA:82,5,0,0
BRDA:82,5,1,0
BRF:12
BRH:0
end_of_record
TN:
SF:src/services/authService.js
FN:19,(anonymous_0)
FN:64,(anonymous_1)
FN:151,(anonymous_2)
FN:164,(anonymous_3)
FN:176,(anonymous_4)
FN:188,(anonymous_5)
FN:195,(anonymous_6)
FN:202,(anonymous_7)
FN:218,(anonymous_8)
FN:261,(anonymous_9)
FN:297,(anonymous_10)
FN:331,(anonymous_11)
FN:360,(anonymous_12)
FN:393,(anonymous_13)
FN:425,(anonymous_14)
FN:450,(anonymous_15)
FNF:16
FNH:0
FNDA:0,(anonymous_0)
FNDA:0,(anonymous_1)
FNDA:0,(anonymous_2)
FNDA:0,(anonymous_3)
FNDA:0,(anonymous_4)
FNDA:0,(anonymous_5)
FNDA:0,(anonymous_6)
FNDA:0,(anonymous_7)
FNDA:0,(anonymous_8)
FNDA:0,(anonymous_9)
FNDA:0,(anonymous_10)
FNDA:0,(anonymous_11)
FNDA:0,(anonymous_12)
FNDA:0,(anonymous_13)
FNDA:0,(anonymous_14)
FNDA:0,(anonymous_15)
DA:19,3
DA:20,0
DA:21,0
DA:22,0
DA:25,0
DA:26,0
DA:32,0
DA:35,0
DA:47,0
DA:51,0
DA:53,0
DA:55,0
DA:56,0
DA:64,3
DA:65,0
DA:67,0
DA:69,0
DA:70,0
DA:73,0
DA:76,0
DA:89,0
DA:92,0
DA:93,0
DA:95,0
DA:97,0
DA:100,0
DA:101,0
DA:103,0
DA:104,0
DA:105,0
DA:107,0
DA:108,0
DA:111,0
DA:112,0
DA:115,0
DA:118,0
DA:124,0
DA:125,0
DA:127,0
DA:132,0
DA:140,0
DA:144,0
DA:151,3
DA:152,0
DA:153,0
DA:154,0
DA:156,0
DA:157,0
DA:164,3
DA:165,0
DA:166,0
DA:167,0
DA:169,0
DA:176,3
DA:177,0
DA:178,0
DA:179,0
DA:181,0
DA:188,3
DA:189,0
DA:195,3
DA:196,0
DA:202,3
DA:203,0
DA:204,0
DA:205,0
DA:206,0
DA:208,0
DA:210,0
DA:211,0
DA:218,3
DA:219,0
DA:220,0
DA:222,0
DA:223,0
DA:226,0
DA:229,0
DA:230,0
DA:234,0
DA:235,0
DA:236,0
DA:238,0
DA:239,0
DA:243,0
DA:250,0
DA:252,0
DA:253,0
DA:261,3
DA:262,0
DA:263,0
DA:266,0
DA:267,0
DA:268,0
DA:270,0
DA:275,0
DA:276,0
DA:277,0
DA:283,0
DA:286,0
DA:287,0
DA:289,0
DA:290,0
DA:297,3
DA:298,0
DA:299,0
DA:301,0
DA:302,0
DA:305,0
DA:308,0
DA:311,0
DA:318,0
DA:320,0
DA:322,0
DA:323,0
DA:331,3
DA:332,0
DA:334,0
DA:336,0
DA:337,0
DA:341,0
DA:344,0
DA:349,0
DA:351,0
DA:352,0
DA:360,3
DA:361,0
DA:362,0
DA:365,0
DA:375,0
DA:376,0
DA:377,0
DA:382,0
DA:384,0
DA:385,0
DA:393,3
DA:394,0
DA:395,0
DA:398,0
DA:407,0
DA:408,0
DA:409,0
DA:414,0
DA:416,0
DA:417,0
DA:425,3
DA:426,0
DA:427,0
DA:429,0
DA:430,0
DA:434,0
DA:435,0
DA:438,0
DA:440,0
DA:442,0
DA:443,0
DA:450,3
DA:451,0
DA:453,0
DA:455,0
DA:457,0
DA:459,0
DA:461,0
DA:463,0
DA:465,0
DA:467,0
DA:469,0
DA:471,0
DA:473,0
DA:475,0
LF:169
LH:16
BRDA:25,0,0,0
BRDA:25,0,1,0
BRDA:38,1,0,0
BRDA:38,1,1,0
BRDA:100,2,0,0
BRDA:100,2,1,0
BRDA:107,3,0,0
BRDA:107,3,1,0
BRDA:111,4,0,0
BRDA:111,4,1,0
BRDA:111,5,0,0
BRDA:111,5,1,0
BRDA:205,6,0,0
BRDA:205,6,1,0
BRDA:222,7,0,0
BRDA:222,7,1,0
BRDA:229,8,0,0
BRDA:229,8,1,0
BRDA:238,9,0,0
BRDA:238,9,1,0
BRDA:275,10,0,0
BRDA:275,10,1,0
BRDA:301,11,0,0
BRDA:301,11,1,0
BRDA:336,12,0,0
BRDA:336,12,1,0
BRDA:336,13,0,0
BRDA:336,13,1,0
BRDA:369,14,0,0
BRDA:369,14,1,0
BRDA:376,15,0,0
BRDA:376,15,1,0
BRDA:402,16,0,0
BRDA:402,16,1,0
BRDA:408,17,0,0
BRDA:408,17,1,0
BRDA:429,18,0,0
BRDA:429,18,1,0
BRDA:429,19,0,0
BRDA:429,19,1,0
BRDA:451,20,0,0
BRDA:451,20,1,0
BRDA:451,20,2,0
BRDA:451,20,3,0
BRDA:451,20,4,0
BRDA:451,20,5,0
BRDA:451,20,6,0
BRDA:451,20,7,0
BRDA:451,20,8,0
BRDA:451,20,9,0
BRDA:451,20,10,0
BRDA:451,20,11,0
BRF:52
BRH:0
end_of_record
TN:
SF:src/services/feedbackService.js
FN:13,(anonymous_0)
FNF:1
FNH:1
FNDA:6,(anonymous_0)
DA:13,1
DA:14,6
DA:16,6
DA:18,6
DA:19,1
DA:26,5
DA:27,1
DA:33,4
DA:34,1
DA:41,3
DA:42,2
DA:43,2
DA:44,1
DA:52,2
DA:67,2
DA:69,2
DA:70,1
DA:76,1
DA:82,0
DA:83,0
LF:20
LH:18
BRDA:18,0,0,1
BRDA:18,0,1,5
BRDA:18,1,0,6
BRDA:18,1,1,5
BRDA:18,1,2,5
BRDA:26,2,0,1
BRDA:26,2,1,4
BRDA:33,3,0,1
BRDA:33,3,1,3
BRDA:41,4,0,2
BRDA:41,4,1,1
BRDA:43,5,0,1
BRDA:43,5,1,1
BRDA:56,6,0,2
BRDA:56,6,1,1
BRDA:57,7,0,2
BRDA:57,7,1,1
BRDA:69,8,0,1
BRDA:69,8,1,1
BRF:19
BRH:19
end_of_record
TN:
SF:src/services/firestoreService.js
FN:21,(anonymous_0)
FN:37,(anonymous_1)
FN:52,(anonymous_2)
FN:70,(anonymous_3)
FN:76,(anonymous_4)
FN:91,(anonymous_5)
FN:104,(anonymous_6)
FN:120,(anonymous_7)
FN:132,(anonymous_8)
FN:136,(anonymous_9)
FN:143,(anonymous_10)
FN:158,(anonymous_11)
FN:162,(anonymous_12)
FN:176,(anonymous_13)
FN:178,(anonymous_14)
FN:183,(anonymous_15)
FNF:16
FNH:0
FNDA:0,(anonymous_0)
FNDA:0,(anonymous_1)
FNDA:0,(anonymous_2)
FNDA:0,(anonymous_3)
FNDA:0,(anonymous_4)
FNDA:0,(anonymous_5)
FNDA:0,(anonymous_6)
FNDA:0,(anonymous_7)
FNDA:0,(anonymous_8)
FNDA:0,(anonymous_9)
FNDA:0,(anonymous_10)
FNDA:0,(anonymous_11)
FNDA:0,(anonymous_12)
FNDA:0,(anonymous_13)
FNDA:0,(anonymous_14)
FNDA:0,(anonymous_15)
DA:21,0
DA:22,0
DA:23,0
DA:28,0
DA:30,0
DA:37,0
DA:38,0
DA:39,0
DA:43,0
DA:45,0
DA:52,0
DA:53,0
DA:54,0
DA:55,0
DA:57,0
DA:58,0
DA:60,0
DA:63,0
DA:70,0
DA:71,0
DA:72,0
DA:75,0
DA:76,0
DA:77,0
DA:78,0
DA:79,0
DA:80,0
DA:81,0
DA:82,0
DA:85,0
DA:88,0
DA:89,0
DA:91,0
DA:92,0
DA:95,0
DA:97,0
DA:104,0
DA:105,0
DA:106,0
DA:107,0
DA:111,0
DA:113,0
DA:120,0
DA:121,0
DA:122,0
DA:123,0
DA:125,0
DA:132,0
DA:133,0
DA:134,0
DA:137,0
DA:138,0
DA:140,0
DA:145,0
DA:146,0
DA:149,0
DA:158,0
DA:159,0
DA:161,0
DA:162,0
DA:163,0
DA:164,0
DA:165,0
DA:166,0
DA:167,0
DA:168,0
DA:171,0
DA:174,0
DA:177,0
DA:178,0
DA:179,0
DA:181,0
DA:185,0
DA:186,0
DA:189,0
LF:75
LH:0
BRDA:57,0,0,0
BRDA:57,0,1,0
BRDA:70,1,0,0
BRDA:75,2,0,0
BRDA:75,2,1,0
BRDA:77,3,0,0
BRDA:77,3,1,0
BRDA:79,4,0,0
BRDA:79,4,1,0
BRDA:80,5,0,0
BRDA:80,5,1,0
BRDA:81,6,0,0
BRDA:81,6,1,0
BRDA:137,7,0,0
BRDA:137,7,1,0
BRDA:145,8,0,0
BRDA:145,8,1,0
BRDA:158,9,0,0
BRDA:161,10,0,0
BRDA:161,10,1,0
BRDA:163,11,0,0
BRDA:163,11,1,0
BRDA:165,12,0,0
BRDA:165,12,1,0
BRDA:166,13,0,0
BRDA:166,13,1,0
BRDA:167,14,0,0
BRDA:167,14,1,0
BRDA:185,15,0,0
BRDA:185,15,1,0
BRF:30
BRH:0
end_of_record
TN:
SF:src/services/notificationService.js
FN:32,(anonymous_0)
FN:80,(anonymous_1)
FN:86,(anonymous_2)
FN:93,(anonymous_3)
FN:109,(anonymous_4)
FN:121,(anonymous_5)
FN:139,(anonymous_6)
FN:160,(anonymous_7)
FN:168,(anonymous_8)
FN:191,(anonymous_9)
FN:209,(anonymous_10)
FN:224,(anonymous_11)
FN:244,(anonymous_12)
FN:248,(anonymous_13)
FN:260,(anonymous_14)
FN:262,(anonymous_15)
FN:267,(anonymous_16)
FNF:17
FNH:5
FNDA:40,(anonymous_0)
FNDA:7,(anonymous_1)
FNDA:31,(anonymous_2)
FNDA:31,(anonymous_3)
FNDA:0,(anonymous_4)
FNDA:0,(anonymous_5)
FNDA:1,(anonymous_6)
FNDA:0,(anonymous_7)
FNDA:0,(anonymous_8)
FNDA:0,(anonymous_9)
FNDA:0,(anonymous_10)
FNDA:0,(anonymous_11)
FNDA:0,(anonymous_12)
FNDA:0,(anonymous_13)
FNDA:0,(anonymous_14)
FNDA:0,(anonymous_15)
FNDA:0,(anonymous_16)
DA:32,2
DA:33,40
DA:35,40
DA:37,40
DA:38,0
DA:43,40
DA:44,40
DA:51,40
DA:52,1
DA:53,1
DA:58,39
DA:59,39
DA:66,39
DA:68,0
DA:69,0
DA:80,2
DA:81,7
DA:83,7
DA:86,7
DA:87,31
DA:90,7
DA:93,31
DA:95,7
DA:97,0
DA:98,0
DA:109,2
DA:110,0
DA:111,0
DA:112,0
DA:118,0
DA:119,0
DA:121,0
DA:122,0
DA:125,0
DA:127,0
DA:128,0
DA:139,2
DA:140,1
DA:141,1
DA:142,1
DA:147,1
DA:149,0
DA:150,0
DA:160,2
DA:161,0
DA:162,0
DA:163,0
DA:165,0
DA:166,0
DA:168,0
DA:169,0
DA:175,0
DA:177,0
DA:179,0
DA:180,0
DA:191,2
DA:192,0
DA:193,0
DA:194,0
DA:196,0
DA:198,0
DA:199,0
DA:209,2
DA:210,0
DA:211,0
DA:212,0
DA:213,0
DA:215,0
DA:216,0
DA:221,0
DA:222,0
DA:224,0
DA:225,0
DA:228,0
DA:230,0
DA:232,0
DA:233,0
DA:244,2
DA:245,0
DA:246,0
DA:247,0
DA:248,0
DA:251,0
DA:252,0
DA:258,0
DA:261,0
DA:262,0
DA:263,0
DA:265,0
DA:269,0
DA:270,0
DA:272,0
DA:275,0
LF:93
LH:30
BRDA:37,0,0,0
BRDA:37,0,1,40
BRDA:43,1,0,40
BRDA:43,1,1,0
BRDA:51,2,0,1
BRDA:51,2,1,39
BRDA:51,3,0,40
BRDA:51,3,1,40
BRDA:109,4,0,0
BRDA:245,5,0,0
BRDA:245,5,1,0
BRDA:269,6,0,0
BRDA:269,6,1,0
BRF:13
BRH:6
end_of_record
TN:
SF:src/services/notificationSettingsService.js
FN:25,(anonymous_0)
FN:53,(anonymous_1)
FN:74,(anonymous_2)
FN:97,(anonymous_3)
FN:101,(anonymous_4)
FN:108,(anonymous_5)
FN:117,(anonymous_6)
FNF:7
FNH:3
FNDA:41,(anonymous_0)
FNDA:2,(anonymous_1)
FNDA:1,(anonymous_2)
FNDA:0,(anonymous_3)
FNDA:0,(anonymous_4)
FNDA:0,(anonymous_5)
FNDA:0,(anonymous_6)
DA:12,3
DA:25,3
DA:26,41
DA:27,41
DA:28,41
DA:30,41
DA:31,41
DA:34,0
DA:37,0
DA:38,0
DA:53,3
DA:54,2
DA:55,2
DA:56,2
DA:61,2
DA:63,0
DA:64,0
DA:74,3
DA:75,1
DA:76,1
DA:77,1
DA:83,1
DA:85,0
DA:86,0
DA:97,3
DA:98,0
DA:99,0
DA:100,0
DA:101,0
DA:104,0
DA:106,0
DA:109,0
DA:110,0
DA:114,0
DA:119,0
DA:123,0
DA:126,0
LF:37
LH:18
BRDA:30,0,0,41
BRDA:30,0,1,0
BRDA:98,1,0,0
BRDA:98,1,1,0
BRDA:109,2,0,0
BRDA:109,2,1,0
BRDA:119,3,0,0
BRDA:119,3,1,0
BRF:8
BRH:1
end_of_record
TN:
SF:src/services/storageService.js
FN:14,(anonymous_0)
FN:29,(anonymous_1)
FN:30,(anonymous_2)
FN:36,(anonymous_3)
FN:42,(anonymous_4)
FN:45,(anonymous_5)
FN:60,(anonymous_6)
FN:78,(anonymous_7)
FN:91,(anonymous_8)
FN:104,(anonymous_9)
FN:110,(anonymous_10)
FNF:11
FNH:0
FNDA:0,(anonymous_0)
FNDA:0,(anonymous_1)
FNDA:0,(anonymous_2)
FNDA:0,(anonymous_3)
FNDA:0,(anonymous_4)
FNDA:0,(anonymous_5)
FNDA:0,(anonymous_6)
FNDA:0,(anonymous_7)
FNDA:0,(anonymous_8)
FNDA:0,(anonymous_9)
FNDA:0,(anonymous_10)
DA:14,0
DA:15,0
DA:16,0
DA:17,0
DA:18,0
DA:20,0
DA:22,0
DA:29,0
DA:30,0
DA:31,0
DA:32,0
DA:34,0
DA:37,0
DA:38,0
DA:39,0
DA:43,0
DA:46,0
DA:47,0
DA:48,0
DA:50,0
DA:60,0
DA:61,0
DA:62,0
DA:63,0
DA:65,0
DA:66,0
DA:67,0
DA:69,0
DA:71,0
DA:78,0
DA:79,0
DA:80,0
DA:81,0
DA:82,0
DA:84,0
DA:91,0
DA:92,0
DA:93,0
DA:94,0
DA:95,0
DA:97,0
DA:104,0
DA:105,0
DA:106,0
DA:107,0
DA:109,0
DA:111,0
DA:112,0
DA:120,0
DA:122,0
LF:50
LH:0
BRDA:38,0,0,0
BRDA:38,0,1,0
BRF:2
BRH:0
end_of_record
TN:
SF:src/services/tournamentService.js
FN:6,(anonymous_0)
FN:28,(anonymous_1)
FN:47,(anonymous_2)
FN:67,(anonymous_3)
FN:84,(anonymous_4)
FN:101,(anonymous_5)
FNF:6
FNH:0
FNDA:0,(anonymous_0)
FNDA:0,(anonymous_1)
FNDA:0,(anonymous_2)
FNDA:0,(anonymous_3)
FNDA:0,(anonymous_4)
FNDA:0,(anonymous_5)
DA:6,0
DA:7,0
DA:8,0
DA:15,0
DA:16,0
DA:19,0
DA:21,0
DA:28,0
DA:29,0
DA:30,0
DA:34,0
DA:35,0
DA:38,0
DA:40,0
DA:47,0
DA:48,0
DA:49,0
DA:54,0
DA:55,0
DA:58,0
DA:60,0
DA:67,0
DA:68,0
DA:69,0
DA:71,0
DA:72,0
DA:75,0
DA:77,0
DA:84,0
DA:85,0
DA:86,0
DA:88,0
DA:89,0
DA:92,0
DA:94,0
DA:101,0
DA:102,0
LF:37
LH:0
BRDA:12,0,0,0
BRDA:12,0,1,0
BRDA:15,1,0,0
BRDA:15,1,1,0
BRDA:34,2,0,0
BRDA:34,2,1,0
BRDA:54,3,0,0
BRDA:54,3,1,0
BRDA:71,4,0,0
BRDA:71,4,1,0
BRDA:88,5,0,0
BRDA:88,5,1,0
BRF:12
BRH:0
end_of_record
TN:
SF:src/utils/courtScheduler.js
FN:23,scheduleMatches
FN:43,(anonymous_1)
FN:84,getSchedulingSummary
FN:117,parseCourts
FN:137,(anonymous_4)
FN:137,(anonymous_5)
FN:140,(anonymous_6)
FN:164,groupMatchesByTimeSlot
FN:167,(anonymous_8)
FN:185,needsScheduling
FN:200,formatTimeSlot
FN:219,validateCourts
FNF:12
FNH:12
FNDA:10,scheduleMatches
FNDA:17,(anonymous_1)
FNDA:10,getSchedulingSummary
FNDA:17,parseCourts
FNDA:25,(anonymous_4)
FNDA:25,(anonymous_5)
FNDA:23,(anonymous_6)
FNDA:5,groupMatchesByTimeSlot
FNDA:8,(anonymous_8)
FNDA:5,needsScheduling
FNDA:8,formatTimeSlot
FNDA:6,validateCourts
DA:30,10
DA:31,2
DA:34,8
DA:35,2
DA:38,6
DA:39,6
DA:40,6
DA:41,6
DA:43,6
DA:45,17
DA:49,17
DA:50,5
DA:54,17
DA:55,17
DA:58,17
DA:66,17
DA:69,17
DA:72,6
DA:90,10
DA:91,10
DA:92,10
DA:93,10
DA:94,10
DA:96,10
DA:118,17
DA:119,4
DA:122,13
DA:125,13
DA:126,13
DA:127,3
DA:128,3
DA:129,3
DA:130,3
DA:131,9
DA:133,3
DA:137,25
DA:140,10
DA:142,23
DA:143,10
DA:146,13
DA:147,10
DA:150,3
DA:165,5
DA:167,5
DA:168,8
DA:169,8
DA:170,5
DA:172,8
DA:175,5
DA:186,5
DA:201,8
DA:203,6
DA:205,6
DA:206,6
DA:207,6
DA:209,6
DA:220,6
DA:222,6
DA:223,1
DA:229,5
DA:230,1
DA:237,4
DA:238,4
LF:63
LH:63
BRDA:27,0,0,9
BRDA:28,1,0,9
BRDA:30,2,0,2
BRDA:30,2,1,8
BRDA:30,3,0,10
BRDA:30,3,1,9
BRDA:34,4,0,2
BRDA:34,4,1,6
BRDA:34,5,0,8
BRDA:34,5,1,7
BRDA:49,6,0,5
BRDA:49,6,1,12
BRDA:49,7,0,17
BRDA:49,7,1,11
BRDA:87,8,0,8
BRDA:88,9,0,8
BRDA:118,10,0,4
BRDA:118,10,1,13
BRDA:118,11,0,17
BRDA:118,11,1,14
BRDA:126,12,0,3
BRDA:126,12,1,10
BRDA:142,13,0,10
BRDA:142,13,1,13
BRDA:146,14,0,10
BRDA:146,14,1,3
BRDA:168,15,0,8
BRDA:168,15,1,2
BRDA:169,16,0,5
BRDA:169,16,1,3
BRDA:200,17,0,3
BRDA:201,18,0,2
BRDA:201,18,1,6
BRDA:222,19,0,1
BRDA:222,19,1,5
BRDA:229,20,0,1
BRDA:229,20,1,4
BRF:37
BRH:37
end_of_record
TN:
SF:src/utils/createTestFinishedTournament.js
FN:16,(anonymous_0)
FN:186,(anonymous_1)
FNF:2
FNH:0
FNDA:0,(anonymous_0)
FNDA:0,(anonymous_1)
DA:16,0
DA:17,0
DA:18,0
DA:19,0
DA:22,0
DA:163,0
DA:164,0
DA:166,0
DA:167,0
DA:168,0
DA:171,0
DA:172,0
DA:173,0
DA:174,0
DA:176,0
DA:178,0
DA:179,0
DA:186,0
DA:189,0
DA:190,0
DA:191,0
DA:192,0
DA:193,0
LF:23
LH:0
BRDA:17,0,0,0
BRDA:17,0,1,0
BRDA:166,1,0,0
BRDA:166,1,1,0
BRDA:186,2,0,0
BRF:5
BRH:0
end_of_record
TN:
SF:src/utils/dateFormatter.js
FN:19,formatDateTime
FN:60,formatDate
FN:84,formatTime
FN:108,formatShortDate
FN:132,isPastDate
FN:155,getRelativeTime
FNF:6
FNH:1
FNDA:7,formatDateTime
FNDA:0,formatDate
FNDA:0,formatTime
FNDA:0,formatShortDate
FNDA:0,isPastDate
FNDA:0,getRelativeTime
DA:20,7
DA:25,5
DA:26,1
DA:27,4
DA:29,3
DA:30,1
DA:33,2
DA:35,1
DA:39,3
DA:40,1
DA:44,2
DA:45,2
DA:48,2
DA:49,2
DA:51,2
DA:61,0
DA:64,0
DA:65,0
DA:67,0
DA:70,0
DA:71,0
DA:74,0
DA:75,0
DA:85,0
DA:88,0
DA:89,0
DA:91,0
DA:94,0
DA:95,0
DA:98,0
DA:99,0
DA:109,0
DA:112,0
DA:113,0
DA:115,0
DA:118,0
DA:119,0
DA:122,0
DA:123,0
DA:133,0
DA:136,0
DA:137,0
DA:139,0
DA:142,0
DA:143,0
DA:146,0
DA:156,0
DA:159,0
DA:160,0
DA:162,0
DA:165,0
DA:166,0
DA:169,0
DA:170,0
DA:171,0
DA:172,0
DA:173,0
DA:174,0
DA:175,0
DA:176,0
DA:179,0
DA:180,0
DA:181,0
DA:182,0
DA:183,0
DA:184,0
DA:185,0
DA:186,0
DA:187,0
DA:188,0
DA:189,0
DA:190,0
DA:191,0
DA:192,0
DA:193,0
DA:195,0
DA:196,0
DA:201,0
DA:202,0
DA:203,0
DA:204,0
DA:206,0
LF:82
LH:15
BRDA:20,0,0,2
BRDA:20,0,1,5
BRDA:25,1,0,1
BRDA:25,1,1,4
BRDA:27,2,0,3
BRDA:27,2,1,1
BRDA:29,3,0,1
BRDA:29,3,1,2
BRDA:39,4,0,1
BRDA:39,4,1,2
BRDA:61,5,0,0
BRDA:61,5,1,0
BRDA:64,6,0,0
BRDA:64,6,1,0
BRDA:70,7,0,0
BRDA:70,7,1,0
BRDA:85,8,0,0
BRDA:85,8,1,0
BRDA:88,9,0,0
BRDA:88,9,1,0
BRDA:94,10,0,0
BRDA:94,10,1,0
BRDA:109,11,0,0
BRDA:109,11,1,0
BRDA:112,12,0,0
BRDA:112,12,1,0
BRDA:118,13,0,0
BRDA:118,13,1,0
BRDA:133,14,0,0
BRDA:133,14,1,0
BRDA:136,15,0,0
BRDA:136,15,1,0
BRDA:142,16,0,0
BRDA:142,16,1,0
BRDA:156,17,0,0
BRDA:156,17,1,0
BRDA:159,18,0,0
BRDA:159,18,1,0
BRDA:165,19,0,0
BRDA:165,19,1,0
BRDA:179,20,0,0
BRDA:179,20,1,0
BRDA:180,21,0,0
BRDA:180,21,1,0
BRDA:182,22,0,0
BRDA:182,22,1,0
BRDA:183,23,0,0
BRDA:183,23,1,0
BRDA:184,24,0,0
BRDA:184,24,1,0
BRDA:185,25,0,0
BRDA:185,25,1,0
BRDA:186,26,0,0
BRDA:186,26,1,0
BRDA:188,27,0,0
BRDA:188,27,1,0
BRDA:190,28,0,0
BRDA:190,28,1,0
BRDA:191,29,0,0
BRDA:191,29,1,0
BRDA:192,30,0,0
BRDA:192,30,1,0
BRDA:193,31,0,0
BRDA:193,31,1,0
BRDA:196,32,0,0
BRDA:196,32,1,0
BRDA:202,33,0,0
BRDA:202,33,1,0
BRDA:203,34,0,0
BRDA:203,34,1,0
BRDA:204,35,0,0
BRDA:204,35,1,0
BRF:72
BRH:10
end_of_record
TN:
SF:src/utils/statsCalculator.js
FN:11,(anonymous_0)
FN:26,(anonymous_1)
FN:28,(anonymous_2)
FN:44,(anonymous_3)
FN:55,(anonymous_4)
FN:88,(anonymous_5)
FNF:6
FNH:6
FNDA:16,(anonymous_0)
FNDA:17,(anonymous_1)
FNDA:17,(anonymous_2)
FNDA:6,(anonymous_3)
FNDA:13,(anonymous_4)
FNDA:6,(anonymous_5)
DA:11,1
DA:12,16
DA:13,2
DA:21,14
DA:22,14
DA:23,14
DA:24,14
DA:26,14
DA:28,17
DA:29,17
DA:32,17
DA:33,2
DA:37,15
DA:40,15
DA:42,4
DA:44,4
DA:45,6
DA:47,4
DA:48,2
DA:54,15
DA:55,8
DA:57,13
DA:58,13
DA:60,13
DA:61,13
DA:64,13
DA:65,11
DA:66,7
DA:74,14
DA:88,1
DA:89,6
DA:90,5
LF:32
LH:32
BRDA:12,0,0,2
BRDA:12,0,1,14
BRDA:12,1,0,16
BRDA:12,1,1,15
BRDA:29,2,0,17
BRDA:29,2,1,4
BRDA:32,3,0,2
BRDA:32,3,1,15
BRDA:40,4,0,4
BRDA:40,4,1,11
BRDA:40,5,0,15
BRDA:40,5,1,4
BRDA:42,6,0,4
BRDA:42,6,1,0
BRDA:42,7,0,4
BRDA:42,7,1,0
BRDA:45,8,0,6
BRDA:45,8,1,2
BRDA:47,9,0,2
BRDA:47,9,1,2
BRDA:54,10,0,8
BRDA:54,10,1,7
BRDA:54,11,0,15
BRDA:54,11,1,8
BRDA:57,12,0,13
BRDA:57,12,1,3
BRDA:58,13,0,13
BRDA:58,13,1,10
BRDA:60,14,0,13
BRDA:60,14,1,0
BRDA:60,15,0,13
BRDA:60,15,1,3
BRDA:64,16,0,11
BRDA:64,16,1,2
BRDA:65,17,0,7
BRDA:65,17,1,4
BRDA:65,18,0,11
BRDA:65,18,1,7
BRDA:65,18,2,5
BRDA:65,18,3,4
BRDA:89,19,0,1
BRDA:89,19,1,5
BRF:42
BRH:39
end_of_record
