TN:
SF:src/components/match/MatchCard.jsx
FN:17,MatchCard
FN:46,(anonymous_1)
FN:56,(anonymous_2)
FN:65,(anonymous_3)
FN:80,(anonymous_4)
FNF:5
FNH:0
FNDA:0,MatchCard
FNDA:0,(anonymous_1)
FNDA:0,(anonymous_2)
FNDA:0,(anonymous_3)
FNDA:0,(anonymous_4)
DA:36,0
DA:37,0
DA:41,0
DA:44,0
DA:46,0
DA:47,0
DA:48,0
DA:56,0
DA:57,0
DA:65,0
DA:66,0
DA:81,0
DA:153,0
DA:177,0
LF:14
LH:0
BRDA:18,0,0,0
BRDA:26,1,0,0
BRDA:28,2,0,0
BRDA:33,3,0,0
BRDA:36,4,0,0
BRDA:36,4,1,0
BRDA:36,5,0,0
BRDA:36,5,1,0
BRDA:36,5,2,0
BRDA:36,5,3,0
BRDA:78,6,0,0
BRDA:78,6,1,0
BRDA:78,7,0,0
BRDA:78,7,1,0
BRDA:83,8,0,0
BRDA:83,8,1,0
BRDA:105,9,0,0
BRDA:105,9,1,0
BRDA:114,10,0,0
BRDA:114,10,1,0
BRDA:128,11,0,0
BRDA:128,11,1,0
BRDA:133,12,0,0
BRDA:133,12,1,0
BRDA:133,12,2,0
BRDA:142,13,0,0
BRDA:142,13,1,0
BRDA:142,13,2,0
BRDA:144,14,0,0
BRDA:144,14,1,0
BRDA:153,15,0,0
BRDA:153,15,1,0
BRDA:165,16,0,0
BRDA:165,16,1,0
BRDA:171,17,0,0
BRDA:171,17,1,0
BRF:36
BRH:0
end_of_record
TN:
SF:src/components/match/RecordScoreModal.jsx
FN:13,RecordScoreModal
FN:21,(anonymous_1)
FN:24,(anonymous_2)
FN:30,(anonymous_3)
FN:63,(anonymous_4)
FN:86,(anonymous_5)
FN:163,(anonymous_6)
FN:166,(anonymous_7)
FN:169,(anonymous_8)
FN:170,(anonymous_9)
FN:204,(anonymous_10)
FN:209,(anonymous_11)
FN:212,(anonymous_12)
FN:213,(anonymous_13)
FNF:14
FNH:0
FNDA:0,RecordScoreModal
FNDA:0,(anonymous_1)
FNDA:0,(anonymous_2)
FNDA:0,(anonymous_3)
FNDA:0,(anonymous_4)
FNDA:0,(anonymous_5)
FNDA:0,(anonymous_6)
FNDA:0,(anonymous_7)
FNDA:0,(anonymous_8)
FNDA:0,(anonymous_9)
FNDA:0,(anonymous_10)
FNDA:0,(anonymous_11)
FNDA:0,(anonymous_12)
FNDA:0,(anonymous_13)
DA:14,0
DA:15,0
DA:16,0
DA:19,0
DA:21,0
DA:22,0
DA:24,0
DA:25,0
DA:30,0
DA:32,0
DA:34,0
DA:35,0
DA:36,0
DA:37,0
DA:39,0
DA:40,0
DA:41,0
DA:47,0
DA:48,0
DA:56,0
DA:57,0
DA:58,0
DA:63,0
DA:65,0
DA:66,0
DA:69,0
DA:70,0
DA:78,0
DA:79,0
DA:80,0
DA:86,0
DA:88,0
DA:89,0
DA:90,0
DA:91,0
DA:99,0
DA:100,0
DA:105,0
DA:108,0
DA:109,0
DA:112,0
DA:114,0
DA:164,0
DA:166,0
DA:169,0
DA:170,0
DA:205,0
DA:206,0
DA:209,0
DA:212,0
DA:213,0
DA:241,0
LF:52
LH:0
BRDA:22,0,0,0
BRDA:22,0,1,0
BRDA:22,1,0,0
BRDA:22,1,1,0
BRDA:32,2,0,0
BRDA:32,2,1,0
BRDA:34,3,0,0
BRDA:34,3,1,0
BRDA:47,4,0,0
BRDA:47,4,1,0
BRDA:57,5,0,0
BRDA:57,5,1,0
BRDA:65,6,0,0
BRDA:65,6,1,0
BRDA:66,7,0,0
BRDA:66,7,1,0
BRDA:69,8,0,0
BRDA:69,8,1,0
BRDA:79,9,0,0
BRDA:79,9,1,0
BRDA:90,10,0,0
BRDA:90,10,1,0
BRDA:90,11,0,0
BRDA:90,11,1,0
BRDA:99,12,0,0
BRDA:99,12,1,0
BRDA:112,13,0,0
BRDA:112,13,1,0
BRF:28
BRH:0
end_of_record
TN:
SF:src/components/match/UpcomingMatchWrapper.jsx
FN:7,UpcomingMatchWrapper
FNF:1
FNH:0
FNDA:0,UpcomingMatchWrapper
DA:8,0
DA:16,0
LF:2
LH:0
BRF:0
BRH:0
end_of_record
TN:
SF:src/components/profile/EditProfileModal.jsx
FN:13,EditProfileModal
FN:21,(anonymous_1)
FN:29,(anonymous_2)
FN:58,(anonymous_3)
FN:95,(anonymous_4)
FNF:5
FNH:0
FNDA:0,EditProfileModal
FNDA:0,(anonymous_1)
FNDA:0,(anonymous_2)
FNDA:0,(anonymous_3)
FNDA:0,(anonymous_4)
DA:14,0
DA:15,0
DA:16,0
DA:17,0
DA:18,0
DA:21,0
DA:22,0
DA:23,0
DA:24,0
DA:25,0
DA:29,0
DA:30,0
DA:31,0
DA:33,0
DA:34,0
DA:39,0
DA:42,0
DA:49,0
DA:50,0
DA:53,0
DA:54,0
DA:58,0
DA:60,0
DA:61,0
DA:62,0
DA:64,0
DA:65,0
DA:66,0
DA:69,0
DA:71,0
DA:73,0
DA:74,0
DA:80,0
DA:82,0
DA:84,0
DA:88,0
DA:89,0
DA:91,0
DA:95,0
DA:96,0
DA:97,0
DA:100,0
DA:161,0
LF:43
LH:0
BRDA:22,0,0,0
BRDA:22,0,1,0
BRDA:22,1,0,0
BRDA:22,1,1,0
BRDA:23,2,0,0
BRDA:23,2,1,0
BRDA:24,3,0,0
BRDA:24,3,1,0
BRDA:25,4,0,0
BRDA:25,4,1,0
BRDA:33,5,0,0
BRDA:33,5,1,0
BRDA:49,6,0,0
BRDA:49,6,1,0
BRDA:49,7,0,0
BRDA:49,7,1,0
BRDA:60,8,0,0
BRDA:60,8,1,0
BRDA:64,9,0,0
BRDA:64,9,1,0
BRDA:73,10,0,0
BRDA:73,10,1,0
BRDA:80,11,0,0
BRDA:80,11,1,0
BRDA:84,12,0,0
BRDA:84,12,1,0
BRDA:96,13,0,0
BRDA:96,13,1,0
BRDA:96,14,0,0
BRDA:96,14,1,0
BRDA:110,15,0,0
BRDA:110,15,1,0
BRDA:149,16,0,0
BRDA:149,16,1,0
BRF:34
BRH:0
end_of_record
TN:
SF:src/components/tournament/AddRulesModal.jsx
FN:6,AddRulesModal
FN:9,(anonymous_1)
FNF:2
FNH:0
FNDA:0,AddRulesModal
FNDA:0,(anonymous_1)
DA:7,0
DA:9,0
DA:10,0
DA:11,0
DA:14,0
LF:5
LH:0
BRDA:7,0,0,0
BRDA:7,0,1,0
BRF:2
BRH:0
end_of_record
TN:
SF:src/components/tournament/CreateTeamBottomSheet.jsx
FN:13,CreateTeamBottomSheet
FNF:1
FNH:0
FNDA:0,CreateTeamBottomSheet
DA:19,0
DA:20,0
DA:23,0
DA:24,0
DA:25,0
DA:27,0
DA:102,0
LF:7
LH:0
BRDA:60,0,0,0
BRDA:60,0,1,0
BRDA:63,1,0,0
BRDA:63,1,1,0
BRF:4
BRH:0
end_of_record
TN:
SF:src/components/tournament/CreateTournamentModal.jsx
FN:28,CreateTournamentModal
FN:59,(anonymous_1)
FN:99,(anonymous_2)
FN:200,(anonymous_3)
FN:204,(anonymous_4)
FN:214,(anonymous_5)
FN:220,(anonymous_6)
FN:226,(anonymous_7)
FN:233,(anonymous_8)
FN:239,(anonymous_9)
FN:248,(anonymous_10)
FN:257,(anonymous_11)
FN:263,(anonymous_12)
FN:269,(anonymous_13)
FN:356,(anonymous_14)
FN:382,(anonymous_15)
FN:407,(anonymous_16)
FN:419,(anonymous_17)
FN:423,(anonymous_18)
FN:507,(anonymous_19)
FN:512,(anonymous_20)
FNF:21
FNH:0
FNDA:0,CreateTournamentModal
FNDA:0,(anonymous_1)
FNDA:0,(anonymous_2)
FNDA:0,(anonymous_3)
FNDA:0,(anonymous_4)
FNDA:0,(anonymous_5)
FNDA:0,(anonymous_6)
FNDA:0,(anonymous_7)
FNDA:0,(anonymous_8)
FNDA:0,(anonymous_9)
FNDA:0,(anonymous_10)
FNDA:0,(anonymous_11)
FNDA:0,(anonymous_12)
FNDA:0,(anonymous_13)
FNDA:0,(anonymous_14)
FNDA:0,(anonymous_15)
FNDA:0,(anonymous_16)
FNDA:0,(anonymous_17)
FNDA:0,(anonymous_18)
FNDA:0,(anonymous_19)
FNDA:0,(anonymous_20)
DA:29,0
DA:36,0
DA:37,0
DA:38,0
DA:39,0
DA:40,0
DA:41,0
DA:42,0
DA:43,0
DA:44,0
DA:45,0
DA:46,0
DA:47,0
DA:48,0
DA:49,0
DA:50,0
DA:53,0
DA:55,0
DA:56,0
DA:59,0
DA:60,0
DA:62,0
DA:64,0
DA:65,0
DA:66,0
DA:67,0
DA:68,0
DA:69,0
DA:70,0
DA:71,0
DA:72,0
DA:75,0
DA:76,0
DA:77,0
DA:78,0
DA:79,0
DA:81,0
DA:84,0
DA:86,0
DA:87,0
DA:88,0
DA:89,0
DA:90,0
DA:91,0
DA:92,0
DA:93,0
DA:94,0
DA:95,0
DA:99,0
DA:101,0
DA:102,0
DA:103,0
DA:106,0
DA:108,0
DA:110,0
DA:111,0
DA:112,0
DA:113,0
DA:114,0
DA:115,0
DA:119,0
DA:131,0
DA:132,0
DA:134,0
DA:136,0
DA:137,0
DA:140,0
DA:141,0
DA:145,0
DA:146,0
DA:147,0
DA:148,0
DA:152,0
DA:153,0
DA:154,0
DA:155,0
DA:160,0
DA:161,0
DA:164,0
DA:167,0
DA:168,0
DA:172,0
DA:176,0
DA:177,0
DA:178,0
DA:179,0
DA:180,0
DA:181,0
DA:182,0
DA:183,0
DA:184,0
DA:185,0
DA:187,0
DA:190,0
DA:191,0
DA:194,0
DA:195,0
DA:196,0
DA:200,0
DA:201,0
DA:202,0
DA:204,0
DA:205,0
DA:207,0
DA:214,0
DA:215,0
DA:216,0
DA:221,0
DA:222,0
DA:226,0
DA:227,0
DA:228,0
DA:229,0
DA:234,0
DA:235,0
DA:239,0
DA:240,0
DA:241,0
DA:243,0
DA:244,0
DA:248,0
DA:249,0
DA:250,0
DA:252,0
DA:253,0
DA:257,0
DA:258,0
DA:259,0
DA:260,0
DA:263,0
DA:264,0
DA:265,0
DA:266,0
DA:269,0
DA:270,0
DA:273,0
DA:275,0
DA:276,0
DA:278,0
DA:283,0
DA:288,0
DA:290,0
DA:357,0
DA:358,0
DA:383,0
DA:384,0
DA:408,0
DA:409,0
DA:410,0
DA:419,0
DA:424,0
DA:508,0
DA:509,0
DA:513,0
DA:526,0
DA:528,0
LF:156
LH:0
BRDA:28,0,0,0
BRDA:28,1,0,0
BRDA:53,2,0,0
BRDA:53,2,1,0
BRDA:53,2,2,0
BRDA:60,3,0,0
BRDA:60,3,1,0
BRDA:64,4,0,0
BRDA:64,4,1,0
BRDA:64,5,0,0
BRDA:64,5,1,0
BRDA:66,6,0,0
BRDA:66,6,1,0
BRDA:67,7,0,0
BRDA:67,7,1,0
BRDA:68,8,0,0
BRDA:68,8,1,0
BRDA:69,9,0,0
BRDA:69,9,1,0
BRDA:70,10,0,0
BRDA:70,10,1,0
BRDA:71,11,0,0
BRDA:71,11,1,0
BRDA:75,12,0,0
BRDA:75,12,1,0
BRDA:84,13,0,0
BRDA:84,13,1,0
BRDA:101,14,0,0
BRDA:101,14,1,0
BRDA:111,15,0,0
BRDA:111,15,1,0
BRDA:113,16,0,0
BRDA:113,16,1,0
BRDA:121,17,0,0
BRDA:121,17,1,0
BRDA:122,18,0,0
BRDA:122,18,1,0
BRDA:123,19,0,0
BRDA:123,19,1,0
BRDA:125,20,0,0
BRDA:125,20,1,0
BRDA:126,21,0,0
BRDA:126,21,1,0
BRDA:134,22,0,0
BRDA:134,22,1,0
BRDA:134,23,0,0
BRDA:134,23,1,0
BRDA:136,24,0,0
BRDA:136,24,1,0
BRDA:140,25,0,0
BRDA:140,25,1,0
BRDA:145,26,0,0
BRDA:145,26,1,0
BRDA:147,27,0,0
BRDA:147,27,1,0
BRDA:152,28,0,0
BRDA:152,28,1,0
BRDA:164,29,0,0
BRDA:164,29,1,0
BRDA:190,30,0,0
BRDA:190,30,1,0
BRDA:240,31,0,0
BRDA:240,31,1,0
BRDA:243,32,0,0
BRDA:243,32,1,0
BRDA:249,33,0,0
BRDA:249,33,1,0
BRDA:252,34,0,0
BRDA:252,34,1,0
BRDA:258,35,0,0
BRDA:258,35,1,0
BRDA:264,36,0,0
BRDA:264,36,1,0
BRDA:270,37,0,0
BRDA:270,37,1,0
BRDA:293,38,0,0
BRDA:293,38,1,0
BRDA:294,39,0,0
BRDA:294,39,1,0
BRDA:294,40,0,0
BRDA:294,40,1,0
BRDA:295,41,0,0
BRDA:295,41,1,0
BRDA:298,42,0,0
BRDA:298,42,1,0
BRDA:300,43,0,0
BRDA:300,43,1,0
BRDA:300,44,0,0
BRDA:300,44,1,0
BRDA:300,45,0,0
BRDA:300,45,1,0
BRDA:303,46,0,0
BRDA:303,46,1,0
BRDA:308,47,0,0
BRDA:308,47,1,0
BRDA:312,48,0,0
BRDA:312,48,1,0
BRDA:362,49,0,0
BRDA:362,49,1,0
BRDA:362,49,2,0
BRDA:365,50,0,0
BRDA:365,50,1,0
BRDA:388,51,0,0
BRDA:388,51,1,0
BRDA:388,51,2,0
BRDA:391,52,0,0
BRDA:391,52,1,0
BRDA:408,53,0,0
BRDA:408,53,1,0
BRDA:415,54,0,0
BRDA:415,54,1,0
BRDA:415,54,2,0
BRDA:418,55,0,0
BRDA:418,55,1,0
BRDA:448,56,0,0
BRDA:448,56,1,0
BRDA:449,57,0,0
BRDA:449,57,1,0
BRDA:480,58,0,0
BRDA:480,58,1,0
BRDA:480,58,2,0
BRDA:482,59,0,0
BRDA:482,59,1,0
BRDA:492,60,0,0
BRDA:492,60,1,0
BRDA:492,60,2,0
BRDA:494,61,0,0
BRDA:494,61,1,0
BRDA:503,62,0,0
BRDA:503,62,1,0
BRDA:503,62,2,0
BRDA:506,63,0,0
BRDA:506,63,1,0
BRF:133
BRH:0
end_of_record
TN:
SF:src/components/tournament/GroupsPreviewModal.jsx
FN:12,GroupsPreviewModal
FN:16,(anonymous_1)
FN:20,(anonymous_2)
FN:70,(anonymous_3)
FN:75,(anonymous_4)
FN:76,(anonymous_5)
FNF:6
FNH:0
FNDA:0,GroupsPreviewModal
FNDA:0,(anonymous_1)
FNDA:0,(anonymous_2)
FNDA:0,(anonymous_3)
FNDA:0,(anonymous_4)
FNDA:0,(anonymous_5)
DA:13,0
DA:14,0
DA:16,0
DA:17,0
DA:20,0
DA:23,0
DA:24,0
DA:27,0
DA:30,0
DA:32,0
DA:71,0
DA:75,0
DA:77,0
DA:120,0
LF:14
LH:0
BRDA:23,0,0,0
BRDA:23,0,1,0
BRDA:30,1,0,0
BRDA:30,1,1,0
BRDA:55,2,0,0
BRDA:55,2,1,0
BRDA:75,3,0,0
BRDA:75,3,1,0
BRDA:75,3,2,0
BRF:9
BRH:0
end_of_record
TN:
SF:src/components/tournament/JoinTeamBottomSheet.jsx
FN:12,JoinTeamBottomSheet
FNF:1
FNH:0
FNDA:0,JoinTeamBottomSheet
DA:19,0
DA:20,0
DA:23,0
DA:24,0
DA:25,0
DA:27,0
DA:100,0
LF:7
LH:0
BRDA:74,0,0,0
BRDA:74,0,1,0
BRF:2
BRH:0
end_of_record
TN:
SF:src/components/tournament/RulesBottomSheet.jsx
FN:10,(anonymous_0)
FN:16,(anonymous_1)
FN:20,(anonymous_2)
FN:37,(anonymous_3)
FN:38,(anonymous_4)
FN:43,(anonymous_5)
FN:49,(anonymous_6)
FN:53,(anonymous_7)
FN:59,(anonymous_8)
FNF:9
FNH:0
FNDA:0,(anonymous_0)
FNDA:0,(anonymous_1)
FNDA:0,(anonymous_2)
FNDA:0,(anonymous_3)
FNDA:0,(anonymous_4)
FNDA:0,(anonymous_5)
FNDA:0,(anonymous_6)
FNDA:0,(anonymous_7)
FNDA:0,(anonymous_8)
DA:10,0
DA:11,0
DA:12,0
DA:13,0
DA:14,0
DA:16,0
DA:17,0
DA:20,0
DA:21,0
DA:22,0
DA:29,0
DA:37,0
DA:39,0
DA:40,0
DA:41,0
DA:44,0
DA:45,0
DA:49,0
DA:50,0
DA:53,0
DA:54,0
DA:55,0
DA:56,0
DA:59,0
DA:60,0
DA:61,0
DA:64,0
DA:66,0
DA:71,0
DA:127,0
LF:30
LH:0
BRDA:12,0,0,0
BRDA:12,0,1,0
BRDA:17,1,0,0
BRDA:17,1,1,0
BRDA:21,2,0,0
BRDA:21,2,1,0
BRDA:40,3,0,0
BRDA:40,3,1,0
BRDA:64,4,0,0
BRDA:64,4,1,0
BRF:10
BRH:0
end_of_record
TN:
SF:src/components/tournament/StartTournamentBottomSheet.jsx
FN:13,StartTournamentBottomSheet
FN:25,(anonymous_1)
FN:65,(anonymous_2)
FN:76,(anonymous_3)
FN:87,(anonymous_4)
FN:95,(anonymous_5)
FN:199,(anonymous_6)
FN:204,(anonymous_7)
FN:205,(anonymous_8)
FNF:9
FNH:0
FNDA:0,StartTournamentBottomSheet
FNDA:0,(anonymous_1)
FNDA:0,(anonymous_2)
FNDA:0,(anonymous_3)
FNDA:0,(anonymous_4)
FNDA:0,(anonymous_5)
FNDA:0,(anonymous_6)
FNDA:0,(anonymous_7)
FNDA:0,(anonymous_8)
DA:21,0
DA:22,0
DA:25,0
DA:26,0
DA:27,0
DA:30,0
DA:31,0
DA:32,0
DA:35,0
DA:38,0
DA:39,0
DA:40,0
DA:43,0
DA:44,0
DA:45,0
DA:46,0
DA:47,0
DA:50,0
DA:52,0
DA:63,0
DA:65,0
DA:66,0
DA:69,0
DA:70,0
DA:73,0
DA:76,0
DA:77,0
DA:80,0
DA:81,0
DA:84,0
DA:87,0
DA:88,0
DA:89,0
DA:91,0
DA:92,0
DA:95,0
DA:96,0
DA:97,0
DA:100,0
DA:200,0
DA:204,0
DA:206,0
DA:260,0
LF:43
LH:0
BRDA:17,0,0,0
BRDA:19,1,0,0
BRDA:26,2,0,0
BRDA:26,2,1,0
BRDA:26,3,0,0
BRDA:26,3,1,0
BRDA:35,4,0,0
BRDA:35,4,1,0
BRDA:47,5,0,0
BRDA:47,5,1,0
BRDA:69,6,0,0
BRDA:69,6,1,0
BRDA:80,7,0,0
BRDA:80,7,1,0
BRDA:88,8,0,0
BRDA:88,8,1,0
BRDA:123,9,0,0
BRDA:123,9,1,0
BRDA:123,9,2,0
BRDA:165,10,0,0
BRDA:165,10,1,0
BRDA:181,11,0,0
BRDA:181,11,1,0
BRDA:189,12,0,0
BRDA:189,12,1,0
BRDA:189,12,2,0
BRDA:204,13,0,0
BRDA:204,13,1,0
BRDA:204,13,2,0
BRDA:229,14,0,0
BRDA:229,14,1,0
BRDA:238,15,0,0
BRDA:238,15,1,0
BRF:33
BRH:0
end_of_record
TN:
SF:src/components/tournament/TeamsList.jsx
FN:12,TeamsList
FN:14,(anonymous_1)
FN:17,(anonymous_2)
FN:20,(anonymous_3)
FN:53,(anonymous_4)
FN:69,(anonymous_5)
FN:82,(anonymous_6)
FNF:7
FNH:0
FNDA:0,TeamsList
FNDA:0,(anonymous_1)
FNDA:0,(anonymous_2)
FNDA:0,(anonymous_3)
FNDA:0,(anonymous_4)
FNDA:0,(anonymous_5)
FNDA:0,(anonymous_6)
DA:14,0
DA:17,0
DA:18,0
DA:20,0
DA:21,0
DA:22,0
DA:24,0
DA:26,0
DA:28,0
DA:53,0
DA:63,0
DA:69,0
DA:82,0
DA:114,0
LF:14
LH:0
BRDA:12,0,0,0
BRDA:12,1,0,0
BRDA:12,2,0,0
BRDA:14,3,0,0
BRDA:14,3,1,0
BRDA:17,4,0,0
BRDA:17,4,1,0
BRDA:31,5,0,0
BRDA:31,5,1,0
BRDA:43,6,0,0
BRDA:43,6,1,0
BRDA:50,7,0,0
BRDA:50,7,1,0
BRDA:52,8,0,0
BRDA:52,8,1,0
BRDA:69,9,0,0
BRDA:69,9,1,0
BRDA:74,10,0,0
BRDA:74,10,1,0
BRDA:78,11,0,0
BRDA:78,11,1,0
BRDA:85,12,0,0
BRDA:85,12,1,0
BRDA:88,13,0,0
BRDA:88,13,1,0
BRDA:90,14,0,0
BRDA:90,14,1,0
BRDA:99,15,0,0
BRDA:99,15,1,0
BRDA:99,15,2,0
BRDA:99,15,3,0
BRF:31
BRH:0
end_of_record
TN:
SF:src/components/tournament/TournamentCard.jsx
FN:21,AvatarStack
FN:29,(anonymous_1)
FN:48,EmptyAvatarState
FN:57,TournamentCard
FN:144,(anonymous_4)
FN:154,(anonymous_5)
FN:163,(anonymous_6)
FNF:7
FNH:0
FNDA:0,AvatarStack
FNDA:0,(anonymous_1)
FNDA:0,EmptyAvatarState
FNDA:0,TournamentCard
FNDA:0,(anonymous_4)
FNDA:0,(anonymous_5)
FNDA:0,(anonymous_6)
DA:23,0
DA:24,0
DA:25,0
DA:27,0
DA:30,0
DA:49,0
DA:71,0
DA:74,0
DA:78,0
DA:79,0
DA:80,0
DA:83,0
DA:84,0
DA:86,0
DA:87,0
DA:88,0
DA:89,0
DA:90,0
DA:91,0
DA:92,0
DA:94,0
DA:95,0
DA:98,0
DA:99,0
DA:100,0
DA:102,0
DA:103,0
DA:108,0
DA:111,0
DA:112,0
DA:113,0
DA:116,0
DA:118,0
DA:119,0
DA:120,0
DA:121,0
DA:122,0
DA:123,0
DA:124,0
DA:125,0
DA:126,0
DA:127,0
DA:130,0
DA:131,0
DA:132,0
DA:133,0
DA:134,0
DA:135,0
DA:136,0
DA:142,0
DA:144,0
DA:145,0
DA:146,0
DA:154,0
DA:155,0
DA:163,0
DA:164,0
DA:165,0
DA:170,0
DA:171,0
DA:175,0
DA:246,0
LF:62
LH:0
BRDA:34,0,0,0
BRDA:34,0,1,0
BRDA:40,1,0,0
BRDA:40,1,1,0
BRDA:64,2,0,0
BRDA:67,3,0,0
BRDA:68,4,0,0
BRDA:69,5,0,0
BRDA:86,6,0,0
BRDA:86,6,1,0
BRDA:87,7,0,0
BRDA:87,7,1,0
BRDA:87,8,0,0
BRDA:87,8,1,0
BRDA:90,9,0,0
BRDA:90,9,1,0
BRDA:98,10,0,0
BRDA:98,10,1,0
BRDA:98,11,0,0
BRDA:98,11,1,0
BRDA:116,12,0,0
BRDA:116,12,1,0
BRDA:118,13,0,0
BRDA:118,13,1,0
BRDA:121,14,0,0
BRDA:121,14,1,0
BRDA:122,15,0,0
BRDA:122,15,1,0
BRDA:123,16,0,0
BRDA:123,16,1,0
BRDA:127,17,0,0
BRDA:127,17,1,0
BRDA:127,18,0,0
BRDA:127,18,1,0
BRDA:133,19,0,0
BRDA:133,19,1,0
BRDA:133,20,0,0
BRDA:133,20,1,0
BRDA:217,21,0,0
BRDA:217,21,1,0
BRDA:217,22,0,0
BRDA:217,22,1,0
BRDA:226,23,0,0
BRDA:226,23,1,0
BRDA:234,24,0,0
BRDA:234,24,1,0
BRF:46
BRH:0
end_of_record
TN:
SF:src/components/tournament/TournamentOptionsBottomSheet.jsx
FN:15,TournamentOptionsBottomSheet
FN:18,(anonymous_1)
FN:25,(anonymous_2)
FN:33,(anonymous_3)
FNF:4
FNH:0
FNDA:0,TournamentOptionsBottomSheet
FNDA:0,(anonymous_1)
FNDA:0,(anonymous_2)
FNDA:0,(anonymous_3)
DA:16,0
DA:18,0
DA:19,0
DA:20,0
DA:21,0
DA:25,0
DA:26,0
DA:27,0
DA:28,0
DA:29,0
DA:33,0
DA:34,0
DA:35,0
DA:36,0
DA:37,0
DA:41,0
DA:91,0
LF:17
LH:0
BRDA:20,0,0,0
BRDA:20,0,1,0
BRDA:28,1,0,0
BRDA:28,1,1,0
BRDA:36,2,0,0
BRDA:36,2,1,0
BRF:6
BRH:0
end_of_record
TN:
SF:src/components/ui/Avatar.jsx
FN:13,(anonymous_0)
FN:14,(anonymous_1)
FNF:2
FNH:2
FNDA:27,(anonymous_0)
FNDA:27,(anonymous_1)
DA:7,3
DA:13,3
DA:14,27
DA:15,27
DA:16,25
DA:19,27
DA:20,27
DA:21,27
DA:23,27
DA:24,5
DA:40,22
DA:57,3
LF:12
LH:12
BRDA:13,0,0,10
BRDA:13,1,0,1
BRDA:13,2,0,26
BRDA:15,3,0,2
BRDA:15,3,1,25
BRDA:19,4,0,27
BRDA:19,4,1,0
BRDA:21,5,0,27
BRDA:21,5,1,26
BRDA:23,6,0,5
BRDA:23,6,1,22
BRDA:26,7,0,1
BRDA:26,7,1,4
BRDA:33,8,0,5
BRDA:33,8,1,0
BRDA:49,9,0,22
BRDA:49,9,1,1
BRF:17
BRH:15
end_of_record
TN:
SF:src/components/ui/Badge.jsx
FN:14,Badge
FN:15,(anonymous_1)
FN:35,(anonymous_2)
FNF:3
FNH:3
FNDA:9,Badge
FNDA:9,(anonymous_1)
FNDA:9,(anonymous_2)
DA:15,9
DA:16,9
DA:18,1
DA:20,2
DA:23,2
DA:25,1
DA:27,1
DA:29,1
DA:31,1
DA:35,9
DA:36,9
DA:37,9
DA:38,1
DA:40,8
DA:43,9
DA:50,1
LF:16
LH:16
BRDA:14,0,0,0
BRDA:16,1,0,1
BRDA:16,1,1,2
BRDA:16,1,2,1
BRDA:16,1,3,2
BRDA:16,1,4,1
BRDA:16,1,5,1
BRDA:16,1,6,1
BRDA:16,1,7,1
BRDA:37,2,0,1
BRDA:37,2,1,8
BRF:11
BRH:10
end_of_record
TN:
SF:src/components/ui/BottomSheet.jsx
FN:8,BottomSheet
FNF:1
FNH:0
FNDA:0,BottomSheet
DA:15,0
DA:17,0
DA:67,0
LF:3
LH:0
BRDA:40,0,0,0
BRDA:40,0,1,0
BRDA:57,1,0,0
BRDA:57,1,1,0
BRF:4
BRH:0
end_of_record
TN:
SF:src/components/ui/BottomTabBar.jsx
FN:19,BottomTabBar
FN:64,(anonymous_1)
FN:98,(anonymous_2)
FN:103,(anonymous_3)
FNF:4
FNH:0
FNDA:0,BottomTabBar
FNDA:0,(anonymous_1)
FNDA:0,(anonymous_2)
FNDA:0,(anonymous_3)
DA:20,0
DA:21,0
DA:22,0
DA:50,0
DA:51,0
DA:53,0
DA:54,0
DA:64,0
DA:65,0
DA:73,0
DA:75,0
DA:80,0
DA:99,0
DA:100,0
DA:101,0
DA:103,0
DA:104,0
DA:106,0
DA:112,0
DA:113,0
DA:117,0
DA:136,0
LF:22
LH:0
BRDA:54,0,0,0
BRDA:54,0,1,0
BRDA:54,0,2,0
BRDA:54,0,3,0
BRDA:54,0,4,0
BRDA:54,0,5,0
BRDA:54,0,6,0
BRDA:54,0,7,0
BRDA:66,1,0,0
BRDA:66,1,1,0
BRDA:73,2,0,0
BRDA:73,2,1,0
BRDA:93,3,0,0
BRDA:93,3,1,0
BRDA:101,4,0,0
BRDA:101,4,1,0
BRDA:112,5,0,0
BRDA:112,5,1,0
BRDA:112,6,0,0
BRDA:112,6,1,0
BRF:20
BRH:0
end_of_record
TN:
SF:src/components/ui/Button.jsx
FN:8,Button
FN:16,(anonymous_1)
FN:25,(anonymous_2)
FN:42,(anonymous_3)
FN:69,(anonymous_4)
FN:74,(anonymous_5)
FNF:6
FNH:4
FNDA:42,Button
FNDA:11,(anonymous_1)
FNDA:42,(anonymous_2)
FNDA:42,(anonymous_3)
FNDA:0,(anonymous_4)
FNDA:0,(anonymous_5)
DA:16,42
DA:17,11
DA:18,11
DA:19,11
DA:21,11
DA:25,42
DA:26,42
DA:28,34
DA:30,33
DA:32,1
DA:34,0
DA:36,0
DA:38,0
DA:42,42
DA:43,42
DA:45,34
DA:48,34
DA:50,0
DA:52,0
DA:54,0
DA:58,42
DA:70,0
DA:75,0
DA:91,3
LF:24
LH:16
BRDA:11,0,0,6
BRDA:12,1,0,7
BRDA:13,2,0,42
BRDA:14,3,0,40
BRDA:17,4,0,11
BRDA:17,4,1,0
BRDA:18,5,0,11
BRDA:18,5,1,0
BRDA:26,6,0,8
BRDA:26,6,1,34
BRDA:28,7,0,33
BRDA:28,7,1,1
BRDA:28,7,2,0
BRDA:28,7,3,0
BRDA:28,7,4,0
BRDA:43,8,0,8
BRDA:43,8,1,34
BRDA:45,9,0,33
BRDA:45,9,1,34
BRDA:45,9,2,0
BRDA:45,9,3,0
BRDA:45,9,4,0
BRDA:62,10,0,42
BRDA:62,10,1,1
BRDA:64,11,0,42
BRDA:64,11,1,0
BRDA:82,12,0,42
BRDA:82,12,1,1
BRF:28
BRH:19
end_of_record
TN:
SF:src/components/ui/Card.jsx
FN:12,Card
FNF:1
FNH:1
FNDA:4,Card
DA:13,4
DA:20,1
LF:2
LH:2
BRF:0
BRH:0
end_of_record
TN:
SF:src/components/ui/CardGroup.jsx
FN:7,CardGroup
FN:12,(anonymous_1)
FNF:2
FNH:2
FNDA:7,CardGroup
FNDA:11,(anonymous_1)
DA:8,7
DA:13,11
DA:23,1
LF:3
LH:3
BRDA:10,0,0,7
BRDA:10,0,1,4
BRDA:14,1,0,11
BRDA:14,1,1,5
BRF:4
BRH:4
end_of_record
TN:
SF:src/components/ui/DetailsListItem.jsx
FN:15,DetailsListItem
FNF:1
FNH:1
FNDA:5,DetailsListItem
DA:16,5
DA:26,1
LF:2
LH:2
BRF:0
BRH:0
end_of_record
TN:
SF:src/components/ui/EmptyState.jsx
FN:7,EmptyState
FNF:1
FNH:1
FNDA:6,EmptyState
DA:13,6
DA:42,1
LF:2
LH:2
BRDA:17,0,0,6
BRDA:17,0,1,1
BRDA:33,1,0,6
BRDA:33,1,1,2
BRF:4
BRH:4
end_of_record
TN:
SF:src/components/ui/FullScreenModal.jsx
FN:11,FullScreenModal
FNF:1
FNH:0
FNDA:0,FullScreenModal
DA:24,0
DA:25,0
DA:27,0
DA:100,0
LF:4
LH:0
BRDA:54,0,0,0
BRDA:54,0,1,0
BRDA:57,1,0,0
BRDA:57,1,1,0
BRDA:60,2,0,0
BRDA:60,2,1,0
BRDA:87,3,0,0
BRDA:87,3,1,0
BRF:8
BRH:0
end_of_record
TN:
SF:src/components/ui/Header.jsx
FN:28,Header
FN:39,(anonymous_1)
FN:61,(anonymous_2)
FN:68,(anonymous_3)
FNF:4
FNH:0
FNDA:0,Header
FNDA:0,(anonymous_1)
FNDA:0,(anonymous_2)
FNDA:0,(anonymous_3)
DA:37,0
DA:39,0
DA:40,0
DA:42,0
DA:54,0
DA:55,0
DA:58,0
DA:61,0
DA:62,0
DA:63,0
DA:65,0
DA:68,0
DA:69,0
DA:70,0
DA:73,0
DA:74,0
DA:75,0
DA:76,0
DA:77,0
DA:78,0
DA:79,0
DA:82,0
DA:93,0
DA:115,0
LF:24
LH:0
BRDA:29,0,0,0
BRDA:31,1,0,0
BRDA:40,2,0,0
BRDA:40,2,1,0
BRDA:54,3,0,0
BRDA:54,3,1,0
BRDA:62,4,0,0
BRDA:62,4,1,0
BRDA:62,5,0,0
BRDA:62,5,1,0
BRDA:62,5,2,0
BRDA:69,6,0,0
BRDA:69,6,1,0
BRDA:74,7,0,0
BRDA:74,7,1,0
BRDA:76,8,0,0
BRDA:76,8,1,0
BRDA:78,9,0,0
BRDA:78,9,1,0
BRF:19
BRH:0
end_of_record
TN:
SF:src/components/ui/Input.jsx
FN:11,(anonymous_0)
FN:30,(anonymous_1)
FN:39,(anonymous_2)
FN:84,(anonymous_3)
FN:85,(anonymous_4)
FNF:5
FNH:3
FNDA:53,(anonymous_0)
FNDA:53,(anonymous_1)
FNDA:53,(anonymous_2)
FNDA:0,(anonymous_3)
FNDA:0,(anonymous_4)
DA:11,2
DA:28,53
DA:30,53
DA:31,53
DA:32,48
DA:33,0
DA:35,48
DA:36,48
DA:39,53
DA:40,53
DA:41,0
DA:48,53
DA:56,53
DA:58,53
DA:84,0
DA:85,0
DA:122,2
DA:126,2
LF:18
LH:14
BRDA:18,0,0,52
BRDA:19,1,0,41
BRDA:20,2,0,19
BRDA:21,3,0,19
BRDA:22,4,0,52
BRDA:23,5,0,53
BRDA:24,6,0,8
BRDA:25,7,0,41
BRDA:31,8,0,5
BRDA:31,8,1,48
BRDA:32,9,0,0
BRDA:32,9,1,48
BRDA:33,10,0,0
BRDA:33,10,1,0
BRDA:35,11,0,0
BRDA:35,11,1,48
BRDA:40,12,0,0
BRDA:40,12,1,53
BRDA:60,13,0,53
BRDA:60,13,1,42
BRDA:70,14,0,53
BRDA:70,14,1,1
BRDA:71,15,0,53
BRDA:71,15,1,1
BRDA:72,16,0,53
BRDA:72,16,1,12
BRDA:88,17,0,53
BRDA:88,17,1,12
BRDA:88,17,2,12
BRDA:94,18,0,12
BRDA:94,18,1,0
BRDA:98,19,0,0
BRDA:98,19,1,12
BRDA:104,20,0,0
BRDA:104,20,1,0
BRDA:111,21,0,53
BRDA:111,21,1,1
BRDA:111,21,2,1
BRDA:115,22,0,53
BRDA:115,22,1,5
BRF:40
BRH:31
end_of_record
TN:
SF:src/components/ui/JoinButton.jsx
FN:16,JoinButton
FN:19,(anonymous_1)
FNF:2
FNH:2
FNDA:8,JoinButton
FNDA:5,(anonymous_1)
DA:17,8
DA:19,8
DA:20,5
DA:21,5
DA:22,4
DA:26,8
DA:39,1
LF:7
LH:7
BRDA:16,0,0,1
BRDA:16,1,0,7
BRDA:21,2,0,4
BRDA:21,2,1,1
BRDA:28,3,0,8
BRDA:28,3,1,1
BRDA:31,4,0,8
BRDA:31,4,1,1
BRF:8
BRH:8
end_of_record
TN:
SF:src/components/ui/ListItem.jsx
FN:9,ListItem
FNF:1
FNH:1
FNDA:11,ListItem
DA:23,11
DA:24,2
DA:42,9
DA:44,9
DA:76,1
LF:5
LH:5
BRDA:16,0,0,10
BRDA:17,1,0,9
BRDA:18,2,0,10
BRDA:19,3,0,10
BRDA:23,4,0,2
BRDA:23,4,1,9
BRDA:31,5,0,2
BRDA:31,5,1,0
BRDA:42,6,0,1
BRDA:42,6,1,8
BRDA:50,7,0,9
BRDA:50,7,1,1
BRDA:56,8,0,8
BRDA:56,8,1,1
BRDA:57,9,0,9
BRDA:57,9,1,1
BRDA:57,9,2,0
BRDA:59,10,0,9
BRDA:59,10,1,1
BRDA:63,11,0,9
BRDA:63,11,1,8
BRDA:63,11,2,7
BRDA:65,12,0,1
BRDA:65,12,1,6
BRF:24
BRH:22
end_of_record
TN:
SF:src/components/ui/MobileHeader.jsx
FN:9,MobileHeader
FNF:1
FNH:1
FNDA:8,MobileHeader
DA:10,8
DA:37,1
LF:2
LH:2
BRDA:9,0,0,7
BRDA:14,1,0,1
BRDA:14,1,1,7
BRDA:23,2,0,8
BRDA:23,2,1,3
BRDA:29,3,0,1
BRDA:29,3,1,2
BRF:7
BRH:7
end_of_record
TN:
SF:src/components/ui/Player.jsx
FN:8,Player
FNF:1
FNH:1
FNDA:14,Player
DA:9,14
DA:11,14
DA:26,2
LF:3
LH:3
BRDA:8,0,0,5
BRDA:12,1,0,14
BRDA:12,1,1,3
BRDA:18,2,0,14
BRDA:18,2,1,3
BRDA:19,3,0,14
BRDA:19,3,1,3
BRDA:20,4,0,14
BRDA:20,4,1,3
BRF:9
BRH:9
end_of_record
TN:
SF:src/components/ui/TabSelector.jsx
FN:7,TabSelector
FN:10,(anonymous_1)
FN:17,(anonymous_2)
FNF:3
FNH:3
FNDA:3,TabSelector
FNDA:9,(anonymous_1)
FNDA:1,(anonymous_2)
DA:8,3
DA:11,9
DA:17,1
DA:34,1
LF:4
LH:4
BRDA:15,0,0,9
BRDA:15,0,1,3
BRDA:23,1,0,9
BRDA:23,1,1,3
BRF:4
BRH:4
end_of_record
TN:
SF:src/components/ui/Team.jsx
FN:6,Team
FNF:1
FNH:1
FNDA:7,Team
DA:8,7
DA:9,3
DA:12,4
DA:30,1
LF:4
LH:4
BRDA:6,0,0,6
BRDA:8,1,0,3
BRDA:8,1,1,4
BRDA:8,2,0,7
BRDA:8,2,1,5
BRF:5
BRH:5
end_of_record
TN:
SF:src/components/ui/TextArea.jsx
FN:7,TextArea
FN:20,(anonymous_1)
FN:47,(anonymous_2)
FN:48,(anonymous_3)
FNF:4
FNH:0
FNDA:0,TextArea
FNDA:0,(anonymous_1)
FNDA:0,(anonymous_2)
FNDA:0,(anonymous_3)
DA:18,0
DA:20,0
DA:21,0
DA:22,0
DA:23,0
DA:26,0
DA:47,0
DA:48,0
DA:73,0
LF:9
LH:0
BRDA:14,0,0,0
BRDA:15,1,0,0
BRDA:21,2,0,0
BRDA:21,2,1,0
BRDA:22,3,0,0
BRDA:22,3,1,0
BRDA:28,4,0,0
BRDA:28,4,1,0
BRDA:36,5,0,0
BRDA:36,5,1,0
BRDA:51,6,0,0
BRDA:51,6,1,0
BRDA:51,6,2,0
BRDA:51,6,3,0
BRDA:52,7,0,0
BRDA:52,7,1,0
BRDA:53,8,0,0
BRDA:53,8,1,0
BRDA:57,9,0,0
BRDA:57,9,1,0
BRDA:59,10,0,0
BRDA:59,10,1,0
BRDA:59,10,2,0
BRDA:60,11,0,0
BRDA:60,11,1,0
BRDA:61,12,0,0
BRDA:61,12,1,0
BRDA:65,13,0,0
BRDA:65,13,1,0
BRF:29
BRH:0
end_of_record
TN:
SF:src/config/firebase.js
FNF:0
FNH:0
DA:8,1
DA:19,1
DA:24,1
DA:25,1
DA:29,0
DA:30,0
DA:32,0
DA:39,1
DA:40,1
LF:9
LH:6
BRDA:19,0,0,1
BRDA:19,0,1,0
BRDA:29,1,0,0
BRDA:29,1,1,0
BRF:4
BRH:1
end_of_record
TN:
SF:src/constants/Colors.js
FNF:0
FNH:0
DA:3,15
LF:1
LH:1
BRF:0
BRH:0
end_of_record
TN:
SF:src/constants/Spacing.js
FNF:0
FNH:0
DA:3,15
DA:31,15
LF:2
LH:2
BRF:0
BRH:0
end_of_record
TN:
SF:src/constants/Typography.js
FNF:0
FNH:0
DA:3,14
LF:1
LH:1
BRF:0
BRH:0
end_of_record
TN:
SF:src/contexts/AuthContext.jsx
FN:6,(anonymous_0)
FN:14,(anonymous_1)
FN:19,(anonymous_2)
FN:20,(anonymous_3)
FN:38,(anonymous_4)
FN:49,(anonymous_5)
FN:60,(anonymous_6)
FN:69,(anonymous_7)
FN:79,(anonymous_8)
FNF:9
FNH:0
FNDA:0,(anonymous_0)
FNDA:0,(anonymous_1)
FNDA:0,(anonymous_2)
FNDA:0,(anonymous_3)
FNDA:0,(anonymous_4)
FNDA:0,(anonymous_5)
FNDA:0,(anonymous_6)
FNDA:0,(anonymous_7)
FNDA:0,(anonymous_8)
DA:4,1
DA:6,1
DA:7,0
DA:8,0
DA:9,0
DA:11,0
DA:14,1
DA:15,0
DA:16,0
DA:17,0
DA:19,0
DA:20,0
DA:21,0
DA:22,0
DA:24,0
DA:25,0
DA:26,0
DA:29,0
DA:30,0
DA:32,0
DA:35,0
DA:38,0
DA:39,0
DA:40,0
DA:41,0
DA:42,0
DA:43,0
DA:46,0
DA:49,0
DA:50,0
DA:51,0
DA:52,0
DA:53,0
DA:54,0
DA:57,0
DA:60,0
DA:61,0
DA:62,0
DA:63,0
DA:64,0
DA:66,0
DA:69,0
DA:70,0
DA:71,0
DA:72,0
DA:73,0
DA:74,0
DA:79,0
DA:80,0
DA:81,0
DA:82,0
DA:83,0
DA:85,0
DA:87,0
DA:89,0
DA:93,0
DA:101,0
DA:113,0
LF:58
LH:3
BRDA:8,0,0,0
BRDA:8,0,1,0
BRDA:21,1,0,0
BRDA:21,1,1,0
BRDA:25,2,0,0
BRDA:25,2,1,0
BRDA:40,3,0,0
BRDA:40,3,1,0
BRDA:40,4,0,0
BRDA:40,4,1,0
BRDA:42,5,0,0
BRDA:42,5,1,0
BRDA:51,6,0,0
BRDA:51,6,1,0
BRDA:51,7,0,0
BRDA:51,7,1,0
BRDA:53,8,0,0
BRDA:53,8,1,0
BRDA:62,9,0,0
BRDA:62,9,1,0
BRDA:71,10,0,0
BRDA:71,10,1,0
BRDA:73,11,0,0
BRDA:73,11,1,0
BRDA:81,12,0,0
BRDA:81,12,1,0
BRDA:83,13,0,0
BRDA:83,13,1,0
BRDA:93,14,0,0
BRDA:93,14,1,0
BRF:30
BRH:0
end_of_record
TN:
SF:src/contexts/TournamentContext.jsx
FN:7,(anonymous_0)
FN:310,(anonymous_1)
FN:316,(anonymous_2)
FN:321,(anonymous_3)
FN:327,(anonymous_4)
FN:335,(anonymous_5)
FN:342,(anonymous_6)
FN:364,(anonymous_7)
FN:372,(anonymous_8)
FN:395,(anonymous_9)
FN:399,(anonymous_10)
FN:400,(anonymous_11)
FN:401,(anonymous_12)
FN:405,(anonymous_13)
FN:406,(anonymous_14)
FN:406,(anonymous_15)
FN:409,(anonymous_16)
FN:410,(anonymous_17)
FN:413,(anonymous_18)
FN:415,(anonymous_19)
FN:418,(anonymous_20)
FN:420,(anonymous_21)
FN:426,(anonymous_22)
FN:436,(anonymous_23)
FN:437,(anonymous_24)
FN:445,(anonymous_25)
FN:446,(anonymous_26)
FNF:27
FNH:0
FNDA:0,(anonymous_0)
FNDA:0,(anonymous_1)
FNDA:0,(anonymous_2)
FNDA:0,(anonymous_3)
FNDA:0,(anonymous_4)
FNDA:0,(anonymous_5)
FNDA:0,(anonymous_6)
FNDA:0,(anonymous_7)
FNDA:0,(anonymous_8)
FNDA:0,(anonymous_9)
FNDA:0,(anonymous_10)
FNDA:0,(anonymous_11)
FNDA:0,(anonymous_12)
FNDA:0,(anonymous_13)
FNDA:0,(anonymous_14)
FNDA:0,(anonymous_15)
FNDA:0,(anonymous_16)
FNDA:0,(anonymous_17)
FNDA:0,(anonymous_18)
FNDA:0,(anonymous_19)
FNDA:0,(anonymous_20)
FNDA:0,(anonymous_21)
FNDA:0,(anonymous_22)
FNDA:0,(anonymous_23)
FNDA:0,(anonymous_24)
FNDA:0,(anonymous_25)
FNDA:0,(anonymous_26)
DA:5,0
DA:7,0
DA:8,0
DA:9,0
DA:10,0
DA:12,0
DA:16,0
DA:308,0
DA:310,0
DA:311,0
DA:312,0
DA:313,0
DA:316,0
DA:317,0
DA:321,0
DA:322,0
DA:323,0
DA:327,0
DA:328,0
DA:329,0
DA:330,0
DA:331,0
DA:334,0
DA:335,0
DA:336,0
DA:341,0
DA:342,0
DA:353,0
DA:355,0
DA:358,0
DA:360,0
DA:364,0
DA:365,0
DA:366,0
DA:368,0
DA:372,0
DA:373,0
DA:395,0
DA:396,0
DA:399,0
DA:400,0
DA:401,0
DA:405,0
DA:406,0
DA:409,0
DA:410,0
DA:413,0
DA:414,0
DA:415,0
DA:418,0
DA:419,0
DA:420,0
DA:422,0
DA:425,0
DA:426,0
DA:427,0
DA:432,0
DA:436,0
DA:437,0
DA:438,0
DA:445,0
DA:446,0
DA:449,0
DA:461,0
LF:64
LH:0
BRDA:9,0,0,0
BRDA:9,0,1,0
BRDA:322,1,0,0
BRDA:322,1,1,0
BRDA:330,2,0,0
BRDA:330,2,1,0
BRDA:334,3,0,0
BRDA:334,3,1,0
BRDA:338,4,0,0
BRDA:338,4,1,0
BRDA:341,5,0,0
BRDA:341,5,1,0
BRDA:341,6,0,0
BRDA:341,6,1,0
BRDA:344,7,0,0
BRDA:344,7,1,0
BRDA:347,8,0,0
BRDA:347,8,1,0
BRDA:377,9,0,0
BRDA:377,9,1,0
BRDA:380,10,0,0
BRDA:380,10,1,0
BRDA:381,11,0,0
BRDA:381,11,1,0
BRDA:384,12,0,0
BRDA:384,12,1,0
BRDA:385,13,0,0
BRDA:385,13,1,0
BRDA:386,14,0,0
BRDA:386,14,1,0
BRDA:401,15,0,0
BRDA:401,15,1,0
BRDA:414,16,0,0
BRDA:414,16,1,0
BRDA:419,17,0,0
BRDA:419,17,1,0
BRDA:422,18,0,0
BRDA:422,18,1,0
BRDA:425,19,0,0
BRDA:425,19,1,0
BRDA:425,20,0,0
BRDA:425,20,1,0
BRDA:427,21,0,0
BRDA:427,21,1,0
BRDA:438,22,0,0
BRDA:438,22,1,0
BRDA:438,22,2,0
BRDA:438,22,3,0
BRF:48
BRH:0
end_of_record
TN:
SF:src/dataconnect-generated/index.cjs.js
FN:10,(anonymous_0)
FN:18,createUser
FN:22,(anonymous_2)
FN:30,getProduct
FN:34,(anonymous_4)
FN:42,listProducts
FN:46,(anonymous_6)
FN:54,createReview
FNF:8
FNH:0
FNDA:0,(anonymous_0)
FNDA:0,createUser
FNDA:0,(anonymous_2)
FNDA:0,getProduct
FNDA:0,(anonymous_4)
FNDA:0,listProducts
FNDA:0,(anonymous_6)
FNDA:0,createReview
DA:1,0
DA:3,0
DA:8,0
DA:10,0
DA:11,0
DA:12,0
DA:13,0
DA:15,0
DA:16,0
DA:18,0
DA:19,0
DA:22,0
DA:23,0
DA:24,0
DA:25,0
DA:27,0
DA:28,0
DA:30,0
DA:31,0
DA:34,0
DA:35,0
DA:36,0
DA:37,0
DA:39,0
DA:40,0
DA:42,0
DA:43,0
DA:46,0
DA:47,0
DA:48,0
DA:49,0
DA:51,0
DA:52,0
DA:54,0
DA:55,0
LF:35
LH:0
BRF:0
BRH:0
end_of_record
TN:
SF:src/dataconnect-generated/esm/index.esm.js
FN:9,(anonymous_0)
FN:16,createUser
FN:20,(anonymous_2)
FN:27,getProduct
FN:31,(anonymous_4)
FN:38,listProducts
FN:42,(anonymous_6)
FN:49,createReview
FNF:8
FNH:0
FNDA:0,(anonymous_0)
FNDA:0,createUser
FNDA:0,(anonymous_2)
FNDA:0,getProduct
FNDA:0,(anonymous_4)
FNDA:0,listProducts
FNDA:0,(anonymous_6)
FNDA:0,createReview
DA:3,0
DA:9,0
DA:10,0
DA:11,0
DA:12,0
DA:14,0
DA:17,0
DA:20,0
DA:21,0
DA:22,0
DA:23,0
DA:25,0
DA:28,0
DA:31,0
DA:32,0
DA:33,0
DA:34,0
DA:36,0
DA:39,0
DA:42,0
DA:43,0
DA:44,0
DA:45,0
DA:47,0
DA:50,0
LF:25
LH:0
BRF:0
BRH:0
end_of_record
TN:
SF:src/dataconnect-generated/react/index.cjs.js
FN:5,useCreateUser
FN:7,refFactory
FN:14,useGetProduct
FN:20,useListProducts
FN:25,useCreateReview
FN:27,refFactory
FNF:6
FNH:0
FNDA:0,useCreateUser
FNDA:0,refFactory
FNDA:0,useGetProduct
FNDA:0,useListProducts
FNDA:0,useCreateReview
FNDA:0,refFactory
DA:1,0
DA:2,0
DA:3,0
DA:5,0
DA:6,0
DA:8,0
DA:10,0
DA:14,0
DA:15,0
DA:16,0
DA:17,0
DA:20,0
DA:21,0
DA:22,0
DA:23,0
DA:25,0
DA:26,0
DA:28,0
DA:30,0
LF:19
LH:0
BRF:0
BRH:0
end_of_record
TN:
SF:src/dataconnect-generated/react/esm/index.esm.js
FN:5,useCreateUser
FN:7,refFactory
FN:14,useGetProduct
FN:20,useListProducts
FN:25,useCreateReview
FN:27,refFactory
FNF:6
FNH:0
FNDA:0,useCreateUser
FNDA:0,refFactory
FNDA:0,useGetProduct
FNDA:0,useListProducts
FNDA:0,useCreateReview
FNDA:0,refFactory
DA:6,0
DA:8,0
DA:10,0
DA:15,0
DA:16,0
DA:17,0
DA:21,0
DA:22,0
DA:23,0
DA:26,0
DA:28,0
DA:30,0
LF:12
LH:0
BRF:0
BRH:0
end_of_record
TN:
SF:src/navigation/CompeteStack.jsx
FN:9,CompeteStack
FN:18,(anonymous_1)
FNF:2
FNH:0
FNDA:0,CompeteStack
FNDA:0,(anonymous_1)
DA:7,0
DA:10,0
DA:18,0
LF:3
LH:0
BRF:0
BRH:0
end_of_record
TN:
SF:src/navigation/HomeStack.jsx
FN:8,HomeStack
FN:17,(anonymous_1)
FNF:2
FNH:0
FNDA:0,HomeStack
FNDA:0,(anonymous_1)
DA:6,0
DA:9,0
DA:17,0
LF:3
LH:0
BRF:0
BRH:0
end_of_record
TN:
SF:src/navigation/ProfileStack.jsx
FN:15,ProfileStack
FN:24,(anonymous_1)
FNF:2
FNH:0
FNDA:0,ProfileStack
FNDA:0,(anonymous_1)
DA:13,0
DA:16,0
DA:24,0
LF:3
LH:0
BRF:0
BRH:0
end_of_record
TN:
SF:src/navigation/TabNavigator.jsx
FN:16,getTabBarVisibility
FN:27,TabNavigator
FN:31,(anonymous_2)
FN:38,(anonymous_3)
FN:42,(anonymous_4)
FN:46,(anonymous_5)
FN:50,(anonymous_6)
FN:55,(anonymous_7)
FN:59,(anonymous_8)
FNF:9
FNH:0
FNDA:0,getTabBarVisibility
FNDA:0,TabNavigator
FNDA:0,(anonymous_2)
FNDA:0,(anonymous_3)
FNDA:0,(anonymous_4)
FNDA:0,(anonymous_5)
FNDA:0,(anonymous_6)
FNDA:0,(anonymous_7)
FNDA:0,(anonymous_8)
DA:14,0
DA:17,0
DA:20,0
DA:21,0
DA:24,0
DA:28,0
DA:31,0
DA:38,0
DA:42,0
DA:46,0
DA:50,0
DA:55,0
DA:59,0
DA:66,0
LF:14
LH:0
BRDA:17,0,0,0
BRDA:17,0,1,0
BRDA:20,1,0,0
BRDA:20,1,1,0
BRDA:20,2,0,0
BRDA:20,2,1,0
BRDA:20,2,2,0
BRDA:20,2,3,0
BRDA:20,2,4,0
BRDA:20,2,5,0
BRDA:20,2,6,0
BRDA:20,2,7,0
BRF:12
BRH:0
end_of_record
TN:
SF:src/screens/auth/CreatePasswordScreen.jsx
FN:10,CreatePasswordScreen
FN:17,(anonymous_1)
FN:69,(anonymous_2)
FN:80,(anonymous_3)
FNF:4
FNH:0
FNDA:0,CreatePasswordScreen
FNDA:0,(anonymous_1)
FNDA:0,(anonymous_2)
FNDA:0,(anonymous_3)
DA:11,0
DA:12,0
DA:13,0
DA:14,0
DA:15,0
DA:17,0
DA:18,0
DA:19,0
DA:22,0
DA:23,0
DA:26,0
DA:27,0
DA:30,0
DA:31,0
DA:32,0
DA:35,0
DA:37,0
DA:69,0
DA:80,0
DA:96,0
LF:20
LH:0
BRDA:18,0,0,0
BRDA:18,0,1,0
BRDA:18,1,0,0
BRDA:18,1,1,0
BRDA:22,2,0,0
BRDA:22,2,1,0
BRDA:26,3,0,0
BRDA:26,3,1,0
BRDA:35,4,0,0
BRDA:35,4,1,0
BRDA:43,5,0,0
BRDA:43,5,1,0
BRDA:52,6,0,0
BRDA:52,6,1,0
BRDA:85,7,0,0
BRDA:85,7,1,0
BRDA:88,8,0,0
BRDA:88,8,1,0
BRF:18
BRH:0
end_of_record
TN:
SF:src/screens/auth/EmailVerificationScreen.jsx
FN:10,EmailVerificationScreen
FN:18,(anonymous_1)
FN:20,(anonymous_2)
FN:21,(anonymous_3)
FN:25,(anonymous_4)
FN:39,(anonymous_5)
FN:46,(anonymous_6)
FN:71,(anonymous_7)
FN:108,(anonymous_8)
FN:111,(anonymous_9)
FN:117,(anonymous_10)
FN:118,(anonymous_11)
FNF:12
FNH:0
FNDA:0,EmailVerificationScreen
FNDA:0,(anonymous_1)
FNDA:0,(anonymous_2)
FNDA:0,(anonymous_3)
FNDA:0,(anonymous_4)
FNDA:0,(anonymous_5)
FNDA:0,(anonymous_6)
FNDA:0,(anonymous_7)
FNDA:0,(anonymous_8)
FNDA:0,(anonymous_9)
FNDA:0,(anonymous_10)
FNDA:0,(anonymous_11)
DA:11,0
DA:12,0
DA:13,0
DA:14,0
DA:15,0
DA:18,0
DA:19,0
DA:20,0
DA:21,0
DA:25,0
DA:27,0
DA:29,0
DA:30,0
DA:31,0
DA:34,0
DA:35,0
DA:39,0
DA:41,0
DA:42,0
DA:46,0
DA:47,0
DA:49,0
DA:50,0
DA:51,0
DA:54,0
DA:57,0
DA:59,0
DA:61,0
DA:63,0
DA:66,0
DA:67,0
DA:71,0
DA:72,0
DA:74,0
DA:75,0
DA:76,0
DA:77,0
DA:80,0
DA:81,0
DA:84,0
DA:109,0
DA:111,0
DA:117,0
DA:118,0
DA:154,0
LF:45
LH:0
BRDA:19,0,0,0
BRDA:19,0,1,0
BRDA:27,1,0,0
BRDA:27,1,1,0
BRDA:27,2,0,0
BRDA:27,2,1,0
BRDA:34,3,0,0
BRDA:34,3,1,0
BRDA:34,4,0,0
BRDA:34,4,1,0
BRDA:41,5,0,0
BRDA:41,5,1,0
BRDA:41,6,0,0
BRDA:41,6,1,0
BRDA:41,6,2,0
BRDA:49,7,0,0
BRDA:49,7,1,0
BRDA:61,8,0,0
BRDA:61,8,1,0
BRDA:72,9,0,0
BRDA:72,9,1,0
BRDA:90,10,0,0
BRDA:90,10,1,0
BRDA:99,11,0,0
BRDA:99,11,1,0
BRDA:114,12,0,0
BRDA:114,12,1,0
BRDA:128,13,0,0
BRDA:128,13,1,0
BRDA:131,14,0,0
BRDA:131,14,1,0
BRDA:135,15,0,0
BRDA:135,15,1,0
BRDA:143,16,0,0
BRDA:143,16,1,0
BRF:35
BRH:0
end_of_record
TN:
SF:src/screens/auth/LoginScreen.jsx
FN:12,LoginScreen
FN:23,(anonymous_1)
FN:25,(anonymous_2)
FN:28,(anonymous_3)
FN:31,(anonymous_4)
FN:74,(anonymous_5)
FN:140,(anonymous_6)
FN:164,(anonymous_7)
FN:171,(anonymous_8)
FNF:9
FNH:8
FNDA:34,LoginScreen
FNDA:9,(anonymous_1)
FNDA:1,(anonymous_2)
FNDA:9,(anonymous_3)
FNDA:7,(anonymous_4)
FNDA:3,(anonymous_5)
FNDA:6,(anonymous_6)
FNDA:2,(anonymous_7)
FNDA:0,(anonymous_8)
DA:13,34
DA:14,34
DA:15,34
DA:16,34
DA:17,34
DA:18,34
DA:19,34
DA:20,34
DA:21,34
DA:23,34
DA:25,9
DA:26,1
DA:28,9
DA:31,34
DA:33,7
DA:35,7
DA:36,1
DA:37,1
DA:41,6
DA:42,6
DA:43,1
DA:44,1
DA:47,5
DA:50,5
DA:52,5
DA:54,5
DA:56,5
DA:57,0
DA:58,0
DA:61,5
DA:63,4
DA:64,4
DA:67,1
DA:68,1
DA:69,1
DA:74,34
DA:76,3
DA:78,3
DA:79,1
DA:80,1
DA:83,2
DA:84,2
DA:85,2
DA:87,2
DA:89,1
DA:90,1
DA:92,0
DA:96,1
DA:97,1
DA:102,34
DA:141,6
DA:142,6
DA:165,2
DA:166,2
DA:171,0
DA:197,1
LF:56
LH:52
BRDA:35,0,0,1
BRDA:35,0,1,6
BRDA:42,1,0,1
BRDA:42,1,1,5
BRDA:56,2,0,0
BRDA:56,2,1,5
BRDA:61,3,0,4
BRDA:61,3,1,1
BRDA:68,4,0,1
BRDA:68,4,1,0
BRDA:78,5,0,1
BRDA:78,5,1,2
BRDA:87,6,0,1
BRDA:87,6,1,1
BRDA:89,7,0,1
BRDA:89,7,1,0
BRDA:89,8,0,1
BRDA:89,8,1,1
BRDA:92,9,0,0
BRDA:92,9,1,0
BRDA:96,10,0,1
BRDA:96,10,1,0
BRDA:108,11,0,34
BRDA:108,11,1,34
BRDA:120,12,0,34
BRDA:120,12,1,0
BRDA:142,13,0,0
BRDA:142,13,1,6
BRDA:152,14,0,34
BRDA:152,14,1,11
BRDA:166,15,0,0
BRDA:166,15,1,2
BRDA:179,16,0,7
BRDA:179,16,1,27
BRDA:179,17,0,9
BRDA:179,17,1,18
BRDA:180,18,0,11
BRDA:180,18,1,23
BRDA:185,19,0,34
BRDA:185,19,1,11
BRF:40
BRH:31
end_of_record
TN:
SF:src/screens/auth/ProfileSetupScreen.jsx
FN:12,ProfileSetupScreen
FN:18,(anonymous_1)
FN:40,(anonymous_2)
FN:44,(anonymous_3)
FN:102,(anonymous_4)
FNF:5
FNH:0
FNDA:0,ProfileSetupScreen
FNDA:0,(anonymous_1)
FNDA:0,(anonymous_2)
FNDA:0,(anonymous_3)
FNDA:0,(anonymous_4)
DA:13,0
DA:14,0
DA:15,0
DA:16,0
DA:18,0
DA:20,0
DA:22,0
DA:23,0
DA:24,0
DA:28,0
DA:35,0
DA:36,0
DA:40,0
DA:41,0
DA:44,0
DA:45,0
DA:46,0
DA:49,0
DA:50,0
DA:55,0
DA:58,0
DA:60,0
DA:103,0
DA:104,0
DA:159,0
LF:25
LH:0
BRDA:22,0,0,0
BRDA:22,0,1,0
BRDA:35,1,0,0
BRDA:35,1,1,0
BRDA:35,2,0,0
BRDA:35,2,1,0
BRDA:45,3,0,0
BRDA:45,3,1,0
BRDA:45,4,0,0
BRDA:45,4,1,0
BRDA:58,5,0,0
BRDA:58,5,1,0
BRDA:66,6,0,0
BRDA:66,6,1,0
BRDA:75,7,0,0
BRDA:75,7,1,0
BRDA:86,8,0,0
BRDA:86,8,1,0
BRDA:86,9,0,0
BRDA:86,9,1,0
BRDA:86,9,2,0
BRDA:97,10,0,0
BRDA:97,10,1,0
BRDA:121,11,0,0
BRDA:121,11,1,0
BRDA:148,12,0,0
BRDA:148,12,1,0
BRDA:151,13,0,0
BRDA:151,13,1,0
BRF:29
BRH:0
end_of_record
TN:
SF:src/screens/auth/SignUpScreen.jsx
FN:11,SignUpScreen
FN:16,(anonymous_1)
FN:18,(anonymous_2)
FN:21,(anonymous_3)
FN:24,(anonymous_4)
FN:63,(anonymous_5)
FNF:6
FNH:0
FNDA:0,SignUpScreen
FNDA:0,(anonymous_1)
FNDA:0,(anonymous_2)
FNDA:0,(anonymous_3)
FNDA:0,(anonymous_4)
FNDA:0,(anonymous_5)
DA:12,0
DA:13,0
DA:14,0
DA:16,0
DA:18,0
DA:19,0
DA:21,0
DA:24,0
DA:25,0
DA:26,0
DA:27,0
DA:31,0
DA:32,0
DA:33,0
DA:34,0
DA:37,0
DA:40,0
DA:42,0
DA:44,0
DA:46,0
DA:47,0
DA:48,0
DA:51,0
DA:53,0
DA:63,0
DA:69,0
DA:70,0
DA:71,0
DA:76,0
DA:140,0
LF:30
LH:0
BRDA:25,0,0,0
BRDA:25,0,1,0
BRDA:32,1,0,0
BRDA:32,1,1,0
BRDA:46,2,0,0
BRDA:46,2,1,0
BRDA:51,3,0,0
BRDA:51,3,1,0
BRDA:63,4,0,0
BRDA:63,4,1,0
BRDA:70,5,0,0
BRDA:70,5,1,0
BRDA:82,6,0,0
BRDA:82,6,1,0
BRDA:94,7,0,0
BRDA:94,7,1,0
BRDA:122,8,0,0
BRDA:122,8,1,0
BRF:18
BRH:0
end_of_record
TN:
SF:src/screens/auth/WelcomeScreen.jsx
FN:9,WelcomeScreen
FNF:1
FNH:0
FNDA:0,WelcomeScreen
DA:10,0
DA:42,0
LF:2
LH:0
BRF:0
BRH:0
end_of_record
TN:
SF:src/screens/compete/CompeteScreen.jsx
FN:15,CompeteScreen
FN:20,(anonymous_1)
FN:23,(anonymous_2)
FN:33,(anonymous_3)
FN:37,(anonymous_4)
FN:41,(anonymous_5)
FN:49,(anonymous_6)
FN:88,(anonymous_7)
FN:91,(anonymous_8)
FN:141,(anonymous_9)
FN:142,(anonymous_10)
FNF:11
FNH:0
FNDA:0,CompeteScreen
FNDA:0,(anonymous_1)
FNDA:0,(anonymous_2)
FNDA:0,(anonymous_3)
FNDA:0,(anonymous_4)
FNDA:0,(anonymous_5)
FNDA:0,(anonymous_6)
FNDA:0,(anonymous_7)
FNDA:0,(anonymous_8)
FNDA:0,(anonymous_9)
FNDA:0,(anonymous_10)
DA:16,0
DA:17,0
DA:18,0
DA:20,0
DA:21,0
DA:23,0
DA:25,0
DA:29,0
DA:30,0
DA:31,0
DA:33,0
DA:34,0
DA:37,0
DA:38,0
DA:41,0
DA:42,0
DA:49,0
DA:51,0
DA:57,0
DA:89,0
DA:91,0
DA:92,0
DA:97,0
DA:98,0
DA:99,0
DA:100,0
DA:101,0
DA:111,0
DA:112,0
DA:122,0
DA:127,0
DA:128,0
DA:129,0
DA:131,0
DA:141,0
DA:142,0
DA:161,0
LF:37
LH:0
BRDA:21,0,0,0
BRDA:21,0,1,0
BRDA:41,1,0,0
BRDA:65,2,0,0
BRDA:65,2,1,0
BRDA:89,3,0,0
BRDA:89,3,1,0
BRDA:91,4,0,0
BRDA:91,4,1,0
BRDA:92,5,0,0
BRDA:92,5,1,0
BRDA:98,6,0,0
BRDA:98,6,1,0
BRDA:98,7,0,0
BRDA:98,7,1,0
BRDA:100,8,0,0
BRDA:100,8,1,0
BRDA:100,9,0,0
BRDA:100,9,1,0
BRDA:111,10,0,0
BRDA:111,10,1,0
BRDA:111,11,0,0
BRDA:111,11,1,0
BRDA:122,12,0,0
BRDA:122,12,1,0
BRDA:129,13,0,0
BRDA:129,13,1,0
BRDA:129,13,2,0
BRF:28
BRH:0
end_of_record
TN:
SF:src/screens/home/HomeScreen.jsx
FN:16,HomeScreen
FN:20,(anonymous_1)
FN:23,(anonymous_2)
FN:30,(anonymous_3)
FN:34,(anonymous_4)
FN:38,(anonymous_5)
FN:45,(anonymous_6)
FN:68,(anonymous_7)
FN:118,(anonymous_8)
FN:226,(anonymous_9)
FN:244,(anonymous_10)
FN:251,(anonymous_11)
FN:259,(anonymous_12)
FNF:13
FNH:0
FNDA:0,HomeScreen
FNDA:0,(anonymous_1)
FNDA:0,(anonymous_2)
FNDA:0,(anonymous_3)
FNDA:0,(anonymous_4)
FNDA:0,(anonymous_5)
FNDA:0,(anonymous_6)
FNDA:0,(anonymous_7)
FNDA:0,(anonymous_8)
FNDA:0,(anonymous_9)
FNDA:0,(anonymous_10)
FNDA:0,(anonymous_11)
FNDA:0,(anonymous_12)
DA:17,0
DA:18,0
DA:20,0
DA:21,0
DA:23,0
DA:26,0
DA:30,0
DA:31,0
DA:34,0
DA:35,0
DA:38,0
DA:39,0
DA:42,0
DA:43,0
DA:45,0
DA:46,0
DA:47,0
DA:48,0
DA:49,0
DA:50,0
DA:51,0
DA:55,0
DA:58,0
DA:68,0
DA:69,0
DA:71,0
DA:73,0
DA:74,0
DA:79,0
DA:83,0
DA:84,0
DA:87,0
DA:90,0
DA:99,0
DA:101,0
DA:102,0
DA:109,0
DA:110,0
DA:118,0
DA:120,0
DA:124,0
DA:128,0
DA:164,0
DA:200,0
DA:226,0
DA:244,0
DA:253,0
DA:259,0
DA:267,0
LF:49
LH:0
BRDA:21,0,0,0
BRDA:21,0,1,0
BRDA:48,1,0,0
BRDA:48,1,1,0
BRDA:50,2,0,0
BRDA:50,2,1,0
BRDA:55,3,0,0
BRDA:55,3,1,0
BRDA:73,4,0,0
BRDA:73,4,1,0
BRDA:101,5,0,0
BRDA:101,5,1,0
BRDA:122,6,0,0
BRDA:122,6,1,0
BRF:14
BRH:0
end_of_record
TN:
SF:src/screens/match/MatchDetailsScreen.jsx
FN:24,MatchDetailsScreen
FN:31,(anonymous_1)
FN:39,(anonymous_2)
FN:89,(anonymous_3)
FN:93,(anonymous_4)
FN:100,(anonymous_5)
FN:123,(anonymous_6)
FN:137,(anonymous_7)
FN:139,(anonymous_8)
FN:147,(anonymous_9)
FN:149,(anonymous_10)
FN:164,(anonymous_11)
FN:184,(anonymous_12)
FN:238,(anonymous_13)
FN:328,(anonymous_14)
FN:367,(anonymous_15)
FNF:16
FNH:0
FNDA:0,MatchDetailsScreen
FNDA:0,(anonymous_1)
FNDA:0,(anonymous_2)
FNDA:0,(anonymous_3)
FNDA:0,(anonymous_4)
FNDA:0,(anonymous_5)
FNDA:0,(anonymous_6)
FNDA:0,(anonymous_7)
FNDA:0,(anonymous_8)
FNDA:0,(anonymous_9)
FNDA:0,(anonymous_10)
FNDA:0,(anonymous_11)
FNDA:0,(anonymous_12)
FNDA:0,(anonymous_13)
FNDA:0,(anonymous_14)
FNDA:0,(anonymous_15)
DA:25,0
DA:26,0
DA:27,0
DA:28,0
DA:29,0
DA:31,0
DA:32,0
DA:39,0
DA:40,0
DA:42,0
DA:44,0
DA:45,0
DA:50,0
DA:54,0
DA:55,0
DA:58,0
DA:61,0
DA:70,0
DA:72,0
DA:73,0
DA:80,0
DA:81,0
DA:89,0
DA:90,0
DA:93,0
DA:94,0
DA:97,0
DA:98,0
DA:100,0
DA:101,0
DA:102,0
DA:103,0
DA:104,0
DA:105,0
DA:106,0
DA:110,0
DA:113,0
DA:123,0
DA:124,0
DA:125,0
DA:127,0
DA:131,0
DA:138,0
DA:139,0
DA:140,0
DA:141,0
DA:148,0
DA:149,0
DA:150,0
DA:151,0
DA:164,0
DA:165,0
DA:166,0
DA:170,0
DA:175,0
DA:176,0
DA:178,0
DA:184,0
DA:239,0
DA:328,0
DA:367,0
DA:375,0
LF:62
LH:0
BRDA:33,0,0,0
BRDA:33,0,1,0
BRDA:44,1,0,0
BRDA:44,1,1,0
BRDA:65,2,0,0
BRDA:65,2,1,0
BRDA:66,3,0,0
BRDA:66,3,1,0
BRDA:72,4,0,0
BRDA:72,4,1,0
BRDA:103,5,0,0
BRDA:103,5,1,0
BRDA:105,6,0,0
BRDA:105,6,1,0
BRDA:110,7,0,0
BRDA:110,7,1,0
BRDA:127,8,0,0
BRDA:127,8,1,0
BRDA:135,9,0,0
BRDA:135,9,1,0
BRDA:175,10,0,0
BRDA:175,10,1,0
BRDA:176,11,0,0
BRDA:176,11,1,0
BRDA:211,12,0,0
BRDA:211,12,1,0
BRDA:211,12,2,0
BRDA:214,13,0,0
BRDA:214,13,1,0
BRDA:236,14,0,0
BRDA:236,14,1,0
BRDA:236,15,0,0
BRDA:236,15,1,0
BRDA:241,16,0,0
BRDA:241,16,1,0
BRDA:282,17,0,0
BRDA:282,17,1,0
BRDA:291,18,0,0
BRDA:291,18,1,0
BRDA:301,19,0,0
BRDA:301,19,1,0
BRDA:307,20,0,0
BRDA:307,20,1,0
BRDA:313,21,0,0
BRDA:313,21,1,0
BRDA:337,22,0,0
BRDA:337,22,1,0
BRDA:343,23,0,0
BRDA:343,23,1,0
BRDA:343,23,2,0
BRF:50
BRH:0
end_of_record
TN:
SF:src/screens/profile/AboutSmashScreen.jsx
FN:8,AboutSmashScreen
FN:14,(anonymous_1)
FNF:2
FNH:0
FNDA:0,AboutSmashScreen
FNDA:0,(anonymous_1)
DA:9,0
DA:14,0
DA:79,0
LF:3
LH:0
BRF:0
BRH:0
end_of_record
TN:
SF:src/screens/profile/AccountSettingsScreen.jsx
FN:16,AccountSettingsScreen
FN:19,(anonymous_1)
FN:27,(anonymous_2)
FN:32,(anonymous_3)
FN:44,(anonymous_4)
FN:59,(anonymous_5)
FNF:6
FNH:0
FNDA:0,AccountSettingsScreen
FNDA:0,(anonymous_1)
FNDA:0,(anonymous_2)
FNDA:0,(anonymous_3)
FNDA:0,(anonymous_4)
FNDA:0,(anonymous_5)
DA:17,0
DA:19,0
DA:20,0
DA:27,0
DA:29,0
DA:32,0
DA:33,0
DA:46,0
DA:54,0
DA:59,0
DA:112,0
LF:11
LH:0
BRF:0
BRH:0
end_of_record
TN:
SF:src/screens/profile/NotificationsSettingsScreen.jsx
FN:10,NotificationsSettingsScreen
FN:16,(anonymous_1)
FN:31,(anonymous_2)
FN:53,(anonymous_3)
FN:95,(anonymous_4)
FN:106,(anonymous_5)
FN:117,(anonymous_6)
FNF:7
FNH:0
FNDA:0,NotificationsSettingsScreen
FNDA:0,(anonymous_1)
FNDA:0,(anonymous_2)
FNDA:0,(anonymous_3)
FNDA:0,(anonymous_4)
FNDA:0,(anonymous_5)
FNDA:0,(anonymous_6)
DA:11,0
DA:12,0
DA:13,0
DA:14,0
DA:16,0
DA:17,0
DA:19,0
DA:20,0
DA:21,0
DA:22,0
DA:25,0
DA:26,0
DA:27,0
DA:31,0
DA:32,0
DA:34,0
DA:35,0
DA:39,0
DA:42,0
DA:43,0
DA:48,0
DA:53,0
DA:95,0
DA:106,0
DA:117,0
DA:127,0
LF:26
LH:0
BRDA:19,0,0,0
BRDA:19,0,1,0
BRDA:34,1,0,0
BRDA:34,1,1,0
BRDA:39,2,0,0
BRDA:39,2,1,0
BRDA:39,2,2,0
BRDA:39,3,0,0
BRDA:39,3,1,0
BRDA:40,4,0,0
BRDA:40,4,1,0
BRDA:41,5,0,0
BRDA:41,5,1,0
BRDA:42,6,0,0
BRDA:42,6,1,0
BRF:15
BRH:0
end_of_record
TN:
SF:src/screens/profile/PrivacyPolicyScreen.jsx
FN:8,PrivacyPolicyScreen
FN:14,(anonymous_1)
FNF:2
FNH:0
FNDA:0,PrivacyPolicyScreen
FNDA:0,(anonymous_1)
DA:9,0
DA:14,0
DA:121,0
LF:3
LH:0
BRF:0
BRH:0
end_of_record
TN:
SF:src/screens/profile/ProfileScreen.jsx
FN:17,ProfileScreen
FN:35,(anonymous_1)
FN:81,(anonymous_2)
FN:113,(anonymous_3)
FN:122,(anonymous_4)
FN:141,(anonymous_5)
FN:144,(anonymous_6)
FN:195,(anonymous_7)
FN:196,(anonymous_8)
FN:209,(anonymous_9)
FNF:10
FNH:0
FNDA:0,ProfileScreen
FNDA:0,(anonymous_1)
FNDA:0,(anonymous_2)
FNDA:0,(anonymous_3)
FNDA:0,(anonymous_4)
FNDA:0,(anonymous_5)
FNDA:0,(anonymous_6)
FNDA:0,(anonymous_7)
FNDA:0,(anonymous_8)
FNDA:0,(anonymous_9)
DA:18,0
DA:19,0
DA:20,0
DA:21,0
DA:23,0
DA:30,0
DA:31,0
DA:33,0
DA:35,0
DA:36,0
DA:43,0
DA:44,0
DA:75,0
DA:81,0
DA:113,0
DA:123,0
DA:142,0
DA:144,0
DA:145,0
DA:150,0
DA:152,0
DA:154,0
DA:155,0
DA:157,0
DA:158,0
DA:161,0
DA:162,0
DA:171,0
DA:172,0
DA:181,0
DA:185,0
DA:195,0
DA:196,0
DA:209,0
DA:215,0
LF:35
LH:0
BRDA:33,0,0,0
BRDA:33,0,1,0
BRDA:43,1,0,0
BRDA:43,1,1,0
BRDA:93,2,0,0
BRDA:93,2,1,0
BRDA:142,3,0,0
BRDA:142,3,1,0
BRDA:144,4,0,0
BRDA:144,4,1,0
BRDA:145,5,0,0
BRDA:145,5,1,0
BRDA:154,6,0,0
BRDA:154,6,1,0
BRDA:154,7,0,0
BRDA:154,7,1,0
BRDA:157,8,0,0
BRDA:157,8,1,0
BRDA:157,9,0,0
BRDA:157,9,1,0
BRDA:161,10,0,0
BRDA:161,10,1,0
BRDA:161,11,0,0
BRDA:161,11,1,0
BRDA:171,12,0,0
BRDA:171,12,1,0
BRDA:171,13,0,0
BRDA:171,13,1,0
BRDA:181,14,0,0
BRDA:181,14,1,0
BRF:30
BRH:0
end_of_record
TN:
SF:src/screens/profile/SettingsScreen.jsx
FN:18,SettingsScreen
FN:21,(anonymous_1)
FN:33,(anonymous_2)
FN:45,(anonymous_3)
FN:49,(anonymous_4)
FN:53,(anonymous_5)
FN:57,(anonymous_6)
FN:61,(anonymous_7)
FN:70,(anonymous_8)
FNF:9
FNH:0
FNDA:0,SettingsScreen
FNDA:0,(anonymous_1)
FNDA:0,(anonymous_2)
FNDA:0,(anonymous_3)
FNDA:0,(anonymous_4)
FNDA:0,(anonymous_5)
FNDA:0,(anonymous_6)
FNDA:0,(anonymous_7)
FNDA:0,(anonymous_8)
DA:19,0
DA:21,0
DA:22,0
DA:34,0
DA:35,0
DA:36,0
DA:45,0
DA:46,0
DA:49,0
DA:50,0
DA:53,0
DA:54,0
DA:57,0
DA:58,0
DA:61,0
DA:62,0
DA:65,0
DA:70,0
DA:141,0
LF:19
LH:0
BRDA:35,0,0,0
BRDA:35,0,1,0
BRF:2
BRH:0
end_of_record
TN:
SF:src/screens/profile/TermsOfServiceScreen.jsx
FN:8,TermsOfServiceScreen
FN:14,(anonymous_1)
FNF:2
FNH:0
FNDA:0,TermsOfServiceScreen
FNDA:0,(anonymous_1)
DA:9,0
DA:14,0
DA:100,0
LF:3
LH:0
BRF:0
BRH:0
end_of_record
TN:
SF:src/screens/tournament/TournamentDetailsScreen.jsx
FN:38,TournamentDetailsScreen
FN:66,(anonymous_1)
FN:75,(anonymous_2)
FN:76,(anonymous_3)
FN:87,(anonymous_4)
FN:90,(anonymous_5)
FN:93,(anonymous_6)
FN:97,(anonymous_7)
FN:108,(anonymous_8)
FN:112,(anonymous_9)
FN:137,(anonymous_10)
FN:159,(anonymous_11)
FN:199,(anonymous_12)
FN:204,(anonymous_13)
FN:271,(anonymous_14)
FN:281,(anonymous_15)
FN:292,(anonymous_16)
FN:296,(anonymous_17)
FN:305,(anonymous_18)
FN:344,(anonymous_19)
FN:356,(anonymous_20)
FN:391,(anonymous_21)
FN:400,(anonymous_22)
FN:405,(anonymous_23)
FN:411,(anonymous_24)
FN:417,(anonymous_25)
FN:432,(anonymous_26)
FN:436,(anonymous_27)
FN:439,(anonymous_28)
FN:452,(anonymous_29)
FN:465,(anonymous_30)
FN:496,(anonymous_31)
FN:505,(anonymous_32)
FN:538,(anonymous_33)
FN:538,(anonymous_34)
FN:563,(anonymous_35)
FN:605,(anonymous_36)
FN:608,(anonymous_37)
FN:621,(anonymous_38)
FN:630,(anonymous_39)
FN:634,(anonymous_40)
FN:643,(anonymous_41)
FN:644,(anonymous_42)
FN:651,(anonymous_43)
FN:661,(anonymous_44)
FN:662,(anonymous_45)
FN:668,(anonymous_46)
FN:680,(anonymous_47)
FN:692,(anonymous_48)
FN:723,(anonymous_49)
FN:743,(anonymous_50)
FN:795,(anonymous_51)
FN:798,(anonymous_52)
FN:799,(anonymous_53)
FN:802,(anonymous_54)
FN:805,(anonymous_55)
FN:806,(anonymous_56)
FN:809,(anonymous_57)
FN:812,(anonymous_58)
FN:813,(anonymous_59)
FN:822,(anonymous_60)
FN:836,(anonymous_61)
FN:878,(anonymous_62)
FN:882,(anonymous_63)
FN:935,(anonymous_64)
FN:973,(anonymous_65)
FN:978,(anonymous_66)
FN:979,(anonymous_67)
FN:1021,(anonymous_68)
FN:1051,(anonymous_69)
FN:1052,(anonymous_70)
FN:1053,(anonymous_71)
FN:1054,(anonymous_72)
FN:1066,(anonymous_73)
FN:1083,(anonymous_74)
FN:1111,(anonymous_75)
FN:1141,(anonymous_76)
FN:1142,(anonymous_77)
FN:1143,(anonymous_78)
FN:1144,(anonymous_79)
FN:1156,(anonymous_80)
FN:1173,(anonymous_81)
FN:1201,(anonymous_82)
FN:1231,(anonymous_83)
FN:1232,(anonymous_84)
FN:1233,(anonymous_85)
FN:1234,(anonymous_86)
FN:1246,(anonymous_87)
FN:1263,(anonymous_88)
FN:1291,(anonymous_89)
FN:1327,(anonymous_90)
FN:1400,(anonymous_91)
FN:1410,(anonymous_92)
FN:1424,(anonymous_93)
FN:1437,(anonymous_94)
FN:1463,(anonymous_95)
FNF:96
FNH:0
FNDA:0,TournamentDetailsScreen
FNDA:0,(anonymous_1)
FNDA:0,(anonymous_2)
FNDA:0,(anonymous_3)
FNDA:0,(anonymous_4)
FNDA:0,(anonymous_5)
FNDA:0,(anonymous_6)
FNDA:0,(anonymous_7)
FNDA:0,(anonymous_8)
FNDA:0,(anonymous_9)
FNDA:0,(anonymous_10)
FNDA:0,(anonymous_11)
FNDA:0,(anonymous_12)
FNDA:0,(anonymous_13)
FNDA:0,(anonymous_14)
FNDA:0,(anonymous_15)
FNDA:0,(anonymous_16)
FNDA:0,(anonymous_17)
FNDA:0,(anonymous_18)
FNDA:0,(anonymous_19)
FNDA:0,(anonymous_20)
FNDA:0,(anonymous_21)
FNDA:0,(anonymous_22)
FNDA:0,(anonymous_23)
FNDA:0,(anonymous_24)
FNDA:0,(anonymous_25)
FNDA:0,(anonymous_26)
FNDA:0,(anonymous_27)
FNDA:0,(anonymous_28)
FNDA:0,(anonymous_29)
FNDA:0,(anonymous_30)
FNDA:0,(anonymous_31)
FNDA:0,(anonymous_32)
FNDA:0,(anonymous_33)
FNDA:0,(anonymous_34)
FNDA:0,(anonymous_35)
FNDA:0,(anonymous_36)
FNDA:0,(anonymous_37)
FNDA:0,(anonymous_38)
FNDA:0,(anonymous_39)
FNDA:0,(anonymous_40)
FNDA:0,(anonymous_41)
FNDA:0,(anonymous_42)
FNDA:0,(anonymous_43)
FNDA:0,(anonymous_44)
FNDA:0,(anonymous_45)
FNDA:0,(anonymous_46)
FNDA:0,(anonymous_47)
FNDA:0,(anonymous_48)
FNDA:0,(anonymous_49)
FNDA:0,(anonymous_50)
FNDA:0,(anonymous_51)
FNDA:0,(anonymous_52)
FNDA:0,(anonymous_53)
FNDA:0,(anonymous_54)
FNDA:0,(anonymous_55)
FNDA:0,(anonymous_56)
FNDA:0,(anonymous_57)
FNDA:0,(anonymous_58)
FNDA:0,(anonymous_59)
FNDA:0,(anonymous_60)
FNDA:0,(anonymous_61)
FNDA:0,(anonymous_62)
FNDA:0,(anonymous_63)
FNDA:0,(anonymous_64)
FNDA:0,(anonymous_65)
FNDA:0,(anonymous_66)
FNDA:0,(anonymous_67)
FNDA:0,(anonymous_68)
FNDA:0,(anonymous_69)
FNDA:0,(anonymous_70)
FNDA:0,(anonymous_71)
FNDA:0,(anonymous_72)
FNDA:0,(anonymous_73)
FNDA:0,(anonymous_74)
FNDA:0,(anonymous_75)
FNDA:0,(anonymous_76)
FNDA:0,(anonymous_77)
FNDA:0,(anonymous_78)
FNDA:0,(anonymous_79)
FNDA:0,(anonymous_80)
FNDA:0,(anonymous_81)
FNDA:0,(anonymous_82)
FNDA:0,(anonymous_83)
FNDA:0,(anonymous_84)
FNDA:0,(anonymous_85)
FNDA:0,(anonymous_86)
FNDA:0,(anonymous_87)
FNDA:0,(anonymous_88)
FNDA:0,(anonymous_89)
FNDA:0,(anonymous_90)
FNDA:0,(anonymous_91)
FNDA:0,(anonymous_92)
FNDA:0,(anonymous_93)
FNDA:0,(anonymous_94)
FNDA:0,(anonymous_95)
DA:39,0
DA:40,0
DA:41,0
DA:42,0
DA:43,0
DA:44,0
DA:45,0
DA:46,0
DA:47,0
DA:48,0
DA:49,0
DA:50,0
DA:51,0
DA:52,0
DA:53,0
DA:54,0
DA:55,0
DA:58,0
DA:66,0
DA:67,0
DA:75,0
DA:76,0
DA:77,0
DA:78,0
DA:87,0
DA:88,0
DA:90,0
DA:91,0
DA:93,0
DA:97,0
DA:98,0
DA:99,0
DA:104,0
DA:108,0
DA:110,0
DA:112,0
DA:113,0
DA:115,0
DA:119,0
DA:123,0
DA:124,0
DA:137,0
DA:138,0
DA:140,0
DA:143,0
DA:144,0
DA:147,0
DA:148,0
DA:150,0
DA:153,0
DA:156,0
DA:159,0
DA:161,0
DA:162,0
DA:166,0
DA:167,0
DA:170,0
DA:171,0
DA:184,0
DA:185,0
DA:186,0
DA:193,0
DA:196,0
DA:199,0
DA:200,0
DA:204,0
DA:205,0
DA:208,0
DA:271,0
DA:273,0
DA:275,0
DA:278,0
DA:279,0
DA:281,0
DA:282,0
DA:283,0
DA:285,0
DA:287,0
DA:288,0
DA:292,0
DA:294,0
DA:296,0
DA:297,0
DA:299,0
DA:302,0
DA:305,0
DA:306,0
DA:307,0
DA:308,0
DA:311,0
DA:313,0
DA:316,0
DA:328,0
DA:331,0
DA:335,0
DA:336,0
DA:337,0
DA:339,0
DA:340,0
DA:344,0
DA:345,0
DA:346,0
DA:347,0
DA:350,0
DA:352,0
DA:355,0
DA:356,0
DA:359,0
DA:360,0
DA:361,0
DA:365,0
DA:366,0
DA:377,0
DA:381,0
DA:382,0
DA:383,0
DA:384,0
DA:386,0
DA:387,0
DA:391,0
DA:392,0
DA:393,0
DA:394,0
DA:397,0
DA:400,0
DA:401,0
DA:405,0
DA:408,0
DA:411,0
DA:412,0
DA:413,0
DA:414,0
DA:417,0
DA:420,0
DA:421,0
DA:422,0
DA:429,0
DA:432,0
DA:433,0
DA:436,0
DA:437,0
DA:439,0
DA:442,0
DA:443,0
DA:445,0
DA:447,0
DA:448,0
DA:452,0
DA:453,0
DA:454,0
DA:457,0
DA:462,0
DA:465,0
DA:466,0
DA:469,0
DA:470,0
DA:471,0
DA:477,0
DA:479,0
DA:484,0
DA:486,0
DA:492,0
DA:493,0
DA:496,0
DA:497,0
DA:500,0
DA:501,0
DA:505,0
DA:506,0
DA:507,0
DA:508,0
DA:511,0
DA:512,0
DA:513,0
DA:516,0
DA:529,0
DA:536,0
DA:538,0
DA:539,0
DA:540,0
DA:544,0
DA:545,0
DA:549,0
DA:557,0
DA:560,0
DA:563,0
DA:564,0
DA:566,0
DA:568,0
DA:569,0
DA:570,0
DA:572,0
DA:573,0
DA:574,0
DA:575,0
DA:576,0
DA:577,0
DA:582,0
DA:583,0
DA:584,0
DA:589,0
DA:591,0
DA:592,0
DA:595,0
DA:596,0
DA:597,0
DA:598,0
DA:600,0
DA:601,0
DA:605,0
DA:606,0
DA:608,0
DA:611,0
DA:612,0
DA:613,0
DA:615,0
DA:616,0
DA:621,0
DA:622,0
DA:623,0
DA:624,0
DA:625,0
DA:626,0
DA:630,0
DA:631,0
DA:632,0
DA:633,0
DA:634,0
DA:635,0
DA:637,0
DA:639,0
DA:643,0
DA:644,0
DA:651,0
DA:652,0
DA:653,0
DA:656,0
DA:657,0
DA:661,0
DA:662,0
DA:668,0
DA:669,0
DA:681,0
DA:682,0
DA:683,0
DA:692,0
DA:693,0
DA:694,0
DA:695,0
DA:698,0
DA:699,0
DA:718,0
DA:719,0
DA:720,0
DA:723,0
DA:724,0
DA:726,0
DA:735,0
DA:737,0
DA:741,0
DA:743,0
DA:744,0
DA:745,0
DA:749,0
DA:750,0
DA:751,0
DA:766,0
DA:769,0
DA:773,0
DA:775,0
DA:776,0
DA:781,0
DA:782,0
DA:783,0
DA:784,0
DA:785,0
DA:787,0
DA:792,0
DA:795,0
DA:796,0
DA:797,0
DA:798,0
DA:799,0
DA:802,0
DA:803,0
DA:804,0
DA:805,0
DA:806,0
DA:809,0
DA:810,0
DA:811,0
DA:812,0
DA:813,0
DA:816,0
DA:822,0
DA:836,0
DA:879,0
DA:882,0
DA:935,0
DA:974,0
DA:978,0
DA:980,0
DA:1021,0
DA:1051,0
DA:1052,0
DA:1054,0
DA:1055,0
DA:1067,0
DA:1084,0
DA:1095,0
DA:1111,0
DA:1141,0
DA:1142,0
DA:1144,0
DA:1145,0
DA:1157,0
DA:1174,0
DA:1185,0
DA:1201,0
DA:1231,0
DA:1232,0
DA:1234,0
DA:1235,0
DA:1247,0
DA:1264,0
DA:1275,0
DA:1291,0
DA:1327,0
DA:1400,0
DA:1411,0
DA:1412,0
DA:1424,0
DA:1438,0
DA:1439,0
DA:1463,0
DA:1474,0
LF:336
LH:0
BRDA:39,0,0,0
BRDA:39,0,1,0
BRDA:68,1,0,0
BRDA:68,1,1,0
BRDA:79,2,0,0
BRDA:79,2,1,0
BRDA:88,3,0,0
BRDA:88,3,1,0
BRDA:110,4,0,0
BRDA:110,4,1,0
BRDA:112,5,0,0
BRDA:112,5,1,0
BRDA:123,6,0,0
BRDA:123,6,1,0
BRDA:124,7,0,0
BRDA:124,7,1,0
BRDA:124,7,2,0
BRDA:138,8,0,0
BRDA:138,8,1,0
BRDA:156,9,0,0
BRDA:156,9,1,0
BRDA:156,9,2,0
BRDA:161,10,0,0
BRDA:161,10,1,0
BRDA:161,11,0,0
BRDA:161,11,1,0
BRDA:161,11,2,0
BRDA:166,12,0,0
BRDA:166,12,1,0
BRDA:170,13,0,0
BRDA:170,13,1,0
BRDA:170,14,0,0
BRDA:170,14,1,0
BRDA:175,15,0,0
BRDA:175,15,1,0
BRDA:200,16,0,0
BRDA:200,16,1,0
BRDA:204,17,0,0
BRDA:204,17,1,0
BRDA:273,18,0,0
BRDA:273,18,1,0
BRDA:273,19,0,0
BRDA:273,19,1,0
BRDA:279,20,0,0
BRDA:279,20,1,0
BRDA:281,21,0,0
BRDA:281,21,1,0
BRDA:294,22,0,0
BRDA:294,22,1,0
BRDA:296,23,0,0
BRDA:296,23,1,0
BRDA:306,24,0,0
BRDA:306,24,1,0
BRDA:306,25,0,0
BRDA:306,25,1,0
BRDA:313,26,0,0
BRDA:313,26,1,0
BRDA:320,27,0,0
BRDA:320,27,1,0
BRDA:345,28,0,0
BRDA:345,28,1,0
BRDA:345,29,0,0
BRDA:345,29,1,0
BRDA:345,29,2,0
BRDA:352,30,0,0
BRDA:352,30,1,0
BRDA:359,31,0,0
BRDA:359,31,1,0
BRDA:371,32,0,0
BRDA:371,32,1,0
BRDA:392,33,0,0
BRDA:392,33,1,0
BRDA:413,34,0,0
BRDA:413,34,1,0
BRDA:457,35,0,0
BRDA:457,35,1,0
BRDA:469,36,0,0
BRDA:469,36,1,0
BRDA:469,37,0,0
BRDA:469,37,1,0
BRDA:477,38,0,0
BRDA:477,38,1,0
BRDA:484,39,0,0
BRDA:484,39,1,0
BRDA:500,40,0,0
BRDA:500,40,1,0
BRDA:511,41,0,0
BRDA:511,41,1,0
BRDA:511,42,0,0
BRDA:511,42,1,0
BRDA:511,42,2,0
BRDA:511,42,3,0
BRDA:511,42,4,0
BRDA:511,42,5,0
BRDA:572,43,0,0
BRDA:572,43,1,0
BRDA:572,44,0,0
BRDA:572,44,1,0
BRDA:575,45,0,0
BRDA:575,45,1,0
BRDA:622,46,0,0
BRDA:622,46,1,0
BRDA:622,47,0,0
BRDA:622,47,1,0
BRDA:623,48,0,0
BRDA:623,48,1,0
BRDA:623,49,0,0
BRDA:623,49,1,0
BRDA:624,50,0,0
BRDA:624,50,1,0
BRDA:625,51,0,0
BRDA:625,51,1,0
BRDA:626,52,0,0
BRDA:626,52,1,0
BRDA:631,53,0,0
BRDA:631,53,1,0
BRDA:631,54,0,0
BRDA:631,54,1,0
BRDA:633,55,0,0
BRDA:633,55,1,0
BRDA:633,56,0,0
BRDA:633,56,1,0
BRDA:635,57,0,0
BRDA:635,57,1,0
BRDA:635,57,2,0
BRDA:637,58,0,0
BRDA:637,58,1,0
BRDA:652,59,0,0
BRDA:652,59,1,0
BRDA:657,60,0,0
BRDA:657,60,1,0
BRDA:657,60,2,0
BRDA:681,61,0,0
BRDA:681,61,1,0
BRDA:693,62,0,0
BRDA:693,62,1,0
BRDA:718,63,0,0
BRDA:718,63,1,0
BRDA:719,64,0,0
BRDA:719,64,1,0
BRDA:724,65,0,0
BRDA:724,65,1,0
BRDA:724,66,0,0
BRDA:724,66,1,0
BRDA:743,67,0,0
BRDA:743,67,1,0
BRDA:743,68,0,0
BRDA:743,68,1,0
BRDA:743,69,0,0
BRDA:743,69,1,0
BRDA:788,70,0,0
BRDA:788,70,1,0
BRDA:789,71,0,0
BRDA:789,71,1,0
BRDA:796,72,0,0
BRDA:796,72,1,0
BRDA:796,73,0,0
BRDA:796,73,1,0
BRDA:798,74,0,0
BRDA:798,74,1,0
BRDA:799,75,0,0
BRDA:799,75,1,0
BRDA:799,75,2,0
BRDA:799,75,3,0
BRDA:803,76,0,0
BRDA:803,76,1,0
BRDA:803,77,0,0
BRDA:803,77,1,0
BRDA:805,78,0,0
BRDA:805,78,1,0
BRDA:806,79,0,0
BRDA:806,79,1,0
BRDA:806,79,2,0
BRDA:806,79,3,0
BRDA:810,80,0,0
BRDA:810,80,1,0
BRDA:810,81,0,0
BRDA:810,81,1,0
BRDA:812,82,0,0
BRDA:812,82,1,0
BRDA:813,83,0,0
BRDA:813,83,1,0
BRDA:813,83,2,0
BRDA:813,83,3,0
BRDA:832,84,0,0
BRDA:832,84,1,0
BRDA:876,85,0,0
BRDA:876,85,1,0
BRDA:887,86,0,0
BRDA:887,86,1,0
BRDA:891,87,0,0
BRDA:891,87,1,0
BRDA:898,88,0,0
BRDA:898,88,1,0
BRDA:944,89,0,0
BRDA:944,89,1,0
BRDA:950,90,0,0
BRDA:950,90,1,0
BRDA:950,90,2,0
BRDA:971,91,0,0
BRDA:971,91,1,0
BRDA:971,92,0,0
BRDA:971,92,1,0
BRDA:971,92,2,0
BRDA:977,93,0,0
BRDA:977,93,1,0
BRDA:977,94,0,0
BRDA:977,94,1,0
BRDA:978,95,0,0
BRDA:978,95,1,0
BRDA:978,95,2,0
BRDA:1005,96,0,0
BRDA:1005,96,1,0
BRDA:1015,97,0,0
BRDA:1015,97,1,0
BRDA:1015,97,2,0
BRDA:1015,97,3,0
BRDA:1027,98,0,0
BRDA:1027,98,1,0
BRDA:1033,99,0,0
BRDA:1033,99,1,0
BRDA:1048,100,0,0
BRDA:1048,100,1,0
BRDA:1048,100,2,0
BRDA:1052,101,0,0
BRDA:1052,101,1,0
BRDA:1055,102,0,0
BRDA:1055,102,1,0
BRDA:1064,103,0,0
BRDA:1064,103,1,0
BRDA:1064,103,2,0
BRDA:1117,104,0,0
BRDA:1117,104,1,0
BRDA:1123,105,0,0
BRDA:1123,105,1,0
BRDA:1138,106,0,0
BRDA:1138,106,1,0
BRDA:1138,106,2,0
BRDA:1142,107,0,0
BRDA:1142,107,1,0
BRDA:1145,108,0,0
BRDA:1145,108,1,0
BRDA:1154,109,0,0
BRDA:1154,109,1,0
BRDA:1154,109,2,0
BRDA:1207,110,0,0
BRDA:1207,110,1,0
BRDA:1213,111,0,0
BRDA:1213,111,1,0
BRDA:1228,112,0,0
BRDA:1228,112,1,0
BRDA:1228,112,2,0
BRDA:1232,113,0,0
BRDA:1232,113,1,0
BRDA:1235,114,0,0
BRDA:1235,114,1,0
BRDA:1244,115,0,0
BRDA:1244,115,1,0
BRDA:1244,115,2,0
BRDA:1297,116,0,0
BRDA:1297,116,1,0
BRDA:1333,117,0,0
BRDA:1333,117,1,0
BRDA:1360,118,0,0
BRDA:1360,118,1,0
BRDA:1362,119,0,0
BRDA:1362,119,1,0
BRDA:1364,120,0,0
BRDA:1364,120,1,0
BRDA:1379,121,0,0
BRDA:1379,121,1,0
BRDA:1379,122,0,0
BRDA:1379,122,1,0
BRDA:1379,122,2,0
BRDA:1384,123,0,0
BRDA:1384,123,1,0
BRDA:1384,124,0,0
BRDA:1384,124,1,0
BRDA:1384,124,2,0
BRDA:1397,125,0,0
BRDA:1397,125,1,0
BRDA:1407,126,0,0
BRDA:1407,126,1,0
BRDA:1421,127,0,0
BRDA:1421,127,1,0
BRDA:1433,128,0,0
BRDA:1433,128,1,0
BRDA:1433,128,2,0
BRDA:1460,129,0,0
BRDA:1460,129,1,0
BRF:290
BRH:0
end_of_record
TN:
SF:src/screens/updates/UpdatesScreen.jsx
FN:8,UpdatesScreen
FN:39,(anonymous_1)
FNF:2
FNH:0
FNDA:0,UpdatesScreen
FNDA:0,(anonymous_1)
DA:10,0
DA:12,0
DA:40,0
DA:61,0
LF:4
LH:0
BRDA:19,0,0,0
BRDA:19,0,1,0
BRDA:44,1,0,0
BRDA:44,1,1,0
BRDA:52,2,0,0
BRDA:52,2,1,0
BRF:6
BRH:0
end_of_record
TN:
SF:src/services/authService.js
FN:18,(anonymous_0)
FN:60,(anonymous_1)
FN:144,(anonymous_2)
FN:157,(anonymous_3)
FN:169,(anonymous_4)
FN:181,(anonymous_5)
FN:188,(anonymous_6)
FN:195,(anonymous_7)
FN:211,(anonymous_8)
FN:254,(anonymous_9)
FN:290,(anonymous_10)
FN:324,(anonymous_11)
FN:353,(anonymous_12)
FN:386,(anonymous_13)
FN:417,(anonymous_14)
FNF:15
FNH:0
FNDA:0,(anonymous_0)
FNDA:0,(anonymous_1)
FNDA:0,(anonymous_2)
FNDA:0,(anonymous_3)
FNDA:0,(anonymous_4)
FNDA:0,(anonymous_5)
FNDA:0,(anonymous_6)
FNDA:0,(anonymous_7)
FNDA:0,(anonymous_8)
FNDA:0,(anonymous_9)
FNDA:0,(anonymous_10)
FNDA:0,(anonymous_11)
FNDA:0,(anonymous_12)
FNDA:0,(anonymous_13)
FNDA:0,(anonymous_14)
DA:18,1
DA:19,0
DA:20,0
DA:21,0
DA:24,0
DA:25,0
DA:31,0
DA:34,0
DA:47,0
DA:49,0
DA:51,0
DA:52,0
DA:60,1
DA:61,0
DA:63,0
DA:65,0
DA:66,0
DA:69,0
DA:72,0
DA:85,0
DA:86,0
DA:88,0
DA:90,0
DA:93,0
DA:94,0
DA:96,0
DA:97,0
DA:98,0
DA:100,0
DA:101,0
DA:104,0
DA:105,0
DA:108,0
DA:111,0
DA:117,0
DA:118,0
DA:120,0
DA:125,0
DA:133,0
DA:137,0
DA:144,1
DA:145,0
DA:146,0
DA:147,0
DA:149,0
DA:150,0
DA:157,1
DA:158,0
DA:159,0
DA:160,0
DA:162,0
DA:169,1
DA:170,0
DA:171,0
DA:172,0
DA:174,0
DA:181,1
DA:182,0
DA:188,1
DA:189,0
DA:195,1
DA:196,0
DA:197,0
DA:198,0
DA:199,0
DA:201,0
DA:203,0
DA:204,0
DA:211,1
DA:212,0
DA:213,0
DA:215,0
DA:216,0
DA:219,0
DA:222,0
DA:223,0
DA:227,0
DA:228,0
DA:229,0
DA:231,0
DA:232,0
DA:236,0
DA:243,0
DA:245,0
DA:246,0
DA:254,1
DA:255,0
DA:256,0
DA:259,0
DA:260,0
DA:261,0
DA:263,0
DA:268,0
DA:269,0
DA:270,0
DA:276,0
DA:279,0
DA:280,0
DA:282,0
DA:283,0
DA:290,1
DA:291,0
DA:292,0
DA:294,0
DA:295,0
DA:298,0
DA:301,0
DA:304,0
DA:311,0
DA:313,0
DA:315,0
DA:316,0
DA:324,1
DA:325,0
DA:327,0
DA:329,0
DA:330,0
DA:334,0
DA:337,0
DA:342,0
DA:344,0
DA:345,0
DA:353,1
DA:354,0
DA:355,0
DA:358,0
DA:368,0
DA:369,0
DA:370,0
DA:375,0
DA:377,0
DA:378,0
DA:386,1
DA:387,0
DA:388,0
DA:391,0
DA:400,0
DA:401,0
DA:402,0
DA:407,0
DA:409,0
DA:410,0
DA:417,1
DA:418,0
DA:420,0
DA:422,0
DA:424,0
DA:426,0
DA:428,0
DA:430,0
DA:432,0
DA:434,0
DA:436,0
DA:438,0
DA:440,0
LF:155
LH:15
BRDA:24,0,0,0
BRDA:24,0,1,0
BRDA:37,1,0,0
BRDA:37,1,1,0
BRDA:93,2,0,0
BRDA:93,2,1,0
BRDA:100,3,0,0
BRDA:100,3,1,0
BRDA:104,4,0,0
BRDA:104,4,1,0
BRDA:104,5,0,0
BRDA:104,5,1,0
BRDA:198,6,0,0
BRDA:198,6,1,0
BRDA:215,7,0,0
BRDA:215,7,1,0
BRDA:222,8,0,0
BRDA:222,8,1,0
BRDA:231,9,0,0
BRDA:231,9,1,0
BRDA:268,10,0,0
BRDA:268,10,1,0
BRDA:294,11,0,0
BRDA:294,11,1,0
BRDA:329,12,0,0
BRDA:329,12,1,0
BRDA:329,13,0,0
BRDA:329,13,1,0
BRDA:362,14,0,0
BRDA:362,14,1,0
BRDA:369,15,0,0
BRDA:369,15,1,0
BRDA:395,16,0,0
BRDA:395,16,1,0
BRDA:401,17,0,0
BRDA:401,17,1,0
BRDA:418,18,0,0
BRDA:418,18,1,0
BRDA:418,18,2,0
BRDA:418,18,3,0
BRDA:418,18,4,0
BRDA:418,18,5,0
BRDA:418,18,6,0
BRDA:418,18,7,0
BRDA:418,18,8,0
BRDA:418,18,9,0
BRDA:418,18,10,0
BRF:47
BRH:0
end_of_record
TN:
SF:src/services/firestoreService.js
FN:21,(anonymous_0)
FN:37,(anonymous_1)
FN:52,(anonymous_2)
FN:70,(anonymous_3)
FN:76,(anonymous_4)
FN:91,(anonymous_5)
FN:104,(anonymous_6)
FN:120,(anonymous_7)
FN:132,(anonymous_8)
FN:134,(anonymous_9)
FN:146,(anonymous_10)
FN:150,(anonymous_11)
FN:162,(anonymous_12)
FN:164,(anonymous_13)
FNF:14
FNH:0
FNDA:0,(anonymous_0)
FNDA:0,(anonymous_1)
FNDA:0,(anonymous_2)
FNDA:0,(anonymous_3)
FNDA:0,(anonymous_4)
FNDA:0,(anonymous_5)
FNDA:0,(anonymous_6)
FNDA:0,(anonymous_7)
FNDA:0,(anonymous_8)
FNDA:0,(anonymous_9)
FNDA:0,(anonymous_10)
FNDA:0,(anonymous_11)
FNDA:0,(anonymous_12)
FNDA:0,(anonymous_13)
DA:21,0
DA:22,0
DA:23,0
DA:28,0
DA:30,0
DA:37,0
DA:38,0
DA:39,0
DA:43,0
DA:45,0
DA:52,0
DA:53,0
DA:54,0
DA:55,0
DA:57,0
DA:58,0
DA:60,0
DA:63,0
DA:70,0
DA:71,0
DA:72,0
DA:75,0
DA:76,0
DA:77,0
DA:78,0
DA:79,0
DA:80,0
DA:81,0
DA:82,0
DA:85,0
DA:88,0
DA:89,0
DA:91,0
DA:92,0
DA:95,0
DA:97,0
DA:104,0
DA:105,0
DA:106,0
DA:107,0
DA:111,0
DA:113,0
DA:120,0
DA:121,0
DA:122,0
DA:123,0
DA:125,0
DA:132,0
DA:133,0
DA:134,0
DA:135,0
DA:136,0
DA:138,0
DA:146,0
DA:147,0
DA:149,0
DA:150,0
DA:151,0
DA:152,0
DA:153,0
DA:154,0
DA:155,0
DA:156,0
DA:159,0
DA:162,0
DA:163,0
DA:164,0
DA:165,0
DA:167,0
LF:69
LH:0
BRDA:57,0,0,0
BRDA:57,0,1,0
BRDA:70,1,0,0
BRDA:75,2,0,0
BRDA:75,2,1,0
BRDA:77,3,0,0
BRDA:77,3,1,0
BRDA:79,4,0,0
BRDA:79,4,1,0
BRDA:80,5,0,0
BRDA:80,5,1,0
BRDA:81,6,0,0
BRDA:81,6,1,0
BRDA:135,7,0,0
BRDA:135,7,1,0
BRDA:146,8,0,0
BRDA:149,9,0,0
BRDA:149,9,1,0
BRDA:151,10,0,0
BRDA:151,10,1,0
BRDA:153,11,0,0
BRDA:153,11,1,0
BRDA:154,12,0,0
BRDA:154,12,1,0
BRDA:155,13,0,0
BRDA:155,13,1,0
BRF:26
BRH:0
end_of_record
TN:
SF:src/services/storageService.js
FN:14,(anonymous_0)
FN:29,(anonymous_1)
FN:30,(anonymous_2)
FN:36,(anonymous_3)
FN:42,(anonymous_4)
FN:45,(anonymous_5)
FN:60,(anonymous_6)
FN:78,(anonymous_7)
FN:91,(anonymous_8)
FN:104,(anonymous_9)
FN:110,(anonymous_10)
FNF:11
FNH:0
FNDA:0,(anonymous_0)
FNDA:0,(anonymous_1)
FNDA:0,(anonymous_2)
FNDA:0,(anonymous_3)
FNDA:0,(anonymous_4)
FNDA:0,(anonymous_5)
FNDA:0,(anonymous_6)
FNDA:0,(anonymous_7)
FNDA:0,(anonymous_8)
FNDA:0,(anonymous_9)
FNDA:0,(anonymous_10)
DA:14,0
DA:15,0
DA:16,0
DA:17,0
DA:18,0
DA:20,0
DA:22,0
DA:29,0
DA:30,0
DA:31,0
DA:32,0
DA:34,0
DA:37,0
DA:38,0
DA:39,0
DA:43,0
DA:46,0
DA:47,0
DA:48,0
DA:50,0
DA:60,0
DA:61,0
DA:62,0
DA:63,0
DA:65,0
DA:66,0
DA:67,0
DA:69,0
DA:71,0
DA:78,0
DA:79,0
DA:80,0
DA:81,0
DA:82,0
DA:84,0
DA:91,0
DA:92,0
DA:93,0
DA:94,0
DA:95,0
DA:97,0
DA:104,0
DA:105,0
DA:106,0
DA:107,0
DA:109,0
DA:111,0
DA:112,0
DA:120,0
DA:122,0
LF:50
LH:0
BRDA:38,0,0,0
BRDA:38,0,1,0
BRF:2
BRH:0
end_of_record
TN:
SF:src/services/tournamentService.js
FN:6,(anonymous_0)
FN:28,(anonymous_1)
FN:47,(anonymous_2)
FN:67,(anonymous_3)
FN:84,(anonymous_4)
FN:101,(anonymous_5)
FNF:6
FNH:0
FNDA:0,(anonymous_0)
FNDA:0,(anonymous_1)
FNDA:0,(anonymous_2)
FNDA:0,(anonymous_3)
FNDA:0,(anonymous_4)
FNDA:0,(anonymous_5)
DA:6,0
DA:7,0
DA:8,0
DA:15,0
DA:16,0
DA:19,0
DA:21,0
DA:28,0
DA:29,0
DA:30,0
DA:34,0
DA:35,0
DA:38,0
DA:40,0
DA:47,0
DA:48,0
DA:49,0
DA:54,0
DA:55,0
DA:58,0
DA:60,0
DA:67,0
DA:68,0
DA:69,0
DA:71,0
DA:72,0
DA:75,0
DA:77,0
DA:84,0
DA:85,0
DA:86,0
DA:88,0
DA:89,0
DA:92,0
DA:94,0
DA:101,0
DA:102,0
LF:37
LH:0
BRDA:12,0,0,0
BRDA:12,0,1,0
BRDA:15,1,0,0
BRDA:15,1,1,0
BRDA:34,2,0,0
BRDA:34,2,1,0
BRDA:54,3,0,0
BRDA:54,3,1,0
BRDA:71,4,0,0
BRDA:71,4,1,0
BRDA:88,5,0,0
BRDA:88,5,1,0
BRF:12
BRH:0
end_of_record
TN:
SF:src/utils/courtScheduler.js
FN:23,scheduleMatches
FN:43,(anonymous_1)
FN:84,getSchedulingSummary
FN:117,parseCourts
FN:137,(anonymous_4)
FN:137,(anonymous_5)
FN:140,(anonymous_6)
FN:164,groupMatchesByTimeSlot
FN:167,(anonymous_8)
FN:185,needsScheduling
FN:200,formatTimeSlot
FN:219,validateCourts
FNF:12
FNH:0
FNDA:0,scheduleMatches
FNDA:0,(anonymous_1)
FNDA:0,getSchedulingSummary
FNDA:0,parseCourts
FNDA:0,(anonymous_4)
FNDA:0,(anonymous_5)
FNDA:0,(anonymous_6)
FNDA:0,groupMatchesByTimeSlot
FNDA:0,(anonymous_8)
FNDA:0,needsScheduling
FNDA:0,formatTimeSlot
FNDA:0,validateCourts
DA:30,0
DA:31,0
DA:34,0
DA:35,0
DA:38,0
DA:39,0
DA:40,0
DA:41,0
DA:43,0
DA:45,0
DA:49,0
DA:50,0
DA:54,0
DA:55,0
DA:58,0
DA:66,0
DA:69,0
DA:72,0
DA:90,0
DA:91,0
DA:92,0
DA:93,0
DA:94,0
DA:96,0
DA:118,0
DA:119,0
DA:122,0
DA:125,0
DA:126,0
DA:127,0
DA:128,0
DA:129,0
DA:130,0
DA:131,0
DA:133,0
DA:137,0
DA:140,0
DA:142,0
DA:143,0
DA:146,0
DA:147,0
DA:150,0
DA:165,0
DA:167,0
DA:168,0
DA:169,0
DA:170,0
DA:172,0
DA:175,0
DA:186,0
DA:201,0
DA:203,0
DA:205,0
DA:206,0
DA:207,0
DA:209,0
DA:220,0
DA:222,0
DA:223,0
DA:229,0
DA:230,0
DA:237,0
DA:238,0
LF:63
LH:0
BRDA:27,0,0,0
BRDA:28,1,0,0
BRDA:30,2,0,0
BRDA:30,2,1,0
BRDA:30,3,0,0
BRDA:30,3,1,0
BRDA:34,4,0,0
BRDA:34,4,1,0
BRDA:34,5,0,0
BRDA:34,5,1,0
BRDA:49,6,0,0
BRDA:49,6,1,0
BRDA:49,7,0,0
BRDA:49,7,1,0
BRDA:87,8,0,0
BRDA:88,9,0,0
BRDA:118,10,0,0
BRDA:118,10,1,0
BRDA:118,11,0,0
BRDA:118,11,1,0
BRDA:126,12,0,0
BRDA:126,12,1,0
BRDA:142,13,0,0
BRDA:142,13,1,0
BRDA:146,14,0,0
BRDA:146,14,1,0
BRDA:168,15,0,0
BRDA:168,15,1,0
BRDA:169,16,0,0
BRDA:169,16,1,0
BRDA:200,17,0,0
BRDA:201,18,0,0
BRDA:201,18,1,0
BRDA:222,19,0,0
BRDA:222,19,1,0
BRDA:229,20,0,0
BRDA:229,20,1,0
BRF:37
BRH:0
end_of_record
TN:
SF:src/utils/dateFormatter.js
FN:19,formatDateTime
FN:60,formatDate
FN:84,formatTime
FN:108,formatShortDate
FN:132,isPastDate
FN:155,getRelativeTime
FNF:6
FNH:1
FNDA:7,formatDateTime
FNDA:0,formatDate
FNDA:0,formatTime
FNDA:0,formatShortDate
FNDA:0,isPastDate
FNDA:0,getRelativeTime
DA:20,7
DA:25,5
DA:26,1
DA:27,4
DA:29,3
DA:30,1
DA:33,2
DA:35,1
DA:39,3
DA:40,1
DA:44,2
DA:45,2
DA:48,2
DA:49,2
DA:51,2
DA:61,0
DA:64,0
DA:65,0
DA:67,0
DA:70,0
DA:71,0
DA:74,0
DA:75,0
DA:85,0
DA:88,0
DA:89,0
DA:91,0
DA:94,0
DA:95,0
DA:98,0
DA:99,0
DA:109,0
DA:112,0
DA:113,0
DA:115,0
DA:118,0
DA:119,0
DA:122,0
DA:123,0
DA:133,0
DA:136,0
DA:137,0
DA:139,0
DA:142,0
DA:143,0
DA:146,0
DA:156,0
DA:159,0
DA:160,0
DA:162,0
DA:165,0
DA:166,0
DA:169,0
DA:170,0
DA:171,0
DA:173,0
DA:174,0
DA:175,0
DA:176,0
DA:177,0
DA:179,0
LF:61
LH:15
BRDA:20,0,0,2
BRDA:20,0,1,5
BRDA:25,1,0,1
BRDA:25,1,1,4
BRDA:27,2,0,3
BRDA:27,2,1,1
BRDA:29,3,0,1
BRDA:29,3,1,2
BRDA:39,4,0,1
BRDA:39,4,1,2
BRDA:61,5,0,0
BRDA:61,5,1,0
BRDA:64,6,0,0
BRDA:64,6,1,0
BRDA:70,7,0,0
BRDA:70,7,1,0
BRDA:85,8,0,0
BRDA:85,8,1,0
BRDA:88,9,0,0
BRDA:88,9,1,0
BRDA:94,10,0,0
BRDA:94,10,1,0
BRDA:109,11,0,0
BRDA:109,11,1,0
BRDA:112,12,0,0
BRDA:112,12,1,0
BRDA:118,13,0,0
BRDA:118,13,1,0
BRDA:133,14,0,0
BRDA:133,14,1,0
BRDA:136,15,0,0
BRDA:136,15,1,0
BRDA:142,16,0,0
BRDA:142,16,1,0
BRDA:156,17,0,0
BRDA:156,17,1,0
BRDA:159,18,0,0
BRDA:159,18,1,0
BRDA:165,19,0,0
BRDA:165,19,1,0
BRDA:173,20,0,0
BRDA:173,20,1,0
BRDA:174,21,0,0
BRDA:174,21,1,0
BRDA:175,22,0,0
BRDA:175,22,1,0
BRDA:176,23,0,0
BRDA:176,23,1,0
BRDA:176,24,0,0
BRDA:176,24,1,0
BRDA:177,25,0,0
BRDA:177,25,1,0
BRDA:177,26,0,0
BRDA:177,26,1,0
BRF:54
BRH:10
end_of_record
